Log file open, 08/18/22 02:47:45
LogWindows: Failed to load 'aqProf.dll' (GetLastError=126)
LogWindows: File 'aqProf.dll' does not exist
LogWindows: Failed to load 'VtuneApi.dll' (GetLastError=126)
LogWindows: File 'VtuneApi.dll' does not exist
LogWindows: Failed to load 'VtuneApi32e.dll' (GetLastError=126)
LogWindows: File 'VtuneApi32e.dll' does not exist
LogConsoleResponse: Display: Failed to find resolution value strings in scalability ini. Falling back to default.
LogConsoleResponse: Display: Failed to find resolution value strings in scalability ini. Falling back to default.
LogPakFile: Display: Found Pak file ../../../PVP_Game/Content/Paks/PVP_Game-WindowsServer.pak attempting to mount.
LogPakFile: Display: Mounting pak file ../../../PVP_Game/Content/Paks/PVP_Game-WindowsServer.pak.
LogPakFile: PakFile PrimaryIndexSize=26170
LogPakFile: PakFile PathHashIndexSize=48669
LogPakFile: PakFile FullDirectoryIndexSize=64523
LogShaderLibrary: Display: ShaderCodeLibraryPakFileMountedCallback: PakFile '../../../PVP_Game/Content/Paks/PVP_Game-WindowsServer.pak' (chunk index -1, root '../../../') mounted
LogShaderLibrary: Display: ShaderCodeLibraryPakFileMountedCallback: pending pak file info (ChunkID:-1 Root:../../../ File:../../../PVP_Game/Content/Paks/PVP_Game-WindowsServer.pak)
LogPakFile: OnPakFileMounted2Time == 0.000038
LogPlatformFile: Not using cached read wrapper
LogTaskGraph: Started task graph with 5 named threads and 9 total threads with 1 sets of task threads.
LogStats: Stats thread started at 0.108605
LogICUInternationalization: ICU TimeZone Detection - Raw Offset: -8:00, Platform Override: ''
LogInit: Display: Loading text-based GConfig....
LogPluginManager: Mounting plugin OnlineSubsystemSteam
LogPluginManager: Mounting plugin OnlineSubsystem
LogPluginManager: Mounting plugin OnlineSubsystemUtils
LogPluginManager: Mounting plugin SteamShared
LogPluginManager: Mounting plugin OnlineFramework
LogPluginManager: Mounting plugin PlayFab
LogPluginManager: Mounting plugin AdvancedSessions
LogPluginManager: Mounting plugin AdvancedSteamSessions
LogPluginManager: Mounting plugin Paper2D
LogPluginManager: Mounting plugin AISupport
LogPluginManager: Mounting plugin EnvironmentQueryEditor
LogPluginManager: Mounting plugin LightPropagationVolume
LogPluginManager: Mounting plugin CameraShakePreviewer
LogPluginManager: Mounting plugin GameplayCameras
LogPluginManager: Mounting plugin TemplateSequence
LogPluginManager: Mounting plugin LevelSequenceEditor
LogPluginManager: Mounting plugin OodleData
LogPluginManager: Mounting plugin OodleNetwork
LogPluginManager: Mounting plugin AnimationSharing
LogPluginManager: Mounting plugin SignificanceManager
LogPluginManager: Mounting plugin PluginUtils
LogPluginManager: Mounting plugin PropertyAccessEditor
LogPluginManager: Mounting plugin UObjectPlugin
LogPluginManager: Mounting plugin AssetManagerEditor
LogPluginManager: Mounting plugin FacialAnimation
LogPluginManager: Mounting plugin GeometryMode
LogPluginManager: Mounting plugin SpeedTreeImporter
LogPluginManager: Mounting plugin DatasmithContent
LogPluginManager: Mounting plugin VariantManagerContent
LogPluginManager: Mounting plugin AlembicImporter
LogPluginManager: Mounting plugin GeometryCache
LogPluginManager: Mounting plugin AutomationUtils
LogPluginManager: Mounting plugin ScreenshotTools
LogPluginManager: Mounting plugin BackChannel
LogPluginManager: Mounting plugin ChaosClothEditor
LogPluginManager: Mounting plugin ChaosCloth
LogPluginManager: Mounting plugin ChaosEditor
LogPluginManager: Mounting plugin PlanarCut
LogPluginManager: Mounting plugin GeometryProcessing
LogPluginManager: Mounting plugin EditableMesh
LogPluginManager: Mounting plugin GeometryCollectionPlugin
LogPluginManager: Mounting plugin ProceduralMeshComponent
LogPluginManager: Mounting plugin ChaosSolverPlugin
LogPluginManager: Mounting plugin ChaosNiagara
LogPluginManager: Mounting plugin Niagara
LogPluginManager: Mounting plugin PythonScriptPlugin
LogPluginManager: Mounting plugin CharacterAI
LogPluginManager: Mounting plugin MotoSynth
LogPluginManager: Mounting plugin OpenImageDenoise
LogPluginManager: Mounting plugin PlatformCrypto
LogPluginManager: Mounting plugin MagicLeapPassableWorld
LogPluginManager: Mounting plugin MagicLeap
LogPluginManager: Mounting plugin MLSDK
LogPluginManager: Mounting plugin MagicLeapLightEstimation
LogPluginManager: Mounting plugin AvfMedia
LogPluginManager: Mounting plugin ImgMedia
LogPluginManager: Mounting plugin MediaCompositing
LogPluginManager: Mounting plugin MeshPainting
LogPluginManager: Mounting plugin TcpMessaging
LogPluginManager: Mounting plugin UdpMessaging
LogPluginManager: Mounting plugin ActorSequence
LogPluginManager: Mounting plugin MatineeToLevelSequence
LogPluginManager: Mounting plugin OnlineSubsystemNull
LogPluginManager: Mounting plugin LauncherChunkInstaller
LogPluginManager: Mounting plugin ActorLayerUtilities
LogPluginManager: Mounting plugin AndroidPermission
LogPluginManager: Mounting plugin AppleImageUtils
LogPluginManager: Mounting plugin ArchVisCharacter
LogPluginManager: Mounting plugin AssetTags
LogPluginManager: Mounting plugin AudioCapture
LogPluginManager: Mounting plugin CableComponent
LogPluginManager: Mounting plugin ChunkDownloader
LogPluginManager: Mounting plugin CustomMeshComponent
LogPluginManager: Mounting plugin ExampleDeviceProfileSelector
LogPluginManager: Mounting plugin GooglePAD
LogPluginManager: Mounting plugin LocationServicesBPLibrary
LogPluginManager: Mounting plugin MobilePatchingUtils
LogPluginManager: Mounting plugin OculusVR
LogPluginManager: Mounting plugin OpenXREyeTracker
LogPluginManager: Mounting plugin OpenXR
LogPluginManager: Mounting plugin OpenXRHandTracking
LogPluginManager: Mounting plugin LiveLink
LogPluginManager: Mounting plugin Takes
LogPluginManager: Mounting plugin PhysXVehicles
LogPluginManager: Mounting plugin RuntimePhysXCooking
LogPluginManager: Mounting plugin SoundFields
LogPluginManager: Mounting plugin SteamVR
LogPluginManager: Mounting plugin Synthesis
LogPluginManager: Mounting plugin AudioSynesthesia
LogPluginManager: Mounting plugin WindowsMoviePlayer
LogInit: Using libcurl 7.55.1-DEV
LogInit:  - built for x86_64-pc-win32
LogInit:  - supports SSL with OpenSSL/1.1.1
LogInit:  - supports HTTP deflate (compression) using libz 1.2.8
LogInit:  - other features:
LogInit:      CURL_VERSION_SSL
LogInit:      CURL_VERSION_LIBZ
LogInit:      CURL_VERSION_IPV6
LogInit:      CURL_VERSION_ASYNCHDNS
LogInit:      CURL_VERSION_LARGEFILE
LogInit:      CURL_VERSION_IDN
LogInit:  CurlRequestOptions (configurable via config and command line):
LogInit:  - bVerifyPeer = true  - Libcurl will verify peer certificate
LogInit:  - bUseHttpProxy = false  - Libcurl will NOT use HTTP proxy
LogInit:  - bDontReuseConnections = false  - Libcurl will reuse connections
LogInit:  - MaxHostConnections = 16  - Libcurl will limit the number of connections to a host
LogInit:  - LocalHostAddr = Default
LogInit:  - BufferSize = 65536
LogOnline: OSS: Creating online subsystem instance for: NULL
LogInit: WinSock: version 1.1 (2.2), MaxSocks=32767, MaxUdp=65467
LogOnline: OSS: TryLoadSubsystemAndSetDefault: Loaded subsystem for module [NULL]
LogLuminAPIImpl: Warning: MLSDK not found.  This likely means the MLSDK environment variable is not set.
LogInit: Build: ++UE4+Release-4.27-CL-0
LogInit: Engine Version: 4.27.2-0+++UE4+Release-4.27
LogInit: Compatible Engine Version: 4.27.0-0+++UE4+Release-4.27
LogInit: Net CL: 0
LogInit: OS: Windows 10 (Release 2009) (), CPU: Intel(R) Core(TM) i5-8257U CPU @ 1.40GHz, GPU: Intel(R) Iris(R) Plus Graphics 645
LogInit: Compiled (64-bit): Aug 14 2022 20:44:59
LogInit: Compiled with Visual C++: 19.33.31629.00
LogInit: Build Configuration: Development
LogInit: Branch Name: ++UE4+Release-4.27
LogInit: Command Line:  -log
LogInit: Base Directory: C:/Users/bitch/Documents/GitHub/PVP_Chess_Game/Release/WindowsServer/PVP_Game/Binaries/Win64/
LogInit: Allocator: binned2
LogInit: Installed Engine Build: 0
LogDevObjectVersion: Number of dev versions registered: 29
LogDevObjectVersion:   Dev-Blueprints (B0D832E4-1F89-4F0D-ACCF-7EB736FD4AA2): 10
LogDevObjectVersion:   Dev-Build (E1C64328-A22C-4D53-A36C-8E866417BD8C): 0
LogDevObjectVersion:   Dev-Core (375EC13C-06E4-48FB-B500-84F0262A717E): 4
LogDevObjectVersion:   Dev-Editor (E4B068ED-F494-42E9-A231-DA0B2E46BB41): 40
LogDevObjectVersion:   Dev-Framework (CFFC743F-43B0-4480-9391-14DF171D2073): 37
LogDevObjectVersion:   Dev-Mobile (B02B49B5-BB20-44E9-A304-32B752E40360): 3
LogDevObjectVersion:   Dev-Networking (A4E4105C-59A1-49B5-A7C5-40C4547EDFEE): 0
LogDevObjectVersion:   Dev-Online (39C831C9-5AE6-47DC-9A44-9C173E1C8E7C): 0
LogDevObjectVersion:   Dev-Physics (78F01B33-EBEA-4F98-B9B4-84EACCB95AA2): 14
LogDevObjectVersion:   Dev-Platform (6631380F-2D4D-43E0-8009-CF276956A95A): 0
LogDevObjectVersion:   Dev-Rendering (12F88B9F-8875-4AFC-A67C-D90C383ABD29): 45
LogDevObjectVersion:   Dev-Sequencer (7B5AE74C-D270-4C10-A958-57980B212A5A): 13
LogDevObjectVersion:   Dev-VR (D7296918-1DD6-4BDD-9DE2-64A83CC13884): 3
LogDevObjectVersion:   Dev-LoadTimes (C2A15278-BFE7-4AFE-6C17-90FF531DF755): 1
LogDevObjectVersion:   Private-Geometry (6EACA3D4-40EC-4CC1-B786-8BED09428FC5): 3
LogDevObjectVersion:   Dev-AnimPhys (29E575DD-E0A3-4627-9D10-D276232CDCEA): 17
LogDevObjectVersion:   Dev-Anim (AF43A65D-7FD3-4947-9873-3E8ED9C1BB05): 15
LogDevObjectVersion:   Dev-ReflectionCapture (6B266CEC-1EC7-4B8F-A30B-E4D90942FC07): 1
LogDevObjectVersion:   Dev-Automation (0DF73D61-A23F-47EA-B727-89E90C41499A): 1
LogDevObjectVersion:   FortniteMain (601D1886-AC64-4F84-AA16-D3DE0DEAC7D6): 47
LogDevObjectVersion:   FortniteRelease (E7086368-6B23-4C58-8439-1B7016265E91): 1
LogDevObjectVersion:   Dev-Enterprise (9DFFBCD6-494F-0158-E221-12823C92A888): 10
LogDevObjectVersion:   Dev-Niagara (F2AED0AC-9AFE-416F-8664-AA7FFA26D6FC): 1
LogDevObjectVersion:   Dev-Destruction (174F1F0B-B4C6-45A5-B13F-2EE8D0FB917D): 10
LogDevObjectVersion:   Dev-Physics-Ext (35F94A83-E258-406C-A318-09F59610247C): 41
LogDevObjectVersion:   Dev-PhysicsMaterial-Chaos (B68FC16E-8B1B-42E2-B453-215C058844FE): 1
LogDevObjectVersion:   Dev-CineCamera (B2E18506-4273-CFC2-A54E-F4BB758BBA07): 1
LogDevObjectVersion:   Dev-VirtualProduction (64F58936-FD1B-42BA-BA96-7289D5D0FA4E): 1
LogDevObjectVersion:   Dev-MediaFramework (6F0ED827-A609-4895-9C91-998D90180EA4): 2
LogInit: Presizing for max 2097152 objects, including 1 objects not considered by GC, pre-allocating 0 bytes for permanent pool.
LogConfig: Applying CVar settings from Section [/Script/Engine.StreamingSettings] File [../../../PVP_Game/Saved/Config/WindowsServer/Engine.ini]
LogConfig: Setting CVar [[s.MinBulkDataSizeForAsyncLoading:131072]]
LogConfig: Setting CVar [[s.AsyncLoadingThreadEnabled:0]]
LogConfig: Setting CVar [[s.EventDrivenLoaderEnabled:1]]
LogConfig: Setting CVar [[s.WarnIfTimeLimitExceeded:0]]
LogConfig: Setting CVar [[s.TimeLimitExceededMultiplier:1.5]]
LogConfig: Setting CVar [[s.TimeLimitExceededMinTime:0.005]]
LogConfig: Setting CVar [[s.UseBackgroundLevelStreaming:1]]
LogConfig: Setting CVar [[s.PriorityAsyncLoadingExtraTime:15.0]]
LogConfig: Setting CVar [[s.LevelStreamingActorsUpdateTimeLimit:5.0]]
LogConfig: Setting CVar [[s.PriorityLevelStreamingActorsUpdateExtraTime:5.0]]
LogConfig: Setting CVar [[s.LevelStreamingComponentsRegistrationGranularity:10]]
LogConfig: Setting CVar [[s.UnregisterComponentsTimeLimit:1.0]]
LogConfig: Setting CVar [[s.LevelStreamingComponentsUnregistrationGranularity:5]]
LogConfig: Setting CVar [[s.FlushStreamingOnExit:1]]
LogStreaming: Display: Async Loading initialized: Event Driven Loader: true, Async Loading Thread: false, Async Post Load: false
LogInit: Object subsystem initialized
LogConfig: Setting CVar [[con.DebugEarlyDefault:1]]
LogConfig: Setting CVar [[r.setres:1280x720]]
LogConfig: Setting CVar [[fx.NiagaraAllowRuntimeScalabilityChanges:1]]
[2022.08.18-09.47.51:032][  0]LogConfig: Setting CVar [[con.DebugEarlyDefault:1]]
[2022.08.18-09.47.51:033][  0]LogConfig: Setting CVar [[r.setres:1280x720]]
[2022.08.18-09.47.51:034][  0]LogConfig: Setting CVar [[fx.NiagaraAllowRuntimeScalabilityChanges:1]]
[2022.08.18-09.47.51:034][  0]LogConfig: Applying CVar settings from Section [/Script/Engine.RendererSettings] File [../../../PVP_Game/Saved/Config/WindowsServer/Engine.ini]
[2022.08.18-09.47.51:034][  0]LogConfig: Setting CVar [[r.GPUCrashDebugging:0]]
[2022.08.18-09.47.51:035][  0]LogConfig: Applying CVar settings from Section [/Script/Engine.RendererOverrideSettings] File [../../../PVP_Game/Saved/Config/WindowsServer/Engine.ini]
[2022.08.18-09.47.51:035][  0]LogConfig: Applying CVar settings from Section [/Script/Engine.StreamingSettings] File [../../../PVP_Game/Saved/Config/WindowsServer/Engine.ini]
[2022.08.18-09.47.51:036][  0]LogConfig: Setting CVar [[s.MinBulkDataSizeForAsyncLoading:131072]]
[2022.08.18-09.47.51:036][  0]LogConfig: Setting CVar [[s.AsyncLoadingThreadEnabled:0]]
[2022.08.18-09.47.51:037][  0]LogConfig: Setting CVar [[s.EventDrivenLoaderEnabled:1]]
[2022.08.18-09.47.51:037][  0]LogConfig: Setting CVar [[s.WarnIfTimeLimitExceeded:0]]
[2022.08.18-09.47.51:038][  0]LogConfig: Setting CVar [[s.TimeLimitExceededMultiplier:1.5]]
[2022.08.18-09.47.51:038][  0]LogConfig: Setting CVar [[s.TimeLimitExceededMinTime:0.005]]
[2022.08.18-09.47.51:039][  0]LogConfig: Setting CVar [[s.UseBackgroundLevelStreaming:1]]
[2022.08.18-09.47.51:039][  0]LogConfig: Setting CVar [[s.PriorityAsyncLoadingExtraTime:15.0]]
[2022.08.18-09.47.51:040][  0]LogConfig: Setting CVar [[s.LevelStreamingActorsUpdateTimeLimit:5.0]]
[2022.08.18-09.47.51:041][  0]LogConfig: Setting CVar [[s.PriorityLevelStreamingActorsUpdateExtraTime:5.0]]
[2022.08.18-09.47.51:042][  0]LogConfig: Setting CVar [[s.LevelStreamingComponentsRegistrationGranularity:10]]
[2022.08.18-09.47.51:044][  0]LogConfig: Setting CVar [[s.UnregisterComponentsTimeLimit:1.0]]
[2022.08.18-09.47.51:044][  0]LogConfig: Setting CVar [[s.LevelStreamingComponentsUnregistrationGranularity:5]]
[2022.08.18-09.47.51:045][  0]LogConfig: Setting CVar [[s.FlushStreamingOnExit:1]]
[2022.08.18-09.47.51:045][  0]LogConfig: Applying CVar settings from Section [/Script/Engine.GarbageCollectionSettings] File [../../../PVP_Game/Saved/Config/WindowsServer/Engine.ini]
[2022.08.18-09.47.51:045][  0]LogConfig: Setting CVar [[gc.MaxObjectsNotConsideredByGC:1]]
[2022.08.18-09.47.51:046][  0]LogConfig: Setting CVar [[gc.SizeOfPermanentObjectPool:0]]
[2022.08.18-09.47.51:046][  0]LogConfig: Setting CVar [[gc.FlushStreamingOnGC:0]]
[2022.08.18-09.47.51:046][  0]LogConfig: Setting CVar [[gc.NumRetriesBeforeForcingGC:10]]
[2022.08.18-09.47.51:048][  0]LogConfig: Setting CVar [[gc.AllowParallelGC:1]]
[2022.08.18-09.47.51:049][  0]LogConfig: Setting CVar [[gc.TimeBetweenPurgingPendingKillObjects:61.1]]
[2022.08.18-09.47.51:050][  0]LogConfig: Setting CVar [[gc.MaxObjectsInEditor:25165824]]
[2022.08.18-09.47.51:051][  0]LogConfig: Setting CVar [[gc.IncrementalBeginDestroyEnabled:1]]
[2022.08.18-09.47.51:053][  0]LogConfig: Setting CVar [[gc.CreateGCClusters:1]]
[2022.08.18-09.47.51:054][  0]LogConfig: Setting CVar [[gc.MinGCClusterSize:5]]
[2022.08.18-09.47.51:055][  0]LogConfig: Setting CVar [[gc.ActorClusteringEnabled:0]]
[2022.08.18-09.47.51:055][  0]LogConfig: Setting CVar [[gc.BlueprintClusteringEnabled:0]]
[2022.08.18-09.47.51:055][  0]LogConfig: Setting CVar [[gc.UseDisregardForGCOnDedicatedServers:0]]
[2022.08.18-09.47.51:056][  0]LogConfig: Setting CVar [[gc.MultithreadedDestructionEnabled:1]]
[2022.08.18-09.47.51:056][  0]LogConfig: Applying CVar settings from Section [/Script/Engine.NetworkSettings] File [../../../PVP_Game/Saved/Config/WindowsServer/Engine.ini]
[2022.08.18-09.47.51:057][  0]LogConfig: Applying CVar settings from Section [ViewDistanceQuality@3] File [../../../PVP_Game/Saved/Config/WindowsServer/Scalability.ini]
[2022.08.18-09.47.51:058][  0]LogConfig: Setting CVar [[r.SkeletalMeshLODBias:0]]
[2022.08.18-09.47.51:058][  0]LogConfig: Setting CVar [[r.ViewDistanceScale:1.0]]
[2022.08.18-09.47.51:059][  0]LogConfig: Applying CVar settings from Section [AntiAliasingQuality@3] File [../../../PVP_Game/Saved/Config/WindowsServer/Scalability.ini]
[2022.08.18-09.47.51:060][  0]LogConfig: Setting CVar [[r.PostProcessAAQuality:4]]
[2022.08.18-09.47.51:060][  0]LogConfig: Applying CVar settings from Section [ShadowQuality@3] File [../../../PVP_Game/Saved/Config/WindowsServer/Scalability.ini]
[2022.08.18-09.47.51:060][  0]LogConfig: Setting CVar [[r.LightFunctionQuality:1]]
[2022.08.18-09.47.51:061][  0]LogConfig: Setting CVar [[r.ShadowQuality:5]]
[2022.08.18-09.47.51:061][  0]LogConfig: Setting CVar [[r.Shadow.CSM.MaxCascades:10]]
[2022.08.18-09.47.51:062][  0]LogConfig: Setting CVar [[r.Shadow.MaxResolution:2048]]
[2022.08.18-09.47.51:064][  0]LogConfig: Setting CVar [[r.Shadow.MaxCSMResolution:2048]]
[2022.08.18-09.47.51:065][  0]LogConfig: Setting CVar [[r.Shadow.RadiusThreshold:0.01]]
[2022.08.18-09.47.51:065][  0]LogConfig: Setting CVar [[r.Shadow.DistanceScale:1.0]]
[2022.08.18-09.47.51:066][  0]LogConfig: Setting CVar [[r.Shadow.CSM.TransitionScale:1.0]]
[2022.08.18-09.47.51:066][  0]LogConfig: Setting CVar [[r.Shadow.PreShadowResolutionFactor:1.0]]
[2022.08.18-09.47.51:066][  0]LogConfig: Setting CVar [[r.DistanceFieldShadowing:1]]
[2022.08.18-09.47.51:067][  0]LogConfig: Setting CVar [[r.DistanceFieldAO:1]]
[2022.08.18-09.47.51:067][  0]LogConfig: Setting CVar [[r.AOQuality:2]]
[2022.08.18-09.47.51:067][  0]LogConfig: Setting CVar [[r.VolumetricFog:1]]
[2022.08.18-09.47.51:068][  0]LogConfig: Setting CVar [[r.VolumetricFog.GridPixelSize:8]]
[2022.08.18-09.47.51:068][  0]LogConfig: Setting CVar [[r.VolumetricFog.GridSizeZ:128]]
[2022.08.18-09.47.51:068][  0]LogConfig: Setting CVar [[r.VolumetricFog.HistoryMissSupersampleCount:4]]
[2022.08.18-09.47.51:068][  0]LogConfig: Setting CVar [[r.LightMaxDrawDistanceScale:1]]
[2022.08.18-09.47.51:069][  0]LogConfig: Setting CVar [[r.CapsuleShadows:1]]
[2022.08.18-09.47.51:069][  0]LogConfig: Applying CVar settings from Section [PostProcessQuality@3] File [../../../PVP_Game/Saved/Config/WindowsServer/Scalability.ini]
[2022.08.18-09.47.51:069][  0]LogConfig: Setting CVar [[r.MotionBlurQuality:4]]
[2022.08.18-09.47.51:070][  0]LogConfig: Setting CVar [[r.AmbientOcclusionMipLevelFactor:0.4]]
[2022.08.18-09.47.51:070][  0]LogConfig: Setting CVar [[r.AmbientOcclusionMaxQuality:100]]
[2022.08.18-09.47.51:070][  0]LogConfig: Setting CVar [[r.AmbientOcclusionLevels:-1]]
[2022.08.18-09.47.51:071][  0]LogConfig: Setting CVar [[r.AmbientOcclusionRadiusScale:1.0]]
[2022.08.18-09.47.51:071][  0]LogConfig: Setting CVar [[r.DepthOfFieldQuality:2]]
[2022.08.18-09.47.51:072][  0]LogConfig: Setting CVar [[r.RenderTargetPoolMin:400]]
[2022.08.18-09.47.51:072][  0]LogConfig: Setting CVar [[r.LensFlareQuality:2]]
[2022.08.18-09.47.51:072][  0]LogConfig: Setting CVar [[r.SceneColorFringeQuality:1]]
[2022.08.18-09.47.51:073][  0]LogConfig: Setting CVar [[r.EyeAdaptationQuality:2]]
[2022.08.18-09.47.51:076][  0]LogConfig: Setting CVar [[r.BloomQuality:5]]
[2022.08.18-09.47.51:076][  0]LogConfig: Setting CVar [[r.FastBlurThreshold:100]]
[2022.08.18-09.47.51:077][  0]LogConfig: Setting CVar [[r.Upscale.Quality:3]]
[2022.08.18-09.47.51:078][  0]LogConfig: Setting CVar [[r.Tonemapper.GrainQuantization:1]]
[2022.08.18-09.47.51:080][  0]LogConfig: Setting CVar [[r.LightShaftQuality:1]]
[2022.08.18-09.47.51:080][  0]LogConfig: Setting CVar [[r.Filter.SizeScale:1]]
[2022.08.18-09.47.51:080][  0]LogConfig: Setting CVar [[r.Tonemapper.Quality:5]]
[2022.08.18-09.47.51:081][  0]LogConfig: Setting CVar [[r.DOF.Gather.AccumulatorQuality:1        ; higher gathering accumulator quality]]
[2022.08.18-09.47.51:081][  0]LogConfig: Setting CVar [[r.DOF.Gather.PostfilterMethod:1          ; Median3x3 postfilering method]]
[2022.08.18-09.47.51:081][  0]LogConfig: Setting CVar [[r.DOF.Gather.EnableBokehSettings:0       ; no bokeh simulation when gathering]]
[2022.08.18-09.47.51:082][  0]LogConfig: Setting CVar [[r.DOF.Gather.RingCount:4                 ; medium number of samples when gathering]]
[2022.08.18-09.47.51:082][  0]LogConfig: Setting CVar [[r.DOF.Scatter.ForegroundCompositing:1    ; additive foreground scattering]]
[2022.08.18-09.47.51:083][  0]LogConfig: Setting CVar [[r.DOF.Scatter.BackgroundCompositing:2    ; additive background scattering]]
[2022.08.18-09.47.51:083][  0]LogConfig: Setting CVar [[r.DOF.Scatter.EnableBokehSettings:1      ; bokeh simulation when scattering]]
[2022.08.18-09.47.51:083][  0]LogConfig: Setting CVar [[r.DOF.Scatter.MaxSpriteRatio:0.1         ; only a maximum of 10% of scattered bokeh]]
[2022.08.18-09.47.51:084][  0]LogConfig: Setting CVar [[r.DOF.Recombine.Quality:1                ; cheap slight out of focus]]
[2022.08.18-09.47.51:086][  0]LogConfig: Setting CVar [[r.DOF.Recombine.EnableBokehSettings:0    ; no bokeh simulation on slight out of focus]]
[2022.08.18-09.47.51:086][  0]LogConfig: Setting CVar [[r.DOF.TemporalAAQuality:1                ; more stable temporal accumulation]]
[2022.08.18-09.47.51:086][  0]LogConfig: Setting CVar [[r.DOF.Kernel.MaxForegroundRadius:0.025]]
[2022.08.18-09.47.51:087][  0]LogConfig: Setting CVar [[r.DOF.Kernel.MaxBackgroundRadius:0.025]]
[2022.08.18-09.47.51:087][  0]LogConfig: Applying CVar settings from Section [TextureQuality@3] File [../../../PVP_Game/Saved/Config/WindowsServer/Scalability.ini]
[2022.08.18-09.47.51:088][  0]LogConfig: Setting CVar [[r.Streaming.MipBias:0]]
[2022.08.18-09.47.51:088][  0]LogConfig: Setting CVar [[r.Streaming.AmortizeCPUToGPUCopy:0]]
[2022.08.18-09.47.51:088][  0]LogConfig: Setting CVar [[r.Streaming.MaxNumTexturesToStreamPerFrame:0]]
[2022.08.18-09.47.51:089][  0]LogConfig: Setting CVar [[r.Streaming.Boost:1]]
[2022.08.18-09.47.51:089][  0]LogConfig: Setting CVar [[r.MaxAnisotropy:8]]
[2022.08.18-09.47.51:089][  0]LogConfig: Setting CVar [[r.VT.MaxAnisotropy:8]]
[2022.08.18-09.47.51:090][  0]LogConfig: Setting CVar [[r.Streaming.LimitPoolSizeToVRAM:0]]
[2022.08.18-09.47.51:090][  0]LogConfig: Setting CVar [[r.Streaming.PoolSize:1000]]
[2022.08.18-09.47.51:091][  0]LogConfig: Setting CVar [[r.Streaming.MaxEffectiveScreenSize:0]]
[2022.08.18-09.47.51:091][  0]LogConfig: Applying CVar settings from Section [EffectsQuality@3] File [../../../PVP_Game/Saved/Config/WindowsServer/Scalability.ini]
[2022.08.18-09.47.51:092][  0]LogConfig: Setting CVar [[r.TranslucencyLightingVolumeDim:64]]
[2022.08.18-09.47.51:092][  0]LogConfig: Setting CVar [[r.RefractionQuality:2]]
[2022.08.18-09.47.51:093][  0]LogConfig: Setting CVar [[r.SSR.Quality:3]]
[2022.08.18-09.47.51:093][  0]LogConfig: Setting CVar [[r.SSR.HalfResSceneColor:0]]
[2022.08.18-09.47.51:093][  0]LogConfig: Setting CVar [[r.SceneColorFormat:4]]
[2022.08.18-09.47.51:094][  0]LogConfig: Setting CVar [[r.DetailMode:2]]
[2022.08.18-09.47.51:096][  0]LogConfig: Setting CVar [[r.TranslucencyVolumeBlur:1]]
[2022.08.18-09.47.51:097][  0]LogConfig: Setting CVar [[r.MaterialQualityLevel:1 ; High quality]]
[2022.08.18-09.47.51:097][  0]LogConfig: Setting CVar [[r.AnisotropicMaterials:1]]
[2022.08.18-09.47.51:097][  0]LogConfig: Setting CVar [[r.SSS.Scale:1]]
[2022.08.18-09.47.51:098][  0]LogConfig: Setting CVar [[r.SSS.SampleSet:2]]
[2022.08.18-09.47.51:098][  0]LogConfig: Setting CVar [[r.SSS.Quality:1]]
[2022.08.18-09.47.51:098][  0]LogConfig: Setting CVar [[r.SSS.HalfRes:0]]
[2022.08.18-09.47.51:098][  0]LogConfig: Setting CVar [[r.SSGI.Quality:3]]
[2022.08.18-09.47.51:099][  0]LogConfig: Setting CVar [[r.EmitterSpawnRateScale:1.0]]
[2022.08.18-09.47.51:099][  0]LogConfig: Setting CVar [[r.ParticleLightQuality:2]]
[2022.08.18-09.47.51:099][  0]LogConfig: Setting CVar [[r.SkyAtmosphere.AerialPerspectiveLUT.FastApplyOnOpaque:1 ; Always have FastSkyLUT 1 in this case to avoid wrong sky]]
[2022.08.18-09.47.51:100][  0]LogConfig: Setting CVar [[r.SkyAtmosphere.AerialPerspectiveLUT.SampleCountMaxPerSlice:4]]
[2022.08.18-09.47.51:100][  0]LogConfig: Setting CVar [[r.SkyAtmosphere.AerialPerspectiveLUT.DepthResolution:16.0]]
[2022.08.18-09.47.51:100][  0]LogConfig: Setting CVar [[r.SkyAtmosphere.FastSkyLUT:1]]
[2022.08.18-09.47.51:101][  0]LogConfig: Setting CVar [[r.SkyAtmosphere.FastSkyLUT.SampleCountMin:4.0]]
[2022.08.18-09.47.51:101][  0]LogConfig: Setting CVar [[r.SkyAtmosphere.FastSkyLUT.SampleCountMax:128.0]]
[2022.08.18-09.47.51:101][  0]LogConfig: Setting CVar [[r.SkyAtmosphere.SampleCountMin:4.0]]
[2022.08.18-09.47.51:102][  0]LogConfig: Setting CVar [[r.SkyAtmosphere.SampleCountMax:128.0]]
[2022.08.18-09.47.51:102][  0]LogConfig: Setting CVar [[r.SkyAtmosphere.TransmittanceLUT.UseSmallFormat:0]]
[2022.08.18-09.47.51:102][  0]LogConfig: Setting CVar [[r.SkyAtmosphere.TransmittanceLUT.SampleCount:10.0]]
[2022.08.18-09.47.51:103][  0]LogConfig: Setting CVar [[r.SkyAtmosphere.MultiScatteringLUT.SampleCount:15.0]]
[2022.08.18-09.47.51:103][  0]LogConfig: Setting CVar [[r.SkyLight.RealTimeReflectionCapture:1]]
[2022.08.18-09.47.51:104][  0]LogConfig: Setting CVar [[fx.Niagara.QualityLevel:3]]
[2022.08.18-09.47.51:104][  0]LogConfig: Applying CVar settings from Section [FoliageQuality@3] File [../../../PVP_Game/Saved/Config/WindowsServer/Scalability.ini]
[2022.08.18-09.47.51:105][  0]LogConfig: Setting CVar [[foliage.DensityScale:1.0]]
[2022.08.18-09.47.51:109][  0]LogConfig: Setting CVar [[grass.DensityScale:1.0]]
[2022.08.18-09.47.51:109][  0]LogConfig: Applying CVar settings from Section [ShadingQuality@3] File [../../../PVP_Game/Saved/Config/WindowsServer/Scalability.ini]
[2022.08.18-09.47.51:110][  0]LogConfig: Setting CVar [[r.HairStrands.SkyLighting.IntegrationType:2]]
[2022.08.18-09.47.51:110][  0]LogConfig: Setting CVar [[r.HairStrands.SkyAO.SampleCount:4]]
[2022.08.18-09.47.51:111][  0]LogConfig: Setting CVar [[r.HairStrands.Visibility.MSAA.SamplePerPixel:4]]
[2022.08.18-09.47.51:111][  0]LogInit: Selected Device Profile: [WindowsServer]
[2022.08.18-09.47.51:112][  0]LogInit: Applying CVar settings loaded from the selected device profile: [WindowsServer]
[2022.08.18-09.47.51:112][  0]LogHAL: Display: Platform has ~ 8 GB [8428630016 / 8589934592 / 8], which maps to Default [LargestMinGB=32, LargerMinGB=12, DefaultMinGB=8, SmallerMinGB=6, SmallestMinGB=0)
[2022.08.18-09.47.51:112][  0]LogInit: Going up to parent DeviceProfile [Windows]
[2022.08.18-09.47.51:113][  0]LogInit: Going up to parent DeviceProfile []
[2022.08.18-09.47.51:113][  0]LogConfig: Applying CVar settings from Section [ViewDistanceQuality@3] File [../../../PVP_Game/Saved/Config/WindowsServer/Scalability.ini]
[2022.08.18-09.47.51:113][  0]LogConfig: Setting CVar [[r.SkeletalMeshLODBias:0]]
[2022.08.18-09.47.51:114][  0]LogConfig: Setting CVar [[r.ViewDistanceScale:1.0]]
[2022.08.18-09.47.51:114][  0]LogConfig: Applying CVar settings from Section [AntiAliasingQuality@3] File [../../../PVP_Game/Saved/Config/WindowsServer/Scalability.ini]
[2022.08.18-09.47.51:114][  0]LogConfig: Setting CVar [[r.PostProcessAAQuality:4]]
[2022.08.18-09.47.51:115][  0]LogConfig: Applying CVar settings from Section [ShadowQuality@3] File [../../../PVP_Game/Saved/Config/WindowsServer/Scalability.ini]
[2022.08.18-09.47.51:115][  0]LogConfig: Setting CVar [[r.LightFunctionQuality:1]]
[2022.08.18-09.47.51:115][  0]LogConfig: Setting CVar [[r.ShadowQuality:5]]
[2022.08.18-09.47.51:116][  0]LogConfig: Setting CVar [[r.Shadow.CSM.MaxCascades:10]]
[2022.08.18-09.47.51:116][  0]LogConfig: Setting CVar [[r.Shadow.MaxResolution:2048]]
[2022.08.18-09.47.51:116][  0]LogConfig: Setting CVar [[r.Shadow.MaxCSMResolution:2048]]
[2022.08.18-09.47.51:117][  0]LogConfig: Setting CVar [[r.Shadow.RadiusThreshold:0.01]]
[2022.08.18-09.47.51:119][  0]LogConfig: Setting CVar [[r.Shadow.DistanceScale:1.0]]
[2022.08.18-09.47.51:119][  0]LogConfig: Setting CVar [[r.Shadow.CSM.TransitionScale:1.0]]
[2022.08.18-09.47.51:120][  0]LogConfig: Setting CVar [[r.Shadow.PreShadowResolutionFactor:1.0]]
[2022.08.18-09.47.51:120][  0]LogConfig: Setting CVar [[r.DistanceFieldShadowing:1]]
[2022.08.18-09.47.51:121][  0]LogConfig: Setting CVar [[r.DistanceFieldAO:1]]
[2022.08.18-09.47.51:121][  0]LogConfig: Setting CVar [[r.AOQuality:2]]
[2022.08.18-09.47.51:122][  0]LogConfig: Setting CVar [[r.VolumetricFog:1]]
[2022.08.18-09.47.51:122][  0]LogConfig: Setting CVar [[r.VolumetricFog.GridPixelSize:8]]
[2022.08.18-09.47.51:122][  0]LogConfig: Setting CVar [[r.VolumetricFog.GridSizeZ:128]]
[2022.08.18-09.47.51:123][  0]LogConfig: Setting CVar [[r.VolumetricFog.HistoryMissSupersampleCount:4]]
[2022.08.18-09.47.51:123][  0]LogConfig: Setting CVar [[r.LightMaxDrawDistanceScale:1]]
[2022.08.18-09.47.51:124][  0]LogConfig: Setting CVar [[r.CapsuleShadows:1]]
[2022.08.18-09.47.51:125][  0]LogConfig: Applying CVar settings from Section [PostProcessQuality@3] File [../../../PVP_Game/Saved/Config/WindowsServer/Scalability.ini]
[2022.08.18-09.47.51:125][  0]LogConfig: Setting CVar [[r.MotionBlurQuality:4]]
[2022.08.18-09.47.51:125][  0]LogConfig: Setting CVar [[r.AmbientOcclusionMipLevelFactor:0.4]]
[2022.08.18-09.47.51:126][  0]LogConfig: Setting CVar [[r.AmbientOcclusionMaxQuality:100]]
[2022.08.18-09.47.51:126][  0]LogConfig: Setting CVar [[r.AmbientOcclusionLevels:-1]]
[2022.08.18-09.47.51:127][  0]LogConfig: Setting CVar [[r.AmbientOcclusionRadiusScale:1.0]]
[2022.08.18-09.47.51:127][  0]LogConfig: Setting CVar [[r.DepthOfFieldQuality:2]]
[2022.08.18-09.47.51:127][  0]LogConfig: Setting CVar [[r.RenderTargetPoolMin:400]]
[2022.08.18-09.47.51:128][  0]LogConfig: Setting CVar [[r.LensFlareQuality:2]]
[2022.08.18-09.47.51:130][  0]LogConfig: Setting CVar [[r.SceneColorFringeQuality:1]]
[2022.08.18-09.47.51:130][  0]LogConfig: Setting CVar [[r.EyeAdaptationQuality:2]]
[2022.08.18-09.47.51:130][  0]LogConfig: Setting CVar [[r.BloomQuality:5]]
[2022.08.18-09.47.51:131][  0]LogConfig: Setting CVar [[r.FastBlurThreshold:100]]
[2022.08.18-09.47.51:131][  0]LogConfig: Setting CVar [[r.Upscale.Quality:3]]
[2022.08.18-09.47.51:131][  0]LogConfig: Setting CVar [[r.Tonemapper.GrainQuantization:1]]
[2022.08.18-09.47.51:132][  0]LogConfig: Setting CVar [[r.LightShaftQuality:1]]
[2022.08.18-09.47.51:132][  0]LogConfig: Setting CVar [[r.Filter.SizeScale:1]]
[2022.08.18-09.47.51:132][  0]LogConfig: Setting CVar [[r.Tonemapper.Quality:5]]
[2022.08.18-09.47.51:133][  0]LogConfig: Setting CVar [[r.DOF.Gather.AccumulatorQuality:1        ; higher gathering accumulator quality]]
[2022.08.18-09.47.51:133][  0]LogConfig: Setting CVar [[r.DOF.Gather.PostfilterMethod:1          ; Median3x3 postfilering method]]
[2022.08.18-09.47.51:133][  0]LogConfig: Setting CVar [[r.DOF.Gather.EnableBokehSettings:0       ; no bokeh simulation when gathering]]
[2022.08.18-09.47.51:134][  0]LogConfig: Setting CVar [[r.DOF.Gather.RingCount:4                 ; medium number of samples when gathering]]
[2022.08.18-09.47.51:134][  0]LogConfig: Setting CVar [[r.DOF.Scatter.ForegroundCompositing:1    ; additive foreground scattering]]
[2022.08.18-09.47.51:134][  0]LogConfig: Setting CVar [[r.DOF.Scatter.BackgroundCompositing:2    ; additive background scattering]]
[2022.08.18-09.47.51:135][  0]LogConfig: Setting CVar [[r.DOF.Scatter.EnableBokehSettings:1      ; bokeh simulation when scattering]]
[2022.08.18-09.47.51:136][  0]LogConfig: Setting CVar [[r.DOF.Scatter.MaxSpriteRatio:0.1         ; only a maximum of 10% of scattered bokeh]]
[2022.08.18-09.47.51:136][  0]LogConfig: Setting CVar [[r.DOF.Recombine.Quality:1                ; cheap slight out of focus]]
[2022.08.18-09.47.51:136][  0]LogConfig: Setting CVar [[r.DOF.Recombine.EnableBokehSettings:0    ; no bokeh simulation on slight out of focus]]
[2022.08.18-09.47.51:137][  0]LogConfig: Setting CVar [[r.DOF.TemporalAAQuality:1                ; more stable temporal accumulation]]
[2022.08.18-09.47.51:137][  0]LogConfig: Setting CVar [[r.DOF.Kernel.MaxForegroundRadius:0.025]]
[2022.08.18-09.47.51:138][  0]LogConfig: Setting CVar [[r.DOF.Kernel.MaxBackgroundRadius:0.025]]
[2022.08.18-09.47.51:138][  0]LogConfig: Applying CVar settings from Section [TextureQuality@3] File [../../../PVP_Game/Saved/Config/WindowsServer/Scalability.ini]
[2022.08.18-09.47.51:138][  0]LogConfig: Setting CVar [[r.Streaming.MipBias:0]]
[2022.08.18-09.47.51:138][  0]LogConfig: Setting CVar [[r.Streaming.AmortizeCPUToGPUCopy:0]]
[2022.08.18-09.47.51:139][  0]LogConfig: Setting CVar [[r.Streaming.MaxNumTexturesToStreamPerFrame:0]]
[2022.08.18-09.47.51:142][  0]LogConfig: Setting CVar [[r.Streaming.Boost:1]]
[2022.08.18-09.47.51:143][  0]LogConfig: Setting CVar [[r.MaxAnisotropy:8]]
[2022.08.18-09.47.51:144][  0]LogConfig: Setting CVar [[r.VT.MaxAnisotropy:8]]
[2022.08.18-09.47.51:144][  0]LogConfig: Setting CVar [[r.Streaming.LimitPoolSizeToVRAM:0]]
[2022.08.18-09.47.51:144][  0]LogConfig: Setting CVar [[r.Streaming.PoolSize:1000]]
[2022.08.18-09.47.51:145][  0]LogConfig: Setting CVar [[r.Streaming.MaxEffectiveScreenSize:0]]
[2022.08.18-09.47.51:145][  0]LogConfig: Applying CVar settings from Section [EffectsQuality@3] File [../../../PVP_Game/Saved/Config/WindowsServer/Scalability.ini]
[2022.08.18-09.47.51:145][  0]LogConfig: Setting CVar [[r.TranslucencyLightingVolumeDim:64]]
[2022.08.18-09.47.51:146][  0]LogConfig: Setting CVar [[r.RefractionQuality:2]]
[2022.08.18-09.47.51:146][  0]LogConfig: Setting CVar [[r.SSR.Quality:3]]
[2022.08.18-09.47.51:146][  0]LogConfig: Setting CVar [[r.SSR.HalfResSceneColor:0]]
[2022.08.18-09.47.51:147][  0]LogConfig: Setting CVar [[r.SceneColorFormat:4]]
[2022.08.18-09.47.51:147][  0]LogConfig: Setting CVar [[r.DetailMode:2]]
[2022.08.18-09.47.51:147][  0]LogConfig: Setting CVar [[r.TranslucencyVolumeBlur:1]]
[2022.08.18-09.47.51:148][  0]LogConfig: Setting CVar [[r.MaterialQualityLevel:1 ; High quality]]
[2022.08.18-09.47.51:148][  0]LogConfig: Setting CVar [[r.AnisotropicMaterials:1]]
[2022.08.18-09.47.51:148][  0]LogConfig: Setting CVar [[r.SSS.Scale:1]]
[2022.08.18-09.47.51:149][  0]LogConfig: Setting CVar [[r.SSS.SampleSet:2]]
[2022.08.18-09.47.51:149][  0]LogConfig: Setting CVar [[r.SSS.Quality:1]]
[2022.08.18-09.47.51:149][  0]LogConfig: Setting CVar [[r.SSS.HalfRes:0]]
[2022.08.18-09.47.51:150][  0]LogConfig: Setting CVar [[r.SSGI.Quality:3]]
[2022.08.18-09.47.51:152][  0]LogConfig: Setting CVar [[r.EmitterSpawnRateScale:1.0]]
[2022.08.18-09.47.51:152][  0]LogConfig: Setting CVar [[r.ParticleLightQuality:2]]
[2022.08.18-09.47.51:153][  0]LogConfig: Setting CVar [[r.SkyAtmosphere.AerialPerspectiveLUT.FastApplyOnOpaque:1 ; Always have FastSkyLUT 1 in this case to avoid wrong sky]]
[2022.08.18-09.47.51:153][  0]LogConfig: Setting CVar [[r.SkyAtmosphere.AerialPerspectiveLUT.SampleCountMaxPerSlice:4]]
[2022.08.18-09.47.51:154][  0]LogConfig: Setting CVar [[r.SkyAtmosphere.AerialPerspectiveLUT.DepthResolution:16.0]]
[2022.08.18-09.47.51:154][  0]LogConfig: Setting CVar [[r.SkyAtmosphere.FastSkyLUT:1]]
[2022.08.18-09.47.51:154][  0]LogConfig: Setting CVar [[r.SkyAtmosphere.FastSkyLUT.SampleCountMin:4.0]]
[2022.08.18-09.47.51:155][  0]LogConfig: Setting CVar [[r.SkyAtmosphere.FastSkyLUT.SampleCountMax:128.0]]
[2022.08.18-09.47.51:155][  0]LogConfig: Setting CVar [[r.SkyAtmosphere.SampleCountMin:4.0]]
[2022.08.18-09.47.51:156][  0]LogConfig: Setting CVar [[r.SkyAtmosphere.SampleCountMax:128.0]]
[2022.08.18-09.47.51:156][  0]LogConfig: Setting CVar [[r.SkyAtmosphere.TransmittanceLUT.UseSmallFormat:0]]
[2022.08.18-09.47.51:157][  0]LogConfig: Setting CVar [[r.SkyAtmosphere.TransmittanceLUT.SampleCount:10.0]]
[2022.08.18-09.47.51:158][  0]LogConfig: Setting CVar [[r.SkyAtmosphere.MultiScatteringLUT.SampleCount:15.0]]
[2022.08.18-09.47.51:158][  0]LogConfig: Setting CVar [[r.SkyLight.RealTimeReflectionCapture:1]]
[2022.08.18-09.47.51:159][  0]LogConfig: Setting CVar [[fx.Niagara.QualityLevel:3]]
[2022.08.18-09.47.51:159][  0]LogConfig: Applying CVar settings from Section [FoliageQuality@3] File [../../../PVP_Game/Saved/Config/WindowsServer/Scalability.ini]
[2022.08.18-09.47.51:159][  0]LogConfig: Setting CVar [[foliage.DensityScale:1.0]]
[2022.08.18-09.47.51:160][  0]LogConfig: Setting CVar [[grass.DensityScale:1.0]]
[2022.08.18-09.47.51:162][  0]LogConfig: Applying CVar settings from Section [ShadingQuality@3] File [../../../PVP_Game/Saved/Config/WindowsServer/Scalability.ini]
[2022.08.18-09.47.51:162][  0]LogConfig: Setting CVar [[r.HairStrands.SkyLighting.IntegrationType:2]]
[2022.08.18-09.47.51:162][  0]LogConfig: Setting CVar [[r.HairStrands.SkyAO.SampleCount:4]]
[2022.08.18-09.47.51:163][  0]LogConfig: Setting CVar [[r.HairStrands.Visibility.MSAA.SamplePerPixel:4]]
[2022.08.18-09.47.51:163][  0]LogConfig: Applying CVar settings from Section [Startup] File [../../../Engine/Config/ConsoleVariables.ini]
[2022.08.18-09.47.51:164][  0]LogConfig: Setting CVar [[net.UseAdaptiveNetUpdateFrequency:0]]
[2022.08.18-09.47.51:164][  0]LogConfig: Setting CVar [[p.chaos.AllowCreatePhysxBodies:1]]
[2022.08.18-09.47.51:164][  0]LogConfig: Setting CVar [[fx.SkipVectorVMBackendOptimizations:1]]
[2022.08.18-09.47.51:165][  0]LogConfig: Applying CVar settings from Section [ConsoleVariables] File [../../../PVP_Game/Saved/Config/WindowsServer/Engine.ini]
[2022.08.18-09.47.51:165][  0]LogInit: Computer: DESKTOP-PTH63E6
[2022.08.18-09.47.51:165][  0]LogInit: User: bitch
[2022.08.18-09.47.51:165][  0]LogInit: CPU Page size=4096, Cores=4
[2022.08.18-09.47.51:166][  0]LogInit: High frequency timer resolution =10.000000 MHz
[2022.08.18-09.47.51:166][  0]LogMemory: Memory total: Physical=7.8GB (8GB approx)
[2022.08.18-09.47.51:166][  0]LogMemory: Platform Memory Stats for WindowsServer
[2022.08.18-09.47.51:167][  0]LogMemory: Process Physical Memory: 76.21 MB used, 76.22 MB peak
[2022.08.18-09.47.51:167][  0]LogMemory: Process Virtual Memory: 76.29 MB used, 76.29 MB peak
[2022.08.18-09.47.51:167][  0]LogMemory: Physical Memory: 4429.68 MB used,  3608.49 MB free, 8038.17 MB total
[2022.08.18-09.47.51:168][  0]LogMemory: Virtual Memory: 134212912.00 MB used,  4816.88 MB free, 134217728.00 MB total
[2022.08.18-09.47.51:175][  0]LogWindows: WindowsPlatformFeatures disabled or dedicated server build
[2022.08.18-09.47.51:219][  0]LogInit: Physics initialised using underlying interface: PhysX
[2022.08.18-09.47.51:219][  0]LogInit: Using OS detected language (en-US).
[2022.08.18-09.47.51:220][  0]LogInit: Using OS detected locale (en-US).
[2022.08.18-09.47.51:222][  0]LogTextLocalizationManager: No specific localization for 'en-US' exists, so the 'en' localization will be used.
[2022.08.18-09.47.51:280][  0]LogRendererCore: Ray tracing is disabled. Reason: r.RayTracing=0.
[2022.08.18-09.47.51:280][  0]LogODSC: ODSC Thread active.
[2022.08.18-09.47.51:295][  0]LogInit: Using OS detected language (en-US).
[2022.08.18-09.47.51:295][  0]LogInit: Using OS detected locale (en-US).
[2022.08.18-09.47.51:296][  0]LogTextLocalizationManager: No localization for 'en-US' exists, so 'en' will be used for the language.
[2022.08.18-09.47.51:297][  0]LogTextLocalizationManager: No localization for 'en-US' exists, so 'en' will be used for the locale.
[2022.08.18-09.47.51:300][  0]LogAssetRegistry: FAssetRegistry took 0.0018 seconds to start up
[2022.08.18-09.47.51:488][  0]LogTextLocalizationManager: Compacting localization data took   1.31ms
[2022.08.18-09.47.51:488][  0]LogStreaming: Display: FlushAsyncLoading: 1 QueuedPackages, 0 AsyncPackages
[2022.08.18-09.47.51:490][  0]LogPackageLocalizationCache: Processed 26 localized package path(s) for 1 prioritized culture(s) in 0.000089 seconds
[2022.08.18-09.47.51:491][  0]LogPakFile: New pak file ../../../PVP_Game/Content/Paks/PVP_Game-WindowsServer.pak added to pak precacher.
[2022.08.18-09.47.51:493][  0]LogInit: Selected Device Profile: [WindowsServer]
[2022.08.18-09.47.51:494][  0]LogInit: Active device profile: [000001647CBC0580][000001647AE94930 49] WindowsServer
[2022.08.18-09.47.51:494][  0]LogInit: Profiles: [000001647CBC0700][00000164783724A0 49] Windows, [000001647CBC0580][000001647AE94930 49] WindowsServer, 
[2022.08.18-09.47.51:513][  0]LogSerialization: Display: AllowBulkDataInIoStore: 'true'
[2022.08.18-09.47.51:525][  0]LogNetVersion: PVP_Game 1.0.0, NetCL: 0, EngineNetVer: 17, GameNetVer: 0 (Checksum: 2832247850)
[2022.08.18-09.47.51:559][  0]LogAudioCaptureCore: Display: No Audio Capture implementations found. Audio input will be silent.
[2022.08.18-09.47.51:559][  0]LogAudioCaptureCore: Display: No Audio Capture implementations found. Audio input will be silent.
[2022.08.18-09.47.51:563][  0]LogHMD: PokeAHoleMaterial loaded successfully
[2022.08.18-09.47.51:583][  0]LogUObjectArray: 19546 objects as part of root set at end of initial load.
[2022.08.18-09.47.51:583][  0]LogUObjectAllocator: 3988680 out of 0 bytes used by permanent object pool.
[2022.08.18-09.47.51:584][  0]LogUObjectArray: CloseDisregardForGC: 19546/0 objects in disregard for GC pool
[2022.08.18-09.47.51:603][  0]LogSteamShared: Display: Loading Steam SDK 1.51
[2022.08.18-09.47.51:607][  0]LogSteamShared: Steam SDK Loaded!
[2022.08.18-09.47.51:608][  0]LogNiagaraDebuggerClient: Niagara Debugger Client Initialized | Session: 0FEB3B864A03E43D181C9FB3F7A50269 | Instance: AB786D66498F4624AC5CE7A8B429036A (DESKTOP-PTH63E6-5936).
[2022.08.18-09.47.51:610][  0]LogAndroidPermission: UAndroidPermissionCallbackProxy::GetInstance
[2022.08.18-09.47.51:610][  0]LogOcInput: OculusInput pre-init called
[2022.08.18-09.47.51:611][  0]LogEngine: Initializing Engine...
[2022.08.18-09.47.51:612][  0]LogStats: UGameplayTagsManager::InitializeManager -  0.000 s
[2022.08.18-09.47.51:617][  0]LogInit: Initializing FReadOnlyCVARCache
[2022.08.18-09.47.51:617][  0]LogNetVersion: Set ProjectVersion to 1.0.0.0. Version Checksum will be recalculated on next use.
[2022.08.18-09.47.51:617][  0]LogInit: Texture streaming: Disabled
[2022.08.18-09.47.51:634][  0]LogInit: Display: Game Engine Initialized.
[2022.08.18-09.47.51:635][  0]LogInit: Display: Starting Game.
[2022.08.18-09.47.51:636][  0]LogNet: Browse: /Game/Maps/Match?Name=Player
[2022.08.18-09.47.51:637][  0]LogLoad: LoadMap: /Game/Maps/Match?Name=Player
[2022.08.18-09.47.51:637][  0]LogWorld: BeginTearingDown for /Temp/Untitled_0
[2022.08.18-09.47.51:644][  0]LogWorld: UWorld::CleanupWorld for Untitled, bSessionEnded=true, bCleanupResources=true
[2022.08.18-09.47.51:645][  0]LogUObjectHash: Compacting FUObjectHashTables data took   0.82ms
[2022.08.18-09.47.51:671][  0]LogAIModule: Creating AISystem for world Match
[2022.08.18-09.47.51:672][  0]LogLoad: Game class is 'BPGM_TurnBasedGameMode_C'
[2022.08.18-09.47.51:673][  0]LogNet: ReplicationDriverClass is null! Not using ReplicationDriver.
[2022.08.18-09.47.51:673][  0]LogNetCore: DDoS detection status: detection enabled: 0 analytics enabled: 0
[2022.08.18-09.47.51:674][  0]LogInit: WinSock: Socket queue. Rx: 131072 (config 131072) Tx: 131072 (config 131072)
[2022.08.18-09.47.51:674][  0]LogNet: Created socket for bind address: 0.0.0.0 on port 7777
[2022.08.18-09.47.51:675][  0]PacketHandlerLog: Loaded PacketHandler component: Engine.EngineHandlerComponentFactory (StatelessConnectHandlerComponent)
[2022.08.18-09.47.51:675][  0]LogNet: GameNetDriver IpNetDriver_2147482567 IpNetDriver listening on port 7777
[2022.08.18-09.47.51:677][  0]LogWorld: Bringing World /Game/Maps/Match.Match up for play (max tick rate 30) at 2022.08.18-02.47.51
[2022.08.18-09.47.51:677][  0]LogWorld: Bringing up level for play took: 0.001288
[2022.08.18-09.47.51:678][  0]LogGameMode: Display: Match State Changed from EnteringMap to WaitingToStart
[2022.08.18-09.47.51:679][  0]LogGameState: Match State Changed from EnteringMap to WaitingToStart
[2022.08.18-09.47.51:679][  0]LogLoad: Took 0.042710 seconds to LoadMap(/Game/Maps/Match)
[2022.08.18-09.47.51:680][  0]LogPakFile: AllPaks IndexSizes: DirectoryHashSize=222412, PathHashSize=16, EntriesSize=32752, TotalSize=255180
[2022.08.18-09.47.51:680][  0]LogInit: Display: Engine is initialized. Leaving FEngineLoop::Init()
[2022.08.18-09.47.51:681][  0]LogLoad: (Engine Initialization) Total time: 6.45 seconds
[2022.08.18-09.48.21:144][887]LogNet: NotifyAcceptingConnection accepted from: 192.168.86.1:61127
[2022.08.18-09.48.21:145][887]LogHandshake: SendConnectChallenge. Timestamp: 29.461737, Cookie: 185186051178028206019214223047249187217094070143135065037194
[2022.08.18-09.48.21:210][889]LogNet: NotifyAcceptingConnection accepted from: 192.168.86.1:61127
[2022.08.18-09.48.21:210][889]LogHandshake: SendChallengeAck. InCookie: 185186051178028206019214223047249187217094070143135065037194
[2022.08.18-09.48.21:211][889]LogNet: Server accepting post-challenge connection from: 192.168.86.1:61127
[2022.08.18-09.48.21:213][889]PacketHandlerLog: Loaded PacketHandler component: Engine.EngineHandlerComponentFactory (StatelessConnectHandlerComponent)
[2022.08.18-09.48.21:213][889]LogNet: NotifyAcceptedConnection: Name: Match, TimeStamp: 08/18/22 02:48:21, [UNetConnection] RemoteAddr: 192.168.86.1:61127, Name: IpConnection_2147482560, Driver: GameNetDriver IpNetDriver_2147482567, IsServer: YES, PC: NULL, Owner: NULL, UniqueId: INVALID
[2022.08.18-09.48.21:214][889]LogNet: AddClientConnection: Added client connection: [UNetConnection] RemoteAddr: 192.168.86.1:61127, Name: IpConnection_2147482560, Driver: GameNetDriver IpNetDriver_2147482567, IsServer: YES, PC: NULL, Owner: NULL, UniqueId: INVALID
[2022.08.18-09.48.21:244][890]LogNet: NotifyAcceptingChannel Control 0 server World /Game/Maps/Match.Match: Accepted
[2022.08.18-09.48.21:244][890]LogNet: Remote platform little endian=1
[2022.08.18-09.48.21:247][890]LogNet: This platform little endian=1
[2022.08.18-09.48.21:248][890]LogNetVersion: PVP_Game 1.0.0.0, NetCL: 0, EngineNetVer: 17, GameNetVer: 0 (Checksum: 513338249)
[2022.08.18-09.48.21:278][891]LogNet: Login request: ?Name=DESKTOP-PTH63E6-D3438F0E4B79E9F8A3EB4592505224C0 userId: NULL:DESKTOP-PTH63E6-D3438F0E4B79E9F8A3EB4592505224C0 platform: NULL
[2022.08.18-09.48.21:313][892]LogNet: Client netspeed is 100000
[2022.08.18-09.48.21:511][898]LogNet: Join request: /Game/Maps/Match?Name=DESKTOP-PTH63E6-D3438F0E4B79E9F8A3EB4592505224C0?SplitscreenCount=1
[2022.08.18-09.48.21:511][898]LogOnlineSession: Warning: OSS: No game present to join for session (GameSession)
[2022.08.18-09.48.21:514][898]LogGameMode: Display: Match State Changed from WaitingToStart to InProgress
[2022.08.18-09.48.21:514][898]LogGameState: Match State Changed from WaitingToStart to InProgress
[2022.08.18-09.48.21:515][898]LogNet: Join succeeded: DESKTOP-PTH63E6-D343
[2022.08.18-09.48.28:671][113]LogNet: NotifyAcceptingConnection accepted from: 192.168.86.1:61128
[2022.08.18-09.48.28:671][113]LogHandshake: SendConnectChallenge. Timestamp: 36.988133, Cookie: 208139110227214040020077074073027066211073095045209142031199
[2022.08.18-09.48.28:704][114]LogNet: NotifyAcceptingConnection accepted from: 192.168.86.1:61128
[2022.08.18-09.48.28:704][114]LogHandshake: SendChallengeAck. InCookie: 208139110227214040020077074073027066211073095045209142031199
[2022.08.18-09.48.28:704][114]LogNet: Server accepting post-challenge connection from: 192.168.86.1:61128
[2022.08.18-09.48.28:705][114]PacketHandlerLog: Loaded PacketHandler component: Engine.EngineHandlerComponentFactory (StatelessConnectHandlerComponent)
[2022.08.18-09.48.28:705][114]LogNet: NotifyAcceptedConnection: Name: Match, TimeStamp: 08/18/22 02:48:28, [UNetConnection] RemoteAddr: 192.168.86.1:61128, Name: IpConnection_2147482530, Driver: GameNetDriver IpNetDriver_2147482567, IsServer: YES, PC: NULL, Owner: NULL, UniqueId: INVALID
[2022.08.18-09.48.28:706][114]LogNet: AddClientConnection: Added client connection: [UNetConnection] RemoteAddr: 192.168.86.1:61128, Name: IpConnection_2147482530, Driver: GameNetDriver IpNetDriver_2147482567, IsServer: YES, PC: NULL, Owner: NULL, UniqueId: INVALID
[2022.08.18-09.48.28:737][115]LogNet: NotifyAcceptingChannel Control 0 server World /Game/Maps/Match.Match: Accepted
[2022.08.18-09.48.28:737][115]LogNet: Remote platform little endian=1
[2022.08.18-09.48.28:738][115]LogNet: This platform little endian=1
[2022.08.18-09.48.28:771][116]LogNet: Login request: ?Name=DESKTOP-PTH63E6-2CBA2BCB4673E1ADD0A979874700AD5C userId: NULL:DESKTOP-PTH63E6-2CBA2BCB4673E1ADD0A979874700AD5C platform: NULL
[2022.08.18-09.48.28:838][118]LogNet: Client netspeed is 100000
[2022.08.18-09.48.28:937][121]LogNet: Join request: /Game/Maps/Match?Name=DESKTOP-PTH63E6-2CBA2BCB4673E1ADD0A979874700AD5C?SplitscreenCount=1
[2022.08.18-09.48.28:937][121]LogOnlineSession: Warning: OSS: No game present to join for session (GameSession)
[2022.08.18-09.48.28:942][121]LogNet: Join succeeded: DESKTOP-PTH63E6-2CBA
[2022.08.18-09.48.29:337][133]LogPlayFab: Request: {
	"PlayFabId": "C1B55F8C875C514",
	"StatisticNames": [
		"Test_Ranked"
	],
	"StatisticNameVersions": null
}
[2022.08.18-09.48.29:338][133]LogPlayFab: Request: {
	"PlayFabId": "4D9C92204A091204",
	"StatisticNames": [
		"Test_Ranked"
	],
	"StatisticNameVersions": null
}
[2022.08.18-09.48.29:538][140]LogPlayFab: Response : {"code":401,"status":"Unauthorized","error":"NotAuthenticated","errorCode":1074,"errorMessage":"Missing or invalid X-SecretKey HTTP header"}
[2022.08.18-09.48.29:538][140]LogBlueprintUserMessages: [BPGM_TurnBasedGameMode_C_2147482568] Error occur while getting the statistics
[2022.08.18-09.48.29:539][140]LogPlayFab: Response : {"code":401,"status":"Unauthorized","error":"NotAuthenticated","errorCode":1074,"errorMessage":"Missing or invalid X-SecretKey HTTP header"}
[2022.08.18-09.48.29:539][140]LogBlueprintUserMessages: [BPGM_TurnBasedGameMode_C_2147482568] Error occur while getting the statistics
[2022.08.18-09.49.53:603][659]LogNetPackageMap: Warning: Using None instead of replicated reference to StaticMeshActor /Game/Maps/Lobby.Lobby:PersistentLevel.Plane_2 because the level it's in has not been made visible
[2022.08.18-09.49.53:604][659]LogNet: UChannel::ReceivedSequencedBunch: Bunch.bClose == true. ChIndex == 0. Calling ConditionalCleanUp.
[2022.08.18-09.49.53:604][659]LogNet: UChannel::CleanUp: ChIndex == 0. Closing connection. [UChannel] ChIndex: 0, Closing: 0 [UNetConnection] RemoteAddr: 192.168.86.1:61127, Name: IpConnection_2147482560, Driver: GameNetDriver IpNetDriver_2147482567, IsServer: YES, PC: BP_TurnBasedPlayerController_C_2147482556, Owner: BP_TurnBasedPlayerController_C_2147482556, UniqueId: NULL:DESKTOP-PTH63E6-D3438F0E4B79E9F8A3EB4592505224C0
[2022.08.18-09.49.53:604][659]LogNet: UNetConnection::Close: [UNetConnection] RemoteAddr: 192.168.86.1:61127, Name: IpConnection_2147482560, Driver: GameNetDriver IpNetDriver_2147482567, IsServer: YES, PC: BP_TurnBasedPlayerController_C_2147482556, Owner: BP_TurnBasedPlayerController_C_2147482556, UniqueId: NULL:DESKTOP-PTH63E6-D3438F0E4B79E9F8A3EB4592505224C0, Channels: 13, Time: 2022.08.18-09.49.53
[2022.08.18-09.49.53:604][659]LogNet: UChannel::Close: Sending CloseBunch. ChIndex == 0. Name: [UChannel] ChIndex: 0, Closing: 0 [UNetConnection] RemoteAddr: 192.168.86.1:61127, Name: IpConnection_2147482560, Driver: GameNetDriver IpNetDriver_2147482567, IsServer: YES, PC: BP_TurnBasedPlayerController_C_2147482556, Owner: BP_TurnBasedPlayerController_C_2147482556, UniqueId: NULL:DESKTOP-PTH63E6-D3438F0E4B79E9F8A3EB4592505224C0
[2022.08.18-09.49.53:605][659]LogNetPackageMap: Warning: Using None instead of replicated reference to StaticMeshActor /Game/Maps/Lobby.Lobby:PersistentLevel.Plane_2 because the level it's in has not been made visible
[2022.08.18-09.49.53:605][659]LogNet: UChannel::ReceivedSequencedBunch: Bunch.bClose == true. ChIndex == 0. Calling ConditionalCleanUp.
[2022.08.18-09.49.53:606][659]LogNet: UChannel::CleanUp: ChIndex == 0. Closing connection. [UChannel] ChIndex: 0, Closing: 0 [UNetConnection] RemoteAddr: 192.168.86.1:61128, Name: IpConnection_2147482530, Driver: GameNetDriver IpNetDriver_2147482567, IsServer: YES, PC: BP_TurnBasedPlayerController_C_2147482526, Owner: BP_TurnBasedPlayerController_C_2147482526, UniqueId: NULL:DESKTOP-PTH63E6-2CBA2BCB4673E1ADD0A979874700AD5C
[2022.08.18-09.49.53:606][659]LogNet: UNetConnection::Close: [UNetConnection] RemoteAddr: 192.168.86.1:61128, Name: IpConnection_2147482530, Driver: GameNetDriver IpNetDriver_2147482567, IsServer: YES, PC: BP_TurnBasedPlayerController_C_2147482526, Owner: BP_TurnBasedPlayerController_C_2147482526, UniqueId: NULL:DESKTOP-PTH63E6-2CBA2BCB4673E1ADD0A979874700AD5C, Channels: 13, Time: 2022.08.18-09.49.53
[2022.08.18-09.49.53:606][659]LogNet: UChannel::Close: Sending CloseBunch. ChIndex == 0. Name: [UChannel] ChIndex: 0, Closing: 0 [UNetConnection] RemoteAddr: 192.168.86.1:61128, Name: IpConnection_2147482530, Driver: GameNetDriver IpNetDriver_2147482567, IsServer: YES, PC: BP_TurnBasedPlayerController_C_2147482526, Owner: BP_TurnBasedPlayerController_C_2147482526, UniqueId: NULL:DESKTOP-PTH63E6-2CBA2BCB4673E1ADD0A979874700AD5C
[2022.08.18-09.49.53:630][660]LogOnlineSession: Warning: OSS: No game present to leave for session (GameSession)
[2022.08.18-09.49.53:631][660]LogOnlineSession: Warning: OSS: No game present to leave for session (GameSession)
