Log file open, 08/19/22 22:11:49
LogWindows: Failed to load 'aqProf.dll' (GetLastError=126)
LogWindows: File 'aqProf.dll' does not exist
LogWindows: Failed to load 'VtuneApi.dll' (GetLastError=126)
LogWindows: File 'VtuneApi.dll' does not exist
LogWindows: Failed to load 'VtuneApi32e.dll' (GetLastError=126)
LogWindows: File 'VtuneApi32e.dll' does not exist
LogConsoleResponse: Display: Failed to find resolution value strings in scalability ini. Falling back to default.
LogConsoleResponse: Display: Failed to find resolution value strings in scalability ini. Falling back to default.
LogPakFile: Display: Found Pak file ../../../PVP_Game/Content/Paks/PVP_Game-WindowsServer.pak attempting to mount.
LogPakFile: Display: Mounting pak file ../../../PVP_Game/Content/Paks/PVP_Game-WindowsServer.pak.
LogPakFile: PakFile PrimaryIndexSize=26250
LogPakFile: PakFile PathHashIndexSize=48741
LogPakFile: PakFile FullDirectoryIndexSize=64689
LogShaderLibrary: Display: ShaderCodeLibraryPakFileMountedCallback: PakFile '../../../PVP_Game/Content/Paks/PVP_Game-WindowsServer.pak' (chunk index -1, root '../../../') mounted
LogShaderLibrary: Display: ShaderCodeLibraryPakFileMountedCallback: pending pak file info (ChunkID:-1 Root:../../../ File:../../../PVP_Game/Content/Paks/PVP_Game-WindowsServer.pak)
LogPakFile: OnPakFileMounted2Time == 0.000038
LogPlatformFile: Not using cached read wrapper
LogTaskGraph: Started task graph with 5 named threads and 9 total threads with 1 sets of task threads.
LogStats: Stats thread started at 0.116796
LogICUInternationalization: ICU TimeZone Detection - Raw Offset: -8:00, Platform Override: ''
LogInit: Display: Loading text-based GConfig....
LogPluginManager: Mounting plugin OnlineSubsystemSteam
LogPluginManager: Mounting plugin OnlineSubsystem
LogPluginManager: Mounting plugin OnlineSubsystemUtils
LogPluginManager: Mounting plugin SteamShared
LogPluginManager: Mounting plugin OnlineFramework
LogPluginManager: Mounting plugin PlayFab
LogPluginManager: Mounting plugin AdvancedSessions
LogPluginManager: Mounting plugin AdvancedSteamSessions
LogPluginManager: Mounting plugin Paper2D
LogPluginManager: Mounting plugin AISupport
LogPluginManager: Mounting plugin EnvironmentQueryEditor
LogPluginManager: Mounting plugin LightPropagationVolume
LogPluginManager: Mounting plugin CameraShakePreviewer
LogPluginManager: Mounting plugin GameplayCameras
LogPluginManager: Mounting plugin TemplateSequence
LogPluginManager: Mounting plugin LevelSequenceEditor
LogPluginManager: Mounting plugin OodleData
LogPluginManager: Mounting plugin OodleNetwork
LogPluginManager: Mounting plugin AnimationSharing
LogPluginManager: Mounting plugin SignificanceManager
LogPluginManager: Mounting plugin PluginUtils
LogPluginManager: Mounting plugin PropertyAccessEditor
LogPluginManager: Mounting plugin UObjectPlugin
LogPluginManager: Mounting plugin AssetManagerEditor
LogPluginManager: Mounting plugin FacialAnimation
LogPluginManager: Mounting plugin GeometryMode
LogPluginManager: Mounting plugin SpeedTreeImporter
LogPluginManager: Mounting plugin DatasmithContent
LogPluginManager: Mounting plugin VariantManagerContent
LogPluginManager: Mounting plugin AlembicImporter
LogPluginManager: Mounting plugin GeometryCache
LogPluginManager: Mounting plugin AutomationUtils
LogPluginManager: Mounting plugin ScreenshotTools
LogPluginManager: Mounting plugin BackChannel
LogPluginManager: Mounting plugin ChaosClothEditor
LogPluginManager: Mounting plugin ChaosCloth
LogPluginManager: Mounting plugin ChaosEditor
LogPluginManager: Mounting plugin PlanarCut
LogPluginManager: Mounting plugin GeometryProcessing
LogPluginManager: Mounting plugin EditableMesh
LogPluginManager: Mounting plugin GeometryCollectionPlugin
LogPluginManager: Mounting plugin ProceduralMeshComponent
LogPluginManager: Mounting plugin ChaosSolverPlugin
LogPluginManager: Mounting plugin ChaosNiagara
LogPluginManager: Mounting plugin Niagara
LogPluginManager: Mounting plugin PythonScriptPlugin
LogPluginManager: Mounting plugin CharacterAI
LogPluginManager: Mounting plugin MotoSynth
LogPluginManager: Mounting plugin OpenImageDenoise
LogPluginManager: Mounting plugin PlatformCrypto
LogPluginManager: Mounting plugin MagicLeapPassableWorld
LogPluginManager: Mounting plugin MagicLeap
LogPluginManager: Mounting plugin MLSDK
LogPluginManager: Mounting plugin MagicLeapLightEstimation
LogPluginManager: Mounting plugin AvfMedia
LogPluginManager: Mounting plugin ImgMedia
LogPluginManager: Mounting plugin MediaCompositing
LogPluginManager: Mounting plugin MeshPainting
LogPluginManager: Mounting plugin TcpMessaging
LogPluginManager: Mounting plugin UdpMessaging
LogPluginManager: Mounting plugin ActorSequence
LogPluginManager: Mounting plugin MatineeToLevelSequence
LogPluginManager: Mounting plugin OnlineSubsystemNull
LogPluginManager: Mounting plugin LauncherChunkInstaller
LogPluginManager: Mounting plugin ActorLayerUtilities
LogPluginManager: Mounting plugin AndroidPermission
LogPluginManager: Mounting plugin AppleImageUtils
LogPluginManager: Mounting plugin ArchVisCharacter
LogPluginManager: Mounting plugin AssetTags
LogPluginManager: Mounting plugin AudioCapture
LogPluginManager: Mounting plugin CableComponent
LogPluginManager: Mounting plugin ChunkDownloader
LogPluginManager: Mounting plugin CustomMeshComponent
LogPluginManager: Mounting plugin ExampleDeviceProfileSelector
LogPluginManager: Mounting plugin GooglePAD
LogPluginManager: Mounting plugin LocationServicesBPLibrary
LogPluginManager: Mounting plugin MobilePatchingUtils
LogPluginManager: Mounting plugin OculusVR
LogPluginManager: Mounting plugin OpenXREyeTracker
LogPluginManager: Mounting plugin OpenXR
LogPluginManager: Mounting plugin OpenXRHandTracking
LogPluginManager: Mounting plugin LiveLink
LogPluginManager: Mounting plugin Takes
LogPluginManager: Mounting plugin PhysXVehicles
LogPluginManager: Mounting plugin RuntimePhysXCooking
LogPluginManager: Mounting plugin SoundFields
LogPluginManager: Mounting plugin SteamVR
LogPluginManager: Mounting plugin Synthesis
LogPluginManager: Mounting plugin AudioSynesthesia
LogPluginManager: Mounting plugin WindowsMoviePlayer
LogInit: Using libcurl 7.55.1-DEV
LogInit:  - built for x86_64-pc-win32
LogInit:  - supports SSL with OpenSSL/1.1.1
LogInit:  - supports HTTP deflate (compression) using libz 1.2.8
LogInit:  - other features:
LogInit:      CURL_VERSION_SSL
LogInit:      CURL_VERSION_LIBZ
LogInit:      CURL_VERSION_IPV6
LogInit:      CURL_VERSION_ASYNCHDNS
LogInit:      CURL_VERSION_LARGEFILE
LogInit:      CURL_VERSION_IDN
LogInit:  CurlRequestOptions (configurable via config and command line):
LogInit:  - bVerifyPeer = true  - Libcurl will verify peer certificate
LogInit:  - bUseHttpProxy = false  - Libcurl will NOT use HTTP proxy
LogInit:  - bDontReuseConnections = false  - Libcurl will reuse connections
LogInit:  - MaxHostConnections = 16  - Libcurl will limit the number of connections to a host
LogInit:  - LocalHostAddr = Default
LogInit:  - BufferSize = 65536
LogOnline: OSS: Creating online subsystem instance for: NULL
LogInit: WinSock: version 1.1 (2.2), MaxSocks=32767, MaxUdp=65467
LogOnline: OSS: TryLoadSubsystemAndSetDefault: Loaded subsystem for module [NULL]
LogLuminAPIImpl: Warning: MLSDK not found.  This likely means the MLSDK environment variable is not set.
LogInit: Build: ++UE4+Release-4.27-CL-0
LogInit: Engine Version: 4.27.2-0+++UE4+Release-4.27
LogInit: Compatible Engine Version: 4.27.0-0+++UE4+Release-4.27
LogInit: Net CL: 0
LogInit: OS: Windows 10 (Release 2009) (), CPU: Intel(R) Core(TM) i5-8257U CPU @ 1.40GHz, GPU: Intel(R) Iris(R) Plus Graphics 645
LogInit: Compiled (64-bit): Aug 14 2022 20:44:59
LogInit: Compiled with Visual C++: 19.33.31629.00
LogInit: Build Configuration: Development
LogInit: Branch Name: ++UE4+Release-4.27
LogInit: Command Line:  -log
LogInit: Base Directory: C:/Users/bitch/Documents/GitHub/PVP_Chess_Game/Release/WindowsServer/PVP_Game/Binaries/Win64/
LogInit: Allocator: binned2
LogInit: Installed Engine Build: 0
LogDevObjectVersion: Number of dev versions registered: 29
LogDevObjectVersion:   Dev-Blueprints (B0D832E4-1F89-4F0D-ACCF-7EB736FD4AA2): 10
LogDevObjectVersion:   Dev-Build (E1C64328-A22C-4D53-A36C-8E866417BD8C): 0
LogDevObjectVersion:   Dev-Core (375EC13C-06E4-48FB-B500-84F0262A717E): 4
LogDevObjectVersion:   Dev-Editor (E4B068ED-F494-42E9-A231-DA0B2E46BB41): 40
LogDevObjectVersion:   Dev-Framework (CFFC743F-43B0-4480-9391-14DF171D2073): 37
LogDevObjectVersion:   Dev-Mobile (B02B49B5-BB20-44E9-A304-32B752E40360): 3
LogDevObjectVersion:   Dev-Networking (A4E4105C-59A1-49B5-A7C5-40C4547EDFEE): 0
LogDevObjectVersion:   Dev-Online (39C831C9-5AE6-47DC-9A44-9C173E1C8E7C): 0
LogDevObjectVersion:   Dev-Physics (78F01B33-EBEA-4F98-B9B4-84EACCB95AA2): 14
LogDevObjectVersion:   Dev-Platform (6631380F-2D4D-43E0-8009-CF276956A95A): 0
LogDevObjectVersion:   Dev-Rendering (12F88B9F-8875-4AFC-A67C-D90C383ABD29): 45
LogDevObjectVersion:   Dev-Sequencer (7B5AE74C-D270-4C10-A958-57980B212A5A): 13
LogDevObjectVersion:   Dev-VR (D7296918-1DD6-4BDD-9DE2-64A83CC13884): 3
LogDevObjectVersion:   Dev-LoadTimes (C2A15278-BFE7-4AFE-6C17-90FF531DF755): 1
LogDevObjectVersion:   Private-Geometry (6EACA3D4-40EC-4CC1-B786-8BED09428FC5): 3
LogDevObjectVersion:   Dev-AnimPhys (29E575DD-E0A3-4627-9D10-D276232CDCEA): 17
LogDevObjectVersion:   Dev-Anim (AF43A65D-7FD3-4947-9873-3E8ED9C1BB05): 15
LogDevObjectVersion:   Dev-ReflectionCapture (6B266CEC-1EC7-4B8F-A30B-E4D90942FC07): 1
LogDevObjectVersion:   Dev-Automation (0DF73D61-A23F-47EA-B727-89E90C41499A): 1
LogDevObjectVersion:   FortniteMain (601D1886-AC64-4F84-AA16-D3DE0DEAC7D6): 47
LogDevObjectVersion:   FortniteRelease (E7086368-6B23-4C58-8439-1B7016265E91): 1
LogDevObjectVersion:   Dev-Enterprise (9DFFBCD6-494F-0158-E221-12823C92A888): 10
LogDevObjectVersion:   Dev-Niagara (F2AED0AC-9AFE-416F-8664-AA7FFA26D6FC): 1
LogDevObjectVersion:   Dev-Destruction (174F1F0B-B4C6-45A5-B13F-2EE8D0FB917D): 10
LogDevObjectVersion:   Dev-Physics-Ext (35F94A83-E258-406C-A318-09F59610247C): 41
LogDevObjectVersion:   Dev-PhysicsMaterial-Chaos (B68FC16E-8B1B-42E2-B453-215C058844FE): 1
LogDevObjectVersion:   Dev-CineCamera (B2E18506-4273-CFC2-A54E-F4BB758BBA07): 1
LogDevObjectVersion:   Dev-VirtualProduction (64F58936-FD1B-42BA-BA96-7289D5D0FA4E): 1
LogDevObjectVersion:   Dev-MediaFramework (6F0ED827-A609-4895-9C91-998D90180EA4): 2
LogInit: Presizing for max 2097152 objects, including 1 objects not considered by GC, pre-allocating 0 bytes for permanent pool.
LogConfig: Applying CVar settings from Section [/Script/Engine.StreamingSettings] File [../../../PVP_Game/Saved/Config/WindowsServer/Engine.ini]
LogConfig: Setting CVar [[s.MinBulkDataSizeForAsyncLoading:131072]]
LogConfig: Setting CVar [[s.AsyncLoadingThreadEnabled:0]]
LogConfig: Setting CVar [[s.EventDrivenLoaderEnabled:1]]
LogConfig: Setting CVar [[s.WarnIfTimeLimitExceeded:0]]
LogConfig: Setting CVar [[s.TimeLimitExceededMultiplier:1.5]]
LogConfig: Setting CVar [[s.TimeLimitExceededMinTime:0.005]]
LogConfig: Setting CVar [[s.UseBackgroundLevelStreaming:1]]
LogConfig: Setting CVar [[s.PriorityAsyncLoadingExtraTime:15.0]]
LogConfig: Setting CVar [[s.LevelStreamingActorsUpdateTimeLimit:5.0]]
LogConfig: Setting CVar [[s.PriorityLevelStreamingActorsUpdateExtraTime:5.0]]
LogConfig: Setting CVar [[s.LevelStreamingComponentsRegistrationGranularity:10]]
LogConfig: Setting CVar [[s.UnregisterComponentsTimeLimit:1.0]]
LogConfig: Setting CVar [[s.LevelStreamingComponentsUnregistrationGranularity:5]]
LogConfig: Setting CVar [[s.FlushStreamingOnExit:1]]
LogStreaming: Display: Async Loading initialized: Event Driven Loader: true, Async Loading Thread: false, Async Post Load: false
LogInit: Object subsystem initialized
LogConfig: Setting CVar [[con.DebugEarlyDefault:1]]
LogConfig: Setting CVar [[r.setres:1280x720]]
LogConfig: Setting CVar [[fx.NiagaraAllowRuntimeScalabilityChanges:1]]
[2022.08.20-05.11.54:814][  0]LogConfig: Setting CVar [[con.DebugEarlyDefault:1]]
[2022.08.20-05.11.54:815][  0]LogConfig: Setting CVar [[r.setres:1280x720]]
[2022.08.20-05.11.54:815][  0]LogConfig: Setting CVar [[fx.NiagaraAllowRuntimeScalabilityChanges:1]]
[2022.08.20-05.11.54:815][  0]LogConfig: Applying CVar settings from Section [/Script/Engine.RendererSettings] File [../../../PVP_Game/Saved/Config/WindowsServer/Engine.ini]
[2022.08.20-05.11.54:816][  0]LogConfig: Setting CVar [[r.GPUCrashDebugging:0]]
[2022.08.20-05.11.54:817][  0]LogConfig: Applying CVar settings from Section [/Script/Engine.RendererOverrideSettings] File [../../../PVP_Game/Saved/Config/WindowsServer/Engine.ini]
[2022.08.20-05.11.54:821][  0]LogConfig: Applying CVar settings from Section [/Script/Engine.StreamingSettings] File [../../../PVP_Game/Saved/Config/WindowsServer/Engine.ini]
[2022.08.20-05.11.54:822][  0]LogConfig: Setting CVar [[s.MinBulkDataSizeForAsyncLoading:131072]]
[2022.08.20-05.11.54:823][  0]LogConfig: Setting CVar [[s.AsyncLoadingThreadEnabled:0]]
[2022.08.20-05.11.54:823][  0]LogConfig: Setting CVar [[s.EventDrivenLoaderEnabled:1]]
[2022.08.20-05.11.54:824][  0]LogConfig: Setting CVar [[s.WarnIfTimeLimitExceeded:0]]
[2022.08.20-05.11.54:824][  0]LogConfig: Setting CVar [[s.TimeLimitExceededMultiplier:1.5]]
[2022.08.20-05.11.54:824][  0]LogConfig: Setting CVar [[s.TimeLimitExceededMinTime:0.005]]
[2022.08.20-05.11.54:826][  0]LogConfig: Setting CVar [[s.UseBackgroundLevelStreaming:1]]
[2022.08.20-05.11.54:826][  0]LogConfig: Setting CVar [[s.PriorityAsyncLoadingExtraTime:15.0]]
[2022.08.20-05.11.54:826][  0]LogConfig: Setting CVar [[s.LevelStreamingActorsUpdateTimeLimit:5.0]]
[2022.08.20-05.11.54:827][  0]LogConfig: Setting CVar [[s.PriorityLevelStreamingActorsUpdateExtraTime:5.0]]
[2022.08.20-05.11.54:827][  0]LogConfig: Setting CVar [[s.LevelStreamingComponentsRegistrationGranularity:10]]
[2022.08.20-05.11.54:828][  0]LogConfig: Setting CVar [[s.UnregisterComponentsTimeLimit:1.0]]
[2022.08.20-05.11.54:828][  0]LogConfig: Setting CVar [[s.LevelStreamingComponentsUnregistrationGranularity:5]]
[2022.08.20-05.11.54:828][  0]LogConfig: Setting CVar [[s.FlushStreamingOnExit:1]]
[2022.08.20-05.11.54:829][  0]LogConfig: Applying CVar settings from Section [/Script/Engine.GarbageCollectionSettings] File [../../../PVP_Game/Saved/Config/WindowsServer/Engine.ini]
[2022.08.20-05.11.54:829][  0]LogConfig: Setting CVar [[gc.MaxObjectsNotConsideredByGC:1]]
[2022.08.20-05.11.54:829][  0]LogConfig: Setting CVar [[gc.SizeOfPermanentObjectPool:0]]
[2022.08.20-05.11.54:829][  0]LogConfig: Setting CVar [[gc.FlushStreamingOnGC:0]]
[2022.08.20-05.11.54:830][  0]LogConfig: Setting CVar [[gc.NumRetriesBeforeForcingGC:10]]
[2022.08.20-05.11.54:830][  0]LogConfig: Setting CVar [[gc.AllowParallelGC:1]]
[2022.08.20-05.11.54:830][  0]LogConfig: Setting CVar [[gc.TimeBetweenPurgingPendingKillObjects:61.1]]
[2022.08.20-05.11.54:831][  0]LogConfig: Setting CVar [[gc.MaxObjectsInEditor:25165824]]
[2022.08.20-05.11.54:831][  0]LogConfig: Setting CVar [[gc.IncrementalBeginDestroyEnabled:1]]
[2022.08.20-05.11.54:831][  0]LogConfig: Setting CVar [[gc.CreateGCClusters:1]]
[2022.08.20-05.11.54:832][  0]LogConfig: Setting CVar [[gc.MinGCClusterSize:5]]
[2022.08.20-05.11.54:832][  0]LogConfig: Setting CVar [[gc.ActorClusteringEnabled:0]]
[2022.08.20-05.11.54:832][  0]LogConfig: Setting CVar [[gc.BlueprintClusteringEnabled:0]]
[2022.08.20-05.11.54:832][  0]LogConfig: Setting CVar [[gc.UseDisregardForGCOnDedicatedServers:0]]
[2022.08.20-05.11.54:842][  0]LogConfig: Setting CVar [[gc.MultithreadedDestructionEnabled:1]]
[2022.08.20-05.11.54:846][  0]LogConfig: Applying CVar settings from Section [/Script/Engine.NetworkSettings] File [../../../PVP_Game/Saved/Config/WindowsServer/Engine.ini]
[2022.08.20-05.11.54:847][  0]LogConfig: Applying CVar settings from Section [ViewDistanceQuality@3] File [../../../PVP_Game/Saved/Config/WindowsServer/Scalability.ini]
[2022.08.20-05.11.54:847][  0]LogConfig: Setting CVar [[r.SkeletalMeshLODBias:0]]
[2022.08.20-05.11.54:847][  0]LogConfig: Setting CVar [[r.ViewDistanceScale:1.0]]
[2022.08.20-05.11.54:848][  0]LogConfig: Applying CVar settings from Section [AntiAliasingQuality@3] File [../../../PVP_Game/Saved/Config/WindowsServer/Scalability.ini]
[2022.08.20-05.11.54:848][  0]LogConfig: Setting CVar [[r.PostProcessAAQuality:4]]
[2022.08.20-05.11.54:848][  0]LogConfig: Applying CVar settings from Section [ShadowQuality@3] File [../../../PVP_Game/Saved/Config/WindowsServer/Scalability.ini]
[2022.08.20-05.11.54:849][  0]LogConfig: Setting CVar [[r.LightFunctionQuality:1]]
[2022.08.20-05.11.54:849][  0]LogConfig: Setting CVar [[r.ShadowQuality:5]]
[2022.08.20-05.11.54:850][  0]LogConfig: Setting CVar [[r.Shadow.CSM.MaxCascades:10]]
[2022.08.20-05.11.54:850][  0]LogConfig: Setting CVar [[r.Shadow.MaxResolution:2048]]
[2022.08.20-05.11.54:851][  0]LogConfig: Setting CVar [[r.Shadow.MaxCSMResolution:2048]]
[2022.08.20-05.11.54:851][  0]LogConfig: Setting CVar [[r.Shadow.RadiusThreshold:0.01]]
[2022.08.20-05.11.54:851][  0]LogConfig: Setting CVar [[r.Shadow.DistanceScale:1.0]]
[2022.08.20-05.11.54:852][  0]LogConfig: Setting CVar [[r.Shadow.CSM.TransitionScale:1.0]]
[2022.08.20-05.11.54:853][  0]LogConfig: Setting CVar [[r.Shadow.PreShadowResolutionFactor:1.0]]
[2022.08.20-05.11.54:853][  0]LogConfig: Setting CVar [[r.DistanceFieldShadowing:1]]
[2022.08.20-05.11.54:854][  0]LogConfig: Setting CVar [[r.DistanceFieldAO:1]]
[2022.08.20-05.11.54:854][  0]LogConfig: Setting CVar [[r.AOQuality:2]]
[2022.08.20-05.11.54:855][  0]LogConfig: Setting CVar [[r.VolumetricFog:1]]
[2022.08.20-05.11.54:857][  0]LogConfig: Setting CVar [[r.VolumetricFog.GridPixelSize:8]]
[2022.08.20-05.11.54:858][  0]LogConfig: Setting CVar [[r.VolumetricFog.GridSizeZ:128]]
[2022.08.20-05.11.54:858][  0]LogConfig: Setting CVar [[r.VolumetricFog.HistoryMissSupersampleCount:4]]
[2022.08.20-05.11.54:859][  0]LogConfig: Setting CVar [[r.LightMaxDrawDistanceScale:1]]
[2022.08.20-05.11.54:859][  0]LogConfig: Setting CVar [[r.CapsuleShadows:1]]
[2022.08.20-05.11.54:860][  0]LogConfig: Applying CVar settings from Section [PostProcessQuality@3] File [../../../PVP_Game/Saved/Config/WindowsServer/Scalability.ini]
[2022.08.20-05.11.54:860][  0]LogConfig: Setting CVar [[r.MotionBlurQuality:4]]
[2022.08.20-05.11.54:861][  0]LogConfig: Setting CVar [[r.AmbientOcclusionMipLevelFactor:0.4]]
[2022.08.20-05.11.54:861][  0]LogConfig: Setting CVar [[r.AmbientOcclusionMaxQuality:100]]
[2022.08.20-05.11.54:861][  0]LogConfig: Setting CVar [[r.AmbientOcclusionLevels:-1]]
[2022.08.20-05.11.54:862][  0]LogConfig: Setting CVar [[r.AmbientOcclusionRadiusScale:1.0]]
[2022.08.20-05.11.54:862][  0]LogConfig: Setting CVar [[r.DepthOfFieldQuality:2]]
[2022.08.20-05.11.54:862][  0]LogConfig: Setting CVar [[r.RenderTargetPoolMin:400]]
[2022.08.20-05.11.54:863][  0]LogConfig: Setting CVar [[r.LensFlareQuality:2]]
[2022.08.20-05.11.54:863][  0]LogConfig: Setting CVar [[r.SceneColorFringeQuality:1]]
[2022.08.20-05.11.54:864][  0]LogConfig: Setting CVar [[r.EyeAdaptationQuality:2]]
[2022.08.20-05.11.54:864][  0]LogConfig: Setting CVar [[r.BloomQuality:5]]
[2022.08.20-05.11.54:864][  0]LogConfig: Setting CVar [[r.FastBlurThreshold:100]]
[2022.08.20-05.11.54:865][  0]LogConfig: Setting CVar [[r.Upscale.Quality:3]]
[2022.08.20-05.11.54:865][  0]LogConfig: Setting CVar [[r.Tonemapper.GrainQuantization:1]]
[2022.08.20-05.11.54:865][  0]LogConfig: Setting CVar [[r.LightShaftQuality:1]]
[2022.08.20-05.11.54:866][  0]LogConfig: Setting CVar [[r.Filter.SizeScale:1]]
[2022.08.20-05.11.54:870][  0]LogConfig: Setting CVar [[r.Tonemapper.Quality:5]]
[2022.08.20-05.11.54:870][  0]LogConfig: Setting CVar [[r.DOF.Gather.AccumulatorQuality:1        ; higher gathering accumulator quality]]
[2022.08.20-05.11.54:870][  0]LogConfig: Setting CVar [[r.DOF.Gather.PostfilterMethod:1          ; Median3x3 postfilering method]]
[2022.08.20-05.11.54:871][  0]LogConfig: Setting CVar [[r.DOF.Gather.EnableBokehSettings:0       ; no bokeh simulation when gathering]]
[2022.08.20-05.11.54:872][  0]LogConfig: Setting CVar [[r.DOF.Gather.RingCount:4                 ; medium number of samples when gathering]]
[2022.08.20-05.11.54:872][  0]LogConfig: Setting CVar [[r.DOF.Scatter.ForegroundCompositing:1    ; additive foreground scattering]]
[2022.08.20-05.11.54:873][  0]LogConfig: Setting CVar [[r.DOF.Scatter.BackgroundCompositing:2    ; additive background scattering]]
[2022.08.20-05.11.54:873][  0]LogConfig: Setting CVar [[r.DOF.Scatter.EnableBokehSettings:1      ; bokeh simulation when scattering]]
[2022.08.20-05.11.54:874][  0]LogConfig: Setting CVar [[r.DOF.Scatter.MaxSpriteRatio:0.1         ; only a maximum of 10% of scattered bokeh]]
[2022.08.20-05.11.54:874][  0]LogConfig: Setting CVar [[r.DOF.Recombine.Quality:1                ; cheap slight out of focus]]
[2022.08.20-05.11.54:875][  0]LogConfig: Setting CVar [[r.DOF.Recombine.EnableBokehSettings:0    ; no bokeh simulation on slight out of focus]]
[2022.08.20-05.11.54:875][  0]LogConfig: Setting CVar [[r.DOF.TemporalAAQuality:1                ; more stable temporal accumulation]]
[2022.08.20-05.11.54:875][  0]LogConfig: Setting CVar [[r.DOF.Kernel.MaxForegroundRadius:0.025]]
[2022.08.20-05.11.54:876][  0]LogConfig: Setting CVar [[r.DOF.Kernel.MaxBackgroundRadius:0.025]]
[2022.08.20-05.11.54:876][  0]LogConfig: Applying CVar settings from Section [TextureQuality@3] File [../../../PVP_Game/Saved/Config/WindowsServer/Scalability.ini]
[2022.08.20-05.11.54:877][  0]LogConfig: Setting CVar [[r.Streaming.MipBias:0]]
[2022.08.20-05.11.54:878][  0]LogConfig: Setting CVar [[r.Streaming.AmortizeCPUToGPUCopy:0]]
[2022.08.20-05.11.54:879][  0]LogConfig: Setting CVar [[r.Streaming.MaxNumTexturesToStreamPerFrame:0]]
[2022.08.20-05.11.54:880][  0]LogConfig: Setting CVar [[r.Streaming.Boost:1]]
[2022.08.20-05.11.54:880][  0]LogConfig: Setting CVar [[r.MaxAnisotropy:8]]
[2022.08.20-05.11.54:880][  0]LogConfig: Setting CVar [[r.VT.MaxAnisotropy:8]]
[2022.08.20-05.11.54:880][  0]LogConfig: Setting CVar [[r.Streaming.LimitPoolSizeToVRAM:0]]
[2022.08.20-05.11.54:880][  0]LogConfig: Setting CVar [[r.Streaming.PoolSize:1000]]
[2022.08.20-05.11.54:880][  0]LogConfig: Setting CVar [[r.Streaming.MaxEffectiveScreenSize:0]]
[2022.08.20-05.11.54:881][  0]LogConfig: Applying CVar settings from Section [EffectsQuality@3] File [../../../PVP_Game/Saved/Config/WindowsServer/Scalability.ini]
[2022.08.20-05.11.54:881][  0]LogConfig: Setting CVar [[r.TranslucencyLightingVolumeDim:64]]
[2022.08.20-05.11.54:881][  0]LogConfig: Setting CVar [[r.RefractionQuality:2]]
[2022.08.20-05.11.54:882][  0]LogConfig: Setting CVar [[r.SSR.Quality:3]]
[2022.08.20-05.11.54:882][  0]LogConfig: Setting CVar [[r.SSR.HalfResSceneColor:0]]
[2022.08.20-05.11.54:882][  0]LogConfig: Setting CVar [[r.SceneColorFormat:4]]
[2022.08.20-05.11.54:882][  0]LogConfig: Setting CVar [[r.DetailMode:2]]
[2022.08.20-05.11.54:885][  0]LogConfig: Setting CVar [[r.TranslucencyVolumeBlur:1]]
[2022.08.20-05.11.54:885][  0]LogConfig: Setting CVar [[r.MaterialQualityLevel:1 ; High quality]]
[2022.08.20-05.11.54:886][  0]LogConfig: Setting CVar [[r.AnisotropicMaterials:1]]
[2022.08.20-05.11.54:886][  0]LogConfig: Setting CVar [[r.SSS.Scale:1]]
[2022.08.20-05.11.54:887][  0]LogConfig: Setting CVar [[r.SSS.SampleSet:2]]
[2022.08.20-05.11.54:891][  0]LogConfig: Setting CVar [[r.SSS.Quality:1]]
[2022.08.20-05.11.54:891][  0]LogConfig: Setting CVar [[r.SSS.HalfRes:0]]
[2022.08.20-05.11.54:892][  0]LogConfig: Setting CVar [[r.SSGI.Quality:3]]
[2022.08.20-05.11.54:892][  0]LogConfig: Setting CVar [[r.EmitterSpawnRateScale:1.0]]
[2022.08.20-05.11.54:893][  0]LogConfig: Setting CVar [[r.ParticleLightQuality:2]]
[2022.08.20-05.11.54:893][  0]LogConfig: Setting CVar [[r.SkyAtmosphere.AerialPerspectiveLUT.FastApplyOnOpaque:1 ; Always have FastSkyLUT 1 in this case to avoid wrong sky]]
[2022.08.20-05.11.54:894][  0]LogConfig: Setting CVar [[r.SkyAtmosphere.AerialPerspectiveLUT.SampleCountMaxPerSlice:4]]
[2022.08.20-05.11.54:894][  0]LogConfig: Setting CVar [[r.SkyAtmosphere.AerialPerspectiveLUT.DepthResolution:16.0]]
[2022.08.20-05.11.54:894][  0]LogConfig: Setting CVar [[r.SkyAtmosphere.FastSkyLUT:1]]
[2022.08.20-05.11.54:895][  0]LogConfig: Setting CVar [[r.SkyAtmosphere.FastSkyLUT.SampleCountMin:4.0]]
[2022.08.20-05.11.54:895][  0]LogConfig: Setting CVar [[r.SkyAtmosphere.FastSkyLUT.SampleCountMax:128.0]]
[2022.08.20-05.11.54:895][  0]LogConfig: Setting CVar [[r.SkyAtmosphere.SampleCountMin:4.0]]
[2022.08.20-05.11.54:895][  0]LogConfig: Setting CVar [[r.SkyAtmosphere.SampleCountMax:128.0]]
[2022.08.20-05.11.54:896][  0]LogConfig: Setting CVar [[r.SkyAtmosphere.TransmittanceLUT.UseSmallFormat:0]]
[2022.08.20-05.11.54:896][  0]LogConfig: Setting CVar [[r.SkyAtmosphere.TransmittanceLUT.SampleCount:10.0]]
[2022.08.20-05.11.54:897][  0]LogConfig: Setting CVar [[r.SkyAtmosphere.MultiScatteringLUT.SampleCount:15.0]]
[2022.08.20-05.11.54:897][  0]LogConfig: Setting CVar [[r.SkyLight.RealTimeReflectionCapture:1]]
[2022.08.20-05.11.54:897][  0]LogConfig: Setting CVar [[fx.Niagara.QualityLevel:3]]
[2022.08.20-05.11.54:897][  0]LogConfig: Applying CVar settings from Section [FoliageQuality@3] File [../../../PVP_Game/Saved/Config/WindowsServer/Scalability.ini]
[2022.08.20-05.11.54:898][  0]LogConfig: Setting CVar [[foliage.DensityScale:1.0]]
[2022.08.20-05.11.54:901][  0]LogConfig: Setting CVar [[grass.DensityScale:1.0]]
[2022.08.20-05.11.54:901][  0]LogConfig: Applying CVar settings from Section [ShadingQuality@3] File [../../../PVP_Game/Saved/Config/WindowsServer/Scalability.ini]
[2022.08.20-05.11.54:901][  0]LogConfig: Setting CVar [[r.HairStrands.SkyLighting.IntegrationType:2]]
[2022.08.20-05.11.54:902][  0]LogConfig: Setting CVar [[r.HairStrands.SkyAO.SampleCount:4]]
[2022.08.20-05.11.54:902][  0]LogConfig: Setting CVar [[r.HairStrands.Visibility.MSAA.SamplePerPixel:4]]
[2022.08.20-05.11.54:903][  0]LogInit: Selected Device Profile: [WindowsServer]
[2022.08.20-05.11.54:903][  0]LogInit: Applying CVar settings loaded from the selected device profile: [WindowsServer]
[2022.08.20-05.11.54:904][  0]LogHAL: Display: Platform has ~ 8 GB [8428630016 / 8589934592 / 8], which maps to Default [LargestMinGB=32, LargerMinGB=12, DefaultMinGB=8, SmallerMinGB=6, SmallestMinGB=0)
[2022.08.20-05.11.54:904][  0]LogInit: Going up to parent DeviceProfile [Windows]
[2022.08.20-05.11.54:905][  0]LogInit: Going up to parent DeviceProfile []
[2022.08.20-05.11.54:905][  0]LogConfig: Applying CVar settings from Section [ViewDistanceQuality@3] File [../../../PVP_Game/Saved/Config/WindowsServer/Scalability.ini]
[2022.08.20-05.11.54:905][  0]LogConfig: Setting CVar [[r.SkeletalMeshLODBias:0]]
[2022.08.20-05.11.54:906][  0]LogConfig: Setting CVar [[r.ViewDistanceScale:1.0]]
[2022.08.20-05.11.54:906][  0]LogConfig: Applying CVar settings from Section [AntiAliasingQuality@3] File [../../../PVP_Game/Saved/Config/WindowsServer/Scalability.ini]
[2022.08.20-05.11.54:907][  0]LogConfig: Setting CVar [[r.PostProcessAAQuality:4]]
[2022.08.20-05.11.54:907][  0]LogConfig: Applying CVar settings from Section [ShadowQuality@3] File [../../../PVP_Game/Saved/Config/WindowsServer/Scalability.ini]
[2022.08.20-05.11.54:908][  0]LogConfig: Setting CVar [[r.LightFunctionQuality:1]]
[2022.08.20-05.11.54:908][  0]LogConfig: Setting CVar [[r.ShadowQuality:5]]
[2022.08.20-05.11.54:909][  0]LogConfig: Setting CVar [[r.Shadow.CSM.MaxCascades:10]]
[2022.08.20-05.11.54:911][  0]LogConfig: Setting CVar [[r.Shadow.MaxResolution:2048]]
[2022.08.20-05.11.54:912][  0]LogConfig: Setting CVar [[r.Shadow.MaxCSMResolution:2048]]
[2022.08.20-05.11.54:912][  0]LogConfig: Setting CVar [[r.Shadow.RadiusThreshold:0.01]]
[2022.08.20-05.11.54:912][  0]LogConfig: Setting CVar [[r.Shadow.DistanceScale:1.0]]
[2022.08.20-05.11.54:913][  0]LogConfig: Setting CVar [[r.Shadow.CSM.TransitionScale:1.0]]
[2022.08.20-05.11.54:913][  0]LogConfig: Setting CVar [[r.Shadow.PreShadowResolutionFactor:1.0]]
[2022.08.20-05.11.54:913][  0]LogConfig: Setting CVar [[r.DistanceFieldShadowing:1]]
[2022.08.20-05.11.54:913][  0]LogConfig: Setting CVar [[r.DistanceFieldAO:1]]
[2022.08.20-05.11.54:914][  0]LogConfig: Setting CVar [[r.AOQuality:2]]
[2022.08.20-05.11.54:914][  0]LogConfig: Setting CVar [[r.VolumetricFog:1]]
[2022.08.20-05.11.54:914][  0]LogConfig: Setting CVar [[r.VolumetricFog.GridPixelSize:8]]
[2022.08.20-05.11.54:915][  0]LogConfig: Setting CVar [[r.VolumetricFog.GridSizeZ:128]]
[2022.08.20-05.11.54:915][  0]LogConfig: Setting CVar [[r.VolumetricFog.HistoryMissSupersampleCount:4]]
[2022.08.20-05.11.54:915][  0]LogConfig: Setting CVar [[r.LightMaxDrawDistanceScale:1]]
[2022.08.20-05.11.54:916][  0]LogConfig: Setting CVar [[r.CapsuleShadows:1]]
[2022.08.20-05.11.54:916][  0]LogConfig: Applying CVar settings from Section [PostProcessQuality@3] File [../../../PVP_Game/Saved/Config/WindowsServer/Scalability.ini]
[2022.08.20-05.11.54:920][  0]LogConfig: Setting CVar [[r.MotionBlurQuality:4]]
[2022.08.20-05.11.54:921][  0]LogConfig: Setting CVar [[r.AmbientOcclusionMipLevelFactor:0.4]]
[2022.08.20-05.11.54:925][  0]LogConfig: Setting CVar [[r.AmbientOcclusionMaxQuality:100]]
[2022.08.20-05.11.54:925][  0]LogConfig: Setting CVar [[r.AmbientOcclusionLevels:-1]]
[2022.08.20-05.11.54:925][  0]LogConfig: Setting CVar [[r.AmbientOcclusionRadiusScale:1.0]]
[2022.08.20-05.11.54:926][  0]LogConfig: Setting CVar [[r.DepthOfFieldQuality:2]]
[2022.08.20-05.11.54:926][  0]LogConfig: Setting CVar [[r.RenderTargetPoolMin:400]]
[2022.08.20-05.11.54:927][  0]LogConfig: Setting CVar [[r.LensFlareQuality:2]]
[2022.08.20-05.11.54:927][  0]LogConfig: Setting CVar [[r.SceneColorFringeQuality:1]]
[2022.08.20-05.11.54:927][  0]LogConfig: Setting CVar [[r.EyeAdaptationQuality:2]]
[2022.08.20-05.11.54:928][  0]LogConfig: Setting CVar [[r.BloomQuality:5]]
[2022.08.20-05.11.54:928][  0]LogConfig: Setting CVar [[r.FastBlurThreshold:100]]
[2022.08.20-05.11.54:928][  0]LogConfig: Setting CVar [[r.Upscale.Quality:3]]
[2022.08.20-05.11.54:929][  0]LogConfig: Setting CVar [[r.Tonemapper.GrainQuantization:1]]
[2022.08.20-05.11.54:929][  0]LogConfig: Setting CVar [[r.LightShaftQuality:1]]
[2022.08.20-05.11.54:929][  0]LogConfig: Setting CVar [[r.Filter.SizeScale:1]]
[2022.08.20-05.11.54:930][  0]LogConfig: Setting CVar [[r.Tonemapper.Quality:5]]
[2022.08.20-05.11.54:930][  0]LogConfig: Setting CVar [[r.DOF.Gather.AccumulatorQuality:1        ; higher gathering accumulator quality]]
[2022.08.20-05.11.54:930][  0]LogConfig: Setting CVar [[r.DOF.Gather.PostfilterMethod:1          ; Median3x3 postfilering method]]
[2022.08.20-05.11.54:931][  0]LogConfig: Setting CVar [[r.DOF.Gather.EnableBokehSettings:0       ; no bokeh simulation when gathering]]
[2022.08.20-05.11.54:932][  0]LogConfig: Setting CVar [[r.DOF.Gather.RingCount:4                 ; medium number of samples when gathering]]
[2022.08.20-05.11.54:932][  0]LogConfig: Setting CVar [[r.DOF.Scatter.ForegroundCompositing:1    ; additive foreground scattering]]
[2022.08.20-05.11.54:933][  0]LogConfig: Setting CVar [[r.DOF.Scatter.BackgroundCompositing:2    ; additive background scattering]]
[2022.08.20-05.11.54:935][  0]LogConfig: Setting CVar [[r.DOF.Scatter.EnableBokehSettings:1      ; bokeh simulation when scattering]]
[2022.08.20-05.11.54:936][  0]LogConfig: Setting CVar [[r.DOF.Scatter.MaxSpriteRatio:0.1         ; only a maximum of 10% of scattered bokeh]]
[2022.08.20-05.11.54:936][  0]LogConfig: Setting CVar [[r.DOF.Recombine.Quality:1                ; cheap slight out of focus]]
[2022.08.20-05.11.54:937][  0]LogConfig: Setting CVar [[r.DOF.Recombine.EnableBokehSettings:0    ; no bokeh simulation on slight out of focus]]
[2022.08.20-05.11.54:937][  0]LogConfig: Setting CVar [[r.DOF.TemporalAAQuality:1                ; more stable temporal accumulation]]
[2022.08.20-05.11.54:938][  0]LogConfig: Setting CVar [[r.DOF.Kernel.MaxForegroundRadius:0.025]]
[2022.08.20-05.11.54:938][  0]LogConfig: Setting CVar [[r.DOF.Kernel.MaxBackgroundRadius:0.025]]
[2022.08.20-05.11.54:939][  0]LogConfig: Applying CVar settings from Section [TextureQuality@3] File [../../../PVP_Game/Saved/Config/WindowsServer/Scalability.ini]
[2022.08.20-05.11.54:939][  0]LogConfig: Setting CVar [[r.Streaming.MipBias:0]]
[2022.08.20-05.11.54:940][  0]LogConfig: Setting CVar [[r.Streaming.AmortizeCPUToGPUCopy:0]]
[2022.08.20-05.11.54:940][  0]LogConfig: Setting CVar [[r.Streaming.MaxNumTexturesToStreamPerFrame:0]]
[2022.08.20-05.11.54:941][  0]LogConfig: Setting CVar [[r.Streaming.Boost:1]]
[2022.08.20-05.11.54:941][  0]LogConfig: Setting CVar [[r.MaxAnisotropy:8]]
[2022.08.20-05.11.54:942][  0]LogConfig: Setting CVar [[r.VT.MaxAnisotropy:8]]
[2022.08.20-05.11.54:942][  0]LogConfig: Setting CVar [[r.Streaming.LimitPoolSizeToVRAM:0]]
[2022.08.20-05.11.54:943][  0]LogConfig: Setting CVar [[r.Streaming.PoolSize:1000]]
[2022.08.20-05.11.54:943][  0]LogConfig: Setting CVar [[r.Streaming.MaxEffectiveScreenSize:0]]
[2022.08.20-05.11.54:944][  0]LogConfig: Applying CVar settings from Section [EffectsQuality@3] File [../../../PVP_Game/Saved/Config/WindowsServer/Scalability.ini]
[2022.08.20-05.11.54:946][  0]LogConfig: Setting CVar [[r.TranslucencyLightingVolumeDim:64]]
[2022.08.20-05.11.54:947][  0]LogConfig: Setting CVar [[r.RefractionQuality:2]]
[2022.08.20-05.11.54:947][  0]LogConfig: Setting CVar [[r.SSR.Quality:3]]
[2022.08.20-05.11.54:948][  0]LogConfig: Setting CVar [[r.SSR.HalfResSceneColor:0]]
[2022.08.20-05.11.54:948][  0]LogConfig: Setting CVar [[r.SceneColorFormat:4]]
[2022.08.20-05.11.54:948][  0]LogConfig: Setting CVar [[r.DetailMode:2]]
[2022.08.20-05.11.54:949][  0]LogConfig: Setting CVar [[r.TranslucencyVolumeBlur:1]]
[2022.08.20-05.11.54:949][  0]LogConfig: Setting CVar [[r.MaterialQualityLevel:1 ; High quality]]
[2022.08.20-05.11.54:949][  0]LogConfig: Setting CVar [[r.AnisotropicMaterials:1]]
[2022.08.20-05.11.54:955][  0]LogConfig: Setting CVar [[r.SSS.Scale:1]]
[2022.08.20-05.11.54:958][  0]LogConfig: Setting CVar [[r.SSS.SampleSet:2]]
[2022.08.20-05.11.54:959][  0]LogConfig: Setting CVar [[r.SSS.Quality:1]]
[2022.08.20-05.11.54:959][  0]LogConfig: Setting CVar [[r.SSS.HalfRes:0]]
[2022.08.20-05.11.54:960][  0]LogConfig: Setting CVar [[r.SSGI.Quality:3]]
[2022.08.20-05.11.54:960][  0]LogConfig: Setting CVar [[r.EmitterSpawnRateScale:1.0]]
[2022.08.20-05.11.54:961][  0]LogConfig: Setting CVar [[r.ParticleLightQuality:2]]
[2022.08.20-05.11.54:961][  0]LogConfig: Setting CVar [[r.SkyAtmosphere.AerialPerspectiveLUT.FastApplyOnOpaque:1 ; Always have FastSkyLUT 1 in this case to avoid wrong sky]]
[2022.08.20-05.11.54:962][  0]LogConfig: Setting CVar [[r.SkyAtmosphere.AerialPerspectiveLUT.SampleCountMaxPerSlice:4]]
[2022.08.20-05.11.54:963][  0]LogConfig: Setting CVar [[r.SkyAtmosphere.AerialPerspectiveLUT.DepthResolution:16.0]]
[2022.08.20-05.11.54:963][  0]LogConfig: Setting CVar [[r.SkyAtmosphere.FastSkyLUT:1]]
[2022.08.20-05.11.54:964][  0]LogConfig: Setting CVar [[r.SkyAtmosphere.FastSkyLUT.SampleCountMin:4.0]]
[2022.08.20-05.11.54:965][  0]LogConfig: Setting CVar [[r.SkyAtmosphere.FastSkyLUT.SampleCountMax:128.0]]
[2022.08.20-05.11.54:965][  0]LogConfig: Setting CVar [[r.SkyAtmosphere.SampleCountMin:4.0]]
[2022.08.20-05.11.54:966][  0]LogConfig: Setting CVar [[r.SkyAtmosphere.SampleCountMax:128.0]]
[2022.08.20-05.11.54:967][  0]LogConfig: Setting CVar [[r.SkyAtmosphere.TransmittanceLUT.UseSmallFormat:0]]
[2022.08.20-05.11.54:969][  0]LogConfig: Setting CVar [[r.SkyAtmosphere.TransmittanceLUT.SampleCount:10.0]]
[2022.08.20-05.11.54:970][  0]LogConfig: Setting CVar [[r.SkyAtmosphere.MultiScatteringLUT.SampleCount:15.0]]
[2022.08.20-05.11.54:970][  0]LogConfig: Setting CVar [[r.SkyLight.RealTimeReflectionCapture:1]]
[2022.08.20-05.11.54:971][  0]LogConfig: Setting CVar [[fx.Niagara.QualityLevel:3]]
[2022.08.20-05.11.54:972][  0]LogConfig: Applying CVar settings from Section [FoliageQuality@3] File [../../../PVP_Game/Saved/Config/WindowsServer/Scalability.ini]
[2022.08.20-05.11.54:973][  0]LogConfig: Setting CVar [[foliage.DensityScale:1.0]]
[2022.08.20-05.11.54:973][  0]LogConfig: Setting CVar [[grass.DensityScale:1.0]]
[2022.08.20-05.11.54:974][  0]LogConfig: Applying CVar settings from Section [ShadingQuality@3] File [../../../PVP_Game/Saved/Config/WindowsServer/Scalability.ini]
[2022.08.20-05.11.54:975][  0]LogConfig: Setting CVar [[r.HairStrands.SkyLighting.IntegrationType:2]]
[2022.08.20-05.11.54:975][  0]LogConfig: Setting CVar [[r.HairStrands.SkyAO.SampleCount:4]]
[2022.08.20-05.11.54:976][  0]LogConfig: Setting CVar [[r.HairStrands.Visibility.MSAA.SamplePerPixel:4]]
[2022.08.20-05.11.54:977][  0]LogConfig: Applying CVar settings from Section [Startup] File [../../../Engine/Config/ConsoleVariables.ini]
[2022.08.20-05.11.54:978][  0]LogConfig: Setting CVar [[net.UseAdaptiveNetUpdateFrequency:0]]
[2022.08.20-05.11.54:979][  0]LogConfig: Setting CVar [[p.chaos.AllowCreatePhysxBodies:1]]
[2022.08.20-05.11.54:980][  0]LogConfig: Setting CVar [[fx.SkipVectorVMBackendOptimizations:1]]
[2022.08.20-05.11.54:981][  0]LogConfig: Applying CVar settings from Section [ConsoleVariables] File [../../../PVP_Game/Saved/Config/WindowsServer/Engine.ini]
[2022.08.20-05.11.54:981][  0]LogInit: Computer: DESKTOP-PTH63E6
[2022.08.20-05.11.54:982][  0]LogInit: User: bitch
[2022.08.20-05.11.54:982][  0]LogInit: CPU Page size=4096, Cores=4
[2022.08.20-05.11.54:983][  0]LogInit: High frequency timer resolution =10.000000 MHz
[2022.08.20-05.11.54:983][  0]LogMemory: Memory total: Physical=7.8GB (8GB approx)
[2022.08.20-05.11.54:984][  0]LogMemory: Platform Memory Stats for WindowsServer
[2022.08.20-05.11.54:984][  0]LogMemory: Process Physical Memory: 76.33 MB used, 76.34 MB peak
[2022.08.20-05.11.54:985][  0]LogMemory: Process Virtual Memory: 76.36 MB used, 76.36 MB peak
[2022.08.20-05.11.54:986][  0]LogMemory: Physical Memory: 6509.40 MB used,  1528.77 MB free, 8038.17 MB total
[2022.08.20-05.11.54:986][  0]LogMemory: Virtual Memory: 134213456.00 MB used,  4275.06 MB free, 134217728.00 MB total
[2022.08.20-05.11.54:996][  0]LogWindows: WindowsPlatformFeatures disabled or dedicated server build
[2022.08.20-05.11.55:017][  0]LogInit: Physics initialised using underlying interface: PhysX
[2022.08.20-05.11.55:017][  0]LogInit: Using OS detected language (en-US).
[2022.08.20-05.11.55:019][  0]LogInit: Using OS detected locale (en-US).
[2022.08.20-05.11.55:022][  0]LogTextLocalizationManager: No specific localization for 'en-US' exists, so the 'en' localization will be used.
[2022.08.20-05.11.55:064][  0]LogRendererCore: Ray tracing is disabled. Reason: r.RayTracing=0.
[2022.08.20-05.11.55:065][  0]LogODSC: ODSC Thread active.
[2022.08.20-05.11.55:074][  0]LogInit: Using OS detected language (en-US).
[2022.08.20-05.11.55:075][  0]LogInit: Using OS detected locale (en-US).
[2022.08.20-05.11.55:075][  0]LogTextLocalizationManager: No localization for 'en-US' exists, so 'en' will be used for the language.
[2022.08.20-05.11.55:076][  0]LogTextLocalizationManager: No localization for 'en-US' exists, so 'en' will be used for the locale.
[2022.08.20-05.11.55:078][  0]LogTextLocalizationManager: Compacting localization data took   1.05ms
[2022.08.20-05.11.55:078][  0]LogAssetRegistry: FAssetRegistry took 0.0011 seconds to start up
[2022.08.20-05.11.55:212][  0]LogStreaming: Display: FlushAsyncLoading: 1 QueuedPackages, 0 AsyncPackages
[2022.08.20-05.11.55:213][  0]LogPackageLocalizationCache: Processed 26 localized package path(s) for 1 prioritized culture(s) in 0.000065 seconds
[2022.08.20-05.11.55:214][  0]LogPakFile: New pak file ../../../PVP_Game/Content/Paks/PVP_Game-WindowsServer.pak added to pak precacher.
[2022.08.20-05.11.55:215][  0]LogInit: Selected Device Profile: [WindowsServer]
[2022.08.20-05.11.55:216][  0]LogInit: Active device profile: [0000025CAF030580][0000025CAD304930 49] WindowsServer
[2022.08.20-05.11.55:216][  0]LogInit: Profiles: [0000025CAF030700][0000025CAA7D24A0 49] Windows, [0000025CAF030580][0000025CAD304930 49] WindowsServer, 
[2022.08.20-05.11.55:231][  0]LogSerialization: Display: AllowBulkDataInIoStore: 'true'
[2022.08.20-05.11.55:243][  0]LogNetVersion: PVP_Game 1.0.0, NetCL: 0, EngineNetVer: 17, GameNetVer: 0 (Checksum: 2832247850)
[2022.08.20-05.11.55:275][  0]LogAudioCaptureCore: Display: No Audio Capture implementations found. Audio input will be silent.
[2022.08.20-05.11.55:275][  0]LogAudioCaptureCore: Display: No Audio Capture implementations found. Audio input will be silent.
[2022.08.20-05.11.55:277][  0]LogHMD: PokeAHoleMaterial loaded successfully
[2022.08.20-05.11.55:310][  0]LogUObjectArray: 19546 objects as part of root set at end of initial load.
[2022.08.20-05.11.55:310][  0]LogUObjectAllocator: 3988680 out of 0 bytes used by permanent object pool.
[2022.08.20-05.11.55:310][  0]LogUObjectArray: CloseDisregardForGC: 19546/0 objects in disregard for GC pool
[2022.08.20-05.11.55:316][  0]LogSteamShared: Display: Loading Steam SDK 1.51
[2022.08.20-05.11.55:316][  0]LogSteamShared: Steam SDK Loaded!
[2022.08.20-05.11.55:317][  0]LogNiagaraDebuggerClient: Niagara Debugger Client Initialized | Session: 30D63D4C4B034834973BF9B80D4E6F94 | Instance: 72203BD4484B23DA92B837AD7F9BE086 (DESKTOP-PTH63E6-5604).
[2022.08.20-05.11.55:320][  0]LogAndroidPermission: UAndroidPermissionCallbackProxy::GetInstance
[2022.08.20-05.11.55:320][  0]LogOcInput: OculusInput pre-init called
[2022.08.20-05.11.55:322][  0]LogEngine: Initializing Engine...
[2022.08.20-05.11.55:328][  0]LogStats: UGameplayTagsManager::InitializeManager -  0.000 s
[2022.08.20-05.11.55:332][  0]LogInit: Initializing FReadOnlyCVARCache
[2022.08.20-05.11.55:332][  0]LogNetVersion: Set ProjectVersion to 1.0.0.0. Version Checksum will be recalculated on next use.
[2022.08.20-05.11.55:333][  0]LogInit: Texture streaming: Disabled
[2022.08.20-05.11.55:352][  0]LogInit: Display: Game Engine Initialized.
[2022.08.20-05.11.55:354][  0]LogInit: Display: Starting Game.
[2022.08.20-05.11.55:356][  0]LogNet: Browse: /Game/Maps/Match?Name=Player
[2022.08.20-05.11.55:356][  0]LogLoad: LoadMap: /Game/Maps/Match?Name=Player
[2022.08.20-05.11.55:356][  0]LogWorld: BeginTearingDown for /Temp/Untitled_0
[2022.08.20-05.11.55:363][  0]LogWorld: UWorld::CleanupWorld for Untitled, bSessionEnded=true, bCleanupResources=true
[2022.08.20-05.11.55:365][  0]LogUObjectHash: Compacting FUObjectHashTables data took   1.20ms
[2022.08.20-05.11.55:402][  0]LogAIModule: Creating AISystem for world Match
[2022.08.20-05.11.55:402][  0]LogLoad: Game class is 'BPGM_TurnBasedGameMode_C'
[2022.08.20-05.11.55:410][  0]LogNet: ReplicationDriverClass is null! Not using ReplicationDriver.
[2022.08.20-05.11.55:410][  0]LogNetCore: DDoS detection status: detection enabled: 0 analytics enabled: 0
[2022.08.20-05.11.55:411][  0]LogInit: WinSock: Socket queue. Rx: 131072 (config 131072) Tx: 131072 (config 131072)
[2022.08.20-05.11.55:411][  0]LogNet: Created socket for bind address: 0.0.0.0 on port 7777
[2022.08.20-05.11.55:411][  0]PacketHandlerLog: Loaded PacketHandler component: Engine.EngineHandlerComponentFactory (StatelessConnectHandlerComponent)
[2022.08.20-05.11.55:411][  0]LogNet: GameNetDriver IpNetDriver_2147482567 IpNetDriver listening on port 7777
[2022.08.20-05.11.55:413][  0]LogWorld: Bringing World /Game/Maps/Match.Match up for play (max tick rate 30) at 2022.08.19-22.11.55
[2022.08.20-05.11.55:413][  0]LogWorld: Bringing up level for play took: 0.001143
[2022.08.20-05.11.55:414][  0]LogGameMode: Display: Match State Changed from EnteringMap to WaitingToStart
[2022.08.20-05.11.55:415][  0]LogGameState: Match State Changed from EnteringMap to WaitingToStart
[2022.08.20-05.11.55:415][  0]LogLoad: Took 0.058632 seconds to LoadMap(/Game/Maps/Match)
[2022.08.20-05.11.55:415][  0]LogPakFile: AllPaks IndexSizes: DirectoryHashSize=222860, PathHashSize=16, EntriesSize=32752, TotalSize=255628
[2022.08.20-05.11.55:416][  0]LogInit: Display: Engine is initialized. Leaving FEngineLoop::Init()
[2022.08.20-05.11.55:416][  0]LogLoad: (Engine Initialization) Total time: 6.19 seconds
[2022.08.20-05.14.30:350][640]LogNet: NotifyAcceptingConnection accepted from: 192.168.86.1:65314
[2022.08.20-05.14.30:360][640]LogHandshake: SendConnectChallenge. Timestamp: 154.927599, Cookie: 018130145106016130245014061174216072207233211041174045255095
[2022.08.20-05.14.30:411][642]LogNet: NotifyAcceptingConnection accepted from: 192.168.86.1:65314
[2022.08.20-05.14.30:413][642]LogHandshake: SendChallengeAck. InCookie: 018130145106016130245014061174216072207233211041174045255095
[2022.08.20-05.14.30:414][642]LogNet: Server accepting post-challenge connection from: 192.168.86.1:65314
[2022.08.20-05.14.30:421][642]PacketHandlerLog: Loaded PacketHandler component: Engine.EngineHandlerComponentFactory (StatelessConnectHandlerComponent)
[2022.08.20-05.14.30:428][642]LogNet: NotifyAcceptedConnection: Name: Match, TimeStamp: 08/19/22 22:14:30, [UNetConnection] RemoteAddr: 192.168.86.1:65314, Name: IpConnection_2147482560, Driver: GameNetDriver IpNetDriver_2147482567, IsServer: YES, PC: NULL, Owner: NULL, UniqueId: INVALID
[2022.08.20-05.14.30:429][642]LogNet: AddClientConnection: Added client connection: [UNetConnection] RemoteAddr: 192.168.86.1:65314, Name: IpConnection_2147482560, Driver: GameNetDriver IpNetDriver_2147482567, IsServer: YES, PC: NULL, Owner: NULL, UniqueId: INVALID
[2022.08.20-05.14.30:525][643]LogNet: NotifyAcceptingChannel Control 0 server World /Game/Maps/Match.Match: Accepted
[2022.08.20-05.14.30:529][643]LogNet: Remote platform little endian=1
[2022.08.20-05.14.30:530][643]LogNet: This platform little endian=1
[2022.08.20-05.14.30:530][643]LogNetVersion: PVP_Game 1.0.0.0, NetCL: 0, EngineNetVer: 17, GameNetVer: 0 (Checksum: 513338249)
[2022.08.20-05.14.30:624][646]LogNet: Login request: ?Name=DESKTOP-PTH63E6-1C028A8349DD358AB90585B524D10B1B userId: NULL:DESKTOP-PTH63E6-1C028A8349DD358AB90585B524D10B1B platform: NULL
[2022.08.20-05.14.30:693][648]LogNet: Client netspeed is 100000
[2022.08.20-05.14.33:392][728]LogNet: Join request: /Game/Maps/Match?Name=DESKTOP-PTH63E6-1C028A8349DD358AB90585B524D10B1B?SplitscreenCount=1
[2022.08.20-05.14.33:424][728]LogOnlineSession: Warning: OSS: No game present to join for session (GameSession)
[2022.08.20-05.14.33:635][728]LogGameMode: Display: Match State Changed from WaitingToStart to InProgress
[2022.08.20-05.14.33:642][728]LogGameState: Match State Changed from WaitingToStart to InProgress
[2022.08.20-05.14.33:642][728]LogNet: Join succeeded: DESKTOP-PTH63E6-1C02
[2022.08.20-05.14.34:296][748]LogNet: NotifyAcceptingConnection accepted from: 192.168.86.1:62923
[2022.08.20-05.14.34:296][748]LogHandshake: SendConnectChallenge. Timestamp: 158.879708, Cookie: 186017123253214146230185219243234248161087084058072044004229
[2022.08.20-05.14.34:362][750]LogNet: NotifyAcceptingConnection accepted from: 192.168.86.1:62923
[2022.08.20-05.14.34:362][750]LogHandshake: SendChallengeAck. InCookie: 186017123253214146230185219243234248161087084058072044004229
[2022.08.20-05.14.34:366][750]LogNet: Server accepting post-challenge connection from: 192.168.86.1:62923
[2022.08.20-05.14.34:417][750]PacketHandlerLog: Loaded PacketHandler component: Engine.EngineHandlerComponentFactory (StatelessConnectHandlerComponent)
[2022.08.20-05.14.34:419][750]LogNet: NotifyAcceptedConnection: Name: Match, TimeStamp: 08/19/22 22:14:34, [UNetConnection] RemoteAddr: 192.168.86.1:62923, Name: IpConnection_2147482530, Driver: GameNetDriver IpNetDriver_2147482567, IsServer: YES, PC: NULL, Owner: NULL, UniqueId: INVALID
[2022.08.20-05.14.34:422][750]LogNet: AddClientConnection: Added client connection: [UNetConnection] RemoteAddr: 192.168.86.1:62923, Name: IpConnection_2147482530, Driver: GameNetDriver IpNetDriver_2147482567, IsServer: YES, PC: NULL, Owner: NULL, UniqueId: INVALID
[2022.08.20-05.14.34:459][752]LogNet: NotifyAcceptingChannel Control 0 server World /Game/Maps/Match.Match: Accepted
[2022.08.20-05.14.34:459][752]LogNet: Remote platform little endian=1
[2022.08.20-05.14.34:462][752]LogNet: This platform little endian=1
[2022.08.20-05.14.34:492][753]LogNet: Login request: ?Name=DESKTOP-PTH63E6-08E5260C478B3EE2B1082F8415866148 userId: NULL:DESKTOP-PTH63E6-08E5260C478B3EE2B1082F8415866148 platform: NULL
[2022.08.20-05.14.34:560][755]LogNet: Client netspeed is 100000
[2022.08.20-05.14.36:214][804]LogNet: Join request: /Game/Maps/Match?Name=DESKTOP-PTH63E6-08E5260C478B3EE2B1082F8415866148?SplitscreenCount=1
[2022.08.20-05.14.36:214][804]LogOnlineSession: Warning: OSS: No game present to join for session (GameSession)
[2022.08.20-05.14.36:232][804]LogNet: Join succeeded: DESKTOP-PTH63E6-08E5
[2022.08.20-05.14.37:270][833]LogPlayFab: Request: {
	"PlayFabId": "4D9C92204A091204",
	"StatisticNames": [
		"Test_Ranked"
	],
	"StatisticNameVersions": null
}
[2022.08.20-05.14.37:279][833]LogPlayFab: Request: {
	"PlayFabId": "C1B55F8C875C514",
	"StatisticNames": [
		"Test_Ranked"
	],
	"StatisticNameVersions": null
}
[2022.08.20-05.14.41:783][961]LogPlayFab: Response : {"code":200,"status":"OK","data":{"PlayFabId":"4D9C92204A091204","Statistics":[{"StatisticName":"Test_Ranked","Value":1215,"Version":0}]}}
[2022.08.20-05.14.42:412][961]LogBlueprintUserMessages: [BPGM_TurnBasedGameMode_C_2147482568] 1215
[2022.08.20-05.14.42:412][961]LogPlayFab: Response : {"code":200,"status":"OK","data":{"PlayFabId":"C1B55F8C875C514","Statistics":[{"StatisticName":"Test_Ranked","Value":1250,"Version":0}]}}
[2022.08.20-05.14.42:415][961]LogBlueprintUserMessages: [BPGM_TurnBasedGameMode_C_2147482568] 1250
[2022.08.20-05.14.57:292][404]LogBlueprintUserMessages: [CharachterStats] 1
[2022.08.20-05.15.01:739][536]LogBlueprintUserMessages: [CharachterStats] 1
[2022.08.20-05.15.09:362][763]LogBlueprintUserMessages: [CharachterStats] -2
[2022.08.20-05.15.09:368][763]LogPlayFab: Request: {
	"ForceUpdate": false,
	"PlayFabId": "4D9C92204A091204",
	"Statistics": [
		{
			"Value": 1200,
			"StatisticName ": "Test_Ranked"
		}
	]
}
[2022.08.20-05.15.09:369][763]LogPlayFab: Request: {
	"ForceUpdate": false,
	"PlayFabId": "C1B55F8C875C514",
	"Statistics": [
		{
			"Value": 1265,
			"StatisticName ": "Test_Ranked"
		}
	]
}
[2022.08.20-05.15.09:370][763]LogBlueprintUserMessages: [CharachterStats] Death
[2022.08.20-05.15.09:472][767]LogPlayFab: Response : {"code":400,"status":"BadRequest","error":"InvalidParams","errorCode":1000,"errorMessage":"Invalid input parameters","errorDetails":{"Statistics[0].StatisticName":["The StatisticName field is required."]}}
[2022.08.20-05.15.09:478][767]LogBlueprintUserMessages: [BPGM_TurnBasedGameMode_C_2147482568] Error Updating the Rank
[2022.08.20-05.15.09:478][767]LogPlayFab: Response : {"code":400,"status":"BadRequest","error":"InvalidParams","errorCode":1000,"errorMessage":"Invalid input parameters","errorDetails":{"Statistics[0].StatisticName":["The StatisticName field is required."]}}
[2022.08.20-05.15.09:480][767]LogBlueprintUserMessages: [BPGM_TurnBasedGameMode_C_2147482568] Error Updating the Rank
[2022.08.20-05.15.16:914][988]LogNet: UChannel::ReceivedSequencedBunch: Bunch.bClose == true. ChIndex == 0. Calling ConditionalCleanUp.
[2022.08.20-05.15.16:914][988]LogNet: UChannel::CleanUp: ChIndex == 0. Closing connection. [UChannel] ChIndex: 0, Closing: 0 [UNetConnection] RemoteAddr: 192.168.86.1:62923, Name: IpConnection_2147482530, Driver: GameNetDriver IpNetDriver_2147482567, IsServer: YES, PC: BP_TurnBasedPlayerController_C_2147482526, Owner: BP_TurnBasedPlayerController_C_2147482526, UniqueId: NULL:DESKTOP-PTH63E6-08E5260C478B3EE2B1082F8415866148
[2022.08.20-05.15.16:916][988]LogNet: UNetConnection::Close: [UNetConnection] RemoteAddr: 192.168.86.1:62923, Name: IpConnection_2147482530, Driver: GameNetDriver IpNetDriver_2147482567, IsServer: YES, PC: BP_TurnBasedPlayerController_C_2147482526, Owner: BP_TurnBasedPlayerController_C_2147482526, UniqueId: NULL:DESKTOP-PTH63E6-08E5260C478B3EE2B1082F8415866148, Channels: 12, Time: 2022.08.20-05.15.16
[2022.08.20-05.15.16:916][988]LogNet: UChannel::Close: Sending CloseBunch. ChIndex == 0. Name: [UChannel] ChIndex: 0, Closing: 0 [UNetConnection] RemoteAddr: 192.168.86.1:62923, Name: IpConnection_2147482530, Driver: GameNetDriver IpNetDriver_2147482567, IsServer: YES, PC: BP_TurnBasedPlayerController_C_2147482526, Owner: BP_TurnBasedPlayerController_C_2147482526, UniqueId: NULL:DESKTOP-PTH63E6-08E5260C478B3EE2B1082F8415866148
[2022.08.20-05.15.16:954][989]LogOnlineSession: Warning: OSS: No game present to leave for session (GameSession)
[2022.08.20-05.15.22:747][160]LogNet: UChannel::ReceivedSequencedBunch: Bunch.bClose == true. ChIndex == 0. Calling ConditionalCleanUp.
[2022.08.20-05.15.22:747][160]LogNet: UChannel::CleanUp: ChIndex == 0. Closing connection. [UChannel] ChIndex: 0, Closing: 0 [UNetConnection] RemoteAddr: 192.168.86.1:65314, Name: IpConnection_2147482560, Driver: GameNetDriver IpNetDriver_2147482567, IsServer: YES, PC: BP_TurnBasedPlayerController_C_2147482556, Owner: BP_TurnBasedPlayerController_C_2147482556, UniqueId: NULL:DESKTOP-PTH63E6-1C028A8349DD358AB90585B524D10B1B
[2022.08.20-05.15.22:748][160]LogNet: UNetConnection::Close: [UNetConnection] RemoteAddr: 192.168.86.1:65314, Name: IpConnection_2147482560, Driver: GameNetDriver IpNetDriver_2147482567, IsServer: YES, PC: BP_TurnBasedPlayerController_C_2147482556, Owner: BP_TurnBasedPlayerController_C_2147482556, UniqueId: NULL:DESKTOP-PTH63E6-1C028A8349DD358AB90585B524D10B1B, Channels: 10, Time: 2022.08.20-05.15.22
[2022.08.20-05.15.22:749][160]LogNet: UChannel::Close: Sending CloseBunch. ChIndex == 0. Name: [UChannel] ChIndex: 0, Closing: 0 [UNetConnection] RemoteAddr: 192.168.86.1:65314, Name: IpConnection_2147482560, Driver: GameNetDriver IpNetDriver_2147482567, IsServer: YES, PC: BP_TurnBasedPlayerController_C_2147482556, Owner: BP_TurnBasedPlayerController_C_2147482556, UniqueId: NULL:DESKTOP-PTH63E6-1C028A8349DD358AB90585B524D10B1B
[2022.08.20-05.15.22:780][161]LogOnlineSession: Warning: OSS: No game present to leave for session (GameSession)
