Log file open, 08/18/22 02:43:39
LogWindows: Failed to load 'aqProf.dll' (GetLastError=126)
LogWindows: File 'aqProf.dll' does not exist
LogWindows: Failed to load 'VtuneApi.dll' (GetLastError=126)
LogWindows: File 'VtuneApi.dll' does not exist
LogWindows: Failed to load 'VtuneApi32e.dll' (GetLastError=126)
LogWindows: File 'VtuneApi32e.dll' does not exist
LogConsoleResponse: Display: Failed to find resolution value strings in scalability ini. Falling back to default.
LogConsoleResponse: Display: Failed to find resolution value strings in scalability ini. Falling back to default.
LogPakFile: Display: Found Pak file ../../../PVP_Game/Content/Paks/PVP_Game-WindowsServer.pak attempting to mount.
LogPakFile: Display: Mounting pak file ../../../PVP_Game/Content/Paks/PVP_Game-WindowsServer.pak.
LogPakFile: PakFile PrimaryIndexSize=26170
LogPakFile: PakFile PathHashIndexSize=48669
LogPakFile: PakFile FullDirectoryIndexSize=64523
LogShaderLibrary: Display: ShaderCodeLibraryPakFileMountedCallback: PakFile '../../../PVP_Game/Content/Paks/PVP_Game-WindowsServer.pak' (chunk index -1, root '../../../') mounted
LogShaderLibrary: Display: ShaderCodeLibraryPakFileMountedCallback: pending pak file info (ChunkID:-1 Root:../../../ File:../../../PVP_Game/Content/Paks/PVP_Game-WindowsServer.pak)
LogPakFile: OnPakFileMounted2Time == 0.000122
LogPlatformFile: Not using cached read wrapper
LogTaskGraph: Started task graph with 5 named threads and 9 total threads with 1 sets of task threads.
LogStats: Stats thread started at 0.262407
LogICUInternationalization: ICU TimeZone Detection - Raw Offset: -8:00, Platform Override: ''
LogInit: Display: Loading text-based GConfig....
LogPluginManager: Mounting plugin OnlineSubsystemSteam
LogPluginManager: Mounting plugin OnlineSubsystem
LogPluginManager: Mounting plugin OnlineSubsystemUtils
LogPluginManager: Mounting plugin SteamShared
LogPluginManager: Mounting plugin OnlineFramework
LogPluginManager: Mounting plugin PlayFab
LogPluginManager: Mounting plugin AdvancedSessions
LogPluginManager: Mounting plugin AdvancedSteamSessions
LogPluginManager: Mounting plugin Paper2D
LogPluginManager: Mounting plugin AISupport
LogPluginManager: Mounting plugin EnvironmentQueryEditor
LogPluginManager: Mounting plugin LightPropagationVolume
LogPluginManager: Mounting plugin CameraShakePreviewer
LogPluginManager: Mounting plugin GameplayCameras
LogPluginManager: Mounting plugin TemplateSequence
LogPluginManager: Mounting plugin LevelSequenceEditor
LogPluginManager: Mounting plugin OodleData
LogPluginManager: Mounting plugin OodleNetwork
LogPluginManager: Mounting plugin AnimationSharing
LogPluginManager: Mounting plugin SignificanceManager
LogPluginManager: Mounting plugin PluginUtils
LogPluginManager: Mounting plugin PropertyAccessEditor
LogPluginManager: Mounting plugin UObjectPlugin
LogPluginManager: Mounting plugin AssetManagerEditor
LogPluginManager: Mounting plugin FacialAnimation
LogPluginManager: Mounting plugin GeometryMode
LogPluginManager: Mounting plugin SpeedTreeImporter
LogPluginManager: Mounting plugin DatasmithContent
LogPluginManager: Mounting plugin VariantManagerContent
LogPluginManager: Mounting plugin AlembicImporter
LogPluginManager: Mounting plugin GeometryCache
LogPluginManager: Mounting plugin AutomationUtils
LogPluginManager: Mounting plugin ScreenshotTools
LogPluginManager: Mounting plugin BackChannel
LogPluginManager: Mounting plugin ChaosClothEditor
LogPluginManager: Mounting plugin ChaosCloth
LogPluginManager: Mounting plugin ChaosEditor
LogPluginManager: Mounting plugin PlanarCut
LogPluginManager: Mounting plugin GeometryProcessing
LogPluginManager: Mounting plugin EditableMesh
LogPluginManager: Mounting plugin GeometryCollectionPlugin
LogPluginManager: Mounting plugin ProceduralMeshComponent
LogPluginManager: Mounting plugin ChaosSolverPlugin
LogPluginManager: Mounting plugin ChaosNiagara
LogPluginManager: Mounting plugin Niagara
LogPluginManager: Mounting plugin PythonScriptPlugin
LogPluginManager: Mounting plugin CharacterAI
LogPluginManager: Mounting plugin MotoSynth
LogPluginManager: Mounting plugin OpenImageDenoise
LogPluginManager: Mounting plugin PlatformCrypto
LogPluginManager: Mounting plugin MagicLeapPassableWorld
LogPluginManager: Mounting plugin MagicLeap
LogPluginManager: Mounting plugin MLSDK
LogPluginManager: Mounting plugin MagicLeapLightEstimation
LogPluginManager: Mounting plugin AvfMedia
LogPluginManager: Mounting plugin ImgMedia
LogPluginManager: Mounting plugin MediaCompositing
LogPluginManager: Mounting plugin MeshPainting
LogPluginManager: Mounting plugin TcpMessaging
LogPluginManager: Mounting plugin UdpMessaging
LogPluginManager: Mounting plugin ActorSequence
LogPluginManager: Mounting plugin MatineeToLevelSequence
LogPluginManager: Mounting plugin OnlineSubsystemNull
LogPluginManager: Mounting plugin LauncherChunkInstaller
LogPluginManager: Mounting plugin ActorLayerUtilities
LogPluginManager: Mounting plugin AndroidPermission
LogPluginManager: Mounting plugin AppleImageUtils
LogPluginManager: Mounting plugin ArchVisCharacter
LogPluginManager: Mounting plugin AssetTags
LogPluginManager: Mounting plugin AudioCapture
LogPluginManager: Mounting plugin CableComponent
LogPluginManager: Mounting plugin ChunkDownloader
LogPluginManager: Mounting plugin CustomMeshComponent
LogPluginManager: Mounting plugin ExampleDeviceProfileSelector
LogPluginManager: Mounting plugin GooglePAD
LogPluginManager: Mounting plugin LocationServicesBPLibrary
LogPluginManager: Mounting plugin MobilePatchingUtils
LogPluginManager: Mounting plugin OculusVR
LogPluginManager: Mounting plugin OpenXREyeTracker
LogPluginManager: Mounting plugin OpenXR
LogPluginManager: Mounting plugin OpenXRHandTracking
LogPluginManager: Mounting plugin LiveLink
LogPluginManager: Mounting plugin Takes
LogPluginManager: Mounting plugin PhysXVehicles
LogPluginManager: Mounting plugin RuntimePhysXCooking
LogPluginManager: Mounting plugin SoundFields
LogPluginManager: Mounting plugin SteamVR
LogPluginManager: Mounting plugin Synthesis
LogPluginManager: Mounting plugin AudioSynesthesia
LogPluginManager: Mounting plugin WindowsMoviePlayer
LogInit: Using libcurl 7.55.1-DEV
LogInit:  - built for x86_64-pc-win32
LogInit:  - supports SSL with OpenSSL/1.1.1
LogInit:  - supports HTTP deflate (compression) using libz 1.2.8
LogInit:  - other features:
LogInit:      CURL_VERSION_SSL
LogInit:      CURL_VERSION_LIBZ
LogInit:      CURL_VERSION_IPV6
LogInit:      CURL_VERSION_ASYNCHDNS
LogInit:      CURL_VERSION_LARGEFILE
LogInit:      CURL_VERSION_IDN
LogInit:  CurlRequestOptions (configurable via config and command line):
LogInit:  - bVerifyPeer = true  - Libcurl will verify peer certificate
LogInit:  - bUseHttpProxy = false  - Libcurl will NOT use HTTP proxy
LogInit:  - bDontReuseConnections = false  - Libcurl will reuse connections
LogInit:  - MaxHostConnections = 16  - Libcurl will limit the number of connections to a host
LogInit:  - LocalHostAddr = Default
LogInit:  - BufferSize = 65536
LogOnline: OSS: Creating online subsystem instance for: NULL
LogInit: WinSock: version 1.1 (2.2), MaxSocks=32767, MaxUdp=65467
LogOnline: OSS: TryLoadSubsystemAndSetDefault: Loaded subsystem for module [NULL]
LogLuminAPIImpl: Warning: MLSDK not found.  This likely means the MLSDK environment variable is not set.
LogInit: Build: ++UE4+Release-4.27-CL-0
LogInit: Engine Version: 4.27.2-0+++UE4+Release-4.27
LogInit: Compatible Engine Version: 4.27.0-0+++UE4+Release-4.27
LogInit: Net CL: 0
LogInit: OS: Windows 10 (Release 2009) (), CPU: Intel(R) Core(TM) i5-8257U CPU @ 1.40GHz, GPU: Intel(R) Iris(R) Plus Graphics 645
LogInit: Compiled (64-bit): Aug 14 2022 20:44:59
LogInit: Compiled with Visual C++: 19.33.31629.00
LogInit: Build Configuration: Development
LogInit: Branch Name: ++UE4+Release-4.27
LogInit: Command Line:  -log
LogInit: Base Directory: C:/Users/bitch/Documents/GitHub/PVP_Chess_Game/Release/WindowsServer/PVP_Game/Binaries/Win64/
LogInit: Allocator: binned2
LogInit: Installed Engine Build: 0
LogDevObjectVersion: Number of dev versions registered: 29
LogDevObjectVersion:   Dev-Blueprints (B0D832E4-1F89-4F0D-ACCF-7EB736FD4AA2): 10
LogDevObjectVersion:   Dev-Build (E1C64328-A22C-4D53-A36C-8E866417BD8C): 0
LogDevObjectVersion:   Dev-Core (375EC13C-06E4-48FB-B500-84F0262A717E): 4
LogDevObjectVersion:   Dev-Editor (E4B068ED-F494-42E9-A231-DA0B2E46BB41): 40
LogDevObjectVersion:   Dev-Framework (CFFC743F-43B0-4480-9391-14DF171D2073): 37
LogDevObjectVersion:   Dev-Mobile (B02B49B5-BB20-44E9-A304-32B752E40360): 3
LogDevObjectVersion:   Dev-Networking (A4E4105C-59A1-49B5-A7C5-40C4547EDFEE): 0
LogDevObjectVersion:   Dev-Online (39C831C9-5AE6-47DC-9A44-9C173E1C8E7C): 0
LogDevObjectVersion:   Dev-Physics (78F01B33-EBEA-4F98-B9B4-84EACCB95AA2): 14
LogDevObjectVersion:   Dev-Platform (6631380F-2D4D-43E0-8009-CF276956A95A): 0
LogDevObjectVersion:   Dev-Rendering (12F88B9F-8875-4AFC-A67C-D90C383ABD29): 45
LogDevObjectVersion:   Dev-Sequencer (7B5AE74C-D270-4C10-A958-57980B212A5A): 13
LogDevObjectVersion:   Dev-VR (D7296918-1DD6-4BDD-9DE2-64A83CC13884): 3
LogDevObjectVersion:   Dev-LoadTimes (C2A15278-BFE7-4AFE-6C17-90FF531DF755): 1
LogDevObjectVersion:   Private-Geometry (6EACA3D4-40EC-4CC1-B786-8BED09428FC5): 3
LogDevObjectVersion:   Dev-AnimPhys (29E575DD-E0A3-4627-9D10-D276232CDCEA): 17
LogDevObjectVersion:   Dev-Anim (AF43A65D-7FD3-4947-9873-3E8ED9C1BB05): 15
LogDevObjectVersion:   Dev-ReflectionCapture (6B266CEC-1EC7-4B8F-A30B-E4D90942FC07): 1
LogDevObjectVersion:   Dev-Automation (0DF73D61-A23F-47EA-B727-89E90C41499A): 1
LogDevObjectVersion:   FortniteMain (601D1886-AC64-4F84-AA16-D3DE0DEAC7D6): 47
LogDevObjectVersion:   FortniteRelease (E7086368-6B23-4C58-8439-1B7016265E91): 1
LogDevObjectVersion:   Dev-Enterprise (9DFFBCD6-494F-0158-E221-12823C92A888): 10
LogDevObjectVersion:   Dev-Niagara (F2AED0AC-9AFE-416F-8664-AA7FFA26D6FC): 1
LogDevObjectVersion:   Dev-Destruction (174F1F0B-B4C6-45A5-B13F-2EE8D0FB917D): 10
LogDevObjectVersion:   Dev-Physics-Ext (35F94A83-E258-406C-A318-09F59610247C): 41
LogDevObjectVersion:   Dev-PhysicsMaterial-Chaos (B68FC16E-8B1B-42E2-B453-215C058844FE): 1
LogDevObjectVersion:   Dev-CineCamera (B2E18506-4273-CFC2-A54E-F4BB758BBA07): 1
LogDevObjectVersion:   Dev-VirtualProduction (64F58936-FD1B-42BA-BA96-7289D5D0FA4E): 1
LogDevObjectVersion:   Dev-MediaFramework (6F0ED827-A609-4895-9C91-998D90180EA4): 2
LogInit: Presizing for max 2097152 objects, including 1 objects not considered by GC, pre-allocating 0 bytes for permanent pool.
LogConfig: Applying CVar settings from Section [/Script/Engine.StreamingSettings] File [../../../PVP_Game/Saved/Config/WindowsServer/Engine.ini]
LogConfig: Setting CVar [[s.MinBulkDataSizeForAsyncLoading:131072]]
LogConfig: Setting CVar [[s.AsyncLoadingThreadEnabled:0]]
LogConfig: Setting CVar [[s.EventDrivenLoaderEnabled:1]]
LogConfig: Setting CVar [[s.WarnIfTimeLimitExceeded:0]]
LogConfig: Setting CVar [[s.TimeLimitExceededMultiplier:1.5]]
LogConfig: Setting CVar [[s.TimeLimitExceededMinTime:0.005]]
LogConfig: Setting CVar [[s.UseBackgroundLevelStreaming:1]]
LogConfig: Setting CVar [[s.PriorityAsyncLoadingExtraTime:15.0]]
LogConfig: Setting CVar [[s.LevelStreamingActorsUpdateTimeLimit:5.0]]
LogConfig: Setting CVar [[s.PriorityLevelStreamingActorsUpdateExtraTime:5.0]]
LogConfig: Setting CVar [[s.LevelStreamingComponentsRegistrationGranularity:10]]
LogConfig: Setting CVar [[s.UnregisterComponentsTimeLimit:1.0]]
LogConfig: Setting CVar [[s.LevelStreamingComponentsUnregistrationGranularity:5]]
LogConfig: Setting CVar [[s.FlushStreamingOnExit:1]]
LogStreaming: Display: Async Loading initialized: Event Driven Loader: true, Async Loading Thread: false, Async Post Load: false
LogInit: Object subsystem initialized
LogConfig: Setting CVar [[con.DebugEarlyDefault:1]]
LogConfig: Setting CVar [[r.setres:1280x720]]
LogConfig: Setting CVar [[fx.NiagaraAllowRuntimeScalabilityChanges:1]]
[2022.08.18-09.43.46:819][  0]LogConfig: Setting CVar [[con.DebugEarlyDefault:1]]
[2022.08.18-09.43.46:823][  0]LogConfig: Setting CVar [[r.setres:1280x720]]
[2022.08.18-09.43.46:824][  0]LogConfig: Setting CVar [[fx.NiagaraAllowRuntimeScalabilityChanges:1]]
[2022.08.18-09.43.46:826][  0]LogConfig: Applying CVar settings from Section [/Script/Engine.RendererSettings] File [../../../PVP_Game/Saved/Config/WindowsServer/Engine.ini]
[2022.08.18-09.43.46:827][  0]LogConfig: Setting CVar [[r.GPUCrashDebugging:0]]
[2022.08.18-09.43.46:829][  0]LogConfig: Applying CVar settings from Section [/Script/Engine.RendererOverrideSettings] File [../../../PVP_Game/Saved/Config/WindowsServer/Engine.ini]
[2022.08.18-09.43.46:830][  0]LogConfig: Applying CVar settings from Section [/Script/Engine.StreamingSettings] File [../../../PVP_Game/Saved/Config/WindowsServer/Engine.ini]
[2022.08.18-09.43.46:839][  0]LogConfig: Setting CVar [[s.MinBulkDataSizeForAsyncLoading:131072]]
[2022.08.18-09.43.46:843][  0]LogConfig: Setting CVar [[s.AsyncLoadingThreadEnabled:0]]
[2022.08.18-09.43.46:844][  0]LogConfig: Setting CVar [[s.EventDrivenLoaderEnabled:1]]
[2022.08.18-09.43.46:845][  0]LogConfig: Setting CVar [[s.WarnIfTimeLimitExceeded:0]]
[2022.08.18-09.43.46:847][  0]LogConfig: Setting CVar [[s.TimeLimitExceededMultiplier:1.5]]
[2022.08.18-09.43.46:851][  0]LogConfig: Setting CVar [[s.TimeLimitExceededMinTime:0.005]]
[2022.08.18-09.43.46:853][  0]LogConfig: Setting CVar [[s.UseBackgroundLevelStreaming:1]]
[2022.08.18-09.43.46:859][  0]LogConfig: Setting CVar [[s.PriorityAsyncLoadingExtraTime:15.0]]
[2022.08.18-09.43.46:865][  0]LogConfig: Setting CVar [[s.LevelStreamingActorsUpdateTimeLimit:5.0]]
[2022.08.18-09.43.46:869][  0]LogConfig: Setting CVar [[s.PriorityLevelStreamingActorsUpdateExtraTime:5.0]]
[2022.08.18-09.43.46:873][  0]LogConfig: Setting CVar [[s.LevelStreamingComponentsRegistrationGranularity:10]]
[2022.08.18-09.43.46:879][  0]LogConfig: Setting CVar [[s.UnregisterComponentsTimeLimit:1.0]]
[2022.08.18-09.43.46:883][  0]LogConfig: Setting CVar [[s.LevelStreamingComponentsUnregistrationGranularity:5]]
[2022.08.18-09.43.46:886][  0]LogConfig: Setting CVar [[s.FlushStreamingOnExit:1]]
[2022.08.18-09.43.46:889][  0]LogConfig: Applying CVar settings from Section [/Script/Engine.GarbageCollectionSettings] File [../../../PVP_Game/Saved/Config/WindowsServer/Engine.ini]
[2022.08.18-09.43.46:897][  0]LogConfig: Setting CVar [[gc.MaxObjectsNotConsideredByGC:1]]
[2022.08.18-09.43.46:899][  0]LogConfig: Setting CVar [[gc.SizeOfPermanentObjectPool:0]]
[2022.08.18-09.43.46:901][  0]LogConfig: Setting CVar [[gc.FlushStreamingOnGC:0]]
[2022.08.18-09.43.46:906][  0]LogConfig: Setting CVar [[gc.NumRetriesBeforeForcingGC:10]]
[2022.08.18-09.43.46:909][  0]LogConfig: Setting CVar [[gc.AllowParallelGC:1]]
[2022.08.18-09.43.46:910][  0]LogConfig: Setting CVar [[gc.TimeBetweenPurgingPendingKillObjects:61.1]]
[2022.08.18-09.43.46:912][  0]LogConfig: Setting CVar [[gc.MaxObjectsInEditor:25165824]]
[2022.08.18-09.43.46:914][  0]LogConfig: Setting CVar [[gc.IncrementalBeginDestroyEnabled:1]]
[2022.08.18-09.43.46:921][  0]LogConfig: Setting CVar [[gc.CreateGCClusters:1]]
[2022.08.18-09.43.46:926][  0]LogConfig: Setting CVar [[gc.MinGCClusterSize:5]]
[2022.08.18-09.43.46:929][  0]LogConfig: Setting CVar [[gc.ActorClusteringEnabled:0]]
[2022.08.18-09.43.46:934][  0]LogConfig: Setting CVar [[gc.BlueprintClusteringEnabled:0]]
[2022.08.18-09.43.46:936][  0]LogConfig: Setting CVar [[gc.UseDisregardForGCOnDedicatedServers:0]]
[2022.08.18-09.43.46:937][  0]LogConfig: Setting CVar [[gc.MultithreadedDestructionEnabled:1]]
[2022.08.18-09.43.46:938][  0]LogConfig: Applying CVar settings from Section [/Script/Engine.NetworkSettings] File [../../../PVP_Game/Saved/Config/WindowsServer/Engine.ini]
[2022.08.18-09.43.46:940][  0]LogConfig: Applying CVar settings from Section [ViewDistanceQuality@3] File [../../../PVP_Game/Saved/Config/WindowsServer/Scalability.ini]
[2022.08.18-09.43.46:942][  0]LogConfig: Setting CVar [[r.SkeletalMeshLODBias:0]]
[2022.08.18-09.43.46:944][  0]LogConfig: Setting CVar [[r.ViewDistanceScale:1.0]]
[2022.08.18-09.43.46:948][  0]LogConfig: Applying CVar settings from Section [AntiAliasingQuality@3] File [../../../PVP_Game/Saved/Config/WindowsServer/Scalability.ini]
[2022.08.18-09.43.46:951][  0]LogConfig: Setting CVar [[r.PostProcessAAQuality:4]]
[2022.08.18-09.43.46:953][  0]LogConfig: Applying CVar settings from Section [ShadowQuality@3] File [../../../PVP_Game/Saved/Config/WindowsServer/Scalability.ini]
[2022.08.18-09.43.46:953][  0]LogConfig: Setting CVar [[r.LightFunctionQuality:1]]
[2022.08.18-09.43.46:956][  0]LogConfig: Setting CVar [[r.ShadowQuality:5]]
[2022.08.18-09.43.46:957][  0]LogConfig: Setting CVar [[r.Shadow.CSM.MaxCascades:10]]
[2022.08.18-09.43.46:962][  0]LogConfig: Setting CVar [[r.Shadow.MaxResolution:2048]]
[2022.08.18-09.43.46:964][  0]LogConfig: Setting CVar [[r.Shadow.MaxCSMResolution:2048]]
[2022.08.18-09.43.46:968][  0]LogConfig: Setting CVar [[r.Shadow.RadiusThreshold:0.01]]
[2022.08.18-09.43.46:970][  0]LogConfig: Setting CVar [[r.Shadow.DistanceScale:1.0]]
[2022.08.18-09.43.46:975][  0]LogConfig: Setting CVar [[r.Shadow.CSM.TransitionScale:1.0]]
[2022.08.18-09.43.46:976][  0]LogConfig: Setting CVar [[r.Shadow.PreShadowResolutionFactor:1.0]]
[2022.08.18-09.43.46:980][  0]LogConfig: Setting CVar [[r.DistanceFieldShadowing:1]]
[2022.08.18-09.43.46:981][  0]LogConfig: Setting CVar [[r.DistanceFieldAO:1]]
[2022.08.18-09.43.46:988][  0]LogConfig: Setting CVar [[r.AOQuality:2]]
[2022.08.18-09.43.46:996][  0]LogConfig: Setting CVar [[r.VolumetricFog:1]]
[2022.08.18-09.43.46:998][  0]LogConfig: Setting CVar [[r.VolumetricFog.GridPixelSize:8]]
[2022.08.18-09.43.47:000][  0]LogConfig: Setting CVar [[r.VolumetricFog.GridSizeZ:128]]
[2022.08.18-09.43.47:001][  0]LogConfig: Setting CVar [[r.VolumetricFog.HistoryMissSupersampleCount:4]]
[2022.08.18-09.43.47:005][  0]LogConfig: Setting CVar [[r.LightMaxDrawDistanceScale:1]]
[2022.08.18-09.43.47:011][  0]LogConfig: Setting CVar [[r.CapsuleShadows:1]]
[2022.08.18-09.43.47:013][  0]LogConfig: Applying CVar settings from Section [PostProcessQuality@3] File [../../../PVP_Game/Saved/Config/WindowsServer/Scalability.ini]
[2022.08.18-09.43.47:015][  0]LogConfig: Setting CVar [[r.MotionBlurQuality:4]]
[2022.08.18-09.43.47:018][  0]LogConfig: Setting CVar [[r.AmbientOcclusionMipLevelFactor:0.4]]
[2022.08.18-09.43.47:021][  0]LogConfig: Setting CVar [[r.AmbientOcclusionMaxQuality:100]]
[2022.08.18-09.43.47:028][  0]LogConfig: Setting CVar [[r.AmbientOcclusionLevels:-1]]
[2022.08.18-09.43.47:031][  0]LogConfig: Setting CVar [[r.AmbientOcclusionRadiusScale:1.0]]
[2022.08.18-09.43.47:034][  0]LogConfig: Setting CVar [[r.DepthOfFieldQuality:2]]
[2022.08.18-09.43.47:039][  0]LogConfig: Setting CVar [[r.RenderTargetPoolMin:400]]
[2022.08.18-09.43.47:043][  0]LogConfig: Setting CVar [[r.LensFlareQuality:2]]
[2022.08.18-09.43.47:046][  0]LogConfig: Setting CVar [[r.SceneColorFringeQuality:1]]
[2022.08.18-09.43.47:056][  0]LogConfig: Setting CVar [[r.EyeAdaptationQuality:2]]
[2022.08.18-09.43.47:060][  0]LogConfig: Setting CVar [[r.BloomQuality:5]]
[2022.08.18-09.43.47:065][  0]LogConfig: Setting CVar [[r.FastBlurThreshold:100]]
[2022.08.18-09.43.47:068][  0]LogConfig: Setting CVar [[r.Upscale.Quality:3]]
[2022.08.18-09.43.47:073][  0]LogConfig: Setting CVar [[r.Tonemapper.GrainQuantization:1]]
[2022.08.18-09.43.47:078][  0]LogConfig: Setting CVar [[r.LightShaftQuality:1]]
[2022.08.18-09.43.47:084][  0]LogConfig: Setting CVar [[r.Filter.SizeScale:1]]
[2022.08.18-09.43.47:088][  0]LogConfig: Setting CVar [[r.Tonemapper.Quality:5]]
[2022.08.18-09.43.47:091][  0]LogConfig: Setting CVar [[r.DOF.Gather.AccumulatorQuality:1        ; higher gathering accumulator quality]]
[2022.08.18-09.43.47:095][  0]LogConfig: Setting CVar [[r.DOF.Gather.PostfilterMethod:1          ; Median3x3 postfilering method]]
[2022.08.18-09.43.47:102][  0]LogConfig: Setting CVar [[r.DOF.Gather.EnableBokehSettings:0       ; no bokeh simulation when gathering]]
[2022.08.18-09.43.47:112][  0]LogConfig: Setting CVar [[r.DOF.Gather.RingCount:4                 ; medium number of samples when gathering]]
[2022.08.18-09.43.47:119][  0]LogConfig: Setting CVar [[r.DOF.Scatter.ForegroundCompositing:1    ; additive foreground scattering]]
[2022.08.18-09.43.47:124][  0]LogConfig: Setting CVar [[r.DOF.Scatter.BackgroundCompositing:2    ; additive background scattering]]
[2022.08.18-09.43.47:129][  0]LogConfig: Setting CVar [[r.DOF.Scatter.EnableBokehSettings:1      ; bokeh simulation when scattering]]
[2022.08.18-09.43.47:132][  0]LogConfig: Setting CVar [[r.DOF.Scatter.MaxSpriteRatio:0.1         ; only a maximum of 10% of scattered bokeh]]
[2022.08.18-09.43.47:136][  0]LogConfig: Setting CVar [[r.DOF.Recombine.Quality:1                ; cheap slight out of focus]]
[2022.08.18-09.43.47:140][  0]LogConfig: Setting CVar [[r.DOF.Recombine.EnableBokehSettings:0    ; no bokeh simulation on slight out of focus]]
[2022.08.18-09.43.47:146][  0]LogConfig: Setting CVar [[r.DOF.TemporalAAQuality:1                ; more stable temporal accumulation]]
[2022.08.18-09.43.47:150][  0]LogConfig: Setting CVar [[r.DOF.Kernel.MaxForegroundRadius:0.025]]
[2022.08.18-09.43.47:153][  0]LogConfig: Setting CVar [[r.DOF.Kernel.MaxBackgroundRadius:0.025]]
[2022.08.18-09.43.47:161][  0]LogConfig: Applying CVar settings from Section [TextureQuality@3] File [../../../PVP_Game/Saved/Config/WindowsServer/Scalability.ini]
[2022.08.18-09.43.47:164][  0]LogConfig: Setting CVar [[r.Streaming.MipBias:0]]
[2022.08.18-09.43.47:169][  0]LogConfig: Setting CVar [[r.Streaming.AmortizeCPUToGPUCopy:0]]
[2022.08.18-09.43.47:182][  0]LogConfig: Setting CVar [[r.Streaming.MaxNumTexturesToStreamPerFrame:0]]
[2022.08.18-09.43.47:186][  0]LogConfig: Setting CVar [[r.Streaming.Boost:1]]
[2022.08.18-09.43.47:190][  0]LogConfig: Setting CVar [[r.MaxAnisotropy:8]]
[2022.08.18-09.43.47:192][  0]LogConfig: Setting CVar [[r.VT.MaxAnisotropy:8]]
[2022.08.18-09.43.47:196][  0]LogConfig: Setting CVar [[r.Streaming.LimitPoolSizeToVRAM:0]]
[2022.08.18-09.43.47:205][  0]LogConfig: Setting CVar [[r.Streaming.PoolSize:1000]]
[2022.08.18-09.43.47:207][  0]LogConfig: Setting CVar [[r.Streaming.MaxEffectiveScreenSize:0]]
[2022.08.18-09.43.47:210][  0]LogConfig: Applying CVar settings from Section [EffectsQuality@3] File [../../../PVP_Game/Saved/Config/WindowsServer/Scalability.ini]
[2022.08.18-09.43.47:215][  0]LogConfig: Setting CVar [[r.TranslucencyLightingVolumeDim:64]]
[2022.08.18-09.43.47:216][  0]LogConfig: Setting CVar [[r.RefractionQuality:2]]
[2022.08.18-09.43.47:220][  0]LogConfig: Setting CVar [[r.SSR.Quality:3]]
[2022.08.18-09.43.47:225][  0]LogConfig: Setting CVar [[r.SSR.HalfResSceneColor:0]]
[2022.08.18-09.43.47:233][  0]LogConfig: Setting CVar [[r.SceneColorFormat:4]]
[2022.08.18-09.43.47:247][  0]LogConfig: Setting CVar [[r.DetailMode:2]]
[2022.08.18-09.43.47:251][  0]LogConfig: Setting CVar [[r.TranslucencyVolumeBlur:1]]
[2022.08.18-09.43.47:255][  0]LogConfig: Setting CVar [[r.MaterialQualityLevel:1 ; High quality]]
[2022.08.18-09.43.47:258][  0]LogConfig: Setting CVar [[r.AnisotropicMaterials:1]]
[2022.08.18-09.43.47:265][  0]LogConfig: Setting CVar [[r.SSS.Scale:1]]
[2022.08.18-09.43.47:266][  0]LogConfig: Setting CVar [[r.SSS.SampleSet:2]]
[2022.08.18-09.43.47:269][  0]LogConfig: Setting CVar [[r.SSS.Quality:1]]
[2022.08.18-09.43.47:272][  0]LogConfig: Setting CVar [[r.SSS.HalfRes:0]]
[2022.08.18-09.43.47:278][  0]LogConfig: Setting CVar [[r.SSGI.Quality:3]]
[2022.08.18-09.43.47:281][  0]LogConfig: Setting CVar [[r.EmitterSpawnRateScale:1.0]]
[2022.08.18-09.43.47:283][  0]LogConfig: Setting CVar [[r.ParticleLightQuality:2]]
[2022.08.18-09.43.47:285][  0]LogConfig: Setting CVar [[r.SkyAtmosphere.AerialPerspectiveLUT.FastApplyOnOpaque:1 ; Always have FastSkyLUT 1 in this case to avoid wrong sky]]
[2022.08.18-09.43.47:288][  0]LogConfig: Setting CVar [[r.SkyAtmosphere.AerialPerspectiveLUT.SampleCountMaxPerSlice:4]]
[2022.08.18-09.43.47:291][  0]LogConfig: Setting CVar [[r.SkyAtmosphere.AerialPerspectiveLUT.DepthResolution:16.0]]
[2022.08.18-09.43.47:295][  0]LogConfig: Setting CVar [[r.SkyAtmosphere.FastSkyLUT:1]]
[2022.08.18-09.43.47:297][  0]LogConfig: Setting CVar [[r.SkyAtmosphere.FastSkyLUT.SampleCountMin:4.0]]
[2022.08.18-09.43.47:302][  0]LogConfig: Setting CVar [[r.SkyAtmosphere.FastSkyLUT.SampleCountMax:128.0]]
[2022.08.18-09.43.47:303][  0]LogConfig: Setting CVar [[r.SkyAtmosphere.SampleCountMin:4.0]]
[2022.08.18-09.43.47:304][  0]LogConfig: Setting CVar [[r.SkyAtmosphere.SampleCountMax:128.0]]
[2022.08.18-09.43.47:306][  0]LogConfig: Setting CVar [[r.SkyAtmosphere.TransmittanceLUT.UseSmallFormat:0]]
[2022.08.18-09.43.47:307][  0]LogConfig: Setting CVar [[r.SkyAtmosphere.TransmittanceLUT.SampleCount:10.0]]
[2022.08.18-09.43.47:308][  0]LogConfig: Setting CVar [[r.SkyAtmosphere.MultiScatteringLUT.SampleCount:15.0]]
[2022.08.18-09.43.47:310][  0]LogConfig: Setting CVar [[r.SkyLight.RealTimeReflectionCapture:1]]
[2022.08.18-09.43.47:315][  0]LogConfig: Setting CVar [[fx.Niagara.QualityLevel:3]]
[2022.08.18-09.43.47:316][  0]LogConfig: Applying CVar settings from Section [FoliageQuality@3] File [../../../PVP_Game/Saved/Config/WindowsServer/Scalability.ini]
[2022.08.18-09.43.47:318][  0]LogConfig: Setting CVar [[foliage.DensityScale:1.0]]
[2022.08.18-09.43.47:319][  0]LogConfig: Setting CVar [[grass.DensityScale:1.0]]
[2022.08.18-09.43.47:320][  0]LogConfig: Applying CVar settings from Section [ShadingQuality@3] File [../../../PVP_Game/Saved/Config/WindowsServer/Scalability.ini]
[2022.08.18-09.43.47:322][  0]LogConfig: Setting CVar [[r.HairStrands.SkyLighting.IntegrationType:2]]
[2022.08.18-09.43.47:327][  0]LogConfig: Setting CVar [[r.HairStrands.SkyAO.SampleCount:4]]
[2022.08.18-09.43.47:329][  0]LogConfig: Setting CVar [[r.HairStrands.Visibility.MSAA.SamplePerPixel:4]]
[2022.08.18-09.43.47:329][  0]LogInit: Selected Device Profile: [WindowsServer]
[2022.08.18-09.43.47:331][  0]LogInit: Applying CVar settings loaded from the selected device profile: [WindowsServer]
[2022.08.18-09.43.47:332][  0]LogHAL: Display: Platform has ~ 8 GB [8428630016 / 8589934592 / 8], which maps to Default [LargestMinGB=32, LargerMinGB=12, DefaultMinGB=8, SmallerMinGB=6, SmallestMinGB=0)
[2022.08.18-09.43.47:334][  0]LogInit: Going up to parent DeviceProfile [Windows]
[2022.08.18-09.43.47:336][  0]LogInit: Going up to parent DeviceProfile []
[2022.08.18-09.43.47:342][  0]LogConfig: Applying CVar settings from Section [ViewDistanceQuality@3] File [../../../PVP_Game/Saved/Config/WindowsServer/Scalability.ini]
[2022.08.18-09.43.47:343][  0]LogConfig: Setting CVar [[r.SkeletalMeshLODBias:0]]
[2022.08.18-09.43.47:346][  0]LogConfig: Setting CVar [[r.ViewDistanceScale:1.0]]
[2022.08.18-09.43.47:347][  0]LogConfig: Applying CVar settings from Section [AntiAliasingQuality@3] File [../../../PVP_Game/Saved/Config/WindowsServer/Scalability.ini]
[2022.08.18-09.43.47:350][  0]LogConfig: Setting CVar [[r.PostProcessAAQuality:4]]
[2022.08.18-09.43.47:356][  0]LogConfig: Applying CVar settings from Section [ShadowQuality@3] File [../../../PVP_Game/Saved/Config/WindowsServer/Scalability.ini]
[2022.08.18-09.43.47:360][  0]LogConfig: Setting CVar [[r.LightFunctionQuality:1]]
[2022.08.18-09.43.47:363][  0]LogConfig: Setting CVar [[r.ShadowQuality:5]]
[2022.08.18-09.43.47:366][  0]LogConfig: Setting CVar [[r.Shadow.CSM.MaxCascades:10]]
[2022.08.18-09.43.47:371][  0]LogConfig: Setting CVar [[r.Shadow.MaxResolution:2048]]
[2022.08.18-09.43.47:378][  0]LogConfig: Setting CVar [[r.Shadow.MaxCSMResolution:2048]]
[2022.08.18-09.43.47:381][  0]LogConfig: Setting CVar [[r.Shadow.RadiusThreshold:0.01]]
[2022.08.18-09.43.47:384][  0]LogConfig: Setting CVar [[r.Shadow.DistanceScale:1.0]]
[2022.08.18-09.43.47:386][  0]LogConfig: Setting CVar [[r.Shadow.CSM.TransitionScale:1.0]]
[2022.08.18-09.43.47:389][  0]LogConfig: Setting CVar [[r.Shadow.PreShadowResolutionFactor:1.0]]
[2022.08.18-09.43.47:392][  0]LogConfig: Setting CVar [[r.DistanceFieldShadowing:1]]
[2022.08.18-09.43.47:396][  0]LogConfig: Setting CVar [[r.DistanceFieldAO:1]]
[2022.08.18-09.43.47:397][  0]LogConfig: Setting CVar [[r.AOQuality:2]]
[2022.08.18-09.43.47:401][  0]LogConfig: Setting CVar [[r.VolumetricFog:1]]
[2022.08.18-09.43.47:405][  0]LogConfig: Setting CVar [[r.VolumetricFog.GridPixelSize:8]]
[2022.08.18-09.43.47:411][  0]LogConfig: Setting CVar [[r.VolumetricFog.GridSizeZ:128]]
[2022.08.18-09.43.47:415][  0]LogConfig: Setting CVar [[r.VolumetricFog.HistoryMissSupersampleCount:4]]
[2022.08.18-09.43.47:417][  0]LogConfig: Setting CVar [[r.LightMaxDrawDistanceScale:1]]
[2022.08.18-09.43.47:423][  0]LogConfig: Setting CVar [[r.CapsuleShadows:1]]
[2022.08.18-09.43.47:426][  0]LogConfig: Applying CVar settings from Section [PostProcessQuality@3] File [../../../PVP_Game/Saved/Config/WindowsServer/Scalability.ini]
[2022.08.18-09.43.47:430][  0]LogConfig: Setting CVar [[r.MotionBlurQuality:4]]
[2022.08.18-09.43.47:433][  0]LogConfig: Setting CVar [[r.AmbientOcclusionMipLevelFactor:0.4]]
[2022.08.18-09.43.47:440][  0]LogConfig: Setting CVar [[r.AmbientOcclusionMaxQuality:100]]
[2022.08.18-09.43.47:442][  0]LogConfig: Setting CVar [[r.AmbientOcclusionLevels:-1]]
[2022.08.18-09.43.47:447][  0]LogConfig: Setting CVar [[r.AmbientOcclusionRadiusScale:1.0]]
[2022.08.18-09.43.47:452][  0]LogConfig: Setting CVar [[r.DepthOfFieldQuality:2]]
[2022.08.18-09.43.47:460][  0]LogConfig: Setting CVar [[r.RenderTargetPoolMin:400]]
[2022.08.18-09.43.47:462][  0]LogConfig: Setting CVar [[r.LensFlareQuality:2]]
[2022.08.18-09.43.47:464][  0]LogConfig: Setting CVar [[r.SceneColorFringeQuality:1]]
[2022.08.18-09.43.47:466][  0]LogConfig: Setting CVar [[r.EyeAdaptationQuality:2]]
[2022.08.18-09.43.47:470][  0]LogConfig: Setting CVar [[r.BloomQuality:5]]
[2022.08.18-09.43.47:473][  0]LogConfig: Setting CVar [[r.FastBlurThreshold:100]]
[2022.08.18-09.43.47:476][  0]LogConfig: Setting CVar [[r.Upscale.Quality:3]]
[2022.08.18-09.43.47:477][  0]LogConfig: Setting CVar [[r.Tonemapper.GrainQuantization:1]]
[2022.08.18-09.43.47:480][  0]LogConfig: Setting CVar [[r.LightShaftQuality:1]]
[2022.08.18-09.43.47:482][  0]LogConfig: Setting CVar [[r.Filter.SizeScale:1]]
[2022.08.18-09.43.47:484][  0]LogConfig: Setting CVar [[r.Tonemapper.Quality:5]]
[2022.08.18-09.43.47:488][  0]LogConfig: Setting CVar [[r.DOF.Gather.AccumulatorQuality:1        ; higher gathering accumulator quality]]
[2022.08.18-09.43.47:489][  0]LogConfig: Setting CVar [[r.DOF.Gather.PostfilterMethod:1          ; Median3x3 postfilering method]]
[2022.08.18-09.43.47:495][  0]LogConfig: Setting CVar [[r.DOF.Gather.EnableBokehSettings:0       ; no bokeh simulation when gathering]]
[2022.08.18-09.43.47:498][  0]LogConfig: Setting CVar [[r.DOF.Gather.RingCount:4                 ; medium number of samples when gathering]]
[2022.08.18-09.43.47:500][  0]LogConfig: Setting CVar [[r.DOF.Scatter.ForegroundCompositing:1    ; additive foreground scattering]]
[2022.08.18-09.43.47:502][  0]LogConfig: Setting CVar [[r.DOF.Scatter.BackgroundCompositing:2    ; additive background scattering]]
[2022.08.18-09.43.47:505][  0]LogConfig: Setting CVar [[r.DOF.Scatter.EnableBokehSettings:1      ; bokeh simulation when scattering]]
[2022.08.18-09.43.47:507][  0]LogConfig: Setting CVar [[r.DOF.Scatter.MaxSpriteRatio:0.1         ; only a maximum of 10% of scattered bokeh]]
[2022.08.18-09.43.47:508][  0]LogConfig: Setting CVar [[r.DOF.Recombine.Quality:1                ; cheap slight out of focus]]
[2022.08.18-09.43.47:510][  0]LogConfig: Setting CVar [[r.DOF.Recombine.EnableBokehSettings:0    ; no bokeh simulation on slight out of focus]]
[2022.08.18-09.43.47:510][  0]LogConfig: Setting CVar [[r.DOF.TemporalAAQuality:1                ; more stable temporal accumulation]]
[2022.08.18-09.43.47:512][  0]LogConfig: Setting CVar [[r.DOF.Kernel.MaxForegroundRadius:0.025]]
[2022.08.18-09.43.47:517][  0]LogConfig: Setting CVar [[r.DOF.Kernel.MaxBackgroundRadius:0.025]]
[2022.08.18-09.43.47:518][  0]LogConfig: Applying CVar settings from Section [TextureQuality@3] File [../../../PVP_Game/Saved/Config/WindowsServer/Scalability.ini]
[2022.08.18-09.43.47:519][  0]LogConfig: Setting CVar [[r.Streaming.MipBias:0]]
[2022.08.18-09.43.47:522][  0]LogConfig: Setting CVar [[r.Streaming.AmortizeCPUToGPUCopy:0]]
[2022.08.18-09.43.47:523][  0]LogConfig: Setting CVar [[r.Streaming.MaxNumTexturesToStreamPerFrame:0]]
[2022.08.18-09.43.47:524][  0]LogConfig: Setting CVar [[r.Streaming.Boost:1]]
[2022.08.18-09.43.47:528][  0]LogConfig: Setting CVar [[r.MaxAnisotropy:8]]
[2022.08.18-09.43.47:529][  0]LogConfig: Setting CVar [[r.VT.MaxAnisotropy:8]]
[2022.08.18-09.43.47:530][  0]LogConfig: Setting CVar [[r.Streaming.LimitPoolSizeToVRAM:0]]
[2022.08.18-09.43.47:532][  0]LogConfig: Setting CVar [[r.Streaming.PoolSize:1000]]
[2022.08.18-09.43.47:533][  0]LogConfig: Setting CVar [[r.Streaming.MaxEffectiveScreenSize:0]]
[2022.08.18-09.43.47:534][  0]LogConfig: Applying CVar settings from Section [EffectsQuality@3] File [../../../PVP_Game/Saved/Config/WindowsServer/Scalability.ini]
[2022.08.18-09.43.47:536][  0]LogConfig: Setting CVar [[r.TranslucencyLightingVolumeDim:64]]
[2022.08.18-09.43.47:540][  0]LogConfig: Setting CVar [[r.RefractionQuality:2]]
[2022.08.18-09.43.47:541][  0]LogConfig: Setting CVar [[r.SSR.Quality:3]]
[2022.08.18-09.43.47:542][  0]LogConfig: Setting CVar [[r.SSR.HalfResSceneColor:0]]
[2022.08.18-09.43.47:543][  0]LogConfig: Setting CVar [[r.SceneColorFormat:4]]
[2022.08.18-09.43.47:545][  0]LogConfig: Setting CVar [[r.DetailMode:2]]
[2022.08.18-09.43.47:546][  0]LogConfig: Setting CVar [[r.TranslucencyVolumeBlur:1]]
[2022.08.18-09.43.47:547][  0]LogConfig: Setting CVar [[r.MaterialQualityLevel:1 ; High quality]]
[2022.08.18-09.43.47:549][  0]LogConfig: Setting CVar [[r.AnisotropicMaterials:1]]
[2022.08.18-09.43.47:553][  0]LogConfig: Setting CVar [[r.SSS.Scale:1]]
[2022.08.18-09.43.47:555][  0]LogConfig: Setting CVar [[r.SSS.SampleSet:2]]
[2022.08.18-09.43.47:557][  0]LogConfig: Setting CVar [[r.SSS.Quality:1]]
[2022.08.18-09.43.47:558][  0]LogConfig: Setting CVar [[r.SSS.HalfRes:0]]
[2022.08.18-09.43.47:559][  0]LogConfig: Setting CVar [[r.SSGI.Quality:3]]
[2022.08.18-09.43.47:560][  0]LogConfig: Setting CVar [[r.EmitterSpawnRateScale:1.0]]
[2022.08.18-09.43.47:561][  0]LogConfig: Setting CVar [[r.ParticleLightQuality:2]]
[2022.08.18-09.43.47:565][  0]LogConfig: Setting CVar [[r.SkyAtmosphere.AerialPerspectiveLUT.FastApplyOnOpaque:1 ; Always have FastSkyLUT 1 in this case to avoid wrong sky]]
[2022.08.18-09.43.47:566][  0]LogConfig: Setting CVar [[r.SkyAtmosphere.AerialPerspectiveLUT.SampleCountMaxPerSlice:4]]
[2022.08.18-09.43.47:567][  0]LogConfig: Setting CVar [[r.SkyAtmosphere.AerialPerspectiveLUT.DepthResolution:16.0]]
[2022.08.18-09.43.47:568][  0]LogConfig: Setting CVar [[r.SkyAtmosphere.FastSkyLUT:1]]
[2022.08.18-09.43.47:571][  0]LogConfig: Setting CVar [[r.SkyAtmosphere.FastSkyLUT.SampleCountMin:4.0]]
[2022.08.18-09.43.47:572][  0]LogConfig: Setting CVar [[r.SkyAtmosphere.FastSkyLUT.SampleCountMax:128.0]]
[2022.08.18-09.43.47:576][  0]LogConfig: Setting CVar [[r.SkyAtmosphere.SampleCountMin:4.0]]
[2022.08.18-09.43.47:578][  0]LogConfig: Setting CVar [[r.SkyAtmosphere.SampleCountMax:128.0]]
[2022.08.18-09.43.47:579][  0]LogConfig: Setting CVar [[r.SkyAtmosphere.TransmittanceLUT.UseSmallFormat:0]]
[2022.08.18-09.43.47:580][  0]LogConfig: Setting CVar [[r.SkyAtmosphere.TransmittanceLUT.SampleCount:10.0]]
[2022.08.18-09.43.47:581][  0]LogConfig: Setting CVar [[r.SkyAtmosphere.MultiScatteringLUT.SampleCount:15.0]]
[2022.08.18-09.43.47:583][  0]LogConfig: Setting CVar [[r.SkyLight.RealTimeReflectionCapture:1]]
[2022.08.18-09.43.47:584][  0]LogConfig: Setting CVar [[fx.Niagara.QualityLevel:3]]
[2022.08.18-09.43.47:588][  0]LogConfig: Applying CVar settings from Section [FoliageQuality@3] File [../../../PVP_Game/Saved/Config/WindowsServer/Scalability.ini]
[2022.08.18-09.43.47:590][  0]LogConfig: Setting CVar [[foliage.DensityScale:1.0]]
[2022.08.18-09.43.47:592][  0]LogConfig: Setting CVar [[grass.DensityScale:1.0]]
[2022.08.18-09.43.47:595][  0]LogConfig: Applying CVar settings from Section [ShadingQuality@3] File [../../../PVP_Game/Saved/Config/WindowsServer/Scalability.ini]
[2022.08.18-09.43.47:597][  0]LogConfig: Setting CVar [[r.HairStrands.SkyLighting.IntegrationType:2]]
[2022.08.18-09.43.47:602][  0]LogConfig: Setting CVar [[r.HairStrands.SkyAO.SampleCount:4]]
[2022.08.18-09.43.47:605][  0]LogConfig: Setting CVar [[r.HairStrands.Visibility.MSAA.SamplePerPixel:4]]
[2022.08.18-09.43.47:606][  0]LogConfig: Applying CVar settings from Section [Startup] File [../../../Engine/Config/ConsoleVariables.ini]
[2022.08.18-09.43.47:607][  0]LogConfig: Setting CVar [[net.UseAdaptiveNetUpdateFrequency:0]]
[2022.08.18-09.43.47:609][  0]LogConfig: Setting CVar [[p.chaos.AllowCreatePhysxBodies:1]]
[2022.08.18-09.43.47:613][  0]LogConfig: Setting CVar [[fx.SkipVectorVMBackendOptimizations:1]]
[2022.08.18-09.43.47:614][  0]LogConfig: Applying CVar settings from Section [ConsoleVariables] File [../../../PVP_Game/Saved/Config/WindowsServer/Engine.ini]
[2022.08.18-09.43.47:615][  0]LogInit: Computer: DESKTOP-PTH63E6
[2022.08.18-09.43.47:617][  0]LogInit: User: bitch
[2022.08.18-09.43.47:618][  0]LogInit: CPU Page size=4096, Cores=4
[2022.08.18-09.43.47:619][  0]LogInit: High frequency timer resolution =10.000000 MHz
[2022.08.18-09.43.47:621][  0]LogMemory: Memory total: Physical=7.8GB (8GB approx)
[2022.08.18-09.43.47:626][  0]LogMemory: Platform Memory Stats for WindowsServer
[2022.08.18-09.43.47:628][  0]LogMemory: Process Physical Memory: 76.13 MB used, 76.14 MB peak
[2022.08.18-09.43.47:629][  0]LogMemory: Process Virtual Memory: 76.14 MB used, 76.14 MB peak
[2022.08.18-09.43.47:630][  0]LogMemory: Physical Memory: 6394.62 MB used,  1643.55 MB free, 8038.17 MB total
[2022.08.18-09.43.47:632][  0]LogMemory: Virtual Memory: 134214168.00 MB used,  3556.70 MB free, 134217728.00 MB total
[2022.08.18-09.43.47:652][  0]LogWindows: WindowsPlatformFeatures disabled or dedicated server build
[2022.08.18-09.43.47:682][  0]LogInit: Physics initialised using underlying interface: PhysX
[2022.08.18-09.43.47:682][  0]LogInit: Using OS detected language (en-US).
[2022.08.18-09.43.47:684][  0]LogInit: Using OS detected locale (en-US).
[2022.08.18-09.43.47:687][  0]LogTextLocalizationManager: No specific localization for 'en-US' exists, so the 'en' localization will be used.
[2022.08.18-09.43.47:758][  0]LogRendererCore: Ray tracing is disabled. Reason: r.RayTracing=0.
[2022.08.18-09.43.47:759][  0]LogODSC: ODSC Thread active.
[2022.08.18-09.43.47:778][  0]LogInit: Using OS detected language (en-US).
[2022.08.18-09.43.47:778][  0]LogInit: Using OS detected locale (en-US).
[2022.08.18-09.43.47:783][  0]LogTextLocalizationManager: No localization for 'en-US' exists, so 'en' will be used for the language.
[2022.08.18-09.43.47:786][  0]LogTextLocalizationManager: No localization for 'en-US' exists, so 'en' will be used for the locale.
[2022.08.18-09.43.47:789][  0]LogTextLocalizationManager: Compacting localization data took   1.87ms
[2022.08.18-09.43.47:790][  0]LogAssetRegistry: FAssetRegistry took 0.0022 seconds to start up
[2022.08.18-09.43.48:010][  0]LogStreaming: Display: FlushAsyncLoading: 1 QueuedPackages, 0 AsyncPackages
[2022.08.18-09.43.48:012][  0]LogPackageLocalizationCache: Processed 26 localized package path(s) for 1 prioritized culture(s) in 0.000113 seconds
[2022.08.18-09.43.48:017][  0]LogPakFile: New pak file ../../../PVP_Game/Content/Paks/PVP_Game-WindowsServer.pak added to pak precacher.
[2022.08.18-09.43.48:022][  0]LogInit: Selected Device Profile: [WindowsServer]
[2022.08.18-09.43.48:023][  0]LogInit: Active device profile: [00000281AB500580][00000281A97D4930 49] WindowsServer
[2022.08.18-09.43.48:024][  0]LogInit: Profiles: [00000281AB500700][00000281A6CA24A0 49] Windows, [00000281AB500580][00000281A97D4930 49] WindowsServer, 
[2022.08.18-09.43.48:045][  0]LogSerialization: Display: AllowBulkDataInIoStore: 'true'
[2022.08.18-09.43.48:060][  0]LogNetVersion: PVP_Game 1.0.0, NetCL: 0, EngineNetVer: 17, GameNetVer: 0 (Checksum: 2832247850)
[2022.08.18-09.43.48:105][  0]LogAudioCaptureCore: Display: No Audio Capture implementations found. Audio input will be silent.
[2022.08.18-09.43.48:105][  0]LogAudioCaptureCore: Display: No Audio Capture implementations found. Audio input will be silent.
[2022.08.18-09.43.48:108][  0]LogHMD: PokeAHoleMaterial loaded successfully
[2022.08.18-09.43.48:151][  0]LogUObjectArray: 19546 objects as part of root set at end of initial load.
[2022.08.18-09.43.48:153][  0]LogUObjectAllocator: 3988680 out of 0 bytes used by permanent object pool.
[2022.08.18-09.43.48:154][  0]LogUObjectArray: CloseDisregardForGC: 19546/0 objects in disregard for GC pool
[2022.08.18-09.43.48:160][  0]LogSteamShared: Display: Loading Steam SDK 1.51
[2022.08.18-09.43.48:162][  0]LogSteamShared: Steam SDK Loaded!
[2022.08.18-09.43.48:163][  0]LogNiagaraDebuggerClient: Niagara Debugger Client Initialized | Session: 099795D44C733B470B441585C71C6910 | Instance: C2944AB14E254E9A44BF128392156A9D (DESKTOP-PTH63E6-6556).
[2022.08.18-09.43.48:166][  0]LogAndroidPermission: UAndroidPermissionCallbackProxy::GetInstance
[2022.08.18-09.43.48:167][  0]LogOcInput: OculusInput pre-init called
[2022.08.18-09.43.48:169][  0]LogEngine: Initializing Engine...
[2022.08.18-09.43.48:171][  0]LogStats: UGameplayTagsManager::InitializeManager -  0.001 s
[2022.08.18-09.43.48:198][  0]LogInit: Initializing FReadOnlyCVARCache
[2022.08.18-09.43.48:198][  0]LogNetVersion: Set ProjectVersion to 1.0.0.0. Version Checksum will be recalculated on next use.
[2022.08.18-09.43.48:199][  0]LogInit: Texture streaming: Disabled
[2022.08.18-09.43.48:252][  0]LogInit: Display: Game Engine Initialized.
[2022.08.18-09.43.48:254][  0]LogInit: Display: Starting Game.
[2022.08.18-09.43.48:255][  0]LogNet: Browse: /Game/Maps/Match?Name=Player
[2022.08.18-09.43.48:256][  0]LogLoad: LoadMap: /Game/Maps/Match?Name=Player
[2022.08.18-09.43.48:258][  0]LogWorld: BeginTearingDown for /Temp/Untitled_0
[2022.08.18-09.43.48:275][  0]LogWorld: UWorld::CleanupWorld for Untitled, bSessionEnded=true, bCleanupResources=true
[2022.08.18-09.43.48:281][  0]LogUObjectHash: Compacting FUObjectHashTables data took   3.11ms
[2022.08.18-09.43.48:386][  0]LogAIModule: Creating AISystem for world Match
[2022.08.18-09.43.48:390][  0]LogLoad: Game class is 'BPGM_TurnBasedGameMode_C'
[2022.08.18-09.43.48:394][  0]LogNet: ReplicationDriverClass is null! Not using ReplicationDriver.
[2022.08.18-09.43.48:395][  0]LogNetCore: DDoS detection status: detection enabled: 0 analytics enabled: 0
[2022.08.18-09.43.48:398][  0]LogInit: WinSock: Socket queue. Rx: 131072 (config 131072) Tx: 131072 (config 131072)
[2022.08.18-09.43.48:403][  0]LogNet: Created socket for bind address: 0.0.0.0 on port 7777
[2022.08.18-09.43.48:405][  0]PacketHandlerLog: Loaded PacketHandler component: Engine.EngineHandlerComponentFactory (StatelessConnectHandlerComponent)
[2022.08.18-09.43.48:407][  0]LogNet: GameNetDriver IpNetDriver_2147482567 IpNetDriver listening on port 7777
[2022.08.18-09.43.48:419][  0]LogWorld: Bringing World /Game/Maps/Match.Match up for play (max tick rate 30) at 2022.08.18-02.43.48
[2022.08.18-09.43.48:421][  0]LogWorld: Bringing up level for play took: 0.004236
[2022.08.18-09.43.48:423][  0]LogGameMode: Display: Match State Changed from EnteringMap to WaitingToStart
[2022.08.18-09.43.48:428][  0]LogGameState: Match State Changed from EnteringMap to WaitingToStart
[2022.08.18-09.43.48:430][  0]LogLoad: Took 0.173596 seconds to LoadMap(/Game/Maps/Match)
[2022.08.18-09.43.48:432][  0]LogPakFile: AllPaks IndexSizes: DirectoryHashSize=222412, PathHashSize=16, EntriesSize=32752, TotalSize=255180
[2022.08.18-09.43.48:433][  0]LogInit: Display: Engine is initialized. Leaving FEngineLoop::Init()
[2022.08.18-09.43.48:435][  0]LogLoad: (Engine Initialization) Total time: 9.18 seconds
[2022.08.18-09.45.02:004][193]LogNet: NotifyAcceptingConnection accepted from: 192.168.86.1:64935
[2022.08.18-09.46.09:711][193]LogHandshake: SendConnectChallenge. Timestamp: 73.561847, Cookie: 219042245010101066214170110199208128018034189003122036166122
[2022.08.18-09.46.09:715][193]LogNet: NotifyAcceptingConnection accepted from: 192.168.86.1:64935
[2022.08.18-09.46.09:715][193]LogHandshake: SendConnectChallenge. Timestamp: 73.561847, Cookie: 219042245010101066214170110199208128018034189003122036166122
[2022.08.18-09.46.09:716][193]LogNet: NotifyAcceptingConnection accepted from: 192.168.86.1:64935
[2022.08.18-09.46.09:716][193]LogHandshake: SendConnectChallenge. Timestamp: 73.561847, Cookie: 219042245010101066214170110199208128018034189003122036166122
[2022.08.18-09.46.09:716][193]LogNet: NotifyAcceptingConnection accepted from: 192.168.86.1:64935
[2022.08.18-09.46.09:716][193]LogHandshake: SendConnectChallenge. Timestamp: 73.561847, Cookie: 219042245010101066214170110199208128018034189003122036166122
[2022.08.18-09.46.09:717][193]LogNet: NotifyAcceptingConnection accepted from: 192.168.86.1:64935
[2022.08.18-09.46.09:717][193]LogHandshake: SendConnectChallenge. Timestamp: 73.561847, Cookie: 219042245010101066214170110199208128018034189003122036166122
[2022.08.18-09.46.09:718][193]LogNet: NotifyAcceptingConnection accepted from: 192.168.86.1:64935
[2022.08.18-09.46.09:719][193]LogHandshake: SendConnectChallenge. Timestamp: 73.561847, Cookie: 219042245010101066214170110199208128018034189003122036166122
[2022.08.18-09.46.09:720][193]LogNet: NotifyAcceptingConnection accepted from: 192.168.86.1:64936
[2022.08.18-09.46.09:721][193]LogHandshake: SendConnectChallenge. Timestamp: 73.561847, Cookie: 196195030006127248210101073038097082161228091215017098168211
[2022.08.18-09.46.09:722][193]LogNet: NotifyAcceptingConnection accepted from: 192.168.86.1:64935
[2022.08.18-09.46.09:723][193]LogHandshake: SendConnectChallenge. Timestamp: 73.561847, Cookie: 219042245010101066214170110199208128018034189003122036166122
[2022.08.18-09.46.09:728][193]LogNet: NotifyAcceptingConnection accepted from: 192.168.86.1:64936
[2022.08.18-09.46.09:740][193]LogHandshake: SendConnectChallenge. Timestamp: 73.561847, Cookie: 196195030006127248210101073038097082161228091215017098168211
[2022.08.18-09.46.09:742][193]LogNet: NotifyAcceptingConnection accepted from: 192.168.86.1:64935
[2022.08.18-09.46.09:743][193]LogHandshake: SendConnectChallenge. Timestamp: 73.561847, Cookie: 219042245010101066214170110199208128018034189003122036166122
[2022.08.18-09.46.09:745][193]LogNet: NotifyAcceptingConnection accepted from: 192.168.86.1:64936
[2022.08.18-09.46.09:746][193]LogHandshake: SendConnectChallenge. Timestamp: 73.561847, Cookie: 196195030006127248210101073038097082161228091215017098168211
[2022.08.18-09.46.09:747][193]LogNet: NotifyAcceptingConnection accepted from: 192.168.86.1:64935
[2022.08.18-09.46.09:748][193]LogHandshake: SendConnectChallenge. Timestamp: 73.561847, Cookie: 219042245010101066214170110199208128018034189003122036166122
[2022.08.18-09.46.09:749][193]LogNet: NotifyAcceptingConnection accepted from: 192.168.86.1:64936
[2022.08.18-09.46.09:750][193]LogHandshake: SendConnectChallenge. Timestamp: 73.561847, Cookie: 196195030006127248210101073038097082161228091215017098168211
[2022.08.18-09.46.09:754][193]LogNet: NotifyAcceptingConnection accepted from: 192.168.86.1:64935
[2022.08.18-09.46.09:755][193]LogHandshake: SendConnectChallenge. Timestamp: 73.561847, Cookie: 219042245010101066214170110199208128018034189003122036166122
[2022.08.18-09.46.09:756][193]LogNet: NotifyAcceptingConnection accepted from: 192.168.86.1:64936
[2022.08.18-09.46.09:758][193]LogHandshake: SendConnectChallenge. Timestamp: 73.561847, Cookie: 196195030006127248210101073038097082161228091215017098168211
[2022.08.18-09.46.09:759][193]LogNet: NotifyAcceptingConnection accepted from: 192.168.86.1:64935
[2022.08.18-09.46.09:760][193]LogHandshake: SendConnectChallenge. Timestamp: 73.561847, Cookie: 219042245010101066214170110199208128018034189003122036166122
[2022.08.18-09.46.09:761][193]LogNet: NotifyAcceptingConnection accepted from: 192.168.86.1:64936
[2022.08.18-09.46.09:762][193]LogHandshake: SendConnectChallenge. Timestamp: 73.561847, Cookie: 196195030006127248210101073038097082161228091215017098168211
[2022.08.18-09.46.09:766][193]LogNet: NotifyAcceptingConnection accepted from: 192.168.86.1:64935
[2022.08.18-09.46.09:767][193]LogHandshake: SendConnectChallenge. Timestamp: 73.561847, Cookie: 219042245010101066214170110199208128018034189003122036166122
[2022.08.18-09.46.09:780][193]LogNet: NotifyAcceptingConnection accepted from: 192.168.86.1:64936
[2022.08.18-09.46.09:783][193]LogHandshake: SendConnectChallenge. Timestamp: 73.561847, Cookie: 196195030006127248210101073038097082161228091215017098168211
[2022.08.18-09.46.09:784][193]LogNet: NotifyAcceptingConnection accepted from: 192.168.86.1:64935
[2022.08.18-09.46.09:786][193]LogHandshake: SendConnectChallenge. Timestamp: 73.561847, Cookie: 219042245010101066214170110199208128018034189003122036166122
[2022.08.18-09.46.09:788][193]LogNet: NotifyAcceptingConnection accepted from: 192.168.86.1:64936
[2022.08.18-09.46.09:789][193]LogHandshake: SendConnectChallenge. Timestamp: 73.561847, Cookie: 196195030006127248210101073038097082161228091215017098168211
[2022.08.18-09.46.09:790][193]LogNet: NotifyAcceptingConnection accepted from: 192.168.86.1:64935
[2022.08.18-09.46.09:792][193]LogHandshake: SendConnectChallenge. Timestamp: 73.561847, Cookie: 219042245010101066214170110199208128018034189003122036166122
[2022.08.18-09.46.09:793][193]LogNet: NotifyAcceptingConnection accepted from: 192.168.86.1:64936
[2022.08.18-09.46.09:794][193]LogHandshake: SendConnectChallenge. Timestamp: 73.561847, Cookie: 196195030006127248210101073038097082161228091215017098168211
[2022.08.18-09.46.09:795][193]LogNet: NotifyAcceptingConnection accepted from: 192.168.86.1:64935
[2022.08.18-09.46.09:796][193]LogHandshake: SendConnectChallenge. Timestamp: 73.561847, Cookie: 219042245010101066214170110199208128018034189003122036166122
[2022.08.18-09.46.09:797][193]LogNet: NotifyAcceptingConnection accepted from: 192.168.86.1:64936
[2022.08.18-09.46.09:798][193]LogHandshake: SendConnectChallenge. Timestamp: 73.561847, Cookie: 196195030006127248210101073038097082161228091215017098168211
[2022.08.18-09.46.09:799][193]LogNet: NotifyAcceptingConnection accepted from: 192.168.86.1:64935
[2022.08.18-09.46.09:800][193]LogHandshake: SendConnectChallenge. Timestamp: 73.561847, Cookie: 219042245010101066214170110199208128018034189003122036166122
[2022.08.18-09.46.09:801][193]LogNet: NotifyAcceptingConnection accepted from: 192.168.86.1:64936
[2022.08.18-09.46.09:805][193]LogHandshake: SendConnectChallenge. Timestamp: 73.561847, Cookie: 196195030006127248210101073038097082161228091215017098168211
[2022.08.18-09.46.09:856][193]LogNet: NotifyAcceptingConnection accepted from: 192.168.86.1:64935
[2022.08.18-09.46.09:858][193]LogHandshake: SendConnectChallenge. Timestamp: 73.561847, Cookie: 219042245010101066214170110199208128018034189003122036166122
[2022.08.18-09.46.09:860][193]LogNet: NotifyAcceptingConnection accepted from: 192.168.86.1:64936
[2022.08.18-09.46.09:863][193]LogHandshake: SendConnectChallenge. Timestamp: 73.561847, Cookie: 196195030006127248210101073038097082161228091215017098168211
[2022.08.18-09.46.09:864][193]LogNet: NotifyAcceptingConnection accepted from: 192.168.86.1:64935
[2022.08.18-09.46.09:866][193]LogHandshake: SendConnectChallenge. Timestamp: 73.561847, Cookie: 219042245010101066214170110199208128018034189003122036166122
[2022.08.18-09.46.09:867][193]LogNet: NotifyAcceptingConnection accepted from: 192.168.86.1:64936
[2022.08.18-09.46.09:871][193]LogHandshake: SendConnectChallenge. Timestamp: 73.561847, Cookie: 196195030006127248210101073038097082161228091215017098168211
[2022.08.18-09.46.09:873][193]LogNet: NotifyAcceptingConnection accepted from: 192.168.86.1:64935
[2022.08.18-09.46.09:874][193]LogHandshake: SendConnectChallenge. Timestamp: 73.561847, Cookie: 219042245010101066214170110199208128018034189003122036166122
[2022.08.18-09.46.09:875][193]LogNet: NotifyAcceptingConnection accepted from: 192.168.86.1:64936
[2022.08.18-09.46.09:876][193]LogHandshake: SendConnectChallenge. Timestamp: 73.561847, Cookie: 196195030006127248210101073038097082161228091215017098168211
[2022.08.18-09.46.09:877][193]LogNet: NotifyAcceptingConnection accepted from: 192.168.86.1:64936
[2022.08.18-09.46.09:878][193]LogHandshake: SendConnectChallenge. Timestamp: 73.561847, Cookie: 196195030006127248210101073038097082161228091215017098168211
[2022.08.18-09.46.09:882][193]LogNet: NotifyAcceptingConnection accepted from: 192.168.86.1:64936
[2022.08.18-09.46.09:894][193]LogHandshake: SendConnectChallenge. Timestamp: 73.561847, Cookie: 196195030006127248210101073038097082161228091215017098168211
[2022.08.18-09.46.09:897][193]LogNet: NotifyAcceptingConnection accepted from: 192.168.86.1:64936
[2022.08.18-09.46.09:898][193]LogHandshake: SendConnectChallenge. Timestamp: 73.561847, Cookie: 196195030006127248210101073038097082161228091215017098168211
[2022.08.18-09.46.09:900][193]LogNet: NotifyAcceptingConnection accepted from: 192.168.86.1:64936
[2022.08.18-09.46.09:901][193]LogHandshake: SendConnectChallenge. Timestamp: 73.561847, Cookie: 196195030006127248210101073038097082161228091215017098168211
[2022.08.18-09.46.09:902][193]LogNet: NotifyAcceptingConnection accepted from: 192.168.86.1:64936
[2022.08.18-09.46.09:902][193]LogHandshake: SendConnectChallenge. Timestamp: 73.561847, Cookie: 196195030006127248210101073038097082161228091215017098168211
[2022.08.18-09.46.09:903][193]LogNet: NotifyAcceptingConnection accepted from: 192.168.86.1:57527
[2022.08.18-09.46.09:904][193]LogHandshake: SendConnectChallenge. Timestamp: 73.561847, Cookie: 029140222087122102105086057220156035008034224122103222230042
[2022.08.18-09.46.09:906][193]LogNet: NotifyAcceptingConnection accepted from: 192.168.86.1:57527
[2022.08.18-09.46.09:910][193]LogHandshake: SendConnectChallenge. Timestamp: 73.561847, Cookie: 029140222087122102105086057220156035008034224122103222230042
[2022.08.18-09.46.09:911][193]LogNet: NotifyAcceptingConnection accepted from: 192.168.86.1:57527
[2022.08.18-09.46.09:912][193]LogHandshake: SendConnectChallenge. Timestamp: 73.561847, Cookie: 029140222087122102105086057220156035008034224122103222230042
[2022.08.18-09.46.09:913][193]LogNet: NotifyAcceptingConnection accepted from: 192.168.86.1:57528
[2022.08.18-09.46.09:914][193]LogHandshake: SendConnectChallenge. Timestamp: 73.561847, Cookie: 111059111025049216091181109204180165090111229038129214243098
[2022.08.18-09.46.09:915][193]LogNet: NotifyAcceptingConnection accepted from: 192.168.86.1:57527
[2022.08.18-09.46.09:916][193]LogHandshake: SendConnectChallenge. Timestamp: 73.561847, Cookie: 029140222087122102105086057220156035008034224122103222230042
[2022.08.18-09.46.09:918][193]LogNet: NotifyAcceptingConnection accepted from: 192.168.86.1:57528
[2022.08.18-09.46.09:922][193]LogHandshake: SendConnectChallenge. Timestamp: 73.561847, Cookie: 111059111025049216091181109204180165090111229038129214243098
[2022.08.18-09.46.09:968][193]LogNet: NotifyAcceptingConnection accepted from: 192.168.86.1:57527
[2022.08.18-09.46.09:971][193]LogHandshake: SendConnectChallenge. Timestamp: 73.561847, Cookie: 029140222087122102105086057220156035008034224122103222230042
[2022.08.18-09.46.09:975][193]LogNet: NotifyAcceptingConnection accepted from: 192.168.86.1:57528
[2022.08.18-09.46.09:975][193]LogHandshake: SendConnectChallenge. Timestamp: 73.561847, Cookie: 111059111025049216091181109204180165090111229038129214243098
[2022.08.18-09.46.09:978][193]LogNet: NotifyAcceptingConnection accepted from: 192.168.86.1:57527
[2022.08.18-09.46.09:979][193]LogHandshake: SendConnectChallenge. Timestamp: 73.561847, Cookie: 029140222087122102105086057220156035008034224122103222230042
[2022.08.18-09.46.09:981][193]LogNet: NotifyAcceptingConnection accepted from: 192.168.86.1:57528
[2022.08.18-09.46.09:983][193]LogHandshake: SendConnectChallenge. Timestamp: 73.561847, Cookie: 111059111025049216091181109204180165090111229038129214243098
[2022.08.18-09.46.09:984][193]LogNet: NotifyAcceptingConnection accepted from: 192.168.86.1:57527
[2022.08.18-09.46.09:985][193]LogHandshake: SendConnectChallenge. Timestamp: 73.561847, Cookie: 029140222087122102105086057220156035008034224122103222230042
[2022.08.18-09.46.09:987][193]LogNet: NotifyAcceptingConnection accepted from: 192.168.86.1:57528
[2022.08.18-09.46.09:988][193]LogHandshake: SendConnectChallenge. Timestamp: 73.561847, Cookie: 111059111025049216091181109204180165090111229038129214243098
[2022.08.18-09.46.09:989][193]LogNet: NotifyAcceptingConnection accepted from: 192.168.86.1:57527
[2022.08.18-09.46.09:990][193]LogHandshake: SendConnectChallenge. Timestamp: 73.561847, Cookie: 029140222087122102105086057220156035008034224122103222230042
[2022.08.18-09.46.09:994][193]LogNet: NotifyAcceptingConnection accepted from: 192.168.86.1:57527
[2022.08.18-09.46.10:008][193]LogHandshake: SendChallengeAck. InCookie: 029140222087122102105086057220156035008034224122103222230042
[2022.08.18-09.46.10:010][193]LogNet: Server accepting post-challenge connection from: 192.168.86.1:57527
[2022.08.18-09.46.10:017][193]PacketHandlerLog: Loaded PacketHandler component: Engine.EngineHandlerComponentFactory (StatelessConnectHandlerComponent)
[2022.08.18-09.46.10:024][193]LogNet: NotifyAcceptedConnection: Name: Match, TimeStamp: 08/18/22 02:46:10, [UNetConnection] RemoteAddr: 192.168.86.1:57527, Name: IpConnection_2147482560, Driver: GameNetDriver IpNetDriver_2147482567, IsServer: YES, PC: NULL, Owner: NULL, UniqueId: INVALID
[2022.08.18-09.46.10:025][193]LogNet: AddClientConnection: Added client connection: [UNetConnection] RemoteAddr: 192.168.86.1:57527, Name: IpConnection_2147482560, Driver: GameNetDriver IpNetDriver_2147482567, IsServer: YES, PC: NULL, Owner: NULL, UniqueId: INVALID
[2022.08.18-09.46.10:038][193]LogHandshake: Received unexpected post-connect handshake packet - resending ack for LastChallengeSuccessAddress 192.168.86.1:57527 and LastCookie 029140222087122102105086057220156035008034224122103222230042.
[2022.08.18-09.46.10:039][193]LogHandshake: SendChallengeAck. InCookie: 029140222087122102105086057220156035008034224122103222230042
[2022.08.18-09.46.10:041][193]LogHandshake: Received unexpected post-connect handshake packet - resending ack for LastChallengeSuccessAddress 192.168.86.1:57527 and LastCookie 029140222087122102105086057220156035008034224122103222230042.
[2022.08.18-09.46.10:046][193]LogHandshake: SendChallengeAck. InCookie: 029140222087122102105086057220156035008034224122103222230042
[2022.08.18-09.46.10:047][193]LogHandshake: Received unexpected post-connect handshake packet - resending ack for LastChallengeSuccessAddress 192.168.86.1:57527 and LastCookie 029140222087122102105086057220156035008034224122103222230042.
[2022.08.18-09.46.10:048][193]LogHandshake: SendChallengeAck. InCookie: 029140222087122102105086057220156035008034224122103222230042
[2022.08.18-09.46.10:050][193]LogNet: NotifyAcceptingConnection accepted from: 192.168.86.1:57528
[2022.08.18-09.46.10:054][193]LogHandshake: SendChallengeAck. InCookie: 111059111025049216091181109204180165090111229038129214243098
[2022.08.18-09.46.10:055][193]LogNet: Server accepting post-challenge connection from: 192.168.86.1:57528
[2022.08.18-09.46.10:057][193]PacketHandlerLog: Loaded PacketHandler component: Engine.EngineHandlerComponentFactory (StatelessConnectHandlerComponent)
[2022.08.18-09.46.10:057][193]LogNet: NotifyAcceptedConnection: Name: Match, TimeStamp: 08/18/22 02:46:10, [UNetConnection] RemoteAddr: 192.168.86.1:57528, Name: IpConnection_2147482557, Driver: GameNetDriver IpNetDriver_2147482567, IsServer: YES, PC: NULL, Owner: NULL, UniqueId: INVALID
[2022.08.18-09.46.10:059][193]LogNet: AddClientConnection: Added client connection: [UNetConnection] RemoteAddr: 192.168.86.1:57528, Name: IpConnection_2147482557, Driver: GameNetDriver IpNetDriver_2147482567, IsServer: YES, PC: NULL, Owner: NULL, UniqueId: INVALID
[2022.08.18-09.46.10:059][193]LogHandshake: Received unexpected post-connect handshake packet - resending ack for LastChallengeSuccessAddress 192.168.86.1:57527 and LastCookie 029140222087122102105086057220156035008034224122103222230042.
[2022.08.18-09.46.10:060][193]LogHandshake: SendChallengeAck. InCookie: 029140222087122102105086057220156035008034224122103222230042
[2022.08.18-09.46.10:061][193]LogHandshake: Received unexpected post-connect handshake packet - resending ack for LastChallengeSuccessAddress 192.168.86.1:57527 and LastCookie 029140222087122102105086057220156035008034224122103222230042.
[2022.08.18-09.46.10:062][193]LogHandshake: SendChallengeAck. InCookie: 029140222087122102105086057220156035008034224122103222230042
[2022.08.18-09.46.10:066][193]LogHandshake: Received unexpected post-connect handshake packet - resending ack for LastChallengeSuccessAddress 192.168.86.1:57527 and LastCookie 029140222087122102105086057220156035008034224122103222230042.
[2022.08.18-09.46.10:067][193]LogHandshake: SendChallengeAck. InCookie: 029140222087122102105086057220156035008034224122103222230042
[2022.08.18-09.46.10:068][193]LogHandshake: Received unexpected post-connect handshake packet - resending ack for LastChallengeSuccessAddress 192.168.86.1:57527 and LastCookie 029140222087122102105086057220156035008034224122103222230042.
[2022.08.18-09.46.10:069][193]LogHandshake: SendChallengeAck. InCookie: 029140222087122102105086057220156035008034224122103222230042
[2022.08.18-09.46.10:071][193]LogHandshake: Received unexpected post-connect handshake packet - resending ack for LastChallengeSuccessAddress 192.168.86.1:57528 and LastCookie 111059111025049216091181109204180165090111229038129214243098.
[2022.08.18-09.46.10:072][193]LogHandshake: SendChallengeAck. InCookie: 111059111025049216091181109204180165090111229038129214243098
[2022.08.18-09.46.10:073][193]LogHandshake: Received unexpected post-connect handshake packet - resending ack for LastChallengeSuccessAddress 192.168.86.1:57528 and LastCookie 111059111025049216091181109204180165090111229038129214243098.
[2022.08.18-09.46.10:074][193]LogHandshake: SendChallengeAck. InCookie: 111059111025049216091181109204180165090111229038129214243098
[2022.08.18-09.46.10:078][193]LogHandshake: Received unexpected post-connect handshake packet - resending ack for LastChallengeSuccessAddress 192.168.86.1:57528 and LastCookie 111059111025049216091181109204180165090111229038129214243098.
[2022.08.18-09.46.10:079][193]LogHandshake: SendChallengeAck. InCookie: 111059111025049216091181109204180165090111229038129214243098
[2022.08.18-09.46.10:121][193]LogHandshake: Received unexpected post-connect handshake packet - resending ack for LastChallengeSuccessAddress 192.168.86.1:57528 and LastCookie 111059111025049216091181109204180165090111229038129214243098.
[2022.08.18-09.46.10:125][193]LogHandshake: SendChallengeAck. InCookie: 111059111025049216091181109204180165090111229038129214243098
[2022.08.18-09.46.10:132][193]LogNet: NotifyAcceptingChannel Control 0 server World /Game/Maps/Match.Match: Accepted
[2022.08.18-09.46.10:137][193]LogNet: Remote platform little endian=1
[2022.08.18-09.46.10:138][193]LogNet: This platform little endian=1
[2022.08.18-09.46.10:139][193]LogNetVersion: PVP_Game 1.0.0.0, NetCL: 0, EngineNetVer: 17, GameNetVer: 0 (Checksum: 513338249)
[2022.08.18-09.46.10:148][193]LogNet: NotifyAcceptingChannel Control 0 server World /Game/Maps/Match.Match: Accepted
[2022.08.18-09.46.10:148][193]LogNet: Remote platform little endian=1
[2022.08.18-09.46.10:149][193]LogNet: This platform little endian=1
[2022.08.18-09.46.10:160][193]LogNet: Warning: Took too long to receive packets. Time: 68.16 IpNetDriver_2147482567
[2022.08.18-09.46.10:228][194]LogNet: UNetDriver::TickDispatch: Very long time between ticks. DeltaTime: 68.23, Realtime: 68.23. IpNetDriver_2147482567
[2022.08.18-09.46.10:232][194]LogNet: Login request: ?Name=DESKTOP-PTH63E6-6869B58A41EC1A0665640897257ADEE4 userId: NULL:DESKTOP-PTH63E6-6869B58A41EC1A0665640897257ADEE4 platform: NULL
[2022.08.18-09.46.10:241][194]LogNet: Login request: ?Name=DESKTOP-PTH63E6-189ACFDD4E5EE346067A01942BECDCB1 userId: NULL:DESKTOP-PTH63E6-189ACFDD4E5EE346067A01942BECDCB1 platform: NULL
[2022.08.18-09.46.10:293][196]LogNet: Client netspeed is 100000
[2022.08.18-09.46.10:359][198]LogNet: Client netspeed is 100000
[2022.08.18-09.46.11:354][228]LogNet: Join request: /Game/Maps/Match?Name=DESKTOP-PTH63E6-6869B58A41EC1A0665640897257ADEE4?SplitscreenCount=1
[2022.08.18-09.46.11:382][228]LogOnlineSession: Warning: OSS: No game present to join for session (GameSession)
[2022.08.18-09.46.11:616][228]LogGameMode: Display: Match State Changed from WaitingToStart to InProgress
[2022.08.18-09.46.11:621][228]LogGameState: Match State Changed from WaitingToStart to InProgress
[2022.08.18-09.46.11:621][228]LogNet: Join succeeded: DESKTOP-PTH63E6-6869
[2022.08.18-09.46.11:622][228]LogNet: Join request: /Game/Maps/Match?Name=DESKTOP-PTH63E6-189ACFDD4E5EE346067A01942BECDCB1?SplitscreenCount=1
[2022.08.18-09.46.11:623][228]LogOnlineSession: Warning: OSS: No game present to join for session (GameSession)
[2022.08.18-09.46.11:640][228]LogNet: Join succeeded: DESKTOP-PTH63E6-189A
[2022.08.18-09.46.11:759][231]LogPlayFab: Request: {
	"PlayFabId": "4D9C92204A091204",
	"StatisticNames": [
		"Test_Ranked"
	],
	"StatisticNameVersions": null
}
[2022.08.18-09.46.11:771][231]LogPlayFab: Request: {
	"PlayFabId": null,
	"StatisticNames": [
		"Test_Ranked"
	],
	"StatisticNameVersions": null
}
[2022.08.18-09.46.12:079][242]LogPlayFab: Response : {"code":401,"status":"Unauthorized","error":"NotAuthenticated","errorCode":1074,"errorMessage":"Missing or invalid X-SecretKey HTTP header"}
[2022.08.18-09.46.12:088][242]LogBlueprintUserMessages: [BPGM_TurnBasedGameMode_C_2147482568] Error occur while getting the statistics
[2022.08.18-09.46.12:088][242]LogPlayFab: Response : {"code":401,"status":"Unauthorized","error":"NotAuthenticated","errorCode":1074,"errorMessage":"Missing or invalid X-SecretKey HTTP header"}
[2022.08.18-09.46.12:089][242]LogBlueprintUserMessages: [BPGM_TurnBasedGameMode_C_2147482568] Error occur while getting the statistics
