Log file open, 08/18/22 01:01:48
LogWindows: Failed to load 'aqProf.dll' (GetLastError=126)
LogWindows: File 'aqProf.dll' does not exist
LogWindows: Failed to load 'VtuneApi.dll' (GetLastError=126)
LogWindows: File 'VtuneApi.dll' does not exist
LogWindows: Failed to load 'VtuneApi32e.dll' (GetLastError=126)
LogWindows: File 'VtuneApi32e.dll' does not exist
LogConsoleResponse: Display: Failed to find resolution value strings in scalability ini. Falling back to default.
LogConsoleResponse: Display: Failed to find resolution value strings in scalability ini. Falling back to default.
LogPakFile: Display: Found Pak file ../../../PVP_Game/Content/Paks/PVP_Game-WindowsServer.pak attempting to mount.
LogPakFile: Display: Mounting pak file ../../../PVP_Game/Content/Paks/PVP_Game-WindowsServer.pak.
LogPakFile: PakFile PrimaryIndexSize=26170
LogPakFile: PakFile PathHashIndexSize=48669
LogPakFile: PakFile FullDirectoryIndexSize=64523
LogShaderLibrary: Display: ShaderCodeLibraryPakFileMountedCallback: PakFile '../../../PVP_Game/Content/Paks/PVP_Game-WindowsServer.pak' (chunk index -1, root '../../../') mounted
LogShaderLibrary: Display: ShaderCodeLibraryPakFileMountedCallback: pending pak file info (ChunkID:-1 Root:../../../ File:../../../PVP_Game/Content/Paks/PVP_Game-WindowsServer.pak)
LogPakFile: OnPakFileMounted2Time == 0.000038
LogPlatformFile: Not using cached read wrapper
LogTaskGraph: Started task graph with 5 named threads and 9 total threads with 1 sets of task threads.
LogStats: Stats thread started at 0.101068
LogICUInternationalization: ICU TimeZone Detection - Raw Offset: -8:00, Platform Override: ''
LogInit: Display: Loading text-based GConfig....
LogPluginManager: Mounting plugin OnlineSubsystemSteam
LogPluginManager: Mounting plugin OnlineSubsystem
LogPluginManager: Mounting plugin OnlineSubsystemUtils
LogPluginManager: Mounting plugin SteamShared
LogPluginManager: Mounting plugin OnlineFramework
LogPluginManager: Mounting plugin PlayFab
LogPluginManager: Mounting plugin AdvancedSessions
LogPluginManager: Mounting plugin AdvancedSteamSessions
LogPluginManager: Mounting plugin Paper2D
LogPluginManager: Mounting plugin AISupport
LogPluginManager: Mounting plugin EnvironmentQueryEditor
LogPluginManager: Mounting plugin LightPropagationVolume
LogPluginManager: Mounting plugin CameraShakePreviewer
LogPluginManager: Mounting plugin GameplayCameras
LogPluginManager: Mounting plugin TemplateSequence
LogPluginManager: Mounting plugin LevelSequenceEditor
LogPluginManager: Mounting plugin OodleData
LogPluginManager: Mounting plugin OodleNetwork
LogPluginManager: Mounting plugin AnimationSharing
LogPluginManager: Mounting plugin SignificanceManager
LogPluginManager: Mounting plugin PluginUtils
LogPluginManager: Mounting plugin PropertyAccessEditor
LogPluginManager: Mounting plugin UObjectPlugin
LogPluginManager: Mounting plugin AssetManagerEditor
LogPluginManager: Mounting plugin FacialAnimation
LogPluginManager: Mounting plugin GeometryMode
LogPluginManager: Mounting plugin SpeedTreeImporter
LogPluginManager: Mounting plugin DatasmithContent
LogPluginManager: Mounting plugin VariantManagerContent
LogPluginManager: Mounting plugin AlembicImporter
LogPluginManager: Mounting plugin GeometryCache
LogPluginManager: Mounting plugin AutomationUtils
LogPluginManager: Mounting plugin ScreenshotTools
LogPluginManager: Mounting plugin BackChannel
LogPluginManager: Mounting plugin ChaosClothEditor
LogPluginManager: Mounting plugin ChaosCloth
LogPluginManager: Mounting plugin ChaosEditor
LogPluginManager: Mounting plugin PlanarCut
LogPluginManager: Mounting plugin GeometryProcessing
LogPluginManager: Mounting plugin EditableMesh
LogPluginManager: Mounting plugin GeometryCollectionPlugin
LogPluginManager: Mounting plugin ProceduralMeshComponent
LogPluginManager: Mounting plugin ChaosSolverPlugin
LogPluginManager: Mounting plugin ChaosNiagara
LogPluginManager: Mounting plugin Niagara
LogPluginManager: Mounting plugin PythonScriptPlugin
LogPluginManager: Mounting plugin CharacterAI
LogPluginManager: Mounting plugin MotoSynth
LogPluginManager: Mounting plugin OpenImageDenoise
LogPluginManager: Mounting plugin PlatformCrypto
LogPluginManager: Mounting plugin MagicLeapPassableWorld
LogPluginManager: Mounting plugin MagicLeap
LogPluginManager: Mounting plugin MLSDK
LogPluginManager: Mounting plugin MagicLeapLightEstimation
LogPluginManager: Mounting plugin AvfMedia
LogPluginManager: Mounting plugin ImgMedia
LogPluginManager: Mounting plugin MediaCompositing
LogPluginManager: Mounting plugin MeshPainting
LogPluginManager: Mounting plugin TcpMessaging
LogPluginManager: Mounting plugin UdpMessaging
LogPluginManager: Mounting plugin ActorSequence
LogPluginManager: Mounting plugin MatineeToLevelSequence
LogPluginManager: Mounting plugin OnlineSubsystemNull
LogPluginManager: Mounting plugin LauncherChunkInstaller
LogPluginManager: Mounting plugin ActorLayerUtilities
LogPluginManager: Mounting plugin AndroidPermission
LogPluginManager: Mounting plugin AppleImageUtils
LogPluginManager: Mounting plugin ArchVisCharacter
LogPluginManager: Mounting plugin AssetTags
LogPluginManager: Mounting plugin AudioCapture
LogPluginManager: Mounting plugin CableComponent
LogPluginManager: Mounting plugin ChunkDownloader
LogPluginManager: Mounting plugin CustomMeshComponent
LogPluginManager: Mounting plugin ExampleDeviceProfileSelector
LogPluginManager: Mounting plugin GooglePAD
LogPluginManager: Mounting plugin LocationServicesBPLibrary
LogPluginManager: Mounting plugin MobilePatchingUtils
LogPluginManager: Mounting plugin OculusVR
LogPluginManager: Mounting plugin OpenXREyeTracker
LogPluginManager: Mounting plugin OpenXR
LogPluginManager: Mounting plugin OpenXRHandTracking
LogPluginManager: Mounting plugin LiveLink
LogPluginManager: Mounting plugin Takes
LogPluginManager: Mounting plugin PhysXVehicles
LogPluginManager: Mounting plugin RuntimePhysXCooking
LogPluginManager: Mounting plugin SoundFields
LogPluginManager: Mounting plugin SteamVR
LogPluginManager: Mounting plugin Synthesis
LogPluginManager: Mounting plugin AudioSynesthesia
LogPluginManager: Mounting plugin WindowsMoviePlayer
LogInit: Using libcurl 7.55.1-DEV
LogInit:  - built for x86_64-pc-win32
LogInit:  - supports SSL with OpenSSL/1.1.1
LogInit:  - supports HTTP deflate (compression) using libz 1.2.8
LogInit:  - other features:
LogInit:      CURL_VERSION_SSL
LogInit:      CURL_VERSION_LIBZ
LogInit:      CURL_VERSION_IPV6
LogInit:      CURL_VERSION_ASYNCHDNS
LogInit:      CURL_VERSION_LARGEFILE
LogInit:      CURL_VERSION_IDN
LogInit:  CurlRequestOptions (configurable via config and command line):
LogInit:  - bVerifyPeer = true  - Libcurl will verify peer certificate
LogInit:  - bUseHttpProxy = false  - Libcurl will NOT use HTTP proxy
LogInit:  - bDontReuseConnections = false  - Libcurl will reuse connections
LogInit:  - MaxHostConnections = 16  - Libcurl will limit the number of connections to a host
LogInit:  - LocalHostAddr = Default
LogInit:  - BufferSize = 65536
LogOnline: OSS: Creating online subsystem instance for: NULL
LogInit: WinSock: version 1.1 (2.2), MaxSocks=32767, MaxUdp=65467
LogOnline: OSS: TryLoadSubsystemAndSetDefault: Loaded subsystem for module [NULL]
LogLuminAPIImpl: Warning: MLSDK not found.  This likely means the MLSDK environment variable is not set.
LogInit: Build: ++UE4+Release-4.27-CL-0
LogInit: Engine Version: 4.27.2-0+++UE4+Release-4.27
LogInit: Compatible Engine Version: 4.27.0-0+++UE4+Release-4.27
LogInit: Net CL: 0
LogInit: OS: Windows 10 (Release 2009) (), CPU: Intel(R) Core(TM) i5-8257U CPU @ 1.40GHz, GPU: Intel(R) Iris(R) Plus Graphics 645
LogInit: Compiled (64-bit): Aug 14 2022 20:44:59
LogInit: Compiled with Visual C++: 19.33.31629.00
LogInit: Build Configuration: Development
LogInit: Branch Name: ++UE4+Release-4.27
LogInit: Command Line:  -log
LogInit: Base Directory: C:/Users/bitch/Documents/GitHub/PVP_Chess_Game/Release/WindowsServer/PVP_Game/Binaries/Win64/
LogInit: Allocator: binned2
LogInit: Installed Engine Build: 0
LogDevObjectVersion: Number of dev versions registered: 29
LogDevObjectVersion:   Dev-Blueprints (B0D832E4-1F89-4F0D-ACCF-7EB736FD4AA2): 10
LogDevObjectVersion:   Dev-Build (E1C64328-A22C-4D53-A36C-8E866417BD8C): 0
LogDevObjectVersion:   Dev-Core (375EC13C-06E4-48FB-B500-84F0262A717E): 4
LogDevObjectVersion:   Dev-Editor (E4B068ED-F494-42E9-A231-DA0B2E46BB41): 40
LogDevObjectVersion:   Dev-Framework (CFFC743F-43B0-4480-9391-14DF171D2073): 37
LogDevObjectVersion:   Dev-Mobile (B02B49B5-BB20-44E9-A304-32B752E40360): 3
LogDevObjectVersion:   Dev-Networking (A4E4105C-59A1-49B5-A7C5-40C4547EDFEE): 0
LogDevObjectVersion:   Dev-Online (39C831C9-5AE6-47DC-9A44-9C173E1C8E7C): 0
LogDevObjectVersion:   Dev-Physics (78F01B33-EBEA-4F98-B9B4-84EACCB95AA2): 14
LogDevObjectVersion:   Dev-Platform (6631380F-2D4D-43E0-8009-CF276956A95A): 0
LogDevObjectVersion:   Dev-Rendering (12F88B9F-8875-4AFC-A67C-D90C383ABD29): 45
LogDevObjectVersion:   Dev-Sequencer (7B5AE74C-D270-4C10-A958-57980B212A5A): 13
LogDevObjectVersion:   Dev-VR (D7296918-1DD6-4BDD-9DE2-64A83CC13884): 3
LogDevObjectVersion:   Dev-LoadTimes (C2A15278-BFE7-4AFE-6C17-90FF531DF755): 1
LogDevObjectVersion:   Private-Geometry (6EACA3D4-40EC-4CC1-B786-8BED09428FC5): 3
LogDevObjectVersion:   Dev-AnimPhys (29E575DD-E0A3-4627-9D10-D276232CDCEA): 17
LogDevObjectVersion:   Dev-Anim (AF43A65D-7FD3-4947-9873-3E8ED9C1BB05): 15
LogDevObjectVersion:   Dev-ReflectionCapture (6B266CEC-1EC7-4B8F-A30B-E4D90942FC07): 1
LogDevObjectVersion:   Dev-Automation (0DF73D61-A23F-47EA-B727-89E90C41499A): 1
LogDevObjectVersion:   FortniteMain (601D1886-AC64-4F84-AA16-D3DE0DEAC7D6): 47
LogDevObjectVersion:   FortniteRelease (E7086368-6B23-4C58-8439-1B7016265E91): 1
LogDevObjectVersion:   Dev-Enterprise (9DFFBCD6-494F-0158-E221-12823C92A888): 10
LogDevObjectVersion:   Dev-Niagara (F2AED0AC-9AFE-416F-8664-AA7FFA26D6FC): 1
LogDevObjectVersion:   Dev-Destruction (174F1F0B-B4C6-45A5-B13F-2EE8D0FB917D): 10
LogDevObjectVersion:   Dev-Physics-Ext (35F94A83-E258-406C-A318-09F59610247C): 41
LogDevObjectVersion:   Dev-PhysicsMaterial-Chaos (B68FC16E-8B1B-42E2-B453-215C058844FE): 1
LogDevObjectVersion:   Dev-CineCamera (B2E18506-4273-CFC2-A54E-F4BB758BBA07): 1
LogDevObjectVersion:   Dev-VirtualProduction (64F58936-FD1B-42BA-BA96-7289D5D0FA4E): 1
LogDevObjectVersion:   Dev-MediaFramework (6F0ED827-A609-4895-9C91-998D90180EA4): 2
LogInit: Presizing for max 2097152 objects, including 1 objects not considered by GC, pre-allocating 0 bytes for permanent pool.
LogConfig: Applying CVar settings from Section [/Script/Engine.StreamingSettings] File [../../../PVP_Game/Saved/Config/WindowsServer/Engine.ini]
LogConfig: Setting CVar [[s.MinBulkDataSizeForAsyncLoading:131072]]
LogConfig: Setting CVar [[s.AsyncLoadingThreadEnabled:0]]
LogConfig: Setting CVar [[s.EventDrivenLoaderEnabled:1]]
LogConfig: Setting CVar [[s.WarnIfTimeLimitExceeded:0]]
LogConfig: Setting CVar [[s.TimeLimitExceededMultiplier:1.5]]
LogConfig: Setting CVar [[s.TimeLimitExceededMinTime:0.005]]
LogConfig: Setting CVar [[s.UseBackgroundLevelStreaming:1]]
LogConfig: Setting CVar [[s.PriorityAsyncLoadingExtraTime:15.0]]
LogConfig: Setting CVar [[s.LevelStreamingActorsUpdateTimeLimit:5.0]]
LogConfig: Setting CVar [[s.PriorityLevelStreamingActorsUpdateExtraTime:5.0]]
LogConfig: Setting CVar [[s.LevelStreamingComponentsRegistrationGranularity:10]]
LogConfig: Setting CVar [[s.UnregisterComponentsTimeLimit:1.0]]
LogConfig: Setting CVar [[s.LevelStreamingComponentsUnregistrationGranularity:5]]
LogConfig: Setting CVar [[s.FlushStreamingOnExit:1]]
LogStreaming: Display: Async Loading initialized: Event Driven Loader: true, Async Loading Thread: false, Async Post Load: false
LogInit: Object subsystem initialized
LogConfig: Setting CVar [[con.DebugEarlyDefault:1]]
LogConfig: Setting CVar [[r.setres:1280x720]]
LogConfig: Setting CVar [[fx.NiagaraAllowRuntimeScalabilityChanges:1]]
[2022.08.18-08.01.54:657][  0]LogConfig: Setting CVar [[con.DebugEarlyDefault:1]]
[2022.08.18-08.01.54:660][  0]LogConfig: Setting CVar [[r.setres:1280x720]]
[2022.08.18-08.01.54:662][  0]LogConfig: Setting CVar [[fx.NiagaraAllowRuntimeScalabilityChanges:1]]
[2022.08.18-08.01.54:664][  0]LogConfig: Applying CVar settings from Section [/Script/Engine.RendererSettings] File [../../../PVP_Game/Saved/Config/WindowsServer/Engine.ini]
[2022.08.18-08.01.54:665][  0]LogConfig: Setting CVar [[r.GPUCrashDebugging:0]]
[2022.08.18-08.01.54:668][  0]LogConfig: Applying CVar settings from Section [/Script/Engine.RendererOverrideSettings] File [../../../PVP_Game/Saved/Config/WindowsServer/Engine.ini]
[2022.08.18-08.01.54:669][  0]LogConfig: Applying CVar settings from Section [/Script/Engine.StreamingSettings] File [../../../PVP_Game/Saved/Config/WindowsServer/Engine.ini]
[2022.08.18-08.01.54:671][  0]LogConfig: Setting CVar [[s.MinBulkDataSizeForAsyncLoading:131072]]
[2022.08.18-08.01.54:675][  0]LogConfig: Setting CVar [[s.AsyncLoadingThreadEnabled:0]]
[2022.08.18-08.01.54:679][  0]LogConfig: Setting CVar [[s.EventDrivenLoaderEnabled:1]]
[2022.08.18-08.01.54:686][  0]LogConfig: Setting CVar [[s.WarnIfTimeLimitExceeded:0]]
[2022.08.18-08.01.54:697][  0]LogConfig: Setting CVar [[s.TimeLimitExceededMultiplier:1.5]]
[2022.08.18-08.01.54:705][  0]LogConfig: Setting CVar [[s.TimeLimitExceededMinTime:0.005]]
[2022.08.18-08.01.54:705][  0]LogConfig: Setting CVar [[s.UseBackgroundLevelStreaming:1]]
[2022.08.18-08.01.54:717][  0]LogConfig: Setting CVar [[s.PriorityAsyncLoadingExtraTime:15.0]]
[2022.08.18-08.01.54:721][  0]LogConfig: Setting CVar [[s.LevelStreamingActorsUpdateTimeLimit:5.0]]
[2022.08.18-08.01.54:722][  0]LogConfig: Setting CVar [[s.PriorityLevelStreamingActorsUpdateExtraTime:5.0]]
[2022.08.18-08.01.54:724][  0]LogConfig: Setting CVar [[s.LevelStreamingComponentsRegistrationGranularity:10]]
[2022.08.18-08.01.54:725][  0]LogConfig: Setting CVar [[s.UnregisterComponentsTimeLimit:1.0]]
[2022.08.18-08.01.54:726][  0]LogConfig: Setting CVar [[s.LevelStreamingComponentsUnregistrationGranularity:5]]
[2022.08.18-08.01.54:730][  0]LogConfig: Setting CVar [[s.FlushStreamingOnExit:1]]
[2022.08.18-08.01.54:732][  0]LogConfig: Applying CVar settings from Section [/Script/Engine.GarbageCollectionSettings] File [../../../PVP_Game/Saved/Config/WindowsServer/Engine.ini]
[2022.08.18-08.01.54:735][  0]LogConfig: Setting CVar [[gc.MaxObjectsNotConsideredByGC:1]]
[2022.08.18-08.01.54:738][  0]LogConfig: Setting CVar [[gc.SizeOfPermanentObjectPool:0]]
[2022.08.18-08.01.54:740][  0]LogConfig: Setting CVar [[gc.FlushStreamingOnGC:0]]
[2022.08.18-08.01.54:747][  0]LogConfig: Setting CVar [[gc.NumRetriesBeforeForcingGC:10]]
[2022.08.18-08.01.54:755][  0]LogConfig: Setting CVar [[gc.AllowParallelGC:1]]
[2022.08.18-08.01.54:758][  0]LogConfig: Setting CVar [[gc.TimeBetweenPurgingPendingKillObjects:61.1]]
[2022.08.18-08.01.54:759][  0]LogConfig: Setting CVar [[gc.MaxObjectsInEditor:25165824]]
[2022.08.18-08.01.54:760][  0]LogConfig: Setting CVar [[gc.IncrementalBeginDestroyEnabled:1]]
[2022.08.18-08.01.54:761][  0]LogConfig: Setting CVar [[gc.CreateGCClusters:1]]
[2022.08.18-08.01.54:762][  0]LogConfig: Setting CVar [[gc.MinGCClusterSize:5]]
[2022.08.18-08.01.54:764][  0]LogConfig: Setting CVar [[gc.ActorClusteringEnabled:0]]
[2022.08.18-08.01.54:766][  0]LogConfig: Setting CVar [[gc.BlueprintClusteringEnabled:0]]
[2022.08.18-08.01.54:770][  0]LogConfig: Setting CVar [[gc.UseDisregardForGCOnDedicatedServers:0]]
[2022.08.18-08.01.54:772][  0]LogConfig: Setting CVar [[gc.MultithreadedDestructionEnabled:1]]
[2022.08.18-08.01.54:774][  0]LogConfig: Applying CVar settings from Section [/Script/Engine.NetworkSettings] File [../../../PVP_Game/Saved/Config/WindowsServer/Engine.ini]
[2022.08.18-08.01.54:776][  0]LogConfig: Applying CVar settings from Section [ViewDistanceQuality@3] File [../../../PVP_Game/Saved/Config/WindowsServer/Scalability.ini]
[2022.08.18-08.01.54:777][  0]LogConfig: Setting CVar [[r.SkeletalMeshLODBias:0]]
[2022.08.18-08.01.54:779][  0]LogConfig: Setting CVar [[r.ViewDistanceScale:1.0]]
[2022.08.18-08.01.54:782][  0]LogConfig: Applying CVar settings from Section [AntiAliasingQuality@3] File [../../../PVP_Game/Saved/Config/WindowsServer/Scalability.ini]
[2022.08.18-08.01.54:783][  0]LogConfig: Setting CVar [[r.PostProcessAAQuality:4]]
[2022.08.18-08.01.54:785][  0]LogConfig: Applying CVar settings from Section [ShadowQuality@3] File [../../../PVP_Game/Saved/Config/WindowsServer/Scalability.ini]
[2022.08.18-08.01.54:786][  0]LogConfig: Setting CVar [[r.LightFunctionQuality:1]]
[2022.08.18-08.01.54:788][  0]LogConfig: Setting CVar [[r.ShadowQuality:5]]
[2022.08.18-08.01.54:789][  0]LogConfig: Setting CVar [[r.Shadow.CSM.MaxCascades:10]]
[2022.08.18-08.01.54:790][  0]LogConfig: Setting CVar [[r.Shadow.MaxResolution:2048]]
[2022.08.18-08.01.54:791][  0]LogConfig: Setting CVar [[r.Shadow.MaxCSMResolution:2048]]
[2022.08.18-08.01.54:796][  0]LogConfig: Setting CVar [[r.Shadow.RadiusThreshold:0.01]]
[2022.08.18-08.01.54:797][  0]LogConfig: Setting CVar [[r.Shadow.DistanceScale:1.0]]
[2022.08.18-08.01.54:798][  0]LogConfig: Setting CVar [[r.Shadow.CSM.TransitionScale:1.0]]
[2022.08.18-08.01.54:799][  0]LogConfig: Setting CVar [[r.Shadow.PreShadowResolutionFactor:1.0]]
[2022.08.18-08.01.54:800][  0]LogConfig: Setting CVar [[r.DistanceFieldShadowing:1]]
[2022.08.18-08.01.54:801][  0]LogConfig: Setting CVar [[r.DistanceFieldAO:1]]
[2022.08.18-08.01.54:802][  0]LogConfig: Setting CVar [[r.AOQuality:2]]
[2022.08.18-08.01.54:804][  0]LogConfig: Setting CVar [[r.VolumetricFog:1]]
[2022.08.18-08.01.54:806][  0]LogConfig: Setting CVar [[r.VolumetricFog.GridPixelSize:8]]
[2022.08.18-08.01.54:810][  0]LogConfig: Setting CVar [[r.VolumetricFog.GridSizeZ:128]]
[2022.08.18-08.01.54:811][  0]LogConfig: Setting CVar [[r.VolumetricFog.HistoryMissSupersampleCount:4]]
[2022.08.18-08.01.54:813][  0]LogConfig: Setting CVar [[r.LightMaxDrawDistanceScale:1]]
[2022.08.18-08.01.54:814][  0]LogConfig: Setting CVar [[r.CapsuleShadows:1]]
[2022.08.18-08.01.54:816][  0]LogConfig: Applying CVar settings from Section [PostProcessQuality@3] File [../../../PVP_Game/Saved/Config/WindowsServer/Scalability.ini]
[2022.08.18-08.01.54:817][  0]LogConfig: Setting CVar [[r.MotionBlurQuality:4]]
[2022.08.18-08.01.54:818][  0]LogConfig: Setting CVar [[r.AmbientOcclusionMipLevelFactor:0.4]]
[2022.08.18-08.01.54:819][  0]LogConfig: Setting CVar [[r.AmbientOcclusionMaxQuality:100]]
[2022.08.18-08.01.54:824][  0]LogConfig: Setting CVar [[r.AmbientOcclusionLevels:-1]]
[2022.08.18-08.01.54:825][  0]LogConfig: Setting CVar [[r.AmbientOcclusionRadiusScale:1.0]]
[2022.08.18-08.01.54:826][  0]LogConfig: Setting CVar [[r.DepthOfFieldQuality:2]]
[2022.08.18-08.01.54:828][  0]LogConfig: Setting CVar [[r.RenderTargetPoolMin:400]]
[2022.08.18-08.01.54:829][  0]LogConfig: Setting CVar [[r.LensFlareQuality:2]]
[2022.08.18-08.01.54:830][  0]LogConfig: Setting CVar [[r.SceneColorFringeQuality:1]]
[2022.08.18-08.01.54:831][  0]LogConfig: Setting CVar [[r.EyeAdaptationQuality:2]]
[2022.08.18-08.01.54:832][  0]LogConfig: Setting CVar [[r.BloomQuality:5]]
[2022.08.18-08.01.54:837][  0]LogConfig: Setting CVar [[r.FastBlurThreshold:100]]
[2022.08.18-08.01.54:839][  0]LogConfig: Setting CVar [[r.Upscale.Quality:3]]
[2022.08.18-08.01.54:840][  0]LogConfig: Setting CVar [[r.Tonemapper.GrainQuantization:1]]
[2022.08.18-08.01.54:841][  0]LogConfig: Setting CVar [[r.LightShaftQuality:1]]
[2022.08.18-08.01.54:843][  0]LogConfig: Setting CVar [[r.Filter.SizeScale:1]]
[2022.08.18-08.01.54:844][  0]LogConfig: Setting CVar [[r.Tonemapper.Quality:5]]
[2022.08.18-08.01.54:845][  0]LogConfig: Setting CVar [[r.DOF.Gather.AccumulatorQuality:1        ; higher gathering accumulator quality]]
[2022.08.18-08.01.54:848][  0]LogConfig: Setting CVar [[r.DOF.Gather.PostfilterMethod:1          ; Median3x3 postfilering method]]
[2022.08.18-08.01.54:849][  0]LogConfig: Setting CVar [[r.DOF.Gather.EnableBokehSettings:0       ; no bokeh simulation when gathering]]
[2022.08.18-08.01.54:850][  0]LogConfig: Setting CVar [[r.DOF.Gather.RingCount:4                 ; medium number of samples when gathering]]
[2022.08.18-08.01.54:851][  0]LogConfig: Setting CVar [[r.DOF.Scatter.ForegroundCompositing:1    ; additive foreground scattering]]
[2022.08.18-08.01.54:852][  0]LogConfig: Setting CVar [[r.DOF.Scatter.BackgroundCompositing:2    ; additive background scattering]]
[2022.08.18-08.01.54:853][  0]LogConfig: Setting CVar [[r.DOF.Scatter.EnableBokehSettings:1      ; bokeh simulation when scattering]]
[2022.08.18-08.01.54:855][  0]LogConfig: Setting CVar [[r.DOF.Scatter.MaxSpriteRatio:0.1         ; only a maximum of 10% of scattered bokeh]]
[2022.08.18-08.01.54:856][  0]LogConfig: Setting CVar [[r.DOF.Recombine.Quality:1                ; cheap slight out of focus]]
[2022.08.18-08.01.54:857][  0]LogConfig: Setting CVar [[r.DOF.Recombine.EnableBokehSettings:0    ; no bokeh simulation on slight out of focus]]
[2022.08.18-08.01.54:863][  0]LogConfig: Setting CVar [[r.DOF.TemporalAAQuality:1                ; more stable temporal accumulation]]
[2022.08.18-08.01.54:871][  0]LogConfig: Setting CVar [[r.DOF.Kernel.MaxForegroundRadius:0.025]]
[2022.08.18-08.01.54:875][  0]LogConfig: Setting CVar [[r.DOF.Kernel.MaxBackgroundRadius:0.025]]
[2022.08.18-08.01.54:876][  0]LogConfig: Applying CVar settings from Section [TextureQuality@3] File [../../../PVP_Game/Saved/Config/WindowsServer/Scalability.ini]
[2022.08.18-08.01.54:878][  0]LogConfig: Setting CVar [[r.Streaming.MipBias:0]]
[2022.08.18-08.01.54:879][  0]LogConfig: Setting CVar [[r.Streaming.AmortizeCPUToGPUCopy:0]]
[2022.08.18-08.01.54:880][  0]LogConfig: Setting CVar [[r.Streaming.MaxNumTexturesToStreamPerFrame:0]]
[2022.08.18-08.01.54:881][  0]LogConfig: Setting CVar [[r.Streaming.Boost:1]]
[2022.08.18-08.01.54:883][  0]LogConfig: Setting CVar [[r.MaxAnisotropy:8]]
[2022.08.18-08.01.54:888][  0]LogConfig: Setting CVar [[r.VT.MaxAnisotropy:8]]
[2022.08.18-08.01.54:890][  0]LogConfig: Setting CVar [[r.Streaming.LimitPoolSizeToVRAM:0]]
[2022.08.18-08.01.54:892][  0]LogConfig: Setting CVar [[r.Streaming.PoolSize:1000]]
[2022.08.18-08.01.54:894][  0]LogConfig: Setting CVar [[r.Streaming.MaxEffectiveScreenSize:0]]
[2022.08.18-08.01.54:898][  0]LogConfig: Applying CVar settings from Section [EffectsQuality@3] File [../../../PVP_Game/Saved/Config/WindowsServer/Scalability.ini]
[2022.08.18-08.01.54:900][  0]LogConfig: Setting CVar [[r.TranslucencyLightingVolumeDim:64]]
[2022.08.18-08.01.54:901][  0]LogConfig: Setting CVar [[r.RefractionQuality:2]]
[2022.08.18-08.01.54:902][  0]LogConfig: Setting CVar [[r.SSR.Quality:3]]
[2022.08.18-08.01.54:903][  0]LogConfig: Setting CVar [[r.SSR.HalfResSceneColor:0]]
[2022.08.18-08.01.54:906][  0]LogConfig: Setting CVar [[r.SceneColorFormat:4]]
[2022.08.18-08.01.54:907][  0]LogConfig: Setting CVar [[r.DetailMode:2]]
[2022.08.18-08.01.54:910][  0]LogConfig: Setting CVar [[r.TranslucencyVolumeBlur:1]]
[2022.08.18-08.01.54:911][  0]LogConfig: Setting CVar [[r.MaterialQualityLevel:1 ; High quality]]
[2022.08.18-08.01.54:912][  0]LogConfig: Setting CVar [[r.AnisotropicMaterials:1]]
[2022.08.18-08.01.54:914][  0]LogConfig: Setting CVar [[r.SSS.Scale:1]]
[2022.08.18-08.01.54:914][  0]LogConfig: Setting CVar [[r.SSS.SampleSet:2]]
[2022.08.18-08.01.54:915][  0]LogConfig: Setting CVar [[r.SSS.Quality:1]]
[2022.08.18-08.01.54:916][  0]LogConfig: Setting CVar [[r.SSS.HalfRes:0]]
[2022.08.18-08.01.54:917][  0]LogConfig: Setting CVar [[r.SSGI.Quality:3]]
[2022.08.18-08.01.54:919][  0]LogConfig: Setting CVar [[r.EmitterSpawnRateScale:1.0]]
[2022.08.18-08.01.54:928][  0]LogConfig: Setting CVar [[r.ParticleLightQuality:2]]
[2022.08.18-08.01.54:929][  0]LogConfig: Setting CVar [[r.SkyAtmosphere.AerialPerspectiveLUT.FastApplyOnOpaque:1 ; Always have FastSkyLUT 1 in this case to avoid wrong sky]]
[2022.08.18-08.01.54:930][  0]LogConfig: Setting CVar [[r.SkyAtmosphere.AerialPerspectiveLUT.SampleCountMaxPerSlice:4]]
[2022.08.18-08.01.54:931][  0]LogConfig: Setting CVar [[r.SkyAtmosphere.AerialPerspectiveLUT.DepthResolution:16.0]]
[2022.08.18-08.01.54:932][  0]LogConfig: Setting CVar [[r.SkyAtmosphere.FastSkyLUT:1]]
[2022.08.18-08.01.54:935][  0]LogConfig: Setting CVar [[r.SkyAtmosphere.FastSkyLUT.SampleCountMin:4.0]]
[2022.08.18-08.01.54:936][  0]LogConfig: Setting CVar [[r.SkyAtmosphere.FastSkyLUT.SampleCountMax:128.0]]
[2022.08.18-08.01.54:938][  0]LogConfig: Setting CVar [[r.SkyAtmosphere.SampleCountMin:4.0]]
[2022.08.18-08.01.54:939][  0]LogConfig: Setting CVar [[r.SkyAtmosphere.SampleCountMax:128.0]]
[2022.08.18-08.01.54:940][  0]LogConfig: Setting CVar [[r.SkyAtmosphere.TransmittanceLUT.UseSmallFormat:0]]
[2022.08.18-08.01.54:942][  0]LogConfig: Setting CVar [[r.SkyAtmosphere.TransmittanceLUT.SampleCount:10.0]]
[2022.08.18-08.01.54:943][  0]LogConfig: Setting CVar [[r.SkyAtmosphere.MultiScatteringLUT.SampleCount:15.0]]
[2022.08.18-08.01.54:948][  0]LogConfig: Setting CVar [[r.SkyLight.RealTimeReflectionCapture:1]]
[2022.08.18-08.01.54:949][  0]LogConfig: Setting CVar [[fx.Niagara.QualityLevel:3]]
[2022.08.18-08.01.54:950][  0]LogConfig: Applying CVar settings from Section [FoliageQuality@3] File [../../../PVP_Game/Saved/Config/WindowsServer/Scalability.ini]
[2022.08.18-08.01.54:953][  0]LogConfig: Setting CVar [[foliage.DensityScale:1.0]]
[2022.08.18-08.01.54:955][  0]LogConfig: Setting CVar [[grass.DensityScale:1.0]]
[2022.08.18-08.01.54:956][  0]LogConfig: Applying CVar settings from Section [ShadingQuality@3] File [../../../PVP_Game/Saved/Config/WindowsServer/Scalability.ini]
[2022.08.18-08.01.54:961][  0]LogConfig: Setting CVar [[r.HairStrands.SkyLighting.IntegrationType:2]]
[2022.08.18-08.01.54:964][  0]LogConfig: Setting CVar [[r.HairStrands.SkyAO.SampleCount:4]]
[2022.08.18-08.01.54:967][  0]LogConfig: Setting CVar [[r.HairStrands.Visibility.MSAA.SamplePerPixel:4]]
[2022.08.18-08.01.54:968][  0]LogInit: Selected Device Profile: [WindowsServer]
[2022.08.18-08.01.54:969][  0]LogInit: Applying CVar settings loaded from the selected device profile: [WindowsServer]
[2022.08.18-08.01.54:971][  0]LogHAL: Display: Platform has ~ 8 GB [8428630016 / 8589934592 / 8], which maps to Default [LargestMinGB=32, LargerMinGB=12, DefaultMinGB=8, SmallerMinGB=6, SmallestMinGB=0)
[2022.08.18-08.01.54:975][  0]LogInit: Going up to parent DeviceProfile [Windows]
[2022.08.18-08.01.55:028][  0]LogInit: Going up to parent DeviceProfile []
[2022.08.18-08.01.55:031][  0]LogConfig: Applying CVar settings from Section [ViewDistanceQuality@3] File [../../../PVP_Game/Saved/Config/WindowsServer/Scalability.ini]
[2022.08.18-08.01.55:033][  0]LogConfig: Setting CVar [[r.SkeletalMeshLODBias:0]]
[2022.08.18-08.01.55:034][  0]LogConfig: Setting CVar [[r.ViewDistanceScale:1.0]]
[2022.08.18-08.01.55:037][  0]LogConfig: Applying CVar settings from Section [AntiAliasingQuality@3] File [../../../PVP_Game/Saved/Config/WindowsServer/Scalability.ini]
[2022.08.18-08.01.55:039][  0]LogConfig: Setting CVar [[r.PostProcessAAQuality:4]]
[2022.08.18-08.01.55:045][  0]LogConfig: Applying CVar settings from Section [ShadowQuality@3] File [../../../PVP_Game/Saved/Config/WindowsServer/Scalability.ini]
[2022.08.18-08.01.55:047][  0]LogConfig: Setting CVar [[r.LightFunctionQuality:1]]
[2022.08.18-08.01.55:048][  0]LogConfig: Setting CVar [[r.ShadowQuality:5]]
[2022.08.18-08.01.55:049][  0]LogConfig: Setting CVar [[r.Shadow.CSM.MaxCascades:10]]
[2022.08.18-08.01.55:051][  0]LogConfig: Setting CVar [[r.Shadow.MaxResolution:2048]]
[2022.08.18-08.01.55:054][  0]LogConfig: Setting CVar [[r.Shadow.MaxCSMResolution:2048]]
[2022.08.18-08.01.55:058][  0]LogConfig: Setting CVar [[r.Shadow.RadiusThreshold:0.01]]
[2022.08.18-08.01.55:066][  0]LogConfig: Setting CVar [[r.Shadow.DistanceScale:1.0]]
[2022.08.18-08.01.55:070][  0]LogConfig: Setting CVar [[r.Shadow.CSM.TransitionScale:1.0]]
[2022.08.18-08.01.55:071][  0]LogConfig: Setting CVar [[r.Shadow.PreShadowResolutionFactor:1.0]]
[2022.08.18-08.01.55:072][  0]LogConfig: Setting CVar [[r.DistanceFieldShadowing:1]]
[2022.08.18-08.01.55:075][  0]LogConfig: Setting CVar [[r.DistanceFieldAO:1]]
[2022.08.18-08.01.55:076][  0]LogConfig: Setting CVar [[r.AOQuality:2]]
[2022.08.18-08.01.55:079][  0]LogConfig: Setting CVar [[r.VolumetricFog:1]]
[2022.08.18-08.01.55:080][  0]LogConfig: Setting CVar [[r.VolumetricFog.GridPixelSize:8]]
[2022.08.18-08.01.55:082][  0]LogConfig: Setting CVar [[r.VolumetricFog.GridSizeZ:128]]
[2022.08.18-08.01.55:084][  0]LogConfig: Setting CVar [[r.VolumetricFog.HistoryMissSupersampleCount:4]]
[2022.08.18-08.01.55:088][  0]LogConfig: Setting CVar [[r.LightMaxDrawDistanceScale:1]]
[2022.08.18-08.01.55:092][  0]LogConfig: Setting CVar [[r.CapsuleShadows:1]]
[2022.08.18-08.01.55:093][  0]LogConfig: Applying CVar settings from Section [PostProcessQuality@3] File [../../../PVP_Game/Saved/Config/WindowsServer/Scalability.ini]
[2022.08.18-08.01.55:119][  0]LogConfig: Setting CVar [[r.MotionBlurQuality:4]]
[2022.08.18-08.01.55:123][  0]LogConfig: Setting CVar [[r.AmbientOcclusionMipLevelFactor:0.4]]
[2022.08.18-08.01.55:124][  0]LogConfig: Setting CVar [[r.AmbientOcclusionMaxQuality:100]]
[2022.08.18-08.01.55:126][  0]LogConfig: Setting CVar [[r.AmbientOcclusionLevels:-1]]
[2022.08.18-08.01.55:128][  0]LogConfig: Setting CVar [[r.AmbientOcclusionRadiusScale:1.0]]
[2022.08.18-08.01.55:129][  0]LogConfig: Setting CVar [[r.DepthOfFieldQuality:2]]
[2022.08.18-08.01.55:130][  0]LogConfig: Setting CVar [[r.RenderTargetPoolMin:400]]
[2022.08.18-08.01.55:131][  0]LogConfig: Setting CVar [[r.LensFlareQuality:2]]
[2022.08.18-08.01.55:133][  0]LogConfig: Setting CVar [[r.SceneColorFringeQuality:1]]
[2022.08.18-08.01.55:137][  0]LogConfig: Setting CVar [[r.EyeAdaptationQuality:2]]
[2022.08.18-08.01.55:139][  0]LogConfig: Setting CVar [[r.BloomQuality:5]]
[2022.08.18-08.01.55:140][  0]LogConfig: Setting CVar [[r.FastBlurThreshold:100]]
[2022.08.18-08.01.55:142][  0]LogConfig: Setting CVar [[r.Upscale.Quality:3]]
[2022.08.18-08.01.55:143][  0]LogConfig: Setting CVar [[r.Tonemapper.GrainQuantization:1]]
[2022.08.18-08.01.55:144][  0]LogConfig: Setting CVar [[r.LightShaftQuality:1]]
[2022.08.18-08.01.55:148][  0]LogConfig: Setting CVar [[r.Filter.SizeScale:1]]
[2022.08.18-08.01.55:150][  0]LogConfig: Setting CVar [[r.Tonemapper.Quality:5]]
[2022.08.18-08.01.55:152][  0]LogConfig: Setting CVar [[r.DOF.Gather.AccumulatorQuality:1        ; higher gathering accumulator quality]]
[2022.08.18-08.01.55:152][  0]LogConfig: Setting CVar [[r.DOF.Gather.PostfilterMethod:1          ; Median3x3 postfilering method]]
[2022.08.18-08.01.55:154][  0]LogConfig: Setting CVar [[r.DOF.Gather.EnableBokehSettings:0       ; no bokeh simulation when gathering]]
[2022.08.18-08.01.55:156][  0]LogConfig: Setting CVar [[r.DOF.Gather.RingCount:4                 ; medium number of samples when gathering]]
[2022.08.18-08.01.55:157][  0]LogConfig: Setting CVar [[r.DOF.Scatter.ForegroundCompositing:1    ; additive foreground scattering]]
[2022.08.18-08.01.55:161][  0]LogConfig: Setting CVar [[r.DOF.Scatter.BackgroundCompositing:2    ; additive background scattering]]
[2022.08.18-08.01.55:162][  0]LogConfig: Setting CVar [[r.DOF.Scatter.EnableBokehSettings:1      ; bokeh simulation when scattering]]
[2022.08.18-08.01.55:163][  0]LogConfig: Setting CVar [[r.DOF.Scatter.MaxSpriteRatio:0.1         ; only a maximum of 10% of scattered bokeh]]
[2022.08.18-08.01.55:164][  0]LogConfig: Setting CVar [[r.DOF.Recombine.Quality:1                ; cheap slight out of focus]]
[2022.08.18-08.01.55:165][  0]LogConfig: Setting CVar [[r.DOF.Recombine.EnableBokehSettings:0    ; no bokeh simulation on slight out of focus]]
[2022.08.18-08.01.55:167][  0]LogConfig: Setting CVar [[r.DOF.TemporalAAQuality:1                ; more stable temporal accumulation]]
[2022.08.18-08.01.55:168][  0]LogConfig: Setting CVar [[r.DOF.Kernel.MaxForegroundRadius:0.025]]
[2022.08.18-08.01.55:172][  0]LogConfig: Setting CVar [[r.DOF.Kernel.MaxBackgroundRadius:0.025]]
[2022.08.18-08.01.55:177][  0]LogConfig: Applying CVar settings from Section [TextureQuality@3] File [../../../PVP_Game/Saved/Config/WindowsServer/Scalability.ini]
[2022.08.18-08.01.55:178][  0]LogConfig: Setting CVar [[r.Streaming.MipBias:0]]
[2022.08.18-08.01.55:179][  0]LogConfig: Setting CVar [[r.Streaming.AmortizeCPUToGPUCopy:0]]
[2022.08.18-08.01.55:181][  0]LogConfig: Setting CVar [[r.Streaming.MaxNumTexturesToStreamPerFrame:0]]
[2022.08.18-08.01.55:182][  0]LogConfig: Setting CVar [[r.Streaming.Boost:1]]
[2022.08.18-08.01.55:183][  0]LogConfig: Setting CVar [[r.MaxAnisotropy:8]]
[2022.08.18-08.01.55:185][  0]LogConfig: Setting CVar [[r.VT.MaxAnisotropy:8]]
[2022.08.18-08.01.55:190][  0]LogConfig: Setting CVar [[r.Streaming.LimitPoolSizeToVRAM:0]]
[2022.08.18-08.01.55:192][  0]LogConfig: Setting CVar [[r.Streaming.PoolSize:1000]]
[2022.08.18-08.01.55:193][  0]LogConfig: Setting CVar [[r.Streaming.MaxEffectiveScreenSize:0]]
[2022.08.18-08.01.55:194][  0]LogConfig: Applying CVar settings from Section [EffectsQuality@3] File [../../../PVP_Game/Saved/Config/WindowsServer/Scalability.ini]
[2022.08.18-08.01.55:196][  0]LogConfig: Setting CVar [[r.TranslucencyLightingVolumeDim:64]]
[2022.08.18-08.01.55:197][  0]LogConfig: Setting CVar [[r.RefractionQuality:2]]
[2022.08.18-08.01.55:203][  0]LogConfig: Setting CVar [[r.SSR.Quality:3]]
[2022.08.18-08.01.55:204][  0]LogConfig: Setting CVar [[r.SSR.HalfResSceneColor:0]]
[2022.08.18-08.01.55:205][  0]LogConfig: Setting CVar [[r.SceneColorFormat:4]]
[2022.08.18-08.01.55:206][  0]LogConfig: Setting CVar [[r.DetailMode:2]]
[2022.08.18-08.01.55:207][  0]LogConfig: Setting CVar [[r.TranslucencyVolumeBlur:1]]
[2022.08.18-08.01.55:208][  0]LogConfig: Setting CVar [[r.MaterialQualityLevel:1 ; High quality]]
[2022.08.18-08.01.55:213][  0]LogConfig: Setting CVar [[r.AnisotropicMaterials:1]]
[2022.08.18-08.01.55:214][  0]LogConfig: Setting CVar [[r.SSS.Scale:1]]
[2022.08.18-08.01.55:215][  0]LogConfig: Setting CVar [[r.SSS.SampleSet:2]]
[2022.08.18-08.01.55:216][  0]LogConfig: Setting CVar [[r.SSS.Quality:1]]
[2022.08.18-08.01.55:217][  0]LogConfig: Setting CVar [[r.SSS.HalfRes:0]]
[2022.08.18-08.01.55:218][  0]LogConfig: Setting CVar [[r.SSGI.Quality:3]]
[2022.08.18-08.01.55:219][  0]LogConfig: Setting CVar [[r.EmitterSpawnRateScale:1.0]]
[2022.08.18-08.01.55:223][  0]LogConfig: Setting CVar [[r.ParticleLightQuality:2]]
[2022.08.18-08.01.55:227][  0]LogConfig: Setting CVar [[r.SkyAtmosphere.AerialPerspectiveLUT.FastApplyOnOpaque:1 ; Always have FastSkyLUT 1 in this case to avoid wrong sky]]
[2022.08.18-08.01.55:228][  0]LogConfig: Setting CVar [[r.SkyAtmosphere.AerialPerspectiveLUT.SampleCountMaxPerSlice:4]]
[2022.08.18-08.01.55:254][  0]LogConfig: Setting CVar [[r.SkyAtmosphere.AerialPerspectiveLUT.DepthResolution:16.0]]
[2022.08.18-08.01.55:257][  0]LogConfig: Setting CVar [[r.SkyAtmosphere.FastSkyLUT:1]]
[2022.08.18-08.01.55:258][  0]LogConfig: Setting CVar [[r.SkyAtmosphere.FastSkyLUT.SampleCountMin:4.0]]
[2022.08.18-08.01.55:259][  0]LogConfig: Setting CVar [[r.SkyAtmosphere.FastSkyLUT.SampleCountMax:128.0]]
[2022.08.18-08.01.55:260][  0]LogConfig: Setting CVar [[r.SkyAtmosphere.SampleCountMin:4.0]]
[2022.08.18-08.01.55:261][  0]LogConfig: Setting CVar [[r.SkyAtmosphere.SampleCountMax:128.0]]
[2022.08.18-08.01.55:263][  0]LogConfig: Setting CVar [[r.SkyAtmosphere.TransmittanceLUT.UseSmallFormat:0]]
[2022.08.18-08.01.55:264][  0]LogConfig: Setting CVar [[r.SkyAtmosphere.TransmittanceLUT.SampleCount:10.0]]
[2022.08.18-08.01.55:270][  0]LogConfig: Setting CVar [[r.SkyAtmosphere.MultiScatteringLUT.SampleCount:15.0]]
[2022.08.18-08.01.55:272][  0]LogConfig: Setting CVar [[r.SkyLight.RealTimeReflectionCapture:1]]
[2022.08.18-08.01.55:273][  0]LogConfig: Setting CVar [[fx.Niagara.QualityLevel:3]]
[2022.08.18-08.01.55:276][  0]LogConfig: Applying CVar settings from Section [FoliageQuality@3] File [../../../PVP_Game/Saved/Config/WindowsServer/Scalability.ini]
[2022.08.18-08.01.55:277][  0]LogConfig: Setting CVar [[foliage.DensityScale:1.0]]
[2022.08.18-08.01.55:279][  0]LogConfig: Setting CVar [[grass.DensityScale:1.0]]
[2022.08.18-08.01.55:283][  0]LogConfig: Applying CVar settings from Section [ShadingQuality@3] File [../../../PVP_Game/Saved/Config/WindowsServer/Scalability.ini]
[2022.08.18-08.01.55:301][  0]LogConfig: Setting CVar [[r.HairStrands.SkyLighting.IntegrationType:2]]
[2022.08.18-08.01.55:305][  0]LogConfig: Setting CVar [[r.HairStrands.SkyAO.SampleCount:4]]
[2022.08.18-08.01.55:306][  0]LogConfig: Setting CVar [[r.HairStrands.Visibility.MSAA.SamplePerPixel:4]]
[2022.08.18-08.01.55:307][  0]LogConfig: Applying CVar settings from Section [Startup] File [../../../Engine/Config/ConsoleVariables.ini]
[2022.08.18-08.01.55:309][  0]LogConfig: Setting CVar [[net.UseAdaptiveNetUpdateFrequency:0]]
[2022.08.18-08.01.55:310][  0]LogConfig: Setting CVar [[p.chaos.AllowCreatePhysxBodies:1]]
[2022.08.18-08.01.55:311][  0]LogConfig: Setting CVar [[fx.SkipVectorVMBackendOptimizations:1]]
[2022.08.18-08.01.55:312][  0]LogConfig: Applying CVar settings from Section [ConsoleVariables] File [../../../PVP_Game/Saved/Config/WindowsServer/Engine.ini]
[2022.08.18-08.01.55:317][  0]LogInit: Computer: DESKTOP-PTH63E6
[2022.08.18-08.01.55:318][  0]LogInit: User: bitch
[2022.08.18-08.01.55:319][  0]LogInit: CPU Page size=4096, Cores=4
[2022.08.18-08.01.55:320][  0]LogInit: High frequency timer resolution =10.000000 MHz
[2022.08.18-08.01.55:322][  0]LogMemory: Memory total: Physical=7.8GB (8GB approx)
[2022.08.18-08.01.55:323][  0]LogMemory: Platform Memory Stats for WindowsServer
[2022.08.18-08.01.55:327][  0]LogMemory: Process Physical Memory: 76.26 MB used, 76.26 MB peak
[2022.08.18-08.01.55:328][  0]LogMemory: Process Virtual Memory: 76.26 MB used, 76.26 MB peak
[2022.08.18-08.01.55:331][  0]LogMemory: Physical Memory: 6031.80 MB used,  2006.37 MB free, 8038.17 MB total
[2022.08.18-08.01.55:332][  0]LogMemory: Virtual Memory: 134215096.00 MB used,  2631.97 MB free, 134217728.00 MB total
[2022.08.18-08.01.55:350][  0]LogWindows: WindowsPlatformFeatures disabled or dedicated server build
[2022.08.18-08.01.55:399][  0]LogInit: Physics initialised using underlying interface: PhysX
[2022.08.18-08.01.55:400][  0]LogInit: Using OS detected language (en-US).
[2022.08.18-08.01.55:401][  0]LogInit: Using OS detected locale (en-US).
[2022.08.18-08.01.55:406][  0]LogTextLocalizationManager: No specific localization for 'en-US' exists, so the 'en' localization will be used.
[2022.08.18-08.01.55:530][  0]LogRendererCore: Ray tracing is disabled. Reason: r.RayTracing=0.
[2022.08.18-08.01.55:531][  0]LogODSC: ODSC Thread active.
[2022.08.18-08.01.55:569][  0]LogInit: Using OS detected language (en-US).
[2022.08.18-08.01.55:569][  0]LogInit: Using OS detected locale (en-US).
[2022.08.18-08.01.55:573][  0]LogTextLocalizationManager: No localization for 'en-US' exists, so 'en' will be used for the language.
[2022.08.18-08.01.55:573][  0]LogTextLocalizationManager: No localization for 'en-US' exists, so 'en' will be used for the locale.
[2022.08.18-08.01.55:580][  0]LogTextLocalizationManager: Compacting localization data took   3.06ms
[2022.08.18-08.01.55:582][  0]LogAssetRegistry: FAssetRegistry took 0.0045 seconds to start up
[2022.08.18-08.01.55:945][  0]LogStreaming: Display: FlushAsyncLoading: 1 QueuedPackages, 0 AsyncPackages
[2022.08.18-08.01.55:946][  0]LogPackageLocalizationCache: Processed 26 localized package path(s) for 1 prioritized culture(s) in 0.000248 seconds
[2022.08.18-08.01.55:948][  0]LogPakFile: New pak file ../../../PVP_Game/Content/Paks/PVP_Game-WindowsServer.pak added to pak precacher.
[2022.08.18-08.01.55:952][  0]LogInit: Selected Device Profile: [WindowsServer]
[2022.08.18-08.01.55:954][  0]LogInit: Active device profile: [0000020C90B30580][0000020C8EDF4930 49] WindowsServer
[2022.08.18-08.01.55:954][  0]LogInit: Profiles: [0000020C90B30700][0000020C8C2C24A0 49] Windows, [0000020C90B30580][0000020C8EDF4930 49] WindowsServer, 
[2022.08.18-08.01.55:982][  0]LogSerialization: Display: AllowBulkDataInIoStore: 'true'
[2022.08.18-08.01.56:008][  0]LogNetVersion: PVP_Game 1.0.0, NetCL: 0, EngineNetVer: 17, GameNetVer: 0 (Checksum: 2832247850)
[2022.08.18-08.01.56:101][  0]LogAudioCaptureCore: Display: No Audio Capture implementations found. Audio input will be silent.
[2022.08.18-08.01.56:102][  0]LogAudioCaptureCore: Display: No Audio Capture implementations found. Audio input will be silent.
[2022.08.18-08.01.56:107][  0]LogHMD: PokeAHoleMaterial loaded successfully
[2022.08.18-08.01.56:167][  0]LogUObjectArray: 19546 objects as part of root set at end of initial load.
[2022.08.18-08.01.56:180][  0]LogUObjectAllocator: 3988680 out of 0 bytes used by permanent object pool.
[2022.08.18-08.01.56:181][  0]LogUObjectArray: CloseDisregardForGC: 19546/0 objects in disregard for GC pool
[2022.08.18-08.01.56:203][  0]LogSteamShared: Display: Loading Steam SDK 1.51
[2022.08.18-08.01.56:208][  0]LogSteamShared: Steam SDK Loaded!
[2022.08.18-08.01.56:210][  0]LogNiagaraDebuggerClient: Niagara Debugger Client Initialized | Session: 130BBBB74ECC6DA7E3D145AF8FC5741F | Instance: B1531C05477A9F384D7A97AD5046C529 (DESKTOP-PTH63E6-9228).
[2022.08.18-08.01.56:215][  0]LogAndroidPermission: UAndroidPermissionCallbackProxy::GetInstance
[2022.08.18-08.01.56:219][  0]LogOcInput: OculusInput pre-init called
[2022.08.18-08.01.56:223][  0]LogEngine: Initializing Engine...
[2022.08.18-08.01.56:226][  0]LogStats: UGameplayTagsManager::InitializeManager -  0.001 s
[2022.08.18-08.01.56:239][  0]LogInit: Initializing FReadOnlyCVARCache
[2022.08.18-08.01.56:239][  0]LogNetVersion: Set ProjectVersion to 1.0.0.0. Version Checksum will be recalculated on next use.
[2022.08.18-08.01.56:241][  0]LogInit: Texture streaming: Disabled
[2022.08.18-08.01.56:283][  0]LogInit: Display: Game Engine Initialized.
[2022.08.18-08.01.56:289][  0]LogInit: Display: Starting Game.
[2022.08.18-08.01.56:290][  0]LogNet: Browse: /Game/Maps/Match?Name=Player
[2022.08.18-08.01.56:291][  0]LogLoad: LoadMap: /Game/Maps/Match?Name=Player
[2022.08.18-08.01.56:292][  0]LogWorld: BeginTearingDown for /Temp/Untitled_0
[2022.08.18-08.01.56:306][  0]LogWorld: UWorld::CleanupWorld for Untitled, bSessionEnded=true, bCleanupResources=true
[2022.08.18-08.01.56:324][  0]LogUObjectHash: Compacting FUObjectHashTables data took   2.14ms
[2022.08.18-08.01.56:393][  0]LogAIModule: Creating AISystem for world Match
[2022.08.18-08.01.56:394][  0]LogLoad: Game class is 'BPGM_TurnBasedGameMode_C'
[2022.08.18-08.01.56:399][  0]LogNet: ReplicationDriverClass is null! Not using ReplicationDriver.
[2022.08.18-08.01.56:414][  0]LogNetCore: DDoS detection status: detection enabled: 0 analytics enabled: 0
[2022.08.18-08.01.56:422][  0]LogInit: WinSock: Socket queue. Rx: 131072 (config 131072) Tx: 131072 (config 131072)
[2022.08.18-08.01.56:423][  0]LogNet: Created socket for bind address: 0.0.0.0 on port 7777
[2022.08.18-08.01.56:432][  0]PacketHandlerLog: Loaded PacketHandler component: Engine.EngineHandlerComponentFactory (StatelessConnectHandlerComponent)
[2022.08.18-08.01.56:438][  0]LogNet: GameNetDriver IpNetDriver_2147482567 IpNetDriver listening on port 7777
[2022.08.18-08.01.56:443][  0]LogWorld: Bringing World /Game/Maps/Match.Match up for play (max tick rate 30) at 2022.08.18-01.01.56
[2022.08.18-08.01.56:448][  0]LogWorld: Bringing up level for play took: 0.006186
[2022.08.18-08.01.56:451][  0]LogGameMode: Display: Match State Changed from EnteringMap to WaitingToStart
[2022.08.18-08.01.56:456][  0]LogGameState: Match State Changed from EnteringMap to WaitingToStart
[2022.08.18-08.01.56:458][  0]LogLoad: Took 0.166375 seconds to LoadMap(/Game/Maps/Match)
[2022.08.18-08.01.56:460][  0]LogPakFile: AllPaks IndexSizes: DirectoryHashSize=222412, PathHashSize=16, EntriesSize=32752, TotalSize=255180
[2022.08.18-08.01.56:460][  0]LogInit: Display: Engine is initialized. Leaving FEngineLoop::Init()
[2022.08.18-08.01.56:462][  0]LogLoad: (Engine Initialization) Total time: 7.76 seconds
[2022.08.18-08.02.19:917][702]LogNet: NotifyAcceptingConnection accepted from: 192.168.86.1:50527
[2022.08.18-08.02.19:920][702]LogHandshake: SendConnectChallenge. Timestamp: 23.446645, Cookie: 062042169166171107060240151082179238152011028246152046175173
[2022.08.18-08.02.19:945][703]LogNet: NotifyAcceptingConnection accepted from: 192.168.86.1:50527
[2022.08.18-08.02.19:946][703]LogHandshake: SendChallengeAck. InCookie: 062042169166171107060240151082179238152011028246152046175173
[2022.08.18-08.02.19:950][703]LogNet: Server accepting post-challenge connection from: 192.168.86.1:50527
[2022.08.18-08.02.19:953][703]PacketHandlerLog: Loaded PacketHandler component: Engine.EngineHandlerComponentFactory (StatelessConnectHandlerComponent)
[2022.08.18-08.02.19:954][703]LogNet: NotifyAcceptedConnection: Name: Match, TimeStamp: 08/18/22 01:02:19, [UNetConnection] RemoteAddr: 192.168.86.1:50527, Name: IpConnection_2147482560, Driver: GameNetDriver IpNetDriver_2147482567, IsServer: YES, PC: NULL, Owner: NULL, UniqueId: INVALID
[2022.08.18-08.02.19:955][703]LogNet: AddClientConnection: Added client connection: [UNetConnection] RemoteAddr: 192.168.86.1:50527, Name: IpConnection_2147482560, Driver: GameNetDriver IpNetDriver_2147482567, IsServer: YES, PC: NULL, Owner: NULL, UniqueId: INVALID
[2022.08.18-08.02.19:978][704]LogNet: NotifyAcceptingChannel Control 0 server World /Game/Maps/Match.Match: Accepted
[2022.08.18-08.02.19:978][704]LogNet: Remote platform little endian=1
[2022.08.18-08.02.19:981][704]LogNet: This platform little endian=1
[2022.08.18-08.02.19:982][704]LogNetVersion: PVP_Game 1.0.0.0, NetCL: 0, EngineNetVer: 17, GameNetVer: 0 (Checksum: 513338249)
[2022.08.18-08.02.20:011][705]LogNet: Login request: ?Name=DESKTOP-PTH63E6-D7CE98FF4AABA81A926889900B646CD7 userId: NULL:DESKTOP-PTH63E6-D7CE98FF4AABA81A926889900B646CD7 platform: NULL
[2022.08.18-08.02.20:049][706]LogNet: Client netspeed is 100000
[2022.08.18-08.02.20:214][711]LogNet: Join request: /Game/Maps/Match?Name=DESKTOP-PTH63E6-D7CE98FF4AABA81A926889900B646CD7?SplitscreenCount=1
[2022.08.18-08.02.20:214][711]LogOnlineSession: Warning: OSS: No game present to join for session (GameSession)
[2022.08.18-08.02.20:220][711]LogGameMode: Display: Match State Changed from WaitingToStart to InProgress
[2022.08.18-08.02.20:221][711]LogGameState: Match State Changed from WaitingToStart to InProgress
[2022.08.18-08.02.20:221][711]LogNet: Join succeeded: DESKTOP-PTH63E6-D7CE
[2022.08.18-08.02.26:460][898]LogNet: NotifyAcceptingConnection accepted from: 192.168.86.1:50528
[2022.08.18-08.02.26:460][898]LogHandshake: SendConnectChallenge. Timestamp: 29.996628, Cookie: 120023116158166173211066138179118157010045213176199215030029
[2022.08.18-08.02.26:493][899]LogNet: NotifyAcceptingConnection accepted from: 192.168.86.1:50528
[2022.08.18-08.02.26:494][899]LogHandshake: SendChallengeAck. InCookie: 120023116158166173211066138179118157010045213176199215030029
[2022.08.18-08.02.26:496][899]LogNet: Server accepting post-challenge connection from: 192.168.86.1:50528
[2022.08.18-08.02.26:500][899]PacketHandlerLog: Loaded PacketHandler component: Engine.EngineHandlerComponentFactory (StatelessConnectHandlerComponent)
[2022.08.18-08.02.26:500][899]LogNet: NotifyAcceptedConnection: Name: Match, TimeStamp: 08/18/22 01:02:26, [UNetConnection] RemoteAddr: 192.168.86.1:50528, Name: IpConnection_2147482530, Driver: GameNetDriver IpNetDriver_2147482567, IsServer: YES, PC: NULL, Owner: NULL, UniqueId: INVALID
[2022.08.18-08.02.26:501][899]LogNet: AddClientConnection: Added client connection: [UNetConnection] RemoteAddr: 192.168.86.1:50528, Name: IpConnection_2147482530, Driver: GameNetDriver IpNetDriver_2147482567, IsServer: YES, PC: NULL, Owner: NULL, UniqueId: INVALID
[2022.08.18-08.02.26:526][900]LogNet: NotifyAcceptingChannel Control 0 server World /Game/Maps/Match.Match: Accepted
[2022.08.18-08.02.26:526][900]LogNet: Remote platform little endian=1
[2022.08.18-08.02.26:529][900]LogNet: This platform little endian=1
[2022.08.18-08.02.26:560][901]LogNet: Login request: ?Name=DESKTOP-PTH63E6-1C0104C64A10099B8BFA3E8485EBCA86 userId: NULL:DESKTOP-PTH63E6-1C0104C64A10099B8BFA3E8485EBCA86 platform: NULL
[2022.08.18-08.02.26:598][902]LogNet: Client netspeed is 100000
[2022.08.18-08.02.26:800][908]LogNet: Join request: /Game/Maps/Match?Name=DESKTOP-PTH63E6-1C0104C64A10099B8BFA3E8485EBCA86?SplitscreenCount=1
[2022.08.18-08.02.26:801][908]LogOnlineSession: Warning: OSS: No game present to join for session (GameSession)
[2022.08.18-08.02.26:806][908]LogNet: Join succeeded: DESKTOP-PTH63E6-1C01
[2022.08.18-08.03.05:825][ 77]LogNet: UChannel::ReceivedSequencedBunch: Bunch.bClose == true. ChIndex == 0. Calling ConditionalCleanUp.
[2022.08.18-08.03.05:825][ 77]LogNet: UChannel::CleanUp: ChIndex == 0. Closing connection. [UChannel] ChIndex: 0, Closing: 0 [UNetConnection] RemoteAddr: 192.168.86.1:50528, Name: IpConnection_2147482530, Driver: GameNetDriver IpNetDriver_2147482567, IsServer: YES, PC: BP_TurnBasedPlayerController_C_2147482526, Owner: BP_TurnBasedPlayerController_C_2147482526, UniqueId: NULL:DESKTOP-PTH63E6-1C0104C64A10099B8BFA3E8485EBCA86
[2022.08.18-08.03.05:828][ 77]LogNet: UNetConnection::Close: [UNetConnection] RemoteAddr: 192.168.86.1:50528, Name: IpConnection_2147482530, Driver: GameNetDriver IpNetDriver_2147482567, IsServer: YES, PC: BP_TurnBasedPlayerController_C_2147482526, Owner: BP_TurnBasedPlayerController_C_2147482526, UniqueId: NULL:DESKTOP-PTH63E6-1C0104C64A10099B8BFA3E8485EBCA86, Channels: 13, Time: 2022.08.18-08.03.05
[2022.08.18-08.03.05:829][ 77]LogNet: UChannel::Close: Sending CloseBunch. ChIndex == 0. Name: [UChannel] ChIndex: 0, Closing: 0 [UNetConnection] RemoteAddr: 192.168.86.1:50528, Name: IpConnection_2147482530, Driver: GameNetDriver IpNetDriver_2147482567, IsServer: YES, PC: BP_TurnBasedPlayerController_C_2147482526, Owner: BP_TurnBasedPlayerController_C_2147482526, UniqueId: NULL:DESKTOP-PTH63E6-1C0104C64A10099B8BFA3E8485EBCA86
[2022.08.18-08.03.05:831][ 77]LogNet: UChannel::ReceivedSequencedBunch: Bunch.bClose == true. ChIndex == 0. Calling ConditionalCleanUp.
[2022.08.18-08.03.05:831][ 77]LogNet: UChannel::CleanUp: ChIndex == 0. Closing connection. [UChannel] ChIndex: 0, Closing: 0 [UNetConnection] RemoteAddr: 192.168.86.1:50527, Name: IpConnection_2147482560, Driver: GameNetDriver IpNetDriver_2147482567, IsServer: YES, PC: BP_TurnBasedPlayerController_C_2147482556, Owner: BP_TurnBasedPlayerController_C_2147482556, UniqueId: NULL:DESKTOP-PTH63E6-D7CE98FF4AABA81A926889900B646CD7
[2022.08.18-08.03.05:834][ 77]LogNet: UNetConnection::Close: [UNetConnection] RemoteAddr: 192.168.86.1:50527, Name: IpConnection_2147482560, Driver: GameNetDriver IpNetDriver_2147482567, IsServer: YES, PC: BP_TurnBasedPlayerController_C_2147482556, Owner: BP_TurnBasedPlayerController_C_2147482556, UniqueId: NULL:DESKTOP-PTH63E6-D7CE98FF4AABA81A926889900B646CD7, Channels: 13, Time: 2022.08.18-08.03.05
[2022.08.18-08.03.05:837][ 77]LogNet: UChannel::Close: Sending CloseBunch. ChIndex == 0. Name: [UChannel] ChIndex: 0, Closing: 0 [UNetConnection] RemoteAddr: 192.168.86.1:50527, Name: IpConnection_2147482560, Driver: GameNetDriver IpNetDriver_2147482567, IsServer: YES, PC: BP_TurnBasedPlayerController_C_2147482556, Owner: BP_TurnBasedPlayerController_C_2147482556, UniqueId: NULL:DESKTOP-PTH63E6-D7CE98FF4AABA81A926889900B646CD7
[2022.08.18-08.03.05:859][ 77]LogOnlineSession: Warning: OSS: No game present to leave for session (GameSession)
[2022.08.18-08.03.05:864][ 78]LogOnlineSession: Warning: OSS: No game present to leave for session (GameSession)
[2022.08.18-08.04.49:278][166]LogNet: NotifyAcceptingConnection accepted from: 192.168.86.1:50319
[2022.08.18-08.04.49:278][166]LogHandshake: SendConnectChallenge. Timestamp: 172.814308, Cookie: 202106039234110033056109197225019000038055040168153007116142
[2022.08.18-08.04.49:344][168]LogNet: NotifyAcceptingConnection accepted from: 192.168.86.1:50319
[2022.08.18-08.04.49:345][168]LogHandshake: SendChallengeAck. InCookie: 202106039234110033056109197225019000038055040168153007116142
[2022.08.18-08.04.49:347][168]LogNet: Server accepting post-challenge connection from: 192.168.86.1:50319
[2022.08.18-08.04.49:349][168]PacketHandlerLog: Loaded PacketHandler component: Engine.EngineHandlerComponentFactory (StatelessConnectHandlerComponent)
[2022.08.18-08.04.49:349][168]LogNet: NotifyAcceptedConnection: Name: Match, TimeStamp: 08/18/22 01:04:49, [UNetConnection] RemoteAddr: 192.168.86.1:50319, Name: IpConnection_2147482493, Driver: GameNetDriver IpNetDriver_2147482567, IsServer: YES, PC: NULL, Owner: NULL, UniqueId: INVALID
[2022.08.18-08.04.49:350][168]LogNet: AddClientConnection: Added client connection: [UNetConnection] RemoteAddr: 192.168.86.1:50319, Name: IpConnection_2147482493, Driver: GameNetDriver IpNetDriver_2147482567, IsServer: YES, PC: NULL, Owner: NULL, UniqueId: INVALID
[2022.08.18-08.04.49:446][171]LogNet: NotifyAcceptingChannel Control 0 server World /Game/Maps/Match.Match: Accepted
[2022.08.18-08.04.49:446][171]LogNet: Remote platform little endian=1
[2022.08.18-08.04.49:449][171]LogNet: This platform little endian=1
[2022.08.18-08.04.49:576][174]LogNet: Login request: ?Name=DESKTOP-PTH63E6-7769A75E45B5E0E8362E56A821703997 userId: NULL:DESKTOP-PTH63E6-7769A75E45B5E0E8362E56A821703997 platform: NULL
[2022.08.18-08.04.49:643][176]LogNet: Client netspeed is 100000
[2022.08.18-08.04.51:631][235]LogNet: Join request: /Game/Maps/Match?Name=DESKTOP-PTH63E6-7769A75E45B5E0E8362E56A821703997?SplitscreenCount=1
[2022.08.18-08.04.51:632][235]LogOnlineSession: Warning: OSS: No game present to join for session (GameSession)
[2022.08.18-08.04.51:637][235]LogNet: Join succeeded: DESKTOP-PTH63E6-7769
[2022.08.18-08.04.55:320][345]LogNet: NotifyAcceptingConnection accepted from: 192.168.86.1:50320
[2022.08.18-08.04.55:320][345]LogHandshake: SendConnectChallenge. Timestamp: 178.856419, Cookie: 240030152219111226017138118192114125014226187066213116156172
[2022.08.18-08.04.55:353][346]LogNet: NotifyAcceptingConnection accepted from: 192.168.86.1:50320
[2022.08.18-08.04.55:353][346]LogHandshake: SendChallengeAck. InCookie: 240030152219111226017138118192114125014226187066213116156172
[2022.08.18-08.04.55:357][346]LogNet: Server accepting post-challenge connection from: 192.168.86.1:50320
[2022.08.18-08.04.55:383][346]PacketHandlerLog: Loaded PacketHandler component: Engine.EngineHandlerComponentFactory (StatelessConnectHandlerComponent)
[2022.08.18-08.04.55:385][346]LogNet: NotifyAcceptedConnection: Name: Match, TimeStamp: 08/18/22 01:04:55, [UNetConnection] RemoteAddr: 192.168.86.1:50320, Name: IpConnection_2147482465, Driver: GameNetDriver IpNetDriver_2147482567, IsServer: YES, PC: NULL, Owner: NULL, UniqueId: INVALID
[2022.08.18-08.04.55:386][346]LogNet: AddClientConnection: Added client connection: [UNetConnection] RemoteAddr: 192.168.86.1:50320, Name: IpConnection_2147482465, Driver: GameNetDriver IpNetDriver_2147482567, IsServer: YES, PC: NULL, Owner: NULL, UniqueId: INVALID
[2022.08.18-08.04.55:387][346]LogNet: NotifyAcceptingChannel Control 0 server World /Game/Maps/Match.Match: Accepted
[2022.08.18-08.04.55:389][346]LogNet: Remote platform little endian=1
[2022.08.18-08.04.55:390][346]LogNet: This platform little endian=1
[2022.08.18-08.04.55:426][348]LogNet: Login request: ?Name=DESKTOP-PTH63E6-17F7B68E4C5196A2196046A3407479C8 userId: NULL:DESKTOP-PTH63E6-17F7B68E4C5196A2196046A3407479C8 platform: NULL
[2022.08.18-08.04.55:465][349]LogNet: Client netspeed is 100000
[2022.08.18-08.04.55:698][356]LogNet: Join request: /Game/Maps/Match?Name=DESKTOP-PTH63E6-17F7B68E4C5196A2196046A3407479C8?SplitscreenCount=1
[2022.08.18-08.04.55:699][356]LogOnlineSession: Warning: OSS: No game present to join for session (GameSession)
[2022.08.18-08.04.55:708][356]LogNet: Join succeeded: DESKTOP-PTH63E6-17F7
[2022.08.18-08.08.00:910][890]LogNet: UChannel::ReceivedSequencedBunch: Bunch.bClose == true. ChIndex == 0. Calling ConditionalCleanUp.
[2022.08.18-08.08.00:910][890]LogNet: UChannel::CleanUp: ChIndex == 0. Closing connection. [UChannel] ChIndex: 0, Closing: 0 [UNetConnection] RemoteAddr: 192.168.86.1:50320, Name: IpConnection_2147482465, Driver: GameNetDriver IpNetDriver_2147482567, IsServer: YES, PC: BP_TurnBasedPlayerController_C_2147482461, Owner: BP_TurnBasedPlayerController_C_2147482461, UniqueId: NULL:DESKTOP-PTH63E6-17F7B68E4C5196A2196046A3407479C8
[2022.08.18-08.08.00:914][890]LogNet: UNetConnection::Close: [UNetConnection] RemoteAddr: 192.168.86.1:50320, Name: IpConnection_2147482465, Driver: GameNetDriver IpNetDriver_2147482567, IsServer: YES, PC: BP_TurnBasedPlayerController_C_2147482461, Owner: BP_TurnBasedPlayerController_C_2147482461, UniqueId: NULL:DESKTOP-PTH63E6-17F7B68E4C5196A2196046A3407479C8, Channels: 13, Time: 2022.08.18-08.08.00
[2022.08.18-08.08.00:916][890]LogNet: UChannel::Close: Sending CloseBunch. ChIndex == 0. Name: [UChannel] ChIndex: 0, Closing: 0 [UNetConnection] RemoteAddr: 192.168.86.1:50320, Name: IpConnection_2147482465, Driver: GameNetDriver IpNetDriver_2147482567, IsServer: YES, PC: BP_TurnBasedPlayerController_C_2147482461, Owner: BP_TurnBasedPlayerController_C_2147482461, UniqueId: NULL:DESKTOP-PTH63E6-17F7B68E4C5196A2196046A3407479C8
[2022.08.18-08.08.00:945][891]LogOnlineSession: Warning: OSS: No game present to leave for session (GameSession)
[2022.08.18-08.08.10:886][188]LogNet: UChannel::ReceivedSequencedBunch: Bunch.bClose == true. ChIndex == 0. Calling ConditionalCleanUp.
[2022.08.18-08.08.10:886][188]LogNet: UChannel::CleanUp: ChIndex == 0. Closing connection. [UChannel] ChIndex: 0, Closing: 0 [UNetConnection] RemoteAddr: 192.168.86.1:50319, Name: IpConnection_2147482493, Driver: GameNetDriver IpNetDriver_2147482567, IsServer: YES, PC: BP_TurnBasedPlayerController_C_2147482489, Owner: BP_TurnBasedPlayerController_C_2147482489, UniqueId: NULL:DESKTOP-PTH63E6-7769A75E45B5E0E8362E56A821703997
[2022.08.18-08.08.10:896][188]LogNet: UNetConnection::Close: [UNetConnection] RemoteAddr: 192.168.86.1:50319, Name: IpConnection_2147482493, Driver: GameNetDriver IpNetDriver_2147482567, IsServer: YES, PC: BP_TurnBasedPlayerController_C_2147482489, Owner: BP_TurnBasedPlayerController_C_2147482489, UniqueId: NULL:DESKTOP-PTH63E6-7769A75E45B5E0E8362E56A821703997, Channels: 11, Time: 2022.08.18-08.08.10
[2022.08.18-08.08.10:896][188]LogNet: UChannel::Close: Sending CloseBunch. ChIndex == 0. Name: [UChannel] ChIndex: 0, Closing: 0 [UNetConnection] RemoteAddr: 192.168.86.1:50319, Name: IpConnection_2147482493, Driver: GameNetDriver IpNetDriver_2147482567, IsServer: YES, PC: BP_TurnBasedPlayerController_C_2147482489, Owner: BP_TurnBasedPlayerController_C_2147482489, UniqueId: NULL:DESKTOP-PTH63E6-7769A75E45B5E0E8362E56A821703997
[2022.08.18-08.08.10:919][189]LogOnlineSession: Warning: OSS: No game present to leave for session (GameSession)
