Log file open, 08/15/22 22:59:04
LogWindows: Failed to load 'aqProf.dll' (GetLastError=126)
LogWindows: File 'aqProf.dll' does not exist
LogWindows: Failed to load 'VtuneApi.dll' (GetLastError=126)
LogWindows: File 'VtuneApi.dll' does not exist
LogWindows: Failed to load 'VtuneApi32e.dll' (GetLastError=126)
LogWindows: File 'VtuneApi32e.dll' does not exist
LogConsoleResponse: Display: Failed to find resolution value strings in scalability ini. Falling back to default.
LogConsoleResponse: Display: Failed to find resolution value strings in scalability ini. Falling back to default.
LogPakFile: Display: Found Pak file ../../../PVP_Game/Content/Paks/PVP_Game-WindowsServer.pak attempting to mount.
LogPakFile: Display: Mounting pak file ../../../PVP_Game/Content/Paks/PVP_Game-WindowsServer.pak.
LogPakFile: PakFile PrimaryIndexSize=26058
LogPakFile: PakFile PathHashIndexSize=48573
LogPakFile: PakFile FullDirectoryIndexSize=64311
LogShaderLibrary: Display: ShaderCodeLibraryPakFileMountedCallback: PakFile '../../../PVP_Game/Content/Paks/PVP_Game-WindowsServer.pak' (chunk index -1, root '../../../') mounted
LogShaderLibrary: Display: ShaderCodeLibraryPakFileMountedCallback: pending pak file info (ChunkID:-1 Root:../../../ File:../../../PVP_Game/Content/Paks/PVP_Game-WindowsServer.pak)
LogPakFile: OnPakFileMounted2Time == 0.003124
LogPlatformFile: Not using cached read wrapper
LogTaskGraph: Started task graph with 5 named threads and 9 total threads with 1 sets of task threads.
LogStats: Stats thread started at 1.670762
LogICUInternationalization: ICU TimeZone Detection - Raw Offset: -8:00, Platform Override: ''
LogInit: Display: Loading text-based GConfig....
LogPluginManager: Mounting plugin OnlineSubsystemSteam
LogPluginManager: Mounting plugin OnlineSubsystem
LogPluginManager: Mounting plugin OnlineSubsystemUtils
LogPluginManager: Mounting plugin SteamShared
LogPluginManager: Mounting plugin OnlineFramework
LogPluginManager: Mounting plugin PlayFab
LogPluginManager: Mounting plugin AdvancedSessions
LogPluginManager: Mounting plugin AdvancedSteamSessions
LogPluginManager: Mounting plugin Paper2D
LogPluginManager: Mounting plugin AISupport
LogPluginManager: Mounting plugin EnvironmentQueryEditor
LogPluginManager: Mounting plugin LightPropagationVolume
LogPluginManager: Mounting plugin CameraShakePreviewer
LogPluginManager: Mounting plugin GameplayCameras
LogPluginManager: Mounting plugin TemplateSequence
LogPluginManager: Mounting plugin LevelSequenceEditor
LogPluginManager: Mounting plugin OodleData
LogPluginManager: Mounting plugin OodleNetwork
LogPluginManager: Mounting plugin AnimationSharing
LogPluginManager: Mounting plugin SignificanceManager
LogPluginManager: Mounting plugin PluginUtils
LogPluginManager: Mounting plugin PropertyAccessEditor
LogPluginManager: Mounting plugin UObjectPlugin
LogPluginManager: Mounting plugin AssetManagerEditor
LogPluginManager: Mounting plugin FacialAnimation
LogPluginManager: Mounting plugin GeometryMode
LogPluginManager: Mounting plugin SpeedTreeImporter
LogPluginManager: Mounting plugin DatasmithContent
LogPluginManager: Mounting plugin VariantManagerContent
LogPluginManager: Mounting plugin AlembicImporter
LogPluginManager: Mounting plugin GeometryCache
LogPluginManager: Mounting plugin AutomationUtils
LogPluginManager: Mounting plugin ScreenshotTools
LogPluginManager: Mounting plugin BackChannel
LogPluginManager: Mounting plugin ChaosClothEditor
LogPluginManager: Mounting plugin ChaosCloth
LogPluginManager: Mounting plugin ChaosEditor
LogPluginManager: Mounting plugin PlanarCut
LogPluginManager: Mounting plugin GeometryProcessing
LogPluginManager: Mounting plugin EditableMesh
LogPluginManager: Mounting plugin GeometryCollectionPlugin
LogPluginManager: Mounting plugin ProceduralMeshComponent
LogPluginManager: Mounting plugin ChaosSolverPlugin
LogPluginManager: Mounting plugin ChaosNiagara
LogPluginManager: Mounting plugin Niagara
LogPluginManager: Mounting plugin PythonScriptPlugin
LogPluginManager: Mounting plugin CharacterAI
LogPluginManager: Mounting plugin MotoSynth
LogPluginManager: Mounting plugin OpenImageDenoise
LogPluginManager: Mounting plugin PlatformCrypto
LogPluginManager: Mounting plugin MagicLeapPassableWorld
LogPluginManager: Mounting plugin MagicLeap
LogPluginManager: Mounting plugin MLSDK
LogPluginManager: Mounting plugin MagicLeapLightEstimation
LogPluginManager: Mounting plugin AvfMedia
LogPluginManager: Mounting plugin ImgMedia
LogPluginManager: Mounting plugin MediaCompositing
LogPluginManager: Mounting plugin MeshPainting
LogPluginManager: Mounting plugin TcpMessaging
LogPluginManager: Mounting plugin UdpMessaging
LogPluginManager: Mounting plugin ActorSequence
LogPluginManager: Mounting plugin MatineeToLevelSequence
LogPluginManager: Mounting plugin OnlineSubsystemNull
LogPluginManager: Mounting plugin LauncherChunkInstaller
LogPluginManager: Mounting plugin ActorLayerUtilities
LogPluginManager: Mounting plugin AndroidPermission
LogPluginManager: Mounting plugin AppleImageUtils
LogPluginManager: Mounting plugin ArchVisCharacter
LogPluginManager: Mounting plugin AssetTags
LogPluginManager: Mounting plugin AudioCapture
LogPluginManager: Mounting plugin CableComponent
LogPluginManager: Mounting plugin ChunkDownloader
LogPluginManager: Mounting plugin CustomMeshComponent
LogPluginManager: Mounting plugin ExampleDeviceProfileSelector
LogPluginManager: Mounting plugin GooglePAD
LogPluginManager: Mounting plugin LocationServicesBPLibrary
LogPluginManager: Mounting plugin MobilePatchingUtils
LogPluginManager: Mounting plugin OculusVR
LogPluginManager: Mounting plugin OpenXREyeTracker
LogPluginManager: Mounting plugin OpenXR
LogPluginManager: Mounting plugin OpenXRHandTracking
LogPluginManager: Mounting plugin LiveLink
LogPluginManager: Mounting plugin Takes
LogPluginManager: Mounting plugin PhysXVehicles
LogPluginManager: Mounting plugin RuntimePhysXCooking
LogPluginManager: Mounting plugin SoundFields
LogPluginManager: Mounting plugin SteamVR
LogPluginManager: Mounting plugin Synthesis
LogPluginManager: Mounting plugin AudioSynesthesia
LogPluginManager: Mounting plugin WindowsMoviePlayer
LogInit: Using libcurl 7.55.1-DEV
LogInit:  - built for x86_64-pc-win32
LogInit:  - supports SSL with OpenSSL/1.1.1
LogInit:  - supports HTTP deflate (compression) using libz 1.2.8
LogInit:  - other features:
LogInit:      CURL_VERSION_SSL
LogInit:      CURL_VERSION_LIBZ
LogInit:      CURL_VERSION_IPV6
LogInit:      CURL_VERSION_ASYNCHDNS
LogInit:      CURL_VERSION_LARGEFILE
LogInit:      CURL_VERSION_IDN
LogInit:  CurlRequestOptions (configurable via config and command line):
LogInit:  - bVerifyPeer = true  - Libcurl will verify peer certificate
LogInit:  - bUseHttpProxy = false  - Libcurl will NOT use HTTP proxy
LogInit:  - bDontReuseConnections = false  - Libcurl will reuse connections
LogInit:  - MaxHostConnections = 16  - Libcurl will limit the number of connections to a host
LogInit:  - LocalHostAddr = Default
LogInit:  - BufferSize = 65536
LogSteamShared: Display: Loading Steam SDK 1.51
LogSteamShared: Steam SDK Loaded!
LogOnline: OSS: Creating online subsystem instance for: Steam
LogOnline: STEAM: [AppId: 480] Game Server API initialized 1
LogOnline: STEAM: Initializing SteamNetworking Layer
LogOnline: STEAM: Missing P2PCleanupTimeout key in OnlineSubsystemSteam of DefaultEngine.ini, using default
LogInit: WinSock: version 1.1 (2.2), MaxSocks=32767, MaxUdp=65467
LogOnline: OSS: TryLoadSubsystemAndSetDefault: Loaded subsystem for module [Steam]
LogLuminAPIImpl: Warning: MLSDK not found.  This likely means the MLSDK environment variable is not set.
LogInit: Build: ++UE4+Release-4.27-CL-0
LogInit: Engine Version: 4.27.2-0+++UE4+Release-4.27
LogInit: Compatible Engine Version: 4.27.0-0+++UE4+Release-4.27
LogInit: Net CL: 0
LogInit: OS: Windows 10 (Release 2009) (), CPU: Intel(R) Core(TM) i5-8257U CPU @ 1.40GHz, GPU: Intel(R) Iris(R) Plus Graphics 645
LogInit: Compiled (64-bit): Aug 14 2022 20:44:59
LogInit: Compiled with Visual C++: 19.33.31629.00
LogInit: Build Configuration: Development
LogInit: Branch Name: ++UE4+Release-4.27
LogInit: Command Line:  -log
LogInit: Base Directory: C:/Users/bitch/Documents/GitHub/PVP_Chess_Game/Release/WindowsServer/PVP_Game/Binaries/Win64/
LogInit: Allocator: binned2
LogInit: Installed Engine Build: 0
LogDevObjectVersion: Number of dev versions registered: 29
LogDevObjectVersion:   Dev-Blueprints (B0D832E4-1F89-4F0D-ACCF-7EB736FD4AA2): 10
LogDevObjectVersion:   Dev-Build (E1C64328-A22C-4D53-A36C-8E866417BD8C): 0
LogDevObjectVersion:   Dev-Core (375EC13C-06E4-48FB-B500-84F0262A717E): 4
LogDevObjectVersion:   Dev-Editor (E4B068ED-F494-42E9-A231-DA0B2E46BB41): 40
LogDevObjectVersion:   Dev-Framework (CFFC743F-43B0-4480-9391-14DF171D2073): 37
LogDevObjectVersion:   Dev-Mobile (B02B49B5-BB20-44E9-A304-32B752E40360): 3
LogDevObjectVersion:   Dev-Networking (A4E4105C-59A1-49B5-A7C5-40C4547EDFEE): 0
LogDevObjectVersion:   Dev-Online (39C831C9-5AE6-47DC-9A44-9C173E1C8E7C): 0
LogDevObjectVersion:   Dev-Physics (78F01B33-EBEA-4F98-B9B4-84EACCB95AA2): 14
LogDevObjectVersion:   Dev-Platform (6631380F-2D4D-43E0-8009-CF276956A95A): 0
LogDevObjectVersion:   Dev-Rendering (12F88B9F-8875-4AFC-A67C-D90C383ABD29): 45
LogDevObjectVersion:   Dev-Sequencer (7B5AE74C-D270-4C10-A958-57980B212A5A): 13
LogDevObjectVersion:   Dev-VR (D7296918-1DD6-4BDD-9DE2-64A83CC13884): 3
LogDevObjectVersion:   Dev-LoadTimes (C2A15278-BFE7-4AFE-6C17-90FF531DF755): 1
LogDevObjectVersion:   Private-Geometry (6EACA3D4-40EC-4CC1-B786-8BED09428FC5): 3
LogDevObjectVersion:   Dev-AnimPhys (29E575DD-E0A3-4627-9D10-D276232CDCEA): 17
LogDevObjectVersion:   Dev-Anim (AF43A65D-7FD3-4947-9873-3E8ED9C1BB05): 15
LogDevObjectVersion:   Dev-ReflectionCapture (6B266CEC-1EC7-4B8F-A30B-E4D90942FC07): 1
LogDevObjectVersion:   Dev-Automation (0DF73D61-A23F-47EA-B727-89E90C41499A): 1
LogDevObjectVersion:   FortniteMain (601D1886-AC64-4F84-AA16-D3DE0DEAC7D6): 47
LogDevObjectVersion:   FortniteRelease (E7086368-6B23-4C58-8439-1B7016265E91): 1
LogDevObjectVersion:   Dev-Enterprise (9DFFBCD6-494F-0158-E221-12823C92A888): 10
LogDevObjectVersion:   Dev-Niagara (F2AED0AC-9AFE-416F-8664-AA7FFA26D6FC): 1
LogDevObjectVersion:   Dev-Destruction (174F1F0B-B4C6-45A5-B13F-2EE8D0FB917D): 10
LogDevObjectVersion:   Dev-Physics-Ext (35F94A83-E258-406C-A318-09F59610247C): 41
LogDevObjectVersion:   Dev-PhysicsMaterial-Chaos (B68FC16E-8B1B-42E2-B453-215C058844FE): 1
LogDevObjectVersion:   Dev-CineCamera (B2E18506-4273-CFC2-A54E-F4BB758BBA07): 1
LogDevObjectVersion:   Dev-VirtualProduction (64F58936-FD1B-42BA-BA96-7289D5D0FA4E): 1
LogDevObjectVersion:   Dev-MediaFramework (6F0ED827-A609-4895-9C91-998D90180EA4): 2
LogInit: Presizing for max 2097152 objects, including 1 objects not considered by GC, pre-allocating 0 bytes for permanent pool.
LogConfig: Applying CVar settings from Section [/Script/Engine.StreamingSettings] File [../../../PVP_Game/Saved/Config/WindowsServer/Engine.ini]
LogConfig: Setting CVar [[s.MinBulkDataSizeForAsyncLoading:131072]]
LogConfig: Setting CVar [[s.AsyncLoadingThreadEnabled:0]]
LogConfig: Setting CVar [[s.EventDrivenLoaderEnabled:1]]
LogConfig: Setting CVar [[s.WarnIfTimeLimitExceeded:0]]
LogConfig: Setting CVar [[s.TimeLimitExceededMultiplier:1.5]]
LogConfig: Setting CVar [[s.TimeLimitExceededMinTime:0.005]]
LogConfig: Setting CVar [[s.UseBackgroundLevelStreaming:1]]
LogConfig: Setting CVar [[s.PriorityAsyncLoadingExtraTime:15.0]]
LogConfig: Setting CVar [[s.LevelStreamingActorsUpdateTimeLimit:5.0]]
LogConfig: Setting CVar [[s.PriorityLevelStreamingActorsUpdateExtraTime:5.0]]
LogConfig: Setting CVar [[s.LevelStreamingComponentsRegistrationGranularity:10]]
LogConfig: Setting CVar [[s.UnregisterComponentsTimeLimit:1.0]]
LogConfig: Setting CVar [[s.LevelStreamingComponentsUnregistrationGranularity:5]]
LogConfig: Setting CVar [[s.FlushStreamingOnExit:1]]
LogStreaming: Display: Async Loading initialized: Event Driven Loader: true, Async Loading Thread: false, Async Post Load: false
LogInit: Object subsystem initialized
LogConfig: Setting CVar [[con.DebugEarlyDefault:1]]
LogConfig: Setting CVar [[r.setres:1280x720]]
LogConfig: Setting CVar [[fx.NiagaraAllowRuntimeScalabilityChanges:1]]
[2022.08.16-05.59.18:531][  0]LogConfig: Setting CVar [[con.DebugEarlyDefault:1]]
[2022.08.16-05.59.18:538][  0]LogConfig: Setting CVar [[r.setres:1280x720]]
[2022.08.16-05.59.18:603][  0]LogConfig: Setting CVar [[fx.NiagaraAllowRuntimeScalabilityChanges:1]]
[2022.08.16-05.59.18:605][  0]LogConfig: Applying CVar settings from Section [/Script/Engine.RendererSettings] File [../../../PVP_Game/Saved/Config/WindowsServer/Engine.ini]
[2022.08.16-05.59.18:732][  0]LogConfig: Setting CVar [[r.GPUCrashDebugging:0]]
[2022.08.16-05.59.18:739][  0]LogConfig: Applying CVar settings from Section [/Script/Engine.RendererOverrideSettings] File [../../../PVP_Game/Saved/Config/WindowsServer/Engine.ini]
[2022.08.16-05.59.18:790][  0]LogConfig: Applying CVar settings from Section [/Script/Engine.StreamingSettings] File [../../../PVP_Game/Saved/Config/WindowsServer/Engine.ini]
[2022.08.16-05.59.18:799][  0]LogConfig: Setting CVar [[s.MinBulkDataSizeForAsyncLoading:131072]]
[2022.08.16-05.59.18:801][  0]LogConfig: Setting CVar [[s.AsyncLoadingThreadEnabled:0]]
[2022.08.16-05.59.18:869][  0]LogConfig: Setting CVar [[s.EventDrivenLoaderEnabled:1]]
[2022.08.16-05.59.18:879][  0]LogConfig: Setting CVar [[s.WarnIfTimeLimitExceeded:0]]
[2022.08.16-05.59.19:000][  0]LogConfig: Setting CVar [[s.TimeLimitExceededMultiplier:1.5]]
[2022.08.16-05.59.19:008][  0]LogConfig: Setting CVar [[s.TimeLimitExceededMinTime:0.005]]
[2022.08.16-05.59.19:038][  0]LogConfig: Setting CVar [[s.UseBackgroundLevelStreaming:1]]
[2022.08.16-05.59.19:046][  0]LogConfig: Setting CVar [[s.PriorityAsyncLoadingExtraTime:15.0]]
[2022.08.16-05.59.19:065][  0]LogConfig: Setting CVar [[s.LevelStreamingActorsUpdateTimeLimit:5.0]]
[2022.08.16-05.59.19:071][  0]LogConfig: Setting CVar [[s.PriorityLevelStreamingActorsUpdateExtraTime:5.0]]
[2022.08.16-05.59.19:166][  0]LogConfig: Setting CVar [[s.LevelStreamingComponentsRegistrationGranularity:10]]
[2022.08.16-05.59.19:178][  0]LogConfig: Setting CVar [[s.UnregisterComponentsTimeLimit:1.0]]
[2022.08.16-05.59.19:297][  0]LogConfig: Setting CVar [[s.LevelStreamingComponentsUnregistrationGranularity:5]]
[2022.08.16-05.59.19:304][  0]LogConfig: Setting CVar [[s.FlushStreamingOnExit:1]]
[2022.08.16-05.59.19:413][  0]LogConfig: Applying CVar settings from Section [/Script/Engine.GarbageCollectionSettings] File [../../../PVP_Game/Saved/Config/WindowsServer/Engine.ini]
[2022.08.16-05.59.19:420][  0]LogConfig: Setting CVar [[gc.MaxObjectsNotConsideredByGC:1]]
[2022.08.16-05.59.19:429][  0]LogConfig: Setting CVar [[gc.SizeOfPermanentObjectPool:0]]
[2022.08.16-05.59.19:438][  0]LogConfig: Setting CVar [[gc.FlushStreamingOnGC:0]]
[2022.08.16-05.59.19:489][  0]LogConfig: Setting CVar [[gc.NumRetriesBeforeForcingGC:10]]
[2022.08.16-05.59.19:543][  0]LogConfig: Setting CVar [[gc.AllowParallelGC:1]]
[2022.08.16-05.59.19:551][  0]LogConfig: Setting CVar [[gc.TimeBetweenPurgingPendingKillObjects:61.1]]
[2022.08.16-05.59.19:616][  0]LogConfig: Setting CVar [[gc.MaxObjectsInEditor:25165824]]
[2022.08.16-05.59.19:623][  0]LogConfig: Setting CVar [[gc.IncrementalBeginDestroyEnabled:1]]
[2022.08.16-05.59.19:792][  0]LogConfig: Setting CVar [[gc.CreateGCClusters:1]]
[2022.08.16-05.59.19:799][  0]LogConfig: Setting CVar [[gc.MinGCClusterSize:5]]
[2022.08.16-05.59.19:832][  0]LogConfig: Setting CVar [[gc.ActorClusteringEnabled:0]]
[2022.08.16-05.59.19:837][  0]LogConfig: Setting CVar [[gc.BlueprintClusteringEnabled:0]]
[2022.08.16-05.59.19:861][  0]LogConfig: Setting CVar [[gc.UseDisregardForGCOnDedicatedServers:0]]
[2022.08.16-05.59.19:868][  0]LogConfig: Setting CVar [[gc.MultithreadedDestructionEnabled:1]]
[2022.08.16-05.59.19:967][  0]LogConfig: Applying CVar settings from Section [/Script/Engine.NetworkSettings] File [../../../PVP_Game/Saved/Config/WindowsServer/Engine.ini]
[2022.08.16-05.59.19:972][  0]LogConfig: Applying CVar settings from Section [ViewDistanceQuality@3] File [../../../PVP_Game/Saved/Config/WindowsServer/Scalability.ini]
[2022.08.16-05.59.20:167][  0]LogConfig: Setting CVar [[r.SkeletalMeshLODBias:0]]
[2022.08.16-05.59.20:171][  0]LogConfig: Setting CVar [[r.ViewDistanceScale:1.0]]
[2022.08.16-05.59.20:172][  0]LogConfig: Applying CVar settings from Section [AntiAliasingQuality@3] File [../../../PVP_Game/Saved/Config/WindowsServer/Scalability.ini]
[2022.08.16-05.59.20:297][  0]LogConfig: Setting CVar [[r.PostProcessAAQuality:4]]
[2022.08.16-05.59.20:301][  0]LogConfig: Applying CVar settings from Section [ShadowQuality@3] File [../../../PVP_Game/Saved/Config/WindowsServer/Scalability.ini]
[2022.08.16-05.59.20:301][  0]LogConfig: Setting CVar [[r.LightFunctionQuality:1]]
[2022.08.16-05.59.20:500][  0]LogConfig: Setting CVar [[r.ShadowQuality:5]]
[2022.08.16-05.59.20:508][  0]LogConfig: Setting CVar [[r.Shadow.CSM.MaxCascades:10]]
[2022.08.16-05.59.20:575][  0]LogConfig: Setting CVar [[r.Shadow.MaxResolution:2048]]
[2022.08.16-05.59.20:580][  0]LogConfig: Setting CVar [[r.Shadow.MaxCSMResolution:2048]]
[2022.08.16-05.59.20:631][  0]LogConfig: Setting CVar [[r.Shadow.RadiusThreshold:0.01]]
[2022.08.16-05.59.20:638][  0]LogConfig: Setting CVar [[r.Shadow.DistanceScale:1.0]]
[2022.08.16-05.59.20:757][  0]LogConfig: Setting CVar [[r.Shadow.CSM.TransitionScale:1.0]]
[2022.08.16-05.59.20:814][  0]LogConfig: Setting CVar [[r.Shadow.PreShadowResolutionFactor:1.0]]
[2022.08.16-05.59.20:882][  0]LogConfig: Setting CVar [[r.DistanceFieldShadowing:1]]
[2022.08.16-05.59.20:888][  0]LogConfig: Setting CVar [[r.DistanceFieldAO:1]]
[2022.08.16-05.59.20:938][  0]LogConfig: Setting CVar [[r.AOQuality:2]]
[2022.08.16-05.59.21:117][  0]LogConfig: Setting CVar [[r.VolumetricFog:1]]
[2022.08.16-05.59.21:197][  0]LogConfig: Setting CVar [[r.VolumetricFog.GridPixelSize:8]]
[2022.08.16-05.59.21:201][  0]LogConfig: Setting CVar [[r.VolumetricFog.GridSizeZ:128]]
[2022.08.16-05.59.21:326][  0]LogConfig: Setting CVar [[r.VolumetricFog.HistoryMissSupersampleCount:4]]
[2022.08.16-05.59.21:337][  0]LogConfig: Setting CVar [[r.LightMaxDrawDistanceScale:1]]
[2022.08.16-05.59.21:429][  0]LogConfig: Setting CVar [[r.CapsuleShadows:1]]
[2022.08.16-05.59.21:431][  0]LogConfig: Applying CVar settings from Section [PostProcessQuality@3] File [../../../PVP_Game/Saved/Config/WindowsServer/Scalability.ini]
[2022.08.16-05.59.21:506][  0]LogConfig: Setting CVar [[r.MotionBlurQuality:4]]
[2022.08.16-05.59.21:574][  0]LogConfig: Setting CVar [[r.AmbientOcclusionMipLevelFactor:0.4]]
[2022.08.16-05.59.21:581][  0]LogConfig: Setting CVar [[r.AmbientOcclusionMaxQuality:100]]
[2022.08.16-05.59.21:701][  0]LogConfig: Setting CVar [[r.AmbientOcclusionLevels:-1]]
[2022.08.16-05.59.21:707][  0]LogConfig: Setting CVar [[r.AmbientOcclusionRadiusScale:1.0]]
[2022.08.16-05.59.21:881][  0]LogConfig: Setting CVar [[r.DepthOfFieldQuality:2]]
[2022.08.16-05.59.21:888][  0]LogConfig: Setting CVar [[r.RenderTargetPoolMin:400]]
[2022.08.16-05.59.21:956][  0]LogConfig: Setting CVar [[r.LensFlareQuality:2]]
[2022.08.16-05.59.22:013][  0]LogConfig: Setting CVar [[r.SceneColorFringeQuality:1]]
[2022.08.16-05.59.22:018][  0]LogConfig: Setting CVar [[r.EyeAdaptationQuality:2]]
[2022.08.16-05.59.22:070][  0]LogConfig: Setting CVar [[r.BloomQuality:5]]
[2022.08.16-05.59.22:220][  0]LogConfig: Setting CVar [[r.FastBlurThreshold:100]]
[2022.08.16-05.59.22:321][  0]LogConfig: Setting CVar [[r.Upscale.Quality:3]]
[2022.08.16-05.59.22:519][  0]LogConfig: Setting CVar [[r.Tonemapper.GrainQuantization:1]]
[2022.08.16-05.59.22:646][  0]LogConfig: Setting CVar [[r.LightShaftQuality:1]]
[2022.08.16-05.59.22:653][  0]LogConfig: Setting CVar [[r.Filter.SizeScale:1]]
[2022.08.16-05.59.22:820][  0]LogConfig: Setting CVar [[r.Tonemapper.Quality:5]]
[2022.08.16-05.59.22:895][  0]LogConfig: Setting CVar [[r.DOF.Gather.AccumulatorQuality:1        ; higher gathering accumulator quality]]
[2022.08.16-05.59.22:901][  0]LogConfig: Setting CVar [[r.DOF.Gather.PostfilterMethod:1          ; Median3x3 postfilering method]]
[2022.08.16-05.59.23:050][  0]LogConfig: Setting CVar [[r.DOF.Gather.EnableBokehSettings:0       ; no bokeh simulation when gathering]]
[2022.08.16-05.59.23:057][  0]LogConfig: Setting CVar [[r.DOF.Gather.RingCount:4                 ; medium number of samples when gathering]]
[2022.08.16-05.59.23:182][  0]LogConfig: Setting CVar [[r.DOF.Scatter.ForegroundCompositing:1    ; additive foreground scattering]]
[2022.08.16-05.59.23:188][  0]LogConfig: Setting CVar [[r.DOF.Scatter.BackgroundCompositing:2    ; additive background scattering]]
[2022.08.16-05.59.23:255][  0]LogConfig: Setting CVar [[r.DOF.Scatter.EnableBokehSettings:1      ; bokeh simulation when scattering]]
[2022.08.16-05.59.23:435][  0]LogConfig: Setting CVar [[r.DOF.Scatter.MaxSpriteRatio:0.1         ; only a maximum of 10% of scattered bokeh]]
[2022.08.16-05.59.23:442][  0]LogConfig: Setting CVar [[r.DOF.Recombine.Quality:1                ; cheap slight out of focus]]
[2022.08.16-05.59.23:636][  0]LogConfig: Setting CVar [[r.DOF.Recombine.EnableBokehSettings:0    ; no bokeh simulation on slight out of focus]]
[2022.08.16-05.59.23:643][  0]LogConfig: Setting CVar [[r.DOF.TemporalAAQuality:1                ; more stable temporal accumulation]]
[2022.08.16-05.59.23:714][  0]LogConfig: Setting CVar [[r.DOF.Kernel.MaxForegroundRadius:0.025]]
[2022.08.16-05.59.23:722][  0]LogConfig: Setting CVar [[r.DOF.Kernel.MaxBackgroundRadius:0.025]]
[2022.08.16-05.59.23:876][  0]LogConfig: Applying CVar settings from Section [TextureQuality@3] File [../../../PVP_Game/Saved/Config/WindowsServer/Scalability.ini]
[2022.08.16-05.59.23:881][  0]LogConfig: Setting CVar [[r.Streaming.MipBias:0]]
[2022.08.16-05.59.23:947][  0]LogConfig: Setting CVar [[r.Streaming.AmortizeCPUToGPUCopy:0]]
[2022.08.16-05.59.23:954][  0]LogConfig: Setting CVar [[r.Streaming.MaxNumTexturesToStreamPerFrame:0]]
[2022.08.16-05.59.24:005][  0]LogConfig: Setting CVar [[r.Streaming.Boost:1]]
[2022.08.16-05.59.24:068][  0]LogConfig: Setting CVar [[r.MaxAnisotropy:8]]
[2022.08.16-05.59.24:070][  0]LogConfig: Setting CVar [[r.VT.MaxAnisotropy:8]]
[2022.08.16-05.59.24:175][  0]LogConfig: Setting CVar [[r.Streaming.LimitPoolSizeToVRAM:0]]
[2022.08.16-05.59.24:186][  0]LogConfig: Setting CVar [[r.Streaming.PoolSize:1000]]
[2022.08.16-05.59.24:298][  0]LogConfig: Setting CVar [[r.Streaming.MaxEffectiveScreenSize:0]]
[2022.08.16-05.59.24:305][  0]LogConfig: Applying CVar settings from Section [EffectsQuality@3] File [../../../PVP_Game/Saved/Config/WindowsServer/Scalability.ini]
[2022.08.16-05.59.24:400][  0]LogConfig: Setting CVar [[r.TranslucencyLightingVolumeDim:64]]
[2022.08.16-05.59.24:433][  0]LogConfig: Setting CVar [[r.RefractionQuality:2]]
[2022.08.16-05.59.24:438][  0]LogConfig: Setting CVar [[r.SSR.Quality:3]]
[2022.08.16-05.59.24:534][  0]LogConfig: Setting CVar [[r.SSR.HalfResSceneColor:0]]
[2022.08.16-05.59.24:543][  0]LogConfig: Setting CVar [[r.SceneColorFormat:4]]
[2022.08.16-05.59.24:716][  0]LogConfig: Setting CVar [[r.DetailMode:2]]
[2022.08.16-05.59.24:722][  0]LogConfig: Setting CVar [[r.TranslucencyVolumeBlur:1]]
[2022.08.16-05.59.24:843][  0]LogConfig: Setting CVar [[r.MaterialQualityLevel:1 ; High quality]]
[2022.08.16-05.59.24:850][  0]LogConfig: Setting CVar [[r.AnisotropicMaterials:1]]
[2022.08.16-05.59.24:918][  0]LogConfig: Setting CVar [[r.SSS.Scale:1]]
[2022.08.16-05.59.24:987][  0]LogConfig: Setting CVar [[r.SSS.SampleSet:2]]
[2022.08.16-05.59.24:992][  0]LogConfig: Setting CVar [[r.SSS.Quality:1]]
[2022.08.16-05.59.25:013][  0]LogConfig: Setting CVar [[r.SSS.HalfRes:0]]
[2022.08.16-05.59.25:016][  0]LogConfig: Setting CVar [[r.SSGI.Quality:3]]
[2022.08.16-05.59.25:041][  0]LogConfig: Setting CVar [[r.EmitterSpawnRateScale:1.0]]
[2022.08.16-05.59.25:048][  0]LogConfig: Setting CVar [[r.ParticleLightQuality:2]]
[2022.08.16-05.59.25:077][  0]LogConfig: Setting CVar [[r.SkyAtmosphere.AerialPerspectiveLUT.FastApplyOnOpaque:1 ; Always have FastSkyLUT 1 in this case to avoid wrong sky]]
[2022.08.16-05.59.25:084][  0]LogConfig: Setting CVar [[r.SkyAtmosphere.AerialPerspectiveLUT.SampleCountMaxPerSlice:4]]
[2022.08.16-05.59.25:200][  0]LogConfig: Setting CVar [[r.SkyAtmosphere.AerialPerspectiveLUT.DepthResolution:16.0]]
[2022.08.16-05.59.25:208][  0]LogConfig: Setting CVar [[r.SkyAtmosphere.FastSkyLUT:1]]
[2022.08.16-05.59.25:365][  0]LogConfig: Setting CVar [[r.SkyAtmosphere.FastSkyLUT.SampleCountMin:4.0]]
[2022.08.16-05.59.25:372][  0]LogConfig: Setting CVar [[r.SkyAtmosphere.FastSkyLUT.SampleCountMax:128.0]]
[2022.08.16-05.59.25:435][  0]LogConfig: Setting CVar [[r.SkyAtmosphere.SampleCountMin:4.0]]
[2022.08.16-05.59.25:441][  0]LogConfig: Setting CVar [[r.SkyAtmosphere.SampleCountMax:128.0]]
[2022.08.16-05.59.25:492][  0]LogConfig: Setting CVar [[r.SkyAtmosphere.TransmittanceLUT.UseSmallFormat:0]]
[2022.08.16-05.59.25:500][  0]LogConfig: Setting CVar [[r.SkyAtmosphere.TransmittanceLUT.SampleCount:10.0]]
[2022.08.16-05.59.25:525][  0]LogConfig: Setting CVar [[r.SkyAtmosphere.MultiScatteringLUT.SampleCount:15.0]]
[2022.08.16-05.59.25:531][  0]LogConfig: Setting CVar [[r.SkyLight.RealTimeReflectionCapture:1]]
[2022.08.16-05.59.25:653][  0]LogConfig: Setting CVar [[fx.Niagara.QualityLevel:3]]
[2022.08.16-05.59.25:784][  0]LogConfig: Applying CVar settings from Section [FoliageQuality@3] File [../../../PVP_Game/Saved/Config/WindowsServer/Scalability.ini]
[2022.08.16-05.59.25:855][  0]LogConfig: Setting CVar [[foliage.DensityScale:1.0]]
[2022.08.16-05.59.25:983][  0]LogConfig: Setting CVar [[grass.DensityScale:1.0]]
[2022.08.16-05.59.25:984][  0]LogConfig: Applying CVar settings from Section [ShadingQuality@3] File [../../../PVP_Game/Saved/Config/WindowsServer/Scalability.ini]
[2022.08.16-05.59.26:105][  0]LogConfig: Setting CVar [[r.HairStrands.SkyLighting.IntegrationType:2]]
[2022.08.16-05.59.26:113][  0]LogConfig: Setting CVar [[r.HairStrands.SkyAO.SampleCount:4]]
[2022.08.16-05.59.26:178][  0]LogConfig: Setting CVar [[r.HairStrands.Visibility.MSAA.SamplePerPixel:4]]
[2022.08.16-05.59.26:184][  0]LogInit: Selected Device Profile: [WindowsServer]
[2022.08.16-05.59.26:287][  0]LogInit: Applying CVar settings loaded from the selected device profile: [WindowsServer]
[2022.08.16-05.59.26:360][  0]LogHAL: Display: Platform has ~ 8 GB [8428630016 / 8589934592 / 8], which maps to Default [LargestMinGB=32, LargerMinGB=12, DefaultMinGB=8, SmallerMinGB=6, SmallestMinGB=0)
[2022.08.16-05.59.26:365][  0]LogInit: Going up to parent DeviceProfile [Windows]
[2022.08.16-05.59.26:487][  0]LogInit: Going up to parent DeviceProfile []
[2022.08.16-05.59.26:495][  0]LogConfig: Applying CVar settings from Section [ViewDistanceQuality@3] File [../../../PVP_Game/Saved/Config/WindowsServer/Scalability.ini]
[2022.08.16-05.59.26:666][  0]LogConfig: Setting CVar [[r.SkeletalMeshLODBias:0]]
[2022.08.16-05.59.26:673][  0]LogConfig: Setting CVar [[r.ViewDistanceScale:1.0]]
[2022.08.16-05.59.26:740][  0]LogConfig: Applying CVar settings from Section [AntiAliasingQuality@3] File [../../../PVP_Game/Saved/Config/WindowsServer/Scalability.ini]
[2022.08.16-05.59.26:746][  0]LogConfig: Setting CVar [[r.PostProcessAAQuality:4]]
[2022.08.16-05.59.26:795][  0]LogConfig: Applying CVar settings from Section [ShadowQuality@3] File [../../../PVP_Game/Saved/Config/WindowsServer/Scalability.ini]
[2022.08.16-05.59.26:801][  0]LogConfig: Setting CVar [[r.LightFunctionQuality:1]]
[2022.08.16-05.59.26:903][  0]LogConfig: Setting CVar [[r.ShadowQuality:5]]
[2022.08.16-05.59.26:910][  0]LogConfig: Setting CVar [[r.Shadow.CSM.MaxCascades:10]]
[2022.08.16-05.59.26:976][  0]LogConfig: Setting CVar [[r.Shadow.MaxResolution:2048]]
[2022.08.16-05.59.26:983][  0]LogConfig: Setting CVar [[r.Shadow.MaxCSMResolution:2048]]
[2022.08.16-05.59.27:155][  0]LogConfig: Setting CVar [[r.Shadow.RadiusThreshold:0.01]]
[2022.08.16-05.59.27:229][  0]LogConfig: Setting CVar [[r.Shadow.DistanceScale:1.0]]
[2022.08.16-05.59.27:234][  0]LogConfig: Setting CVar [[r.Shadow.CSM.TransitionScale:1.0]]
[2022.08.16-05.59.27:337][  0]LogConfig: Setting CVar [[r.Shadow.PreShadowResolutionFactor:1.0]]
[2022.08.16-05.59.27:344][  0]LogConfig: Setting CVar [[r.DistanceFieldShadowing:1]]
[2022.08.16-05.59.27:534][  0]LogConfig: Setting CVar [[r.DistanceFieldAO:1]]
[2022.08.16-05.59.27:671][  0]LogConfig: Setting CVar [[r.AOQuality:2]]
[2022.08.16-05.59.27:827][  0]LogConfig: Setting CVar [[r.VolumetricFog:1]]
[2022.08.16-05.59.27:832][  0]LogConfig: Setting CVar [[r.VolumetricFog.GridPixelSize:8]]
[2022.08.16-05.59.27:891][  0]LogConfig: Setting CVar [[r.VolumetricFog.GridSizeZ:128]]
[2022.08.16-05.59.27:898][  0]LogConfig: Setting CVar [[r.VolumetricFog.HistoryMissSupersampleCount:4]]
[2022.08.16-05.59.28:088][  0]LogConfig: Setting CVar [[r.LightMaxDrawDistanceScale:1]]
[2022.08.16-05.59.28:217][  0]LogConfig: Setting CVar [[r.CapsuleShadows:1]]
[2022.08.16-05.59.28:223][  0]LogConfig: Applying CVar settings from Section [PostProcessQuality@3] File [../../../PVP_Game/Saved/Config/WindowsServer/Scalability.ini]
[2022.08.16-05.59.28:439][  0]LogConfig: Setting CVar [[r.MotionBlurQuality:4]]
[2022.08.16-05.59.28:510][  0]LogConfig: Setting CVar [[r.AmbientOcclusionMipLevelFactor:0.4]]
[2022.08.16-05.59.28:515][  0]LogConfig: Setting CVar [[r.AmbientOcclusionMaxQuality:100]]
[2022.08.16-05.59.28:595][  0]LogConfig: Setting CVar [[r.AmbientOcclusionLevels:-1]]
[2022.08.16-05.59.28:599][  0]LogConfig: Setting CVar [[r.AmbientOcclusionRadiusScale:1.0]]
[2022.08.16-05.59.28:776][  0]LogConfig: Setting CVar [[r.DepthOfFieldQuality:2]]
[2022.08.16-05.59.28:780][  0]LogConfig: Setting CVar [[r.RenderTargetPoolMin:400]]
[2022.08.16-05.59.28:784][  0]LogConfig: Setting CVar [[r.LensFlareQuality:2]]
[2022.08.16-05.59.28:785][  0]LogConfig: Setting CVar [[r.SceneColorFringeQuality:1]]
[2022.08.16-05.59.28:832][  0]LogConfig: Setting CVar [[r.EyeAdaptationQuality:2]]
[2022.08.16-05.59.28:836][  0]LogConfig: Setting CVar [[r.BloomQuality:5]]
[2022.08.16-05.59.28:856][  0]LogConfig: Setting CVar [[r.FastBlurThreshold:100]]
[2022.08.16-05.59.28:860][  0]LogConfig: Setting CVar [[r.Upscale.Quality:3]]
[2022.08.16-05.59.28:868][  0]LogConfig: Setting CVar [[r.Tonemapper.GrainQuantization:1]]
[2022.08.16-05.59.28:870][  0]LogConfig: Setting CVar [[r.LightShaftQuality:1]]
[2022.08.16-05.59.28:916][  0]LogConfig: Setting CVar [[r.Filter.SizeScale:1]]
[2022.08.16-05.59.28:920][  0]LogConfig: Setting CVar [[r.Tonemapper.Quality:5]]
[2022.08.16-05.59.28:951][  0]LogConfig: Setting CVar [[r.DOF.Gather.AccumulatorQuality:1        ; higher gathering accumulator quality]]
[2022.08.16-05.59.28:955][  0]LogConfig: Setting CVar [[r.DOF.Gather.PostfilterMethod:1          ; Median3x3 postfilering method]]
[2022.08.16-05.59.28:955][  0]LogConfig: Setting CVar [[r.DOF.Gather.EnableBokehSettings:0       ; no bokeh simulation when gathering]]
[2022.08.16-05.59.28:977][  0]LogConfig: Setting CVar [[r.DOF.Gather.RingCount:4                 ; medium number of samples when gathering]]
[2022.08.16-05.59.28:981][  0]LogConfig: Setting CVar [[r.DOF.Scatter.ForegroundCompositing:1    ; additive foreground scattering]]
[2022.08.16-05.59.29:003][  0]LogConfig: Setting CVar [[r.DOF.Scatter.BackgroundCompositing:2    ; additive background scattering]]
[2022.08.16-05.59.29:006][  0]LogConfig: Setting CVar [[r.DOF.Scatter.EnableBokehSettings:1      ; bokeh simulation when scattering]]
[2022.08.16-05.59.29:028][  0]LogConfig: Setting CVar [[r.DOF.Scatter.MaxSpriteRatio:0.1         ; only a maximum of 10% of scattered bokeh]]
[2022.08.16-05.59.29:032][  0]LogConfig: Setting CVar [[r.DOF.Recombine.Quality:1                ; cheap slight out of focus]]
[2022.08.16-05.59.29:039][  0]LogConfig: Setting CVar [[r.DOF.Recombine.EnableBokehSettings:0    ; no bokeh simulation on slight out of focus]]
[2022.08.16-05.59.29:056][  0]LogConfig: Setting CVar [[r.DOF.TemporalAAQuality:1                ; more stable temporal accumulation]]
[2022.08.16-05.59.29:082][  0]LogConfig: Setting CVar [[r.DOF.Kernel.MaxForegroundRadius:0.025]]
[2022.08.16-05.59.29:084][  0]LogConfig: Setting CVar [[r.DOF.Kernel.MaxBackgroundRadius:0.025]]
[2022.08.16-05.59.29:086][  0]LogConfig: Applying CVar settings from Section [TextureQuality@3] File [../../../PVP_Game/Saved/Config/WindowsServer/Scalability.ini]
[2022.08.16-05.59.29:108][  0]LogConfig: Setting CVar [[r.Streaming.MipBias:0]]
[2022.08.16-05.59.29:110][  0]LogConfig: Setting CVar [[r.Streaming.AmortizeCPUToGPUCopy:0]]
[2022.08.16-05.59.29:135][  0]LogConfig: Setting CVar [[r.Streaming.MaxNumTexturesToStreamPerFrame:0]]
[2022.08.16-05.59.29:137][  0]LogConfig: Setting CVar [[r.Streaming.Boost:1]]
[2022.08.16-05.59.29:160][  0]LogConfig: Setting CVar [[r.MaxAnisotropy:8]]
[2022.08.16-05.59.29:163][  0]LogConfig: Setting CVar [[r.VT.MaxAnisotropy:8]]
[2022.08.16-05.59.29:184][  0]LogConfig: Setting CVar [[r.Streaming.LimitPoolSizeToVRAM:0]]
[2022.08.16-05.59.29:188][  0]LogConfig: Setting CVar [[r.Streaming.PoolSize:1000]]
[2022.08.16-05.59.29:189][  0]LogConfig: Setting CVar [[r.Streaming.MaxEffectiveScreenSize:0]]
[2022.08.16-05.59.29:209][  0]LogConfig: Applying CVar settings from Section [EffectsQuality@3] File [../../../PVP_Game/Saved/Config/WindowsServer/Scalability.ini]
[2022.08.16-05.59.29:213][  0]LogConfig: Setting CVar [[r.TranslucencyLightingVolumeDim:64]]
[2022.08.16-05.59.29:236][  0]LogConfig: Setting CVar [[r.RefractionQuality:2]]
[2022.08.16-05.59.29:241][  0]LogConfig: Setting CVar [[r.SSR.Quality:3]]
[2022.08.16-05.59.29:261][  0]LogConfig: Setting CVar [[r.SSR.HalfResSceneColor:0]]
[2022.08.16-05.59.29:267][  0]LogConfig: Setting CVar [[r.SceneColorFormat:4]]
[2022.08.16-05.59.29:286][  0]LogConfig: Setting CVar [[r.DetailMode:2]]
[2022.08.16-05.59.29:308][  0]LogConfig: Setting CVar [[r.TranslucencyVolumeBlur:1]]
[2022.08.16-05.59.29:314][  0]LogConfig: Setting CVar [[r.MaterialQualityLevel:1 ; High quality]]
[2022.08.16-05.59.29:333][  0]LogConfig: Setting CVar [[r.AnisotropicMaterials:1]]
[2022.08.16-05.59.29:338][  0]LogConfig: Setting CVar [[r.SSS.Scale:1]]
[2022.08.16-05.59.29:356][  0]LogConfig: Setting CVar [[r.SSS.SampleSet:2]]
[2022.08.16-05.59.29:362][  0]LogConfig: Setting CVar [[r.SSS.Quality:1]]
[2022.08.16-05.59.29:402][  0]LogConfig: Setting CVar [[r.SSS.HalfRes:0]]
[2022.08.16-05.59.29:409][  0]LogConfig: Setting CVar [[r.SSGI.Quality:3]]
[2022.08.16-05.59.29:428][  0]LogConfig: Setting CVar [[r.EmitterSpawnRateScale:1.0]]
[2022.08.16-05.59.29:434][  0]LogConfig: Setting CVar [[r.ParticleLightQuality:2]]
[2022.08.16-05.59.29:452][  0]LogConfig: Setting CVar [[r.SkyAtmosphere.AerialPerspectiveLUT.FastApplyOnOpaque:1 ; Always have FastSkyLUT 1 in this case to avoid wrong sky]]
[2022.08.16-05.59.29:459][  0]LogConfig: Setting CVar [[r.SkyAtmosphere.AerialPerspectiveLUT.SampleCountMaxPerSlice:4]]
[2022.08.16-05.59.29:478][  0]LogConfig: Setting CVar [[r.SkyAtmosphere.AerialPerspectiveLUT.DepthResolution:16.0]]
[2022.08.16-05.59.29:485][  0]LogConfig: Setting CVar [[r.SkyAtmosphere.FastSkyLUT:1]]
[2022.08.16-05.59.29:504][  0]LogConfig: Setting CVar [[r.SkyAtmosphere.FastSkyLUT.SampleCountMin:4.0]]
[2022.08.16-05.59.29:527][  0]LogConfig: Setting CVar [[r.SkyAtmosphere.FastSkyLUT.SampleCountMax:128.0]]
[2022.08.16-05.59.29:533][  0]LogConfig: Setting CVar [[r.SkyAtmosphere.SampleCountMin:4.0]]
[2022.08.16-05.59.29:551][  0]LogConfig: Setting CVar [[r.SkyAtmosphere.SampleCountMax:128.0]]
[2022.08.16-05.59.29:575][  0]LogConfig: Setting CVar [[r.SkyAtmosphere.TransmittanceLUT.UseSmallFormat:0]]
[2022.08.16-05.59.29:580][  0]LogConfig: Setting CVar [[r.SkyAtmosphere.TransmittanceLUT.SampleCount:10.0]]
[2022.08.16-05.59.29:599][  0]LogConfig: Setting CVar [[r.SkyAtmosphere.MultiScatteringLUT.SampleCount:15.0]]
[2022.08.16-05.59.29:605][  0]LogConfig: Setting CVar [[r.SkyLight.RealTimeReflectionCapture:1]]
[2022.08.16-05.59.29:623][  0]LogConfig: Setting CVar [[fx.Niagara.QualityLevel:3]]
[2022.08.16-05.59.29:628][  0]LogConfig: Applying CVar settings from Section [FoliageQuality@3] File [../../../PVP_Game/Saved/Config/WindowsServer/Scalability.ini]
[2022.08.16-05.59.29:629][  0]LogConfig: Setting CVar [[foliage.DensityScale:1.0]]
[2022.08.16-05.59.29:648][  0]LogConfig: Setting CVar [[grass.DensityScale:1.0]]
[2022.08.16-05.59.29:655][  0]LogConfig: Applying CVar settings from Section [ShadingQuality@3] File [../../../PVP_Game/Saved/Config/WindowsServer/Scalability.ini]
[2022.08.16-05.59.29:672][  0]LogConfig: Setting CVar [[r.HairStrands.SkyLighting.IntegrationType:2]]
[2022.08.16-05.59.29:697][  0]LogConfig: Setting CVar [[r.HairStrands.SkyAO.SampleCount:4]]
[2022.08.16-05.59.29:702][  0]LogConfig: Setting CVar [[r.HairStrands.Visibility.MSAA.SamplePerPixel:4]]
[2022.08.16-05.59.29:720][  0]LogConfig: Applying CVar settings from Section [Startup] File [../../../Engine/Config/ConsoleVariables.ini]
[2022.08.16-05.59.29:744][  0]LogConfig: Setting CVar [[net.UseAdaptiveNetUpdateFrequency:0]]
[2022.08.16-05.59.29:750][  0]LogConfig: Setting CVar [[p.chaos.AllowCreatePhysxBodies:1]]
[2022.08.16-05.59.29:769][  0]LogConfig: Setting CVar [[fx.SkipVectorVMBackendOptimizations:1]]
[2022.08.16-05.59.29:793][  0]LogConfig: Applying CVar settings from Section [ConsoleVariables] File [../../../PVP_Game/Saved/Config/WindowsServer/Engine.ini]
[2022.08.16-05.59.29:799][  0]LogInit: Computer: DESKTOP-PTH63E6
[2022.08.16-05.59.29:820][  0]LogInit: User: bitch
[2022.08.16-05.59.29:845][  0]LogInit: CPU Page size=4096, Cores=4
[2022.08.16-05.59.29:850][  0]LogInit: High frequency timer resolution =10.000000 MHz
[2022.08.16-05.59.29:869][  0]LogMemory: Memory total: Physical=7.8GB (8GB approx)
[2022.08.16-05.59.29:893][  0]LogMemory: Platform Memory Stats for WindowsServer
[2022.08.16-05.59.29:898][  0]LogMemory: Process Physical Memory: 92.79 MB used, 92.79 MB peak
[2022.08.16-05.59.29:917][  0]LogMemory: Process Virtual Memory: 90.60 MB used, 90.60 MB peak
[2022.08.16-05.59.29:925][  0]LogMemory: Physical Memory: 5969.31 MB used,  2068.86 MB free, 8038.17 MB total
[2022.08.16-05.59.29:964][  0]LogMemory: Virtual Memory: 134213776.00 MB used,  3951.60 MB free, 134217728.00 MB total
[2022.08.16-05.59.29:975][  0]LogWindows: WindowsPlatformFeatures disabled or dedicated server build
[2022.08.16-05.59.30:268][  0]LogInit: Physics initialised using underlying interface: PhysX
[2022.08.16-05.59.30:269][  0]LogInit: Using OS detected language (en-US).
[2022.08.16-05.59.30:292][  0]LogInit: Using OS detected locale (en-US).
[2022.08.16-05.59.30:300][  0]LogTextLocalizationManager: No specific localization for 'en-US' exists, so the 'en' localization will be used.
[2022.08.16-05.59.30:594][  0]LogRendererCore: Ray tracing is disabled. Reason: r.RayTracing=0.
[2022.08.16-05.59.30:594][  0]LogODSC: ODSC Thread active.
[2022.08.16-05.59.30:619][  0]LogInit: Using OS detected language (en-US).
[2022.08.16-05.59.30:625][  0]LogInit: Using OS detected locale (en-US).
[2022.08.16-05.59.30:646][  0]LogTextLocalizationManager: No localization for 'en-US' exists, so 'en' will be used for the language.
[2022.08.16-05.59.30:652][  0]LogTextLocalizationManager: No localization for 'en-US' exists, so 'en' will be used for the locale.
[2022.08.16-05.59.30:677][  0]LogTextLocalizationManager: Compacting localization data took   4.23ms
[2022.08.16-05.59.30:693][  0]LogAssetRegistry: FAssetRegistry took 0.0051 seconds to start up
[2022.08.16-05.59.31:126][  0]LogStreaming: Display: FlushAsyncLoading: 1 QueuedPackages, 0 AsyncPackages
[2022.08.16-05.59.31:128][  0]LogPackageLocalizationCache: Processed 26 localized package path(s) for 1 prioritized culture(s) in 0.000277 seconds
[2022.08.16-05.59.31:132][  0]LogPakFile: New pak file ../../../PVP_Game/Content/Paks/PVP_Game-WindowsServer.pak added to pak precacher.
[2022.08.16-05.59.31:235][  0]LogInit: Selected Device Profile: [WindowsServer]
[2022.08.16-05.59.31:238][  0]LogInit: Active device profile: [0000023AE1F00700][0000023AE0164930 49] WindowsServer
[2022.08.16-05.59.31:258][  0]LogInit: Profiles: [0000023AE1F00880][0000023ADA7424A0 49] Windows, [0000023AE1F00700][0000023AE0164930 49] WindowsServer, 
[2022.08.16-05.59.31:538][  0]LogSerialization: Display: AllowBulkDataInIoStore: 'true'
[2022.08.16-05.59.31:775][  0]LogNetVersion: PVP_Game 1.0.0, NetCL: 0, EngineNetVer: 17, GameNetVer: 0 (Checksum: 2832247850)
[2022.08.16-05.59.31:933][  0]LogAudioCaptureCore: Display: No Audio Capture implementations found. Audio input will be silent.
[2022.08.16-05.59.31:934][  0]LogAudioCaptureCore: Display: No Audio Capture implementations found. Audio input will be silent.
[2022.08.16-05.59.31:969][  0]LogHMD: PokeAHoleMaterial loaded successfully
[2022.08.16-05.59.32:050][  0]LogUObjectArray: 19546 objects as part of root set at end of initial load.
[2022.08.16-05.59.32:050][  0]LogUObjectAllocator: 3988680 out of 0 bytes used by permanent object pool.
[2022.08.16-05.59.32:072][  0]LogUObjectArray: CloseDisregardForGC: 19546/0 objects in disregard for GC pool
[2022.08.16-05.59.32:189][  0]LogNiagaraDebuggerClient: Niagara Debugger Client Initialized | Session: 66CCA6084079B8006AAEDD8A559AA701 | Instance: 7856758D47C1EFA8D971E985C64B6CD7 (DESKTOP-PTH63E6-15104).
[2022.08.16-05.59.32:196][  0]LogAndroidPermission: UAndroidPermissionCallbackProxy::GetInstance
[2022.08.16-05.59.32:197][  0]LogOcInput: OculusInput pre-init called
[2022.08.16-05.59.32:201][  0]LogEngine: Initializing Engine...
[2022.08.16-05.59.32:211][  0]LogStats: UGameplayTagsManager::InitializeManager -  0.001 s
[2022.08.16-05.59.32:231][  0]LogInit: Initializing FReadOnlyCVARCache
[2022.08.16-05.59.32:239][  0]LogNetVersion: Set ProjectVersion to 1.0.0.0. Version Checksum will be recalculated on next use.
[2022.08.16-05.59.32:259][  0]LogInit: Texture streaming: Disabled
[2022.08.16-05.59.32:444][  0]LogInit: Display: Game Engine Initialized.
[2022.08.16-05.59.32:446][  0]LogInit: Display: Starting Game.
[2022.08.16-05.59.32:452][  0]LogNet: Browse: /Game/Maps/Match?Name=Player
[2022.08.16-05.59.32:464][  0]LogLoad: LoadMap: /Game/Maps/Match?Name=Player
[2022.08.16-05.59.32:471][  0]LogWorld: BeginTearingDown for /Temp/Untitled_0
[2022.08.16-05.59.32:541][  0]LogWorld: UWorld::CleanupWorld for Untitled, bSessionEnded=true, bCleanupResources=true
[2022.08.16-05.59.32:547][  0]LogUObjectHash: Compacting FUObjectHashTables data took   3.56ms
[2022.08.16-05.59.32:687][  0]LogAIModule: Creating AISystem for world Match
[2022.08.16-05.59.32:688][  0]LogLoad: Game class is 'BPGM_TurnBasedGameMode_C'
[2022.08.16-05.59.32:708][  0]LogNet: ReplicationDriverClass is null! Not using ReplicationDriver.
[2022.08.16-05.59.32:713][  0]LogNetCore: DDoS detection status: detection enabled: 0 analytics enabled: 0
[2022.08.16-05.59.32:754][  0]LogNet: Display: SteamNetDriver_2147482567 bound to port 7777
[2022.08.16-05.59.32:755][  0]PacketHandlerLog: Loaded PacketHandler component: Engine.EngineHandlerComponentFactory (StatelessConnectHandlerComponent)
[2022.08.16-05.59.32:763][  0]LogNet: GameNetDriver SteamNetDriver_2147482567 IpNetDriver listening on port 7777
[2022.08.16-05.59.32:801][  0]LogWorld: Bringing World /Game/Maps/Match.Match up for play (max tick rate 30) at 2022.08.15-22.59.32
[2022.08.16-05.59.32:802][  0]LogWorld: Bringing up level for play took: 0.034901
[2022.08.16-05.59.32:810][  0]LogGameMode: Display: Match State Changed from EnteringMap to WaitingToStart
[2022.08.16-05.59.32:857][  0]LogGameState: Match State Changed from EnteringMap to WaitingToStart
[2022.08.16-05.59.32:858][  0]LogLoad: Took 0.393222 seconds to LoadMap(/Game/Maps/Match)
[2022.08.16-05.59.32:864][  0]LogPakFile: AllPaks IndexSizes: DirectoryHashSize=221600, PathHashSize=16, EntriesSize=32752, TotalSize=254368
[2022.08.16-05.59.32:872][  0]LogInit: Display: Engine is initialized. Leaving FEngineLoop::Init()
[2022.08.16-05.59.32:888][  0]LogLoad: (Engine Initialization) Total time: 31.27 seconds
