Log file open, 08/18/22 15:22:25
LogWindows: Failed to load 'aqProf.dll' (GetLastError=126)
LogWindows: File 'aqProf.dll' does not exist
LogWindows: Failed to load 'VtuneApi.dll' (GetLastError=126)
LogWindows: File 'VtuneApi.dll' does not exist
LogWindows: Failed to load 'VtuneApi32e.dll' (GetLastError=126)
LogWindows: File 'VtuneApi32e.dll' does not exist
LogConsoleResponse: Display: Failed to find resolution value strings in scalability ini. Falling back to default.
LogConsoleResponse: Display: Failed to find resolution value strings in scalability ini. Falling back to default.
LogPakFile: Display: Found Pak file ../../../PVP_Game/Content/Paks/PVP_Game-WindowsServer.pak attempting to mount.
LogPakFile: Display: Mounting pak file ../../../PVP_Game/Content/Paks/PVP_Game-WindowsServer.pak.
LogPakFile: PakFile PrimaryIndexSize=26170
LogPakFile: PakFile PathHashIndexSize=48669
LogPakFile: PakFile FullDirectoryIndexSize=64523
LogShaderLibrary: Display: ShaderCodeLibraryPakFileMountedCallback: PakFile '../../../PVP_Game/Content/Paks/PVP_Game-WindowsServer.pak' (chunk index -1, root '../../../') mounted
LogShaderLibrary: Display: ShaderCodeLibraryPakFileMountedCallback: pending pak file info (ChunkID:-1 Root:../../../ File:../../../PVP_Game/Content/Paks/PVP_Game-WindowsServer.pak)
LogPakFile: OnPakFileMounted2Time == 0.000043
LogPlatformFile: Not using cached read wrapper
LogTaskGraph: Started task graph with 5 named threads and 9 total threads with 1 sets of task threads.
LogStats: Stats thread started at 0.094420
LogICUInternationalization: ICU TimeZone Detection - Raw Offset: -8:00, Platform Override: ''
LogInit: Display: Loading text-based GConfig....
LogPluginManager: Mounting plugin OnlineSubsystemSteam
LogPluginManager: Mounting plugin OnlineSubsystem
LogPluginManager: Mounting plugin OnlineSubsystemUtils
LogPluginManager: Mounting plugin SteamShared
LogPluginManager: Mounting plugin OnlineFramework
LogPluginManager: Mounting plugin PlayFab
LogPluginManager: Mounting plugin AdvancedSessions
LogPluginManager: Mounting plugin AdvancedSteamSessions
LogPluginManager: Mounting plugin Paper2D
LogPluginManager: Mounting plugin AISupport
LogPluginManager: Mounting plugin EnvironmentQueryEditor
LogPluginManager: Mounting plugin LightPropagationVolume
LogPluginManager: Mounting plugin CameraShakePreviewer
LogPluginManager: Mounting plugin GameplayCameras
LogPluginManager: Mounting plugin TemplateSequence
LogPluginManager: Mounting plugin LevelSequenceEditor
LogPluginManager: Mounting plugin OodleData
LogPluginManager: Mounting plugin OodleNetwork
LogPluginManager: Mounting plugin AnimationSharing
LogPluginManager: Mounting plugin SignificanceManager
LogPluginManager: Mounting plugin PluginUtils
LogPluginManager: Mounting plugin PropertyAccessEditor
LogPluginManager: Mounting plugin UObjectPlugin
LogPluginManager: Mounting plugin AssetManagerEditor
LogPluginManager: Mounting plugin FacialAnimation
LogPluginManager: Mounting plugin GeometryMode
LogPluginManager: Mounting plugin SpeedTreeImporter
LogPluginManager: Mounting plugin DatasmithContent
LogPluginManager: Mounting plugin VariantManagerContent
LogPluginManager: Mounting plugin AlembicImporter
LogPluginManager: Mounting plugin GeometryCache
LogPluginManager: Mounting plugin AutomationUtils
LogPluginManager: Mounting plugin ScreenshotTools
LogPluginManager: Mounting plugin BackChannel
LogPluginManager: Mounting plugin ChaosClothEditor
LogPluginManager: Mounting plugin ChaosCloth
LogPluginManager: Mounting plugin ChaosEditor
LogPluginManager: Mounting plugin PlanarCut
LogPluginManager: Mounting plugin GeometryProcessing
LogPluginManager: Mounting plugin EditableMesh
LogPluginManager: Mounting plugin GeometryCollectionPlugin
LogPluginManager: Mounting plugin ProceduralMeshComponent
LogPluginManager: Mounting plugin ChaosSolverPlugin
LogPluginManager: Mounting plugin ChaosNiagara
LogPluginManager: Mounting plugin Niagara
LogPluginManager: Mounting plugin PythonScriptPlugin
LogPluginManager: Mounting plugin CharacterAI
LogPluginManager: Mounting plugin MotoSynth
LogPluginManager: Mounting plugin OpenImageDenoise
LogPluginManager: Mounting plugin PlatformCrypto
LogPluginManager: Mounting plugin MagicLeapPassableWorld
LogPluginManager: Mounting plugin MagicLeap
LogPluginManager: Mounting plugin MLSDK
LogPluginManager: Mounting plugin MagicLeapLightEstimation
LogPluginManager: Mounting plugin AvfMedia
LogPluginManager: Mounting plugin ImgMedia
LogPluginManager: Mounting plugin MediaCompositing
LogPluginManager: Mounting plugin MeshPainting
LogPluginManager: Mounting plugin TcpMessaging
LogPluginManager: Mounting plugin UdpMessaging
LogPluginManager: Mounting plugin ActorSequence
LogPluginManager: Mounting plugin MatineeToLevelSequence
LogPluginManager: Mounting plugin OnlineSubsystemNull
LogPluginManager: Mounting plugin LauncherChunkInstaller
LogPluginManager: Mounting plugin ActorLayerUtilities
LogPluginManager: Mounting plugin AndroidPermission
LogPluginManager: Mounting plugin AppleImageUtils
LogPluginManager: Mounting plugin ArchVisCharacter
LogPluginManager: Mounting plugin AssetTags
LogPluginManager: Mounting plugin AudioCapture
LogPluginManager: Mounting plugin CableComponent
LogPluginManager: Mounting plugin ChunkDownloader
LogPluginManager: Mounting plugin CustomMeshComponent
LogPluginManager: Mounting plugin ExampleDeviceProfileSelector
LogPluginManager: Mounting plugin GooglePAD
LogPluginManager: Mounting plugin LocationServicesBPLibrary
LogPluginManager: Mounting plugin MobilePatchingUtils
LogPluginManager: Mounting plugin OculusVR
LogPluginManager: Mounting plugin OpenXREyeTracker
LogPluginManager: Mounting plugin OpenXR
LogPluginManager: Mounting plugin OpenXRHandTracking
LogPluginManager: Mounting plugin LiveLink
LogPluginManager: Mounting plugin Takes
LogPluginManager: Mounting plugin PhysXVehicles
LogPluginManager: Mounting plugin RuntimePhysXCooking
LogPluginManager: Mounting plugin SoundFields
LogPluginManager: Mounting plugin SteamVR
LogPluginManager: Mounting plugin Synthesis
LogPluginManager: Mounting plugin AudioSynesthesia
LogPluginManager: Mounting plugin WindowsMoviePlayer
LogInit: Using libcurl 7.55.1-DEV
LogInit:  - built for x86_64-pc-win32
LogInit:  - supports SSL with OpenSSL/1.1.1
LogInit:  - supports HTTP deflate (compression) using libz 1.2.8
LogInit:  - other features:
LogInit:      CURL_VERSION_SSL
LogInit:      CURL_VERSION_LIBZ
LogInit:      CURL_VERSION_IPV6
LogInit:      CURL_VERSION_ASYNCHDNS
LogInit:      CURL_VERSION_LARGEFILE
LogInit:      CURL_VERSION_IDN
LogInit:  CurlRequestOptions (configurable via config and command line):
LogInit:  - bVerifyPeer = true  - Libcurl will verify peer certificate
LogInit:  - bUseHttpProxy = false  - Libcurl will NOT use HTTP proxy
LogInit:  - bDontReuseConnections = false  - Libcurl will reuse connections
LogInit:  - MaxHostConnections = 16  - Libcurl will limit the number of connections to a host
LogInit:  - LocalHostAddr = Default
LogInit:  - BufferSize = 65536
LogOnline: OSS: Creating online subsystem instance for: NULL
LogInit: WinSock: version 1.1 (2.2), MaxSocks=32767, MaxUdp=65467
LogOnline: OSS: TryLoadSubsystemAndSetDefault: Loaded subsystem for module [NULL]
LogLuminAPIImpl: Warning: MLSDK not found.  This likely means the MLSDK environment variable is not set.
LogInit: Build: ++UE4+Release-4.27-CL-0
LogInit: Engine Version: 4.27.2-0+++UE4+Release-4.27
LogInit: Compatible Engine Version: 4.27.0-0+++UE4+Release-4.27
LogInit: Net CL: 0
LogInit: OS: Windows 10 (Release 2009) (), CPU: Intel(R) Core(TM) i5-8257U CPU @ 1.40GHz, GPU: Intel(R) Iris(R) Plus Graphics 645
LogInit: Compiled (64-bit): Aug 14 2022 20:44:59
LogInit: Compiled with Visual C++: 19.33.31629.00
LogInit: Build Configuration: Development
LogInit: Branch Name: ++UE4+Release-4.27
LogInit: Command Line:  -log
LogInit: Base Directory: C:/Users/bitch/Documents/GitHub/PVP_Chess_Game/Release/WindowsServer/PVP_Game/Binaries/Win64/
LogInit: Allocator: binned2
LogInit: Installed Engine Build: 0
LogDevObjectVersion: Number of dev versions registered: 29
LogDevObjectVersion:   Dev-Blueprints (B0D832E4-1F89-4F0D-ACCF-7EB736FD4AA2): 10
LogDevObjectVersion:   Dev-Build (E1C64328-A22C-4D53-A36C-8E866417BD8C): 0
LogDevObjectVersion:   Dev-Core (375EC13C-06E4-48FB-B500-84F0262A717E): 4
LogDevObjectVersion:   Dev-Editor (E4B068ED-F494-42E9-A231-DA0B2E46BB41): 40
LogDevObjectVersion:   Dev-Framework (CFFC743F-43B0-4480-9391-14DF171D2073): 37
LogDevObjectVersion:   Dev-Mobile (B02B49B5-BB20-44E9-A304-32B752E40360): 3
LogDevObjectVersion:   Dev-Networking (A4E4105C-59A1-49B5-A7C5-40C4547EDFEE): 0
LogDevObjectVersion:   Dev-Online (39C831C9-5AE6-47DC-9A44-9C173E1C8E7C): 0
LogDevObjectVersion:   Dev-Physics (78F01B33-EBEA-4F98-B9B4-84EACCB95AA2): 14
LogDevObjectVersion:   Dev-Platform (6631380F-2D4D-43E0-8009-CF276956A95A): 0
LogDevObjectVersion:   Dev-Rendering (12F88B9F-8875-4AFC-A67C-D90C383ABD29): 45
LogDevObjectVersion:   Dev-Sequencer (7B5AE74C-D270-4C10-A958-57980B212A5A): 13
LogDevObjectVersion:   Dev-VR (D7296918-1DD6-4BDD-9DE2-64A83CC13884): 3
LogDevObjectVersion:   Dev-LoadTimes (C2A15278-BFE7-4AFE-6C17-90FF531DF755): 1
LogDevObjectVersion:   Private-Geometry (6EACA3D4-40EC-4CC1-B786-8BED09428FC5): 3
LogDevObjectVersion:   Dev-AnimPhys (29E575DD-E0A3-4627-9D10-D276232CDCEA): 17
LogDevObjectVersion:   Dev-Anim (AF43A65D-7FD3-4947-9873-3E8ED9C1BB05): 15
LogDevObjectVersion:   Dev-ReflectionCapture (6B266CEC-1EC7-4B8F-A30B-E4D90942FC07): 1
LogDevObjectVersion:   Dev-Automation (0DF73D61-A23F-47EA-B727-89E90C41499A): 1
LogDevObjectVersion:   FortniteMain (601D1886-AC64-4F84-AA16-D3DE0DEAC7D6): 47
LogDevObjectVersion:   FortniteRelease (E7086368-6B23-4C58-8439-1B7016265E91): 1
LogDevObjectVersion:   Dev-Enterprise (9DFFBCD6-494F-0158-E221-12823C92A888): 10
LogDevObjectVersion:   Dev-Niagara (F2AED0AC-9AFE-416F-8664-AA7FFA26D6FC): 1
LogDevObjectVersion:   Dev-Destruction (174F1F0B-B4C6-45A5-B13F-2EE8D0FB917D): 10
LogDevObjectVersion:   Dev-Physics-Ext (35F94A83-E258-406C-A318-09F59610247C): 41
LogDevObjectVersion:   Dev-PhysicsMaterial-Chaos (B68FC16E-8B1B-42E2-B453-215C058844FE): 1
LogDevObjectVersion:   Dev-CineCamera (B2E18506-4273-CFC2-A54E-F4BB758BBA07): 1
LogDevObjectVersion:   Dev-VirtualProduction (64F58936-FD1B-42BA-BA96-7289D5D0FA4E): 1
LogDevObjectVersion:   Dev-MediaFramework (6F0ED827-A609-4895-9C91-998D90180EA4): 2
LogInit: Presizing for max 2097152 objects, including 1 objects not considered by GC, pre-allocating 0 bytes for permanent pool.
LogConfig: Applying CVar settings from Section [/Script/Engine.StreamingSettings] File [../../../PVP_Game/Saved/Config/WindowsServer/Engine.ini]
LogConfig: Setting CVar [[s.MinBulkDataSizeForAsyncLoading:131072]]
LogConfig: Setting CVar [[s.AsyncLoadingThreadEnabled:0]]
LogConfig: Setting CVar [[s.EventDrivenLoaderEnabled:1]]
LogConfig: Setting CVar [[s.WarnIfTimeLimitExceeded:0]]
LogConfig: Setting CVar [[s.TimeLimitExceededMultiplier:1.5]]
LogConfig: Setting CVar [[s.TimeLimitExceededMinTime:0.005]]
LogConfig: Setting CVar [[s.UseBackgroundLevelStreaming:1]]
LogConfig: Setting CVar [[s.PriorityAsyncLoadingExtraTime:15.0]]
LogConfig: Setting CVar [[s.LevelStreamingActorsUpdateTimeLimit:5.0]]
LogConfig: Setting CVar [[s.PriorityLevelStreamingActorsUpdateExtraTime:5.0]]
LogConfig: Setting CVar [[s.LevelStreamingComponentsRegistrationGranularity:10]]
LogConfig: Setting CVar [[s.UnregisterComponentsTimeLimit:1.0]]
LogConfig: Setting CVar [[s.LevelStreamingComponentsUnregistrationGranularity:5]]
LogConfig: Setting CVar [[s.FlushStreamingOnExit:1]]
LogStreaming: Display: Async Loading initialized: Event Driven Loader: true, Async Loading Thread: false, Async Post Load: false
LogInit: Object subsystem initialized
LogConfig: Setting CVar [[con.DebugEarlyDefault:1]]
LogConfig: Setting CVar [[r.setres:1280x720]]
LogConfig: Setting CVar [[fx.NiagaraAllowRuntimeScalabilityChanges:1]]
[2022.08.18-22.22.38:826][  0]LogConfig: Setting CVar [[con.DebugEarlyDefault:1]]
[2022.08.18-22.22.38:826][  0]LogConfig: Setting CVar [[r.setres:1280x720]]
[2022.08.18-22.22.38:827][  0]LogConfig: Setting CVar [[fx.NiagaraAllowRuntimeScalabilityChanges:1]]
[2022.08.18-22.22.38:887][  0]LogConfig: Applying CVar settings from Section [/Script/Engine.RendererSettings] File [../../../PVP_Game/Saved/Config/WindowsServer/Engine.ini]
[2022.08.18-22.22.38:888][  0]LogConfig: Setting CVar [[r.GPUCrashDebugging:0]]
[2022.08.18-22.22.38:889][  0]LogConfig: Applying CVar settings from Section [/Script/Engine.RendererOverrideSettings] File [../../../PVP_Game/Saved/Config/WindowsServer/Engine.ini]
[2022.08.18-22.22.38:889][  0]LogConfig: Applying CVar settings from Section [/Script/Engine.StreamingSettings] File [../../../PVP_Game/Saved/Config/WindowsServer/Engine.ini]
[2022.08.18-22.22.38:890][  0]LogConfig: Setting CVar [[s.MinBulkDataSizeForAsyncLoading:131072]]
[2022.08.18-22.22.38:890][  0]LogConfig: Setting CVar [[s.AsyncLoadingThreadEnabled:0]]
[2022.08.18-22.22.38:890][  0]LogConfig: Setting CVar [[s.EventDrivenLoaderEnabled:1]]
[2022.08.18-22.22.38:891][  0]LogConfig: Setting CVar [[s.WarnIfTimeLimitExceeded:0]]
[2022.08.18-22.22.38:891][  0]LogConfig: Setting CVar [[s.TimeLimitExceededMultiplier:1.5]]
[2022.08.18-22.22.38:892][  0]LogConfig: Setting CVar [[s.TimeLimitExceededMinTime:0.005]]
[2022.08.18-22.22.38:893][  0]LogConfig: Setting CVar [[s.UseBackgroundLevelStreaming:1]]
[2022.08.18-22.22.38:893][  0]LogConfig: Setting CVar [[s.PriorityAsyncLoadingExtraTime:15.0]]
[2022.08.18-22.22.38:894][  0]LogConfig: Setting CVar [[s.LevelStreamingActorsUpdateTimeLimit:5.0]]
[2022.08.18-22.22.38:894][  0]LogConfig: Setting CVar [[s.PriorityLevelStreamingActorsUpdateExtraTime:5.0]]
[2022.08.18-22.22.38:895][  0]LogConfig: Setting CVar [[s.LevelStreamingComponentsRegistrationGranularity:10]]
[2022.08.18-22.22.38:895][  0]LogConfig: Setting CVar [[s.UnregisterComponentsTimeLimit:1.0]]
[2022.08.18-22.22.38:895][  0]LogConfig: Setting CVar [[s.LevelStreamingComponentsUnregistrationGranularity:5]]
[2022.08.18-22.22.38:895][  0]LogConfig: Setting CVar [[s.FlushStreamingOnExit:1]]
[2022.08.18-22.22.38:896][  0]LogConfig: Applying CVar settings from Section [/Script/Engine.GarbageCollectionSettings] File [../../../PVP_Game/Saved/Config/WindowsServer/Engine.ini]
[2022.08.18-22.22.38:896][  0]LogConfig: Setting CVar [[gc.MaxObjectsNotConsideredByGC:1]]
[2022.08.18-22.22.38:897][  0]LogConfig: Setting CVar [[gc.SizeOfPermanentObjectPool:0]]
[2022.08.18-22.22.38:897][  0]LogConfig: Setting CVar [[gc.FlushStreamingOnGC:0]]
[2022.08.18-22.22.38:897][  0]LogConfig: Setting CVar [[gc.NumRetriesBeforeForcingGC:10]]
[2022.08.18-22.22.38:898][  0]LogConfig: Setting CVar [[gc.AllowParallelGC:1]]
[2022.08.18-22.22.38:898][  0]LogConfig: Setting CVar [[gc.TimeBetweenPurgingPendingKillObjects:61.1]]
[2022.08.18-22.22.38:899][  0]LogConfig: Setting CVar [[gc.MaxObjectsInEditor:25165824]]
[2022.08.18-22.22.38:902][  0]LogConfig: Setting CVar [[gc.IncrementalBeginDestroyEnabled:1]]
[2022.08.18-22.22.38:903][  0]LogConfig: Setting CVar [[gc.CreateGCClusters:1]]
[2022.08.18-22.22.38:903][  0]LogConfig: Setting CVar [[gc.MinGCClusterSize:5]]
[2022.08.18-22.22.38:904][  0]LogConfig: Setting CVar [[gc.ActorClusteringEnabled:0]]
[2022.08.18-22.22.38:904][  0]LogConfig: Setting CVar [[gc.BlueprintClusteringEnabled:0]]
[2022.08.18-22.22.38:904][  0]LogConfig: Setting CVar [[gc.UseDisregardForGCOnDedicatedServers:0]]
[2022.08.18-22.22.38:905][  0]LogConfig: Setting CVar [[gc.MultithreadedDestructionEnabled:1]]
[2022.08.18-22.22.38:905][  0]LogConfig: Applying CVar settings from Section [/Script/Engine.NetworkSettings] File [../../../PVP_Game/Saved/Config/WindowsServer/Engine.ini]
[2022.08.18-22.22.38:906][  0]LogConfig: Applying CVar settings from Section [ViewDistanceQuality@3] File [../../../PVP_Game/Saved/Config/WindowsServer/Scalability.ini]
[2022.08.18-22.22.38:906][  0]LogConfig: Setting CVar [[r.SkeletalMeshLODBias:0]]
[2022.08.18-22.22.38:906][  0]LogConfig: Setting CVar [[r.ViewDistanceScale:1.0]]
[2022.08.18-22.22.38:907][  0]LogConfig: Applying CVar settings from Section [AntiAliasingQuality@3] File [../../../PVP_Game/Saved/Config/WindowsServer/Scalability.ini]
[2022.08.18-22.22.38:907][  0]LogConfig: Setting CVar [[r.PostProcessAAQuality:4]]
[2022.08.18-22.22.38:908][  0]LogConfig: Applying CVar settings from Section [ShadowQuality@3] File [../../../PVP_Game/Saved/Config/WindowsServer/Scalability.ini]
[2022.08.18-22.22.38:908][  0]LogConfig: Setting CVar [[r.LightFunctionQuality:1]]
[2022.08.18-22.22.38:909][  0]LogConfig: Setting CVar [[r.ShadowQuality:5]]
[2022.08.18-22.22.38:909][  0]LogConfig: Setting CVar [[r.Shadow.CSM.MaxCascades:10]]
[2022.08.18-22.22.38:909][  0]LogConfig: Setting CVar [[r.Shadow.MaxResolution:2048]]
[2022.08.18-22.22.38:910][  0]LogConfig: Setting CVar [[r.Shadow.MaxCSMResolution:2048]]
[2022.08.18-22.22.38:910][  0]LogConfig: Setting CVar [[r.Shadow.RadiusThreshold:0.01]]
[2022.08.18-22.22.38:911][  0]LogConfig: Setting CVar [[r.Shadow.DistanceScale:1.0]]
[2022.08.18-22.22.38:911][  0]LogConfig: Setting CVar [[r.Shadow.CSM.TransitionScale:1.0]]
[2022.08.18-22.22.38:911][  0]LogConfig: Setting CVar [[r.Shadow.PreShadowResolutionFactor:1.0]]
[2022.08.18-22.22.38:912][  0]LogConfig: Setting CVar [[r.DistanceFieldShadowing:1]]
[2022.08.18-22.22.38:912][  0]LogConfig: Setting CVar [[r.DistanceFieldAO:1]]
[2022.08.18-22.22.38:913][  0]LogConfig: Setting CVar [[r.AOQuality:2]]
[2022.08.18-22.22.38:913][  0]LogConfig: Setting CVar [[r.VolumetricFog:1]]
[2022.08.18-22.22.38:913][  0]LogConfig: Setting CVar [[r.VolumetricFog.GridPixelSize:8]]
[2022.08.18-22.22.38:913][  0]LogConfig: Setting CVar [[r.VolumetricFog.GridSizeZ:128]]
[2022.08.18-22.22.38:914][  0]LogConfig: Setting CVar [[r.VolumetricFog.HistoryMissSupersampleCount:4]]
[2022.08.18-22.22.38:914][  0]LogConfig: Setting CVar [[r.LightMaxDrawDistanceScale:1]]
[2022.08.18-22.22.38:915][  0]LogConfig: Setting CVar [[r.CapsuleShadows:1]]
[2022.08.18-22.22.38:918][  0]LogConfig: Applying CVar settings from Section [PostProcessQuality@3] File [../../../PVP_Game/Saved/Config/WindowsServer/Scalability.ini]
[2022.08.18-22.22.38:919][  0]LogConfig: Setting CVar [[r.MotionBlurQuality:4]]
[2022.08.18-22.22.38:919][  0]LogConfig: Setting CVar [[r.AmbientOcclusionMipLevelFactor:0.4]]
[2022.08.18-22.22.38:920][  0]LogConfig: Setting CVar [[r.AmbientOcclusionMaxQuality:100]]
[2022.08.18-22.22.38:920][  0]LogConfig: Setting CVar [[r.AmbientOcclusionLevels:-1]]
[2022.08.18-22.22.38:921][  0]LogConfig: Setting CVar [[r.AmbientOcclusionRadiusScale:1.0]]
[2022.08.18-22.22.38:921][  0]LogConfig: Setting CVar [[r.DepthOfFieldQuality:2]]
[2022.08.18-22.22.38:921][  0]LogConfig: Setting CVar [[r.RenderTargetPoolMin:400]]
[2022.08.18-22.22.38:922][  0]LogConfig: Setting CVar [[r.LensFlareQuality:2]]
[2022.08.18-22.22.38:922][  0]LogConfig: Setting CVar [[r.SceneColorFringeQuality:1]]
[2022.08.18-22.22.38:923][  0]LogConfig: Setting CVar [[r.EyeAdaptationQuality:2]]
[2022.08.18-22.22.38:924][  0]LogConfig: Setting CVar [[r.BloomQuality:5]]
[2022.08.18-22.22.38:924][  0]LogConfig: Setting CVar [[r.FastBlurThreshold:100]]
[2022.08.18-22.22.38:924][  0]LogConfig: Setting CVar [[r.Upscale.Quality:3]]
[2022.08.18-22.22.38:925][  0]LogConfig: Setting CVar [[r.Tonemapper.GrainQuantization:1]]
[2022.08.18-22.22.38:925][  0]LogConfig: Setting CVar [[r.LightShaftQuality:1]]
[2022.08.18-22.22.38:926][  0]LogConfig: Setting CVar [[r.Filter.SizeScale:1]]
[2022.08.18-22.22.38:926][  0]LogConfig: Setting CVar [[r.Tonemapper.Quality:5]]
[2022.08.18-22.22.38:926][  0]LogConfig: Setting CVar [[r.DOF.Gather.AccumulatorQuality:1        ; higher gathering accumulator quality]]
[2022.08.18-22.22.38:926][  0]LogConfig: Setting CVar [[r.DOF.Gather.PostfilterMethod:1          ; Median3x3 postfilering method]]
[2022.08.18-22.22.38:927][  0]LogConfig: Setting CVar [[r.DOF.Gather.EnableBokehSettings:0       ; no bokeh simulation when gathering]]
[2022.08.18-22.22.38:927][  0]LogConfig: Setting CVar [[r.DOF.Gather.RingCount:4                 ; medium number of samples when gathering]]
[2022.08.18-22.22.38:927][  0]LogConfig: Setting CVar [[r.DOF.Scatter.ForegroundCompositing:1    ; additive foreground scattering]]
[2022.08.18-22.22.38:928][  0]LogConfig: Setting CVar [[r.DOF.Scatter.BackgroundCompositing:2    ; additive background scattering]]
[2022.08.18-22.22.38:929][  0]LogConfig: Setting CVar [[r.DOF.Scatter.EnableBokehSettings:1      ; bokeh simulation when scattering]]
[2022.08.18-22.22.38:929][  0]LogConfig: Setting CVar [[r.DOF.Scatter.MaxSpriteRatio:0.1         ; only a maximum of 10% of scattered bokeh]]
[2022.08.18-22.22.38:929][  0]LogConfig: Setting CVar [[r.DOF.Recombine.Quality:1                ; cheap slight out of focus]]
[2022.08.18-22.22.38:929][  0]LogConfig: Setting CVar [[r.DOF.Recombine.EnableBokehSettings:0    ; no bokeh simulation on slight out of focus]]
[2022.08.18-22.22.38:930][  0]LogConfig: Setting CVar [[r.DOF.TemporalAAQuality:1                ; more stable temporal accumulation]]
[2022.08.18-22.22.38:930][  0]LogConfig: Setting CVar [[r.DOF.Kernel.MaxForegroundRadius:0.025]]
[2022.08.18-22.22.38:930][  0]LogConfig: Setting CVar [[r.DOF.Kernel.MaxBackgroundRadius:0.025]]
[2022.08.18-22.22.38:931][  0]LogConfig: Applying CVar settings from Section [TextureQuality@3] File [../../../PVP_Game/Saved/Config/WindowsServer/Scalability.ini]
[2022.08.18-22.22.38:934][  0]LogConfig: Setting CVar [[r.Streaming.MipBias:0]]
[2022.08.18-22.22.38:935][  0]LogConfig: Setting CVar [[r.Streaming.AmortizeCPUToGPUCopy:0]]
[2022.08.18-22.22.38:935][  0]LogConfig: Setting CVar [[r.Streaming.MaxNumTexturesToStreamPerFrame:0]]
[2022.08.18-22.22.38:935][  0]LogConfig: Setting CVar [[r.Streaming.Boost:1]]
[2022.08.18-22.22.38:936][  0]LogConfig: Setting CVar [[r.MaxAnisotropy:8]]
[2022.08.18-22.22.38:936][  0]LogConfig: Setting CVar [[r.VT.MaxAnisotropy:8]]
[2022.08.18-22.22.38:936][  0]LogConfig: Setting CVar [[r.Streaming.LimitPoolSizeToVRAM:0]]
[2022.08.18-22.22.38:937][  0]LogConfig: Setting CVar [[r.Streaming.PoolSize:1000]]
[2022.08.18-22.22.38:937][  0]LogConfig: Setting CVar [[r.Streaming.MaxEffectiveScreenSize:0]]
[2022.08.18-22.22.38:937][  0]LogConfig: Applying CVar settings from Section [EffectsQuality@3] File [../../../PVP_Game/Saved/Config/WindowsServer/Scalability.ini]
[2022.08.18-22.22.38:938][  0]LogConfig: Setting CVar [[r.TranslucencyLightingVolumeDim:64]]
[2022.08.18-22.22.38:938][  0]LogConfig: Setting CVar [[r.RefractionQuality:2]]
[2022.08.18-22.22.38:938][  0]LogConfig: Setting CVar [[r.SSR.Quality:3]]
[2022.08.18-22.22.38:939][  0]LogConfig: Setting CVar [[r.SSR.HalfResSceneColor:0]]
[2022.08.18-22.22.38:939][  0]LogConfig: Setting CVar [[r.SceneColorFormat:4]]
[2022.08.18-22.22.38:940][  0]LogConfig: Setting CVar [[r.DetailMode:2]]
[2022.08.18-22.22.38:940][  0]LogConfig: Setting CVar [[r.TranslucencyVolumeBlur:1]]
[2022.08.18-22.22.38:940][  0]LogConfig: Setting CVar [[r.MaterialQualityLevel:1 ; High quality]]
[2022.08.18-22.22.38:941][  0]LogConfig: Setting CVar [[r.AnisotropicMaterials:1]]
[2022.08.18-22.22.38:941][  0]LogConfig: Setting CVar [[r.SSS.Scale:1]]
[2022.08.18-22.22.38:942][  0]LogConfig: Setting CVar [[r.SSS.SampleSet:2]]
[2022.08.18-22.22.38:942][  0]LogConfig: Setting CVar [[r.SSS.Quality:1]]
[2022.08.18-22.22.38:942][  0]LogConfig: Setting CVar [[r.SSS.HalfRes:0]]
[2022.08.18-22.22.38:943][  0]LogConfig: Setting CVar [[r.SSGI.Quality:3]]
[2022.08.18-22.22.38:943][  0]LogConfig: Setting CVar [[r.EmitterSpawnRateScale:1.0]]
[2022.08.18-22.22.38:943][  0]LogConfig: Setting CVar [[r.ParticleLightQuality:2]]
[2022.08.18-22.22.38:944][  0]LogConfig: Setting CVar [[r.SkyAtmosphere.AerialPerspectiveLUT.FastApplyOnOpaque:1 ; Always have FastSkyLUT 1 in this case to avoid wrong sky]]
[2022.08.18-22.22.38:944][  0]LogConfig: Setting CVar [[r.SkyAtmosphere.AerialPerspectiveLUT.SampleCountMaxPerSlice:4]]
[2022.08.18-22.22.38:944][  0]LogConfig: Setting CVar [[r.SkyAtmosphere.AerialPerspectiveLUT.DepthResolution:16.0]]
[2022.08.18-22.22.38:944][  0]LogConfig: Setting CVar [[r.SkyAtmosphere.FastSkyLUT:1]]
[2022.08.18-22.22.38:944][  0]LogConfig: Setting CVar [[r.SkyAtmosphere.FastSkyLUT.SampleCountMin:4.0]]
[2022.08.18-22.22.38:945][  0]LogConfig: Setting CVar [[r.SkyAtmosphere.FastSkyLUT.SampleCountMax:128.0]]
[2022.08.18-22.22.38:945][  0]LogConfig: Setting CVar [[r.SkyAtmosphere.SampleCountMin:4.0]]
[2022.08.18-22.22.38:945][  0]LogConfig: Setting CVar [[r.SkyAtmosphere.SampleCountMax:128.0]]
[2022.08.18-22.22.38:946][  0]LogConfig: Setting CVar [[r.SkyAtmosphere.TransmittanceLUT.UseSmallFormat:0]]
[2022.08.18-22.22.38:949][  0]LogConfig: Setting CVar [[r.SkyAtmosphere.TransmittanceLUT.SampleCount:10.0]]
[2022.08.18-22.22.38:949][  0]LogConfig: Setting CVar [[r.SkyAtmosphere.MultiScatteringLUT.SampleCount:15.0]]
[2022.08.18-22.22.38:949][  0]LogConfig: Setting CVar [[r.SkyLight.RealTimeReflectionCapture:1]]
[2022.08.18-22.22.38:950][  0]LogConfig: Setting CVar [[fx.Niagara.QualityLevel:3]]
[2022.08.18-22.22.38:977][  0]LogConfig: Applying CVar settings from Section [FoliageQuality@3] File [../../../PVP_Game/Saved/Config/WindowsServer/Scalability.ini]
[2022.08.18-22.22.38:978][  0]LogConfig: Setting CVar [[foliage.DensityScale:1.0]]
[2022.08.18-22.22.38:979][  0]LogConfig: Setting CVar [[grass.DensityScale:1.0]]
[2022.08.18-22.22.38:979][  0]LogConfig: Applying CVar settings from Section [ShadingQuality@3] File [../../../PVP_Game/Saved/Config/WindowsServer/Scalability.ini]
[2022.08.18-22.22.38:979][  0]LogConfig: Setting CVar [[r.HairStrands.SkyLighting.IntegrationType:2]]
[2022.08.18-22.22.38:980][  0]LogConfig: Setting CVar [[r.HairStrands.SkyAO.SampleCount:4]]
[2022.08.18-22.22.38:980][  0]LogConfig: Setting CVar [[r.HairStrands.Visibility.MSAA.SamplePerPixel:4]]
[2022.08.18-22.22.39:085][  0]LogInit: Selected Device Profile: [WindowsServer]
[2022.08.18-22.22.39:085][  0]LogInit: Applying CVar settings loaded from the selected device profile: [WindowsServer]
[2022.08.18-22.22.39:103][  0]LogHAL: Display: Platform has ~ 8 GB [8428630016 / 8589934592 / 8], which maps to Default [LargestMinGB=32, LargerMinGB=12, DefaultMinGB=8, SmallerMinGB=6, SmallestMinGB=0)
[2022.08.18-22.22.39:131][  0]LogInit: Going up to parent DeviceProfile [Windows]
[2022.08.18-22.22.39:131][  0]LogInit: Going up to parent DeviceProfile []
[2022.08.18-22.22.39:132][  0]LogConfig: Applying CVar settings from Section [ViewDistanceQuality@3] File [../../../PVP_Game/Saved/Config/WindowsServer/Scalability.ini]
[2022.08.18-22.22.39:132][  0]LogConfig: Setting CVar [[r.SkeletalMeshLODBias:0]]
[2022.08.18-22.22.39:132][  0]LogConfig: Setting CVar [[r.ViewDistanceScale:1.0]]
[2022.08.18-22.22.39:133][  0]LogConfig: Applying CVar settings from Section [AntiAliasingQuality@3] File [../../../PVP_Game/Saved/Config/WindowsServer/Scalability.ini]
[2022.08.18-22.22.39:133][  0]LogConfig: Setting CVar [[r.PostProcessAAQuality:4]]
[2022.08.18-22.22.39:134][  0]LogConfig: Applying CVar settings from Section [ShadowQuality@3] File [../../../PVP_Game/Saved/Config/WindowsServer/Scalability.ini]
[2022.08.18-22.22.39:135][  0]LogConfig: Setting CVar [[r.LightFunctionQuality:1]]
[2022.08.18-22.22.39:136][  0]LogConfig: Setting CVar [[r.ShadowQuality:5]]
[2022.08.18-22.22.39:136][  0]LogConfig: Setting CVar [[r.Shadow.CSM.MaxCascades:10]]
[2022.08.18-22.22.39:136][  0]LogConfig: Setting CVar [[r.Shadow.MaxResolution:2048]]
[2022.08.18-22.22.39:138][  0]LogConfig: Setting CVar [[r.Shadow.MaxCSMResolution:2048]]
[2022.08.18-22.22.39:138][  0]LogConfig: Setting CVar [[r.Shadow.RadiusThreshold:0.01]]
[2022.08.18-22.22.39:138][  0]LogConfig: Setting CVar [[r.Shadow.DistanceScale:1.0]]
[2022.08.18-22.22.39:139][  0]LogConfig: Setting CVar [[r.Shadow.CSM.TransitionScale:1.0]]
[2022.08.18-22.22.39:139][  0]LogConfig: Setting CVar [[r.Shadow.PreShadowResolutionFactor:1.0]]
[2022.08.18-22.22.39:140][  0]LogConfig: Setting CVar [[r.DistanceFieldShadowing:1]]
[2022.08.18-22.22.39:140][  0]LogConfig: Setting CVar [[r.DistanceFieldAO:1]]
[2022.08.18-22.22.39:140][  0]LogConfig: Setting CVar [[r.AOQuality:2]]
[2022.08.18-22.22.39:141][  0]LogConfig: Setting CVar [[r.VolumetricFog:1]]
[2022.08.18-22.22.39:141][  0]LogConfig: Setting CVar [[r.VolumetricFog.GridPixelSize:8]]
[2022.08.18-22.22.39:142][  0]LogConfig: Setting CVar [[r.VolumetricFog.GridSizeZ:128]]
[2022.08.18-22.22.39:142][  0]LogConfig: Setting CVar [[r.VolumetricFog.HistoryMissSupersampleCount:4]]
[2022.08.18-22.22.39:142][  0]LogConfig: Setting CVar [[r.LightMaxDrawDistanceScale:1]]
[2022.08.18-22.22.39:143][  0]LogConfig: Setting CVar [[r.CapsuleShadows:1]]
[2022.08.18-22.22.39:143][  0]LogConfig: Applying CVar settings from Section [PostProcessQuality@3] File [../../../PVP_Game/Saved/Config/WindowsServer/Scalability.ini]
[2022.08.18-22.22.39:144][  0]LogConfig: Setting CVar [[r.MotionBlurQuality:4]]
[2022.08.18-22.22.39:144][  0]LogConfig: Setting CVar [[r.AmbientOcclusionMipLevelFactor:0.4]]
[2022.08.18-22.22.39:145][  0]LogConfig: Setting CVar [[r.AmbientOcclusionMaxQuality:100]]
[2022.08.18-22.22.39:145][  0]LogConfig: Setting CVar [[r.AmbientOcclusionLevels:-1]]
[2022.08.18-22.22.39:145][  0]LogConfig: Setting CVar [[r.AmbientOcclusionRadiusScale:1.0]]
[2022.08.18-22.22.39:145][  0]LogConfig: Setting CVar [[r.DepthOfFieldQuality:2]]
[2022.08.18-22.22.39:146][  0]LogConfig: Setting CVar [[r.RenderTargetPoolMin:400]]
[2022.08.18-22.22.39:146][  0]LogConfig: Setting CVar [[r.LensFlareQuality:2]]
[2022.08.18-22.22.39:146][  0]LogConfig: Setting CVar [[r.SceneColorFringeQuality:1]]
[2022.08.18-22.22.39:147][  0]LogConfig: Setting CVar [[r.EyeAdaptationQuality:2]]
[2022.08.18-22.22.39:147][  0]LogConfig: Setting CVar [[r.BloomQuality:5]]
[2022.08.18-22.22.39:148][  0]LogConfig: Setting CVar [[r.FastBlurThreshold:100]]
[2022.08.18-22.22.39:148][  0]LogConfig: Setting CVar [[r.Upscale.Quality:3]]
[2022.08.18-22.22.39:148][  0]LogConfig: Setting CVar [[r.Tonemapper.GrainQuantization:1]]
[2022.08.18-22.22.39:148][  0]LogConfig: Setting CVar [[r.LightShaftQuality:1]]
[2022.08.18-22.22.39:149][  0]LogConfig: Setting CVar [[r.Filter.SizeScale:1]]
[2022.08.18-22.22.39:152][  0]LogConfig: Setting CVar [[r.Tonemapper.Quality:5]]
[2022.08.18-22.22.39:152][  0]LogConfig: Setting CVar [[r.DOF.Gather.AccumulatorQuality:1        ; higher gathering accumulator quality]]
[2022.08.18-22.22.39:153][  0]LogConfig: Setting CVar [[r.DOF.Gather.PostfilterMethod:1          ; Median3x3 postfilering method]]
[2022.08.18-22.22.39:153][  0]LogConfig: Setting CVar [[r.DOF.Gather.EnableBokehSettings:0       ; no bokeh simulation when gathering]]
[2022.08.18-22.22.39:153][  0]LogConfig: Setting CVar [[r.DOF.Gather.RingCount:4                 ; medium number of samples when gathering]]
[2022.08.18-22.22.39:154][  0]LogConfig: Setting CVar [[r.DOF.Scatter.ForegroundCompositing:1    ; additive foreground scattering]]
[2022.08.18-22.22.39:154][  0]LogConfig: Setting CVar [[r.DOF.Scatter.BackgroundCompositing:2    ; additive background scattering]]
[2022.08.18-22.22.39:155][  0]LogConfig: Setting CVar [[r.DOF.Scatter.EnableBokehSettings:1      ; bokeh simulation when scattering]]
[2022.08.18-22.22.39:155][  0]LogConfig: Setting CVar [[r.DOF.Scatter.MaxSpriteRatio:0.1         ; only a maximum of 10% of scattered bokeh]]
[2022.08.18-22.22.39:155][  0]LogConfig: Setting CVar [[r.DOF.Recombine.Quality:1                ; cheap slight out of focus]]
[2022.08.18-22.22.39:156][  0]LogConfig: Setting CVar [[r.DOF.Recombine.EnableBokehSettings:0    ; no bokeh simulation on slight out of focus]]
[2022.08.18-22.22.39:156][  0]LogConfig: Setting CVar [[r.DOF.TemporalAAQuality:1                ; more stable temporal accumulation]]
[2022.08.18-22.22.39:156][  0]LogConfig: Setting CVar [[r.DOF.Kernel.MaxForegroundRadius:0.025]]
[2022.08.18-22.22.39:157][  0]LogConfig: Setting CVar [[r.DOF.Kernel.MaxBackgroundRadius:0.025]]
[2022.08.18-22.22.39:157][  0]LogConfig: Applying CVar settings from Section [TextureQuality@3] File [../../../PVP_Game/Saved/Config/WindowsServer/Scalability.ini]
[2022.08.18-22.22.39:157][  0]LogConfig: Setting CVar [[r.Streaming.MipBias:0]]
[2022.08.18-22.22.39:158][  0]LogConfig: Setting CVar [[r.Streaming.AmortizeCPUToGPUCopy:0]]
[2022.08.18-22.22.39:158][  0]LogConfig: Setting CVar [[r.Streaming.MaxNumTexturesToStreamPerFrame:0]]
[2022.08.18-22.22.39:159][  0]LogConfig: Setting CVar [[r.Streaming.Boost:1]]
[2022.08.18-22.22.39:159][  0]LogConfig: Setting CVar [[r.MaxAnisotropy:8]]
[2022.08.18-22.22.39:159][  0]LogConfig: Setting CVar [[r.VT.MaxAnisotropy:8]]
[2022.08.18-22.22.39:160][  0]LogConfig: Setting CVar [[r.Streaming.LimitPoolSizeToVRAM:0]]
[2022.08.18-22.22.39:160][  0]LogConfig: Setting CVar [[r.Streaming.PoolSize:1000]]
[2022.08.18-22.22.39:160][  0]LogConfig: Setting CVar [[r.Streaming.MaxEffectiveScreenSize:0]]
[2022.08.18-22.22.39:160][  0]LogConfig: Applying CVar settings from Section [EffectsQuality@3] File [../../../PVP_Game/Saved/Config/WindowsServer/Scalability.ini]
[2022.08.18-22.22.39:161][  0]LogConfig: Setting CVar [[r.TranslucencyLightingVolumeDim:64]]
[2022.08.18-22.22.39:161][  0]LogConfig: Setting CVar [[r.RefractionQuality:2]]
[2022.08.18-22.22.39:161][  0]LogConfig: Setting CVar [[r.SSR.Quality:3]]
[2022.08.18-22.22.39:162][  0]LogConfig: Setting CVar [[r.SSR.HalfResSceneColor:0]]
[2022.08.18-22.22.39:162][  0]LogConfig: Setting CVar [[r.SceneColorFormat:4]]
[2022.08.18-22.22.39:162][  0]LogConfig: Setting CVar [[r.DetailMode:2]]
[2022.08.18-22.22.39:163][  0]LogConfig: Setting CVar [[r.TranslucencyVolumeBlur:1]]
[2022.08.18-22.22.39:163][  0]LogConfig: Setting CVar [[r.MaterialQualityLevel:1 ; High quality]]
[2022.08.18-22.22.39:163][  0]LogConfig: Setting CVar [[r.AnisotropicMaterials:1]]
[2022.08.18-22.22.39:164][  0]LogConfig: Setting CVar [[r.SSS.Scale:1]]
[2022.08.18-22.22.39:164][  0]LogConfig: Setting CVar [[r.SSS.SampleSet:2]]
[2022.08.18-22.22.39:164][  0]LogConfig: Setting CVar [[r.SSS.Quality:1]]
[2022.08.18-22.22.39:165][  0]LogConfig: Setting CVar [[r.SSS.HalfRes:0]]
[2022.08.18-22.22.39:167][  0]LogConfig: Setting CVar [[r.SSGI.Quality:3]]
[2022.08.18-22.22.39:168][  0]LogConfig: Setting CVar [[r.EmitterSpawnRateScale:1.0]]
[2022.08.18-22.22.39:168][  0]LogConfig: Setting CVar [[r.ParticleLightQuality:2]]
[2022.08.18-22.22.39:169][  0]LogConfig: Setting CVar [[r.SkyAtmosphere.AerialPerspectiveLUT.FastApplyOnOpaque:1 ; Always have FastSkyLUT 1 in this case to avoid wrong sky]]
[2022.08.18-22.22.39:169][  0]LogConfig: Setting CVar [[r.SkyAtmosphere.AerialPerspectiveLUT.SampleCountMaxPerSlice:4]]
[2022.08.18-22.22.39:169][  0]LogConfig: Setting CVar [[r.SkyAtmosphere.AerialPerspectiveLUT.DepthResolution:16.0]]
[2022.08.18-22.22.39:170][  0]LogConfig: Setting CVar [[r.SkyAtmosphere.FastSkyLUT:1]]
[2022.08.18-22.22.39:170][  0]LogConfig: Setting CVar [[r.SkyAtmosphere.FastSkyLUT.SampleCountMin:4.0]]
[2022.08.18-22.22.39:171][  0]LogConfig: Setting CVar [[r.SkyAtmosphere.FastSkyLUT.SampleCountMax:128.0]]
[2022.08.18-22.22.39:171][  0]LogConfig: Setting CVar [[r.SkyAtmosphere.SampleCountMin:4.0]]
[2022.08.18-22.22.39:172][  0]LogConfig: Setting CVar [[r.SkyAtmosphere.SampleCountMax:128.0]]
[2022.08.18-22.22.39:172][  0]LogConfig: Setting CVar [[r.SkyAtmosphere.TransmittanceLUT.UseSmallFormat:0]]
[2022.08.18-22.22.39:172][  0]LogConfig: Setting CVar [[r.SkyAtmosphere.TransmittanceLUT.SampleCount:10.0]]
[2022.08.18-22.22.39:173][  0]LogConfig: Setting CVar [[r.SkyAtmosphere.MultiScatteringLUT.SampleCount:15.0]]
[2022.08.18-22.22.39:173][  0]LogConfig: Setting CVar [[r.SkyLight.RealTimeReflectionCapture:1]]
[2022.08.18-22.22.39:173][  0]LogConfig: Setting CVar [[fx.Niagara.QualityLevel:3]]
[2022.08.18-22.22.39:174][  0]LogConfig: Applying CVar settings from Section [FoliageQuality@3] File [../../../PVP_Game/Saved/Config/WindowsServer/Scalability.ini]
[2022.08.18-22.22.39:174][  0]LogConfig: Setting CVar [[foliage.DensityScale:1.0]]
[2022.08.18-22.22.39:174][  0]LogConfig: Setting CVar [[grass.DensityScale:1.0]]
[2022.08.18-22.22.39:175][  0]LogConfig: Applying CVar settings from Section [ShadingQuality@3] File [../../../PVP_Game/Saved/Config/WindowsServer/Scalability.ini]
[2022.08.18-22.22.39:175][  0]LogConfig: Setting CVar [[r.HairStrands.SkyLighting.IntegrationType:2]]
[2022.08.18-22.22.39:176][  0]LogConfig: Setting CVar [[r.HairStrands.SkyAO.SampleCount:4]]
[2022.08.18-22.22.39:176][  0]LogConfig: Setting CVar [[r.HairStrands.Visibility.MSAA.SamplePerPixel:4]]
[2022.08.18-22.22.39:176][  0]LogConfig: Applying CVar settings from Section [Startup] File [../../../Engine/Config/ConsoleVariables.ini]
[2022.08.18-22.22.39:176][  0]LogConfig: Setting CVar [[net.UseAdaptiveNetUpdateFrequency:0]]
[2022.08.18-22.22.39:177][  0]LogConfig: Setting CVar [[p.chaos.AllowCreatePhysxBodies:1]]
[2022.08.18-22.22.39:177][  0]LogConfig: Setting CVar [[fx.SkipVectorVMBackendOptimizations:1]]
[2022.08.18-22.22.39:177][  0]LogConfig: Applying CVar settings from Section [ConsoleVariables] File [../../../PVP_Game/Saved/Config/WindowsServer/Engine.ini]
[2022.08.18-22.22.39:653][  0]LogInit: Computer: DESKTOP-PTH63E6
[2022.08.18-22.22.39:653][  0]LogInit: User: bitch
[2022.08.18-22.22.39:654][  0]LogInit: CPU Page size=4096, Cores=4
[2022.08.18-22.22.39:655][  0]LogInit: High frequency timer resolution =10.000000 MHz
[2022.08.18-22.22.39:685][  0]LogMemory: Memory total: Physical=7.8GB (8GB approx)
[2022.08.18-22.22.39:686][  0]LogMemory: Platform Memory Stats for WindowsServer
[2022.08.18-22.22.39:686][  0]LogMemory: Process Physical Memory: 76.16 MB used, 76.17 MB peak
[2022.08.18-22.22.39:687][  0]LogMemory: Process Virtual Memory: 76.32 MB used, 76.32 MB peak
[2022.08.18-22.22.39:688][  0]LogMemory: Physical Memory: 4265.04 MB used,  3773.13 MB free, 8038.17 MB total
[2022.08.18-22.22.39:688][  0]LogMemory: Virtual Memory: 134205968.00 MB used,  11758.66 MB free, 134217728.00 MB total
[2022.08.18-22.22.39:748][  0]LogWindows: WindowsPlatformFeatures disabled or dedicated server build
[2022.08.18-22.22.45:320][  0]LogInit: Physics initialised using underlying interface: PhysX
[2022.08.18-22.22.45:373][  0]LogInit: Using OS detected language (en-US).
[2022.08.18-22.22.45:374][  0]LogInit: Using OS detected locale (en-US).
[2022.08.18-22.22.45:409][  0]LogTextLocalizationManager: No specific localization for 'en-US' exists, so the 'en' localization will be used.
[2022.08.18-22.22.46:862][  0]LogRendererCore: Ray tracing is disabled. Reason: r.RayTracing=0.
[2022.08.18-22.22.46:865][  0]LogODSC: ODSC Thread active.
[2022.08.18-22.22.47:033][  0]LogInit: Using OS detected language (en-US).
[2022.08.18-22.22.47:033][  0]LogInit: Using OS detected locale (en-US).
[2022.08.18-22.22.47:034][  0]LogTextLocalizationManager: No localization for 'en-US' exists, so 'en' will be used for the language.
[2022.08.18-22.22.47:034][  0]LogTextLocalizationManager: No localization for 'en-US' exists, so 'en' will be used for the locale.
[2022.08.18-22.22.47:069][  0]LogTextLocalizationManager: Compacting localization data took   0.90ms
[2022.08.18-22.22.47:069][  0]LogAssetRegistry: FAssetRegistry took 0.0261 seconds to start up
[2022.08.18-22.22.48:112][  0]LogStreaming: Display: FlushAsyncLoading: 1 QueuedPackages, 0 AsyncPackages
[2022.08.18-22.22.48:146][  0]LogPackageLocalizationCache: Processed 26 localized package path(s) for 1 prioritized culture(s) in 0.005452 seconds
[2022.08.18-22.22.48:161][  0]LogPakFile: New pak file ../../../PVP_Game/Content/Paks/PVP_Game-WindowsServer.pak added to pak precacher.
[2022.08.18-22.22.48:315][  0]LogInit: Selected Device Profile: [WindowsServer]
[2022.08.18-22.22.48:329][  0]LogInit: Active device profile: [000002042A0A0580][0000020428374930 49] WindowsServer
[2022.08.18-22.22.48:330][  0]LogInit: Profiles: [000002042A0A0700][00000204258324A0 49] Windows, [000002042A0A0580][0000020428374930 49] WindowsServer, 
[2022.08.18-22.22.48:452][  0]LogSerialization: Display: AllowBulkDataInIoStore: 'true'
[2022.08.18-22.22.48:565][  0]LogNetVersion: PVP_Game 1.0.0, NetCL: 0, EngineNetVer: 17, GameNetVer: 0 (Checksum: 2832247850)
[2022.08.18-22.22.49:313][  0]LogAudioCaptureCore: Display: No Audio Capture implementations found. Audio input will be silent.
[2022.08.18-22.22.49:315][  0]LogAudioCaptureCore: Display: No Audio Capture implementations found. Audio input will be silent.
[2022.08.18-22.22.49:328][  0]LogHMD: PokeAHoleMaterial loaded successfully
[2022.08.18-22.22.49:773][  0]LogUObjectArray: 19546 objects as part of root set at end of initial load.
[2022.08.18-22.22.49:775][  0]LogUObjectAllocator: 3988680 out of 0 bytes used by permanent object pool.
[2022.08.18-22.22.49:776][  0]LogUObjectArray: CloseDisregardForGC: 19546/0 objects in disregard for GC pool
[2022.08.18-22.22.49:842][  0]LogSteamShared: Display: Loading Steam SDK 1.51
[2022.08.18-22.22.49:884][  0]LogSteamShared: Steam SDK Loaded!
[2022.08.18-22.22.49:937][  0]LogNiagaraDebuggerClient: Niagara Debugger Client Initialized | Session: 893CABFF44611D309D774D90AD8B5E3A | Instance: F272881E459C204659591EA05CCA3A4C (DESKTOP-PTH63E6-7544).
[2022.08.18-22.22.50:043][  0]LogAndroidPermission: UAndroidPermissionCallbackProxy::GetInstance
[2022.08.18-22.22.50:050][  0]LogOcInput: OculusInput pre-init called
[2022.08.18-22.22.50:088][  0]LogEngine: Initializing Engine...
[2022.08.18-22.22.50:133][  0]LogStats: UGameplayTagsManager::InitializeManager -  0.019 s
[2022.08.18-22.22.50:178][  0]LogInit: Initializing FReadOnlyCVARCache
[2022.08.18-22.22.50:182][  0]LogNetVersion: Set ProjectVersion to 1.0.0.0. Version Checksum will be recalculated on next use.
[2022.08.18-22.22.50:185][  0]LogInit: Texture streaming: Disabled
[2022.08.18-22.22.50:784][  0]LogInit: Display: Game Engine Initialized.
[2022.08.18-22.22.50:838][  0]LogInit: Display: Starting Game.
[2022.08.18-22.22.50:866][  0]LogNet: Browse: /Game/Maps/Match?Name=Player
[2022.08.18-22.22.50:874][  0]LogLoad: LoadMap: /Game/Maps/Match?Name=Player
[2022.08.18-22.22.50:874][  0]LogWorld: BeginTearingDown for /Temp/Untitled_0
[2022.08.18-22.22.50:993][  0]LogWorld: UWorld::CleanupWorld for Untitled, bSessionEnded=true, bCleanupResources=true
[2022.08.18-22.22.51:149][  0]LogUObjectHash: Compacting FUObjectHashTables data took   3.86ms
[2022.08.18-22.22.51:347][  0]LogAIModule: Creating AISystem for world Match
[2022.08.18-22.22.51:355][  0]LogLoad: Game class is 'BPGM_TurnBasedGameMode_C'
[2022.08.18-22.22.51:406][  0]LogNet: ReplicationDriverClass is null! Not using ReplicationDriver.
[2022.08.18-22.22.51:406][  0]LogNetCore: DDoS detection status: detection enabled: 0 analytics enabled: 0
[2022.08.18-22.22.51:415][  0]LogInit: WinSock: Socket queue. Rx: 131072 (config 131072) Tx: 131072 (config 131072)
[2022.08.18-22.22.51:415][  0]LogNet: Created socket for bind address: 0.0.0.0 on port 7777
[2022.08.18-22.22.51:418][  0]PacketHandlerLog: Loaded PacketHandler component: Engine.EngineHandlerComponentFactory (StatelessConnectHandlerComponent)
[2022.08.18-22.22.51:422][  0]LogNet: GameNetDriver IpNetDriver_2147482567 IpNetDriver listening on port 7777
[2022.08.18-22.22.51:491][  0]LogWorld: Bringing World /Game/Maps/Match.Match up for play (max tick rate 30) at 2022.08.18-15.22.51
[2022.08.18-22.22.51:504][  0]LogWorld: Bringing up level for play took: 0.080088
[2022.08.18-22.22.51:519][  0]LogGameMode: Display: Match State Changed from EnteringMap to WaitingToStart
[2022.08.18-22.22.51:567][  0]LogGameState: Match State Changed from EnteringMap to WaitingToStart
[2022.08.18-22.22.51:570][  0]LogLoad: Took 0.697097 seconds to LoadMap(/Game/Maps/Match)
[2022.08.18-22.22.51:591][  0]LogPakFile: AllPaks IndexSizes: DirectoryHashSize=222412, PathHashSize=16, EntriesSize=32752, TotalSize=255180
[2022.08.18-22.22.51:592][  0]LogInit: Display: Engine is initialized. Leaving FEngineLoop::Init()
[2022.08.18-22.22.51:592][  0]LogLoad: (Engine Initialization) Total time: 26.59 seconds
[2022.08.18-22.24.38:381][182]LogNet: NotifyAcceptingConnection accepted from: 192.168.86.1:53474
[2022.08.18-22.24.38:498][182]LogHandshake: SendConnectChallenge. Timestamp: 106.452224, Cookie: 009057108074059077066070093109019056097148100245155203110032
[2022.08.18-22.24.38:806][192]LogNet: NotifyAcceptingConnection accepted from: 192.168.86.1:53474
[2022.08.18-22.24.38:892][192]LogHandshake: SendChallengeAck. InCookie: 009057108074059077066070093109019056097148100245155203110032
[2022.08.18-22.24.38:892][192]LogNet: Server accepting post-challenge connection from: 192.168.86.1:53474
[2022.08.18-22.24.39:120][192]PacketHandlerLog: Loaded PacketHandler component: Engine.EngineHandlerComponentFactory (StatelessConnectHandlerComponent)
[2022.08.18-22.24.39:133][192]LogNet: NotifyAcceptedConnection: Name: Match, TimeStamp: 08/18/22 15:24:39, [UNetConnection] RemoteAddr: 192.168.86.1:53474, Name: IpConnection_2147482560, Driver: GameNetDriver IpNetDriver_2147482567, IsServer: YES, PC: NULL, Owner: NULL, UniqueId: INVALID
[2022.08.18-22.24.39:134][192]LogNet: AddClientConnection: Added client connection: [UNetConnection] RemoteAddr: 192.168.86.1:53474, Name: IpConnection_2147482560, Driver: GameNetDriver IpNetDriver_2147482567, IsServer: YES, PC: NULL, Owner: NULL, UniqueId: INVALID
[2022.08.18-22.24.39:160][192]LogNet: NotifyAcceptingChannel Control 0 server World /Game/Maps/Match.Match: Accepted
[2022.08.18-22.24.39:167][192]LogNet: Remote platform little endian=1
[2022.08.18-22.24.39:167][192]LogNet: This platform little endian=1
[2022.08.18-22.24.39:167][192]LogNetVersion: PVP_Game 1.0.0.0, NetCL: 0, EngineNetVer: 17, GameNetVer: 0 (Checksum: 513338249)
[2022.08.18-22.24.39:271][193]LogNet: Login request: ?Name=DESKTOP-PTH63E6-529393164B795AF19D1760A5FA16D839 userId: NULL:DESKTOP-PTH63E6-529393164B795AF19D1760A5FA16D839 platform: NULL
[2022.08.18-22.24.39:334][195]LogNet: Client netspeed is 100000
[2022.08.18-22.24.41:961][274]LogNet: NotifyAcceptingConnection accepted from: 192.168.86.1:53475
[2022.08.18-22.24.41:961][274]LogHandshake: SendConnectChallenge. Timestamp: 110.353369, Cookie: 118043094211028034214143208248254229002221018189000204213028
[2022.08.18-22.24.41:994][275]LogNet: NotifyAcceptingConnection accepted from: 192.168.86.1:53475
[2022.08.18-22.24.41:994][275]LogHandshake: SendChallengeAck. InCookie: 118043094211028034214143208248254229002221018189000204213028
[2022.08.18-22.24.41:995][275]LogNet: Server accepting post-challenge connection from: 192.168.86.1:53475
[2022.08.18-22.24.41:997][275]PacketHandlerLog: Loaded PacketHandler component: Engine.EngineHandlerComponentFactory (StatelessConnectHandlerComponent)
[2022.08.18-22.24.41:997][275]LogNet: NotifyAcceptedConnection: Name: Match, TimeStamp: 08/18/22 15:24:41, [UNetConnection] RemoteAddr: 192.168.86.1:53475, Name: IpConnection_2147482556, Driver: GameNetDriver IpNetDriver_2147482567, IsServer: YES, PC: NULL, Owner: NULL, UniqueId: INVALID
[2022.08.18-22.24.41:997][275]LogNet: AddClientConnection: Added client connection: [UNetConnection] RemoteAddr: 192.168.86.1:53475, Name: IpConnection_2147482556, Driver: GameNetDriver IpNetDriver_2147482567, IsServer: YES, PC: NULL, Owner: NULL, UniqueId: INVALID
[2022.08.18-22.24.42:028][276]LogNet: NotifyAcceptingChannel Control 0 server World /Game/Maps/Match.Match: Accepted
[2022.08.18-22.24.42:028][276]LogNet: Remote platform little endian=1
[2022.08.18-22.24.42:029][276]LogNet: This platform little endian=1
[2022.08.18-22.24.42:094][278]LogNet: Login request: ?Name=DESKTOP-PTH63E6-D9ABEA154DF0B9B362E89B917BA6DB64 userId: NULL:DESKTOP-PTH63E6-D9ABEA154DF0B9B362E89B917BA6DB64 platform: NULL
[2022.08.18-22.24.42:161][280]LogNet: Client netspeed is 100000
[2022.08.18-22.24.42:920][303]LogNet: Join request: /Game/Maps/Match?Name=DESKTOP-PTH63E6-529393164B795AF19D1760A5FA16D839?SplitscreenCount=1
[2022.08.18-22.24.42:985][303]LogOnlineSession: Warning: OSS: No game present to join for session (GameSession)
[2022.08.18-22.24.43:698][303]LogGameMode: Display: Match State Changed from WaitingToStart to InProgress
[2022.08.18-22.24.43:715][303]LogGameState: Match State Changed from WaitingToStart to InProgress
[2022.08.18-22.24.43:717][303]LogNet: Join succeeded: DESKTOP-PTH63E6-5293
[2022.08.18-22.24.43:718][303]LogNet: Join request: /Game/Maps/Match?Name=DESKTOP-PTH63E6-D9ABEA154DF0B9B362E89B917BA6DB64?SplitscreenCount=1
[2022.08.18-22.24.43:722][303]LogOnlineSession: Warning: OSS: No game present to join for session (GameSession)
[2022.08.18-22.24.43:737][303]LogNet: Join succeeded: DESKTOP-PTH63E6-D9AB
[2022.08.18-22.24.43:802][304]LogPlayFab: Request: {
	"PlayFabId": null,
	"StatisticNames": [
		"Test_Ranked"
	],
	"StatisticNameVersions": null
}
[2022.08.18-22.24.43:814][304]LogPlayFab: Request: {
	"PlayFabId": null,
	"StatisticNames": [
		"Test_Ranked"
	],
	"StatisticNameVersions": null
}
[2022.08.18-22.24.44:173][315]LogPlayFab: Response : {"code":401,"status":"Unauthorized","error":"NotAuthenticated","errorCode":1074,"errorMessage":"Missing or invalid X-SecretKey HTTP header"}
[2022.08.18-22.24.44:187][315]LogBlueprintUserMessages: [BPGM_TurnBasedGameMode_C_2147482568] Error occur while getting the statistics
[2022.08.18-22.24.44:187][315]LogPlayFab: Response : {"code":401,"status":"Unauthorized","error":"NotAuthenticated","errorCode":1074,"errorMessage":"Missing or invalid X-SecretKey HTTP header"}
[2022.08.18-22.24.44:190][315]LogBlueprintUserMessages: [BPGM_TurnBasedGameMode_C_2147482568] Error occur while getting the statistics
[2022.08.18-22.25.26:954][595]LogNet: UChannel::ReceivedSequencedBunch: Bunch.bClose == true. ChIndex == 0. Calling ConditionalCleanUp.
