Log file open, 08/15/22 16:10:55
LogWindows: Failed to load 'aqProf.dll' (GetLastError=126)
LogWindows: File 'aqProf.dll' does not exist
LogWindows: Failed to load 'VtuneApi.dll' (GetLastError=126)
LogWindows: File 'VtuneApi.dll' does not exist
LogWindows: Failed to load 'VtuneApi32e.dll' (GetLastError=126)
LogWindows: File 'VtuneApi32e.dll' does not exist
LogConsoleResponse: Display: Failed to find resolution value strings in scalability ini. Falling back to default.
LogConsoleResponse: Display: Failed to find resolution value strings in scalability ini. Falling back to default.
LogPakFile: Display: Found Pak file ../../../PVP_Game/Content/Paks/PVP_Game-WindowsServer.pak attempting to mount.
LogPakFile: Display: Mounting pak file ../../../PVP_Game/Content/Paks/PVP_Game-WindowsServer.pak.
LogPakFile: PakFile PrimaryIndexSize=26058
LogPakFile: PakFile PathHashIndexSize=48573
LogPakFile: PakFile FullDirectoryIndexSize=64311
LogShaderLibrary: Display: ShaderCodeLibraryPakFileMountedCallback: PakFile '../../../PVP_Game/Content/Paks/PVP_Game-WindowsServer.pak' (chunk index -1, root '../../../') mounted
LogShaderLibrary: Display: ShaderCodeLibraryPakFileMountedCallback: pending pak file info (ChunkID:-1 Root:../../../ File:../../../PVP_Game/Content/Paks/PVP_Game-WindowsServer.pak)
LogPakFile: OnPakFileMounted2Time == 0.000041
LogPlatformFile: Not using cached read wrapper
LogTaskGraph: Started task graph with 5 named threads and 9 total threads with 1 sets of task threads.
LogStats: Stats thread started at 0.094211
LogICUInternationalization: ICU TimeZone Detection - Raw Offset: -8:00, Platform Override: ''
LogInit: Display: Loading text-based GConfig....
LogPluginManager: Mounting plugin OnlineSubsystemSteam
LogPluginManager: Mounting plugin OnlineSubsystem
LogPluginManager: Mounting plugin OnlineSubsystemUtils
LogPluginManager: Mounting plugin SteamShared
LogPluginManager: Mounting plugin OnlineFramework
LogPluginManager: Mounting plugin PlayFab
LogPluginManager: Mounting plugin AdvancedSessions
LogPluginManager: Mounting plugin AdvancedSteamSessions
LogPluginManager: Mounting plugin Paper2D
LogPluginManager: Mounting plugin AISupport
LogPluginManager: Mounting plugin EnvironmentQueryEditor
LogPluginManager: Mounting plugin LightPropagationVolume
LogPluginManager: Mounting plugin CameraShakePreviewer
LogPluginManager: Mounting plugin GameplayCameras
LogPluginManager: Mounting plugin TemplateSequence
LogPluginManager: Mounting plugin LevelSequenceEditor
LogPluginManager: Mounting plugin OodleData
LogPluginManager: Mounting plugin OodleNetwork
LogPluginManager: Mounting plugin AnimationSharing
LogPluginManager: Mounting plugin SignificanceManager
LogPluginManager: Mounting plugin PluginUtils
LogPluginManager: Mounting plugin PropertyAccessEditor
LogPluginManager: Mounting plugin UObjectPlugin
LogPluginManager: Mounting plugin AssetManagerEditor
LogPluginManager: Mounting plugin FacialAnimation
LogPluginManager: Mounting plugin GeometryMode
LogPluginManager: Mounting plugin SpeedTreeImporter
LogPluginManager: Mounting plugin DatasmithContent
LogPluginManager: Mounting plugin VariantManagerContent
LogPluginManager: Mounting plugin AlembicImporter
LogPluginManager: Mounting plugin GeometryCache
LogPluginManager: Mounting plugin AutomationUtils
LogPluginManager: Mounting plugin ScreenshotTools
LogPluginManager: Mounting plugin BackChannel
LogPluginManager: Mounting plugin ChaosClothEditor
LogPluginManager: Mounting plugin ChaosCloth
LogPluginManager: Mounting plugin ChaosEditor
LogPluginManager: Mounting plugin PlanarCut
LogPluginManager: Mounting plugin GeometryProcessing
LogPluginManager: Mounting plugin EditableMesh
LogPluginManager: Mounting plugin GeometryCollectionPlugin
LogPluginManager: Mounting plugin ProceduralMeshComponent
LogPluginManager: Mounting plugin ChaosSolverPlugin
LogPluginManager: Mounting plugin ChaosNiagara
LogPluginManager: Mounting plugin Niagara
LogPluginManager: Mounting plugin PythonScriptPlugin
LogPluginManager: Mounting plugin CharacterAI
LogPluginManager: Mounting plugin MotoSynth
LogPluginManager: Mounting plugin OpenImageDenoise
LogPluginManager: Mounting plugin PlatformCrypto
LogPluginManager: Mounting plugin MagicLeapPassableWorld
LogPluginManager: Mounting plugin MagicLeap
LogPluginManager: Mounting plugin MLSDK
LogPluginManager: Mounting plugin MagicLeapLightEstimation
LogPluginManager: Mounting plugin AvfMedia
LogPluginManager: Mounting plugin ImgMedia
LogPluginManager: Mounting plugin MediaCompositing
LogPluginManager: Mounting plugin MeshPainting
LogPluginManager: Mounting plugin TcpMessaging
LogPluginManager: Mounting plugin UdpMessaging
LogPluginManager: Mounting plugin ActorSequence
LogPluginManager: Mounting plugin MatineeToLevelSequence
LogPluginManager: Mounting plugin OnlineSubsystemNull
LogPluginManager: Mounting plugin LauncherChunkInstaller
LogPluginManager: Mounting plugin ActorLayerUtilities
LogPluginManager: Mounting plugin AndroidPermission
LogPluginManager: Mounting plugin AppleImageUtils
LogPluginManager: Mounting plugin ArchVisCharacter
LogPluginManager: Mounting plugin AssetTags
LogPluginManager: Mounting plugin AudioCapture
LogPluginManager: Mounting plugin CableComponent
LogPluginManager: Mounting plugin ChunkDownloader
LogPluginManager: Mounting plugin CustomMeshComponent
LogPluginManager: Mounting plugin ExampleDeviceProfileSelector
LogPluginManager: Mounting plugin GooglePAD
LogPluginManager: Mounting plugin LocationServicesBPLibrary
LogPluginManager: Mounting plugin MobilePatchingUtils
LogPluginManager: Mounting plugin OculusVR
LogPluginManager: Mounting plugin OpenXREyeTracker
LogPluginManager: Mounting plugin OpenXR
LogPluginManager: Mounting plugin OpenXRHandTracking
LogPluginManager: Mounting plugin LiveLink
LogPluginManager: Mounting plugin Takes
LogPluginManager: Mounting plugin PhysXVehicles
LogPluginManager: Mounting plugin RuntimePhysXCooking
LogPluginManager: Mounting plugin SoundFields
LogPluginManager: Mounting plugin SteamVR
LogPluginManager: Mounting plugin Synthesis
LogPluginManager: Mounting plugin AudioSynesthesia
LogPluginManager: Mounting plugin WindowsMoviePlayer
LogInit: Using libcurl 7.55.1-DEV
LogInit:  - built for x86_64-pc-win32
LogInit:  - supports SSL with OpenSSL/1.1.1
LogInit:  - supports HTTP deflate (compression) using libz 1.2.8
LogInit:  - other features:
LogInit:      CURL_VERSION_SSL
LogInit:      CURL_VERSION_LIBZ
LogInit:      CURL_VERSION_IPV6
LogInit:      CURL_VERSION_ASYNCHDNS
LogInit:      CURL_VERSION_LARGEFILE
LogInit:      CURL_VERSION_IDN
LogInit:  CurlRequestOptions (configurable via config and command line):
LogInit:  - bVerifyPeer = true  - Libcurl will verify peer certificate
LogInit:  - bUseHttpProxy = false  - Libcurl will NOT use HTTP proxy
LogInit:  - bDontReuseConnections = false  - Libcurl will reuse connections
LogInit:  - MaxHostConnections = 16  - Libcurl will limit the number of connections to a host
LogInit:  - LocalHostAddr = Default
LogInit:  - BufferSize = 65536
LogSteamShared: Display: Loading Steam SDK 1.51
LogSteamShared: Steam SDK Loaded!
LogOnline: OSS: Creating online subsystem instance for: Steam
LogOnline: STEAM: [AppId: 480] Game Server API initialized 1
LogOnline: STEAM: Initializing SteamNetworking Layer
LogOnline: STEAM: Missing P2PCleanupTimeout key in OnlineSubsystemSteam of DefaultEngine.ini, using default
LogInit: WinSock: version 1.1 (2.2), MaxSocks=32767, MaxUdp=65467
LogOnline: OSS: TryLoadSubsystemAndSetDefault: Loaded subsystem for module [Steam]
LogLuminAPIImpl: Warning: MLSDK not found.  This likely means the MLSDK environment variable is not set.
LogInit: Build: ++UE4+Release-4.27-CL-0
LogInit: Engine Version: 4.27.2-0+++UE4+Release-4.27
LogInit: Compatible Engine Version: 4.27.0-0+++UE4+Release-4.27
LogInit: Net CL: 0
LogInit: OS: Windows 10 (Release 2009) (), CPU: Intel(R) Core(TM) i5-8257U CPU @ 1.40GHz, GPU: Intel(R) Iris(R) Plus Graphics 645
LogInit: Compiled (64-bit): Aug 14 2022 20:44:59
LogInit: Compiled with Visual C++: 19.33.31629.00
LogInit: Build Configuration: Development
LogInit: Branch Name: ++UE4+Release-4.27
LogInit: Command Line:  -log
LogInit: Base Directory: C:/Users/bitch/Documents/GitHub/PVP_Chess_Game/Release/WindowsServer/PVP_Game/Binaries/Win64/
LogInit: Allocator: binned2
LogInit: Installed Engine Build: 0
LogDevObjectVersion: Number of dev versions registered: 29
LogDevObjectVersion:   Dev-Blueprints (B0D832E4-1F89-4F0D-ACCF-7EB736FD4AA2): 10
LogDevObjectVersion:   Dev-Build (E1C64328-A22C-4D53-A36C-8E866417BD8C): 0
LogDevObjectVersion:   Dev-Core (375EC13C-06E4-48FB-B500-84F0262A717E): 4
LogDevObjectVersion:   Dev-Editor (E4B068ED-F494-42E9-A231-DA0B2E46BB41): 40
LogDevObjectVersion:   Dev-Framework (CFFC743F-43B0-4480-9391-14DF171D2073): 37
LogDevObjectVersion:   Dev-Mobile (B02B49B5-BB20-44E9-A304-32B752E40360): 3
LogDevObjectVersion:   Dev-Networking (A4E4105C-59A1-49B5-A7C5-40C4547EDFEE): 0
LogDevObjectVersion:   Dev-Online (39C831C9-5AE6-47DC-9A44-9C173E1C8E7C): 0
LogDevObjectVersion:   Dev-Physics (78F01B33-EBEA-4F98-B9B4-84EACCB95AA2): 14
LogDevObjectVersion:   Dev-Platform (6631380F-2D4D-43E0-8009-CF276956A95A): 0
LogDevObjectVersion:   Dev-Rendering (12F88B9F-8875-4AFC-A67C-D90C383ABD29): 45
LogDevObjectVersion:   Dev-Sequencer (7B5AE74C-D270-4C10-A958-57980B212A5A): 13
LogDevObjectVersion:   Dev-VR (D7296918-1DD6-4BDD-9DE2-64A83CC13884): 3
LogDevObjectVersion:   Dev-LoadTimes (C2A15278-BFE7-4AFE-6C17-90FF531DF755): 1
LogDevObjectVersion:   Private-Geometry (6EACA3D4-40EC-4CC1-B786-8BED09428FC5): 3
LogDevObjectVersion:   Dev-AnimPhys (29E575DD-E0A3-4627-9D10-D276232CDCEA): 17
LogDevObjectVersion:   Dev-Anim (AF43A65D-7FD3-4947-9873-3E8ED9C1BB05): 15
LogDevObjectVersion:   Dev-ReflectionCapture (6B266CEC-1EC7-4B8F-A30B-E4D90942FC07): 1
LogDevObjectVersion:   Dev-Automation (0DF73D61-A23F-47EA-B727-89E90C41499A): 1
LogDevObjectVersion:   FortniteMain (601D1886-AC64-4F84-AA16-D3DE0DEAC7D6): 47
LogDevObjectVersion:   FortniteRelease (E7086368-6B23-4C58-8439-1B7016265E91): 1
LogDevObjectVersion:   Dev-Enterprise (9DFFBCD6-494F-0158-E221-12823C92A888): 10
LogDevObjectVersion:   Dev-Niagara (F2AED0AC-9AFE-416F-8664-AA7FFA26D6FC): 1
LogDevObjectVersion:   Dev-Destruction (174F1F0B-B4C6-45A5-B13F-2EE8D0FB917D): 10
LogDevObjectVersion:   Dev-Physics-Ext (35F94A83-E258-406C-A318-09F59610247C): 41
LogDevObjectVersion:   Dev-PhysicsMaterial-Chaos (B68FC16E-8B1B-42E2-B453-215C058844FE): 1
LogDevObjectVersion:   Dev-CineCamera (B2E18506-4273-CFC2-A54E-F4BB758BBA07): 1
LogDevObjectVersion:   Dev-VirtualProduction (64F58936-FD1B-42BA-BA96-7289D5D0FA4E): 1
LogDevObjectVersion:   Dev-MediaFramework (6F0ED827-A609-4895-9C91-998D90180EA4): 2
LogInit: Presizing for max 2097152 objects, including 1 objects not considered by GC, pre-allocating 0 bytes for permanent pool.
LogConfig: Applying CVar settings from Section [/Script/Engine.StreamingSettings] File [../../../PVP_Game/Saved/Config/WindowsServer/Engine.ini]
LogConfig: Setting CVar [[s.MinBulkDataSizeForAsyncLoading:131072]]
LogConfig: Setting CVar [[s.AsyncLoadingThreadEnabled:0]]
LogConfig: Setting CVar [[s.EventDrivenLoaderEnabled:1]]
LogConfig: Setting CVar [[s.WarnIfTimeLimitExceeded:0]]
LogConfig: Setting CVar [[s.TimeLimitExceededMultiplier:1.5]]
LogConfig: Setting CVar [[s.TimeLimitExceededMinTime:0.005]]
LogConfig: Setting CVar [[s.UseBackgroundLevelStreaming:1]]
LogConfig: Setting CVar [[s.PriorityAsyncLoadingExtraTime:15.0]]
LogConfig: Setting CVar [[s.LevelStreamingActorsUpdateTimeLimit:5.0]]
LogConfig: Setting CVar [[s.PriorityLevelStreamingActorsUpdateExtraTime:5.0]]
LogConfig: Setting CVar [[s.LevelStreamingComponentsRegistrationGranularity:10]]
LogConfig: Setting CVar [[s.UnregisterComponentsTimeLimit:1.0]]
LogConfig: Setting CVar [[s.LevelStreamingComponentsUnregistrationGranularity:5]]
LogConfig: Setting CVar [[s.FlushStreamingOnExit:1]]
LogStreaming: Display: Async Loading initialized: Event Driven Loader: true, Async Loading Thread: false, Async Post Load: false
LogInit: Object subsystem initialized
LogConfig: Setting CVar [[con.DebugEarlyDefault:1]]
LogConfig: Setting CVar [[r.setres:1280x720]]
LogConfig: Setting CVar [[fx.NiagaraAllowRuntimeScalabilityChanges:1]]
[2022.08.15-23.10.58:368][  0]LogConfig: Setting CVar [[con.DebugEarlyDefault:1]]
[2022.08.15-23.10.58:368][  0]LogConfig: Setting CVar [[r.setres:1280x720]]
[2022.08.15-23.10.58:376][  0]LogConfig: Setting CVar [[fx.NiagaraAllowRuntimeScalabilityChanges:1]]
[2022.08.15-23.10.58:381][  0]LogConfig: Applying CVar settings from Section [/Script/Engine.RendererSettings] File [../../../PVP_Game/Saved/Config/WindowsServer/Engine.ini]
[2022.08.15-23.10.58:392][  0]LogConfig: Setting CVar [[r.GPUCrashDebugging:0]]
[2022.08.15-23.10.58:396][  0]LogConfig: Applying CVar settings from Section [/Script/Engine.RendererOverrideSettings] File [../../../PVP_Game/Saved/Config/WindowsServer/Engine.ini]
[2022.08.15-23.10.58:410][  0]LogConfig: Applying CVar settings from Section [/Script/Engine.StreamingSettings] File [../../../PVP_Game/Saved/Config/WindowsServer/Engine.ini]
[2022.08.15-23.10.58:418][  0]LogConfig: Setting CVar [[s.MinBulkDataSizeForAsyncLoading:131072]]
[2022.08.15-23.10.58:418][  0]LogConfig: Setting CVar [[s.AsyncLoadingThreadEnabled:0]]
[2022.08.15-23.10.58:424][  0]LogConfig: Setting CVar [[s.EventDrivenLoaderEnabled:1]]
[2022.08.15-23.10.58:427][  0]LogConfig: Setting CVar [[s.WarnIfTimeLimitExceeded:0]]
[2022.08.15-23.10.58:427][  0]LogConfig: Setting CVar [[s.TimeLimitExceededMultiplier:1.5]]
[2022.08.15-23.10.58:438][  0]LogConfig: Setting CVar [[s.TimeLimitExceededMinTime:0.005]]
[2022.08.15-23.10.58:440][  0]LogConfig: Setting CVar [[s.UseBackgroundLevelStreaming:1]]
[2022.08.15-23.10.58:441][  0]LogConfig: Setting CVar [[s.PriorityAsyncLoadingExtraTime:15.0]]
[2022.08.15-23.10.58:445][  0]LogConfig: Setting CVar [[s.LevelStreamingActorsUpdateTimeLimit:5.0]]
[2022.08.15-23.10.58:446][  0]LogConfig: Setting CVar [[s.PriorityLevelStreamingActorsUpdateExtraTime:5.0]]
[2022.08.15-23.10.58:446][  0]LogConfig: Setting CVar [[s.LevelStreamingComponentsRegistrationGranularity:10]]
[2022.08.15-23.10.58:447][  0]LogConfig: Setting CVar [[s.UnregisterComponentsTimeLimit:1.0]]
[2022.08.15-23.10.58:450][  0]LogConfig: Setting CVar [[s.LevelStreamingComponentsUnregistrationGranularity:5]]
[2022.08.15-23.10.58:452][  0]LogConfig: Setting CVar [[s.FlushStreamingOnExit:1]]
[2022.08.15-23.10.58:452][  0]LogConfig: Applying CVar settings from Section [/Script/Engine.GarbageCollectionSettings] File [../../../PVP_Game/Saved/Config/WindowsServer/Engine.ini]
[2022.08.15-23.10.58:457][  0]LogConfig: Setting CVar [[gc.MaxObjectsNotConsideredByGC:1]]
[2022.08.15-23.10.58:457][  0]LogConfig: Setting CVar [[gc.SizeOfPermanentObjectPool:0]]
[2022.08.15-23.10.58:458][  0]LogConfig: Setting CVar [[gc.FlushStreamingOnGC:0]]
[2022.08.15-23.10.58:458][  0]LogConfig: Setting CVar [[gc.NumRetriesBeforeForcingGC:10]]
[2022.08.15-23.10.58:458][  0]LogConfig: Setting CVar [[gc.AllowParallelGC:1]]
[2022.08.15-23.10.58:459][  0]LogConfig: Setting CVar [[gc.TimeBetweenPurgingPendingKillObjects:61.1]]
[2022.08.15-23.10.58:459][  0]LogConfig: Setting CVar [[gc.MaxObjectsInEditor:25165824]]
[2022.08.15-23.10.58:460][  0]LogConfig: Setting CVar [[gc.IncrementalBeginDestroyEnabled:1]]
[2022.08.15-23.10.58:460][  0]LogConfig: Setting CVar [[gc.CreateGCClusters:1]]
[2022.08.15-23.10.58:461][  0]LogConfig: Setting CVar [[gc.MinGCClusterSize:5]]
[2022.08.15-23.10.58:465][  0]LogConfig: Setting CVar [[gc.ActorClusteringEnabled:0]]
[2022.08.15-23.10.58:465][  0]LogConfig: Setting CVar [[gc.BlueprintClusteringEnabled:0]]
[2022.08.15-23.10.58:468][  0]LogConfig: Setting CVar [[gc.UseDisregardForGCOnDedicatedServers:0]]
[2022.08.15-23.10.58:469][  0]LogConfig: Setting CVar [[gc.MultithreadedDestructionEnabled:1]]
[2022.08.15-23.10.58:469][  0]LogConfig: Applying CVar settings from Section [/Script/Engine.NetworkSettings] File [../../../PVP_Game/Saved/Config/WindowsServer/Engine.ini]
[2022.08.15-23.10.58:470][  0]LogConfig: Applying CVar settings from Section [ViewDistanceQuality@3] File [../../../PVP_Game/Saved/Config/WindowsServer/Scalability.ini]
[2022.08.15-23.10.58:470][  0]LogConfig: Setting CVar [[r.SkeletalMeshLODBias:0]]
[2022.08.15-23.10.58:471][  0]LogConfig: Setting CVar [[r.ViewDistanceScale:1.0]]
[2022.08.15-23.10.58:471][  0]LogConfig: Applying CVar settings from Section [AntiAliasingQuality@3] File [../../../PVP_Game/Saved/Config/WindowsServer/Scalability.ini]
[2022.08.15-23.10.58:471][  0]LogConfig: Setting CVar [[r.PostProcessAAQuality:4]]
[2022.08.15-23.10.58:472][  0]LogConfig: Applying CVar settings from Section [ShadowQuality@3] File [../../../PVP_Game/Saved/Config/WindowsServer/Scalability.ini]
[2022.08.15-23.10.58:472][  0]LogConfig: Setting CVar [[r.LightFunctionQuality:1]]
[2022.08.15-23.10.58:473][  0]LogConfig: Setting CVar [[r.ShadowQuality:5]]
[2022.08.15-23.10.58:477][  0]LogConfig: Setting CVar [[r.Shadow.CSM.MaxCascades:10]]
[2022.08.15-23.10.58:479][  0]LogConfig: Setting CVar [[r.Shadow.MaxResolution:2048]]
[2022.08.15-23.10.58:479][  0]LogConfig: Setting CVar [[r.Shadow.MaxCSMResolution:2048]]
[2022.08.15-23.10.58:479][  0]LogConfig: Setting CVar [[r.Shadow.RadiusThreshold:0.01]]
[2022.08.15-23.10.58:482][  0]LogConfig: Setting CVar [[r.Shadow.DistanceScale:1.0]]
[2022.08.15-23.10.58:482][  0]LogConfig: Setting CVar [[r.Shadow.CSM.TransitionScale:1.0]]
[2022.08.15-23.10.58:483][  0]LogConfig: Setting CVar [[r.Shadow.PreShadowResolutionFactor:1.0]]
[2022.08.15-23.10.58:483][  0]LogConfig: Setting CVar [[r.DistanceFieldShadowing:1]]
[2022.08.15-23.10.58:484][  0]LogConfig: Setting CVar [[r.DistanceFieldAO:1]]
[2022.08.15-23.10.58:484][  0]LogConfig: Setting CVar [[r.AOQuality:2]]
[2022.08.15-23.10.58:485][  0]LogConfig: Setting CVar [[r.VolumetricFog:1]]
[2022.08.15-23.10.58:485][  0]LogConfig: Setting CVar [[r.VolumetricFog.GridPixelSize:8]]
[2022.08.15-23.10.58:486][  0]LogConfig: Setting CVar [[r.VolumetricFog.GridSizeZ:128]]
[2022.08.15-23.10.58:490][  0]LogConfig: Setting CVar [[r.VolumetricFog.HistoryMissSupersampleCount:4]]
[2022.08.15-23.10.58:493][  0]LogConfig: Setting CVar [[r.LightMaxDrawDistanceScale:1]]
[2022.08.15-23.10.58:494][  0]LogConfig: Setting CVar [[r.CapsuleShadows:1]]
[2022.08.15-23.10.58:494][  0]LogConfig: Applying CVar settings from Section [PostProcessQuality@3] File [../../../PVP_Game/Saved/Config/WindowsServer/Scalability.ini]
[2022.08.15-23.10.58:495][  0]LogConfig: Setting CVar [[r.MotionBlurQuality:4]]
[2022.08.15-23.10.58:495][  0]LogConfig: Setting CVar [[r.AmbientOcclusionMipLevelFactor:0.4]]
[2022.08.15-23.10.58:495][  0]LogConfig: Setting CVar [[r.AmbientOcclusionMaxQuality:100]]
[2022.08.15-23.10.58:496][  0]LogConfig: Setting CVar [[r.AmbientOcclusionLevels:-1]]
[2022.08.15-23.10.58:496][  0]LogConfig: Setting CVar [[r.AmbientOcclusionRadiusScale:1.0]]
[2022.08.15-23.10.58:499][  0]LogConfig: Setting CVar [[r.DepthOfFieldQuality:2]]
[2022.08.15-23.10.58:503][  0]LogConfig: Setting CVar [[r.RenderTargetPoolMin:400]]
[2022.08.15-23.10.58:507][  0]LogConfig: Setting CVar [[r.LensFlareQuality:2]]
[2022.08.15-23.10.58:507][  0]LogConfig: Setting CVar [[r.SceneColorFringeQuality:1]]
[2022.08.15-23.10.58:508][  0]LogConfig: Setting CVar [[r.EyeAdaptationQuality:2]]
[2022.08.15-23.10.58:508][  0]LogConfig: Setting CVar [[r.BloomQuality:5]]
[2022.08.15-23.10.58:508][  0]LogConfig: Setting CVar [[r.FastBlurThreshold:100]]
[2022.08.15-23.10.58:509][  0]LogConfig: Setting CVar [[r.Upscale.Quality:3]]
[2022.08.15-23.10.58:509][  0]LogConfig: Setting CVar [[r.Tonemapper.GrainQuantization:1]]
[2022.08.15-23.10.58:510][  0]LogConfig: Setting CVar [[r.LightShaftQuality:1]]
[2022.08.15-23.10.58:510][  0]LogConfig: Setting CVar [[r.Filter.SizeScale:1]]
[2022.08.15-23.10.58:511][  0]LogConfig: Setting CVar [[r.Tonemapper.Quality:5]]
[2022.08.15-23.10.58:514][  0]LogConfig: Setting CVar [[r.DOF.Gather.AccumulatorQuality:1        ; higher gathering accumulator quality]]
[2022.08.15-23.10.58:518][  0]LogConfig: Setting CVar [[r.DOF.Gather.PostfilterMethod:1          ; Median3x3 postfilering method]]
[2022.08.15-23.10.58:519][  0]LogConfig: Setting CVar [[r.DOF.Gather.EnableBokehSettings:0       ; no bokeh simulation when gathering]]
[2022.08.15-23.10.58:519][  0]LogConfig: Setting CVar [[r.DOF.Gather.RingCount:4                 ; medium number of samples when gathering]]
[2022.08.15-23.10.58:519][  0]LogConfig: Setting CVar [[r.DOF.Scatter.ForegroundCompositing:1    ; additive foreground scattering]]
[2022.08.15-23.10.58:520][  0]LogConfig: Setting CVar [[r.DOF.Scatter.BackgroundCompositing:2    ; additive background scattering]]
[2022.08.15-23.10.58:520][  0]LogConfig: Setting CVar [[r.DOF.Scatter.EnableBokehSettings:1      ; bokeh simulation when scattering]]
[2022.08.15-23.10.58:521][  0]LogConfig: Setting CVar [[r.DOF.Scatter.MaxSpriteRatio:0.1         ; only a maximum of 10% of scattered bokeh]]
[2022.08.15-23.10.58:521][  0]LogConfig: Setting CVar [[r.DOF.Recombine.Quality:1                ; cheap slight out of focus]]
[2022.08.15-23.10.58:522][  0]LogConfig: Setting CVar [[r.DOF.Recombine.EnableBokehSettings:0    ; no bokeh simulation on slight out of focus]]
[2022.08.15-23.10.58:522][  0]LogConfig: Setting CVar [[r.DOF.TemporalAAQuality:1                ; more stable temporal accumulation]]
[2022.08.15-23.10.58:523][  0]LogConfig: Setting CVar [[r.DOF.Kernel.MaxForegroundRadius:0.025]]
[2022.08.15-23.10.58:527][  0]LogConfig: Setting CVar [[r.DOF.Kernel.MaxBackgroundRadius:0.025]]
[2022.08.15-23.10.58:528][  0]LogConfig: Applying CVar settings from Section [TextureQuality@3] File [../../../PVP_Game/Saved/Config/WindowsServer/Scalability.ini]
[2022.08.15-23.10.58:538][  0]LogConfig: Setting CVar [[r.Streaming.MipBias:0]]
[2022.08.15-23.10.58:541][  0]LogConfig: Setting CVar [[r.Streaming.AmortizeCPUToGPUCopy:0]]
[2022.08.15-23.10.58:545][  0]LogConfig: Setting CVar [[r.Streaming.MaxNumTexturesToStreamPerFrame:0]]
[2022.08.15-23.10.58:546][  0]LogConfig: Setting CVar [[r.Streaming.Boost:1]]
[2022.08.15-23.10.58:546][  0]LogConfig: Setting CVar [[r.MaxAnisotropy:8]]
[2022.08.15-23.10.58:552][  0]LogConfig: Setting CVar [[r.VT.MaxAnisotropy:8]]
[2022.08.15-23.10.58:554][  0]LogConfig: Setting CVar [[r.Streaming.LimitPoolSizeToVRAM:0]]
[2022.08.15-23.10.58:554][  0]LogConfig: Setting CVar [[r.Streaming.PoolSize:1000]]
[2022.08.15-23.10.58:559][  0]LogConfig: Setting CVar [[r.Streaming.MaxEffectiveScreenSize:0]]
[2022.08.15-23.10.58:560][  0]LogConfig: Applying CVar settings from Section [EffectsQuality@3] File [../../../PVP_Game/Saved/Config/WindowsServer/Scalability.ini]
[2022.08.15-23.10.58:560][  0]LogConfig: Setting CVar [[r.TranslucencyLightingVolumeDim:64]]
[2022.08.15-23.10.58:560][  0]LogConfig: Setting CVar [[r.RefractionQuality:2]]
[2022.08.15-23.10.58:561][  0]LogConfig: Setting CVar [[r.SSR.Quality:3]]
[2022.08.15-23.10.58:561][  0]LogConfig: Setting CVar [[r.SSR.HalfResSceneColor:0]]
[2022.08.15-23.10.58:562][  0]LogConfig: Setting CVar [[r.SceneColorFormat:4]]
[2022.08.15-23.10.58:562][  0]LogConfig: Setting CVar [[r.DetailMode:2]]
[2022.08.15-23.10.58:563][  0]LogConfig: Setting CVar [[r.TranslucencyVolumeBlur:1]]
[2022.08.15-23.10.58:567][  0]LogConfig: Setting CVar [[r.MaterialQualityLevel:1 ; High quality]]
[2022.08.15-23.10.58:567][  0]LogConfig: Setting CVar [[r.AnisotropicMaterials:1]]
[2022.08.15-23.10.58:571][  0]LogConfig: Setting CVar [[r.SSS.Scale:1]]
[2022.08.15-23.10.58:571][  0]LogConfig: Setting CVar [[r.SSS.SampleSet:2]]
[2022.08.15-23.10.58:572][  0]LogConfig: Setting CVar [[r.SSS.Quality:1]]
[2022.08.15-23.10.58:572][  0]LogConfig: Setting CVar [[r.SSS.HalfRes:0]]
[2022.08.15-23.10.58:573][  0]LogConfig: Setting CVar [[r.SSGI.Quality:3]]
[2022.08.15-23.10.58:573][  0]LogConfig: Setting CVar [[r.EmitterSpawnRateScale:1.0]]
[2022.08.15-23.10.58:574][  0]LogConfig: Setting CVar [[r.ParticleLightQuality:2]]
[2022.08.15-23.10.58:574][  0]LogConfig: Setting CVar [[r.SkyAtmosphere.AerialPerspectiveLUT.FastApplyOnOpaque:1 ; Always have FastSkyLUT 1 in this case to avoid wrong sky]]
[2022.08.15-23.10.58:575][  0]LogConfig: Setting CVar [[r.SkyAtmosphere.AerialPerspectiveLUT.SampleCountMaxPerSlice:4]]
[2022.08.15-23.10.58:575][  0]LogConfig: Setting CVar [[r.SkyAtmosphere.AerialPerspectiveLUT.DepthResolution:16.0]]
[2022.08.15-23.10.58:576][  0]LogConfig: Setting CVar [[r.SkyAtmosphere.FastSkyLUT:1]]
[2022.08.15-23.10.58:580][  0]LogConfig: Setting CVar [[r.SkyAtmosphere.FastSkyLUT.SampleCountMin:4.0]]
[2022.08.15-23.10.58:585][  0]LogConfig: Setting CVar [[r.SkyAtmosphere.FastSkyLUT.SampleCountMax:128.0]]
[2022.08.15-23.10.58:586][  0]LogConfig: Setting CVar [[r.SkyAtmosphere.SampleCountMin:4.0]]
[2022.08.15-23.10.58:586][  0]LogConfig: Setting CVar [[r.SkyAtmosphere.SampleCountMax:128.0]]
[2022.08.15-23.10.58:587][  0]LogConfig: Setting CVar [[r.SkyAtmosphere.TransmittanceLUT.UseSmallFormat:0]]
[2022.08.15-23.10.58:587][  0]LogConfig: Setting CVar [[r.SkyAtmosphere.TransmittanceLUT.SampleCount:10.0]]
[2022.08.15-23.10.58:587][  0]LogConfig: Setting CVar [[r.SkyAtmosphere.MultiScatteringLUT.SampleCount:15.0]]
[2022.08.15-23.10.58:588][  0]LogConfig: Setting CVar [[r.SkyLight.RealTimeReflectionCapture:1]]
[2022.08.15-23.10.58:588][  0]LogConfig: Setting CVar [[fx.Niagara.QualityLevel:3]]
[2022.08.15-23.10.58:589][  0]LogConfig: Applying CVar settings from Section [FoliageQuality@3] File [../../../PVP_Game/Saved/Config/WindowsServer/Scalability.ini]
[2022.08.15-23.10.58:592][  0]LogConfig: Setting CVar [[foliage.DensityScale:1.0]]
[2022.08.15-23.10.58:596][  0]LogConfig: Setting CVar [[grass.DensityScale:1.0]]
[2022.08.15-23.10.58:596][  0]LogConfig: Applying CVar settings from Section [ShadingQuality@3] File [../../../PVP_Game/Saved/Config/WindowsServer/Scalability.ini]
[2022.08.15-23.10.58:597][  0]LogConfig: Setting CVar [[r.HairStrands.SkyLighting.IntegrationType:2]]
[2022.08.15-23.10.58:600][  0]LogConfig: Setting CVar [[r.HairStrands.SkyAO.SampleCount:4]]
[2022.08.15-23.10.58:600][  0]LogConfig: Setting CVar [[r.HairStrands.Visibility.MSAA.SamplePerPixel:4]]
[2022.08.15-23.10.58:601][  0]LogInit: Selected Device Profile: [WindowsServer]
[2022.08.15-23.10.58:604][  0]LogInit: Applying CVar settings loaded from the selected device profile: [WindowsServer]
[2022.08.15-23.10.58:608][  0]LogHAL: Display: Platform has ~ 8 GB [8428630016 / 8589934592 / 8], which maps to Default [LargestMinGB=32, LargerMinGB=12, DefaultMinGB=8, SmallerMinGB=6, SmallestMinGB=0)
[2022.08.15-23.10.58:608][  0]LogInit: Going up to parent DeviceProfile [Windows]
[2022.08.15-23.10.58:609][  0]LogInit: Going up to parent DeviceProfile []
[2022.08.15-23.10.58:609][  0]LogConfig: Applying CVar settings from Section [ViewDistanceQuality@3] File [../../../PVP_Game/Saved/Config/WindowsServer/Scalability.ini]
[2022.08.15-23.10.58:610][  0]LogConfig: Setting CVar [[r.SkeletalMeshLODBias:0]]
[2022.08.15-23.10.58:610][  0]LogConfig: Setting CVar [[r.ViewDistanceScale:1.0]]
[2022.08.15-23.10.58:610][  0]LogConfig: Applying CVar settings from Section [AntiAliasingQuality@3] File [../../../PVP_Game/Saved/Config/WindowsServer/Scalability.ini]
[2022.08.15-23.10.58:611][  0]LogConfig: Setting CVar [[r.PostProcessAAQuality:4]]
[2022.08.15-23.10.58:611][  0]LogConfig: Applying CVar settings from Section [ShadowQuality@3] File [../../../PVP_Game/Saved/Config/WindowsServer/Scalability.ini]
[2022.08.15-23.10.58:621][  0]LogConfig: Setting CVar [[r.LightFunctionQuality:1]]
[2022.08.15-23.10.58:622][  0]LogConfig: Setting CVar [[r.ShadowQuality:5]]
[2022.08.15-23.10.58:624][  0]LogConfig: Setting CVar [[r.Shadow.CSM.MaxCascades:10]]
[2022.08.15-23.10.58:625][  0]LogConfig: Setting CVar [[r.Shadow.MaxResolution:2048]]
[2022.08.15-23.10.58:625][  0]LogConfig: Setting CVar [[r.Shadow.MaxCSMResolution:2048]]
[2022.08.15-23.10.58:627][  0]LogConfig: Setting CVar [[r.Shadow.RadiusThreshold:0.01]]
[2022.08.15-23.10.58:629][  0]LogConfig: Setting CVar [[r.Shadow.DistanceScale:1.0]]
[2022.08.15-23.10.58:637][  0]LogConfig: Setting CVar [[r.Shadow.CSM.TransitionScale:1.0]]
[2022.08.15-23.10.58:638][  0]LogConfig: Setting CVar [[r.Shadow.PreShadowResolutionFactor:1.0]]
[2022.08.15-23.10.58:639][  0]LogConfig: Setting CVar [[r.DistanceFieldShadowing:1]]
[2022.08.15-23.10.58:639][  0]LogConfig: Setting CVar [[r.DistanceFieldAO:1]]
[2022.08.15-23.10.58:643][  0]LogConfig: Setting CVar [[r.AOQuality:2]]
[2022.08.15-23.10.58:644][  0]LogConfig: Setting CVar [[r.VolumetricFog:1]]
[2022.08.15-23.10.58:645][  0]LogConfig: Setting CVar [[r.VolumetricFog.GridPixelSize:8]]
[2022.08.15-23.10.58:650][  0]LogConfig: Setting CVar [[r.VolumetricFog.GridSizeZ:128]]
[2022.08.15-23.10.58:655][  0]LogConfig: Setting CVar [[r.VolumetricFog.HistoryMissSupersampleCount:4]]
[2022.08.15-23.10.58:655][  0]LogConfig: Setting CVar [[r.LightMaxDrawDistanceScale:1]]
[2022.08.15-23.10.58:656][  0]LogConfig: Setting CVar [[r.CapsuleShadows:1]]
[2022.08.15-23.10.58:656][  0]LogConfig: Applying CVar settings from Section [PostProcessQuality@3] File [../../../PVP_Game/Saved/Config/WindowsServer/Scalability.ini]
[2022.08.15-23.10.58:657][  0]LogConfig: Setting CVar [[r.MotionBlurQuality:4]]
[2022.08.15-23.10.58:658][  0]LogConfig: Setting CVar [[r.AmbientOcclusionMipLevelFactor:0.4]]
[2022.08.15-23.10.58:658][  0]LogConfig: Setting CVar [[r.AmbientOcclusionMaxQuality:100]]
[2022.08.15-23.10.58:659][  0]LogConfig: Setting CVar [[r.AmbientOcclusionLevels:-1]]
[2022.08.15-23.10.58:664][  0]LogConfig: Setting CVar [[r.AmbientOcclusionRadiusScale:1.0]]
[2022.08.15-23.10.58:669][  0]LogConfig: Setting CVar [[r.DepthOfFieldQuality:2]]
[2022.08.15-23.10.58:669][  0]LogConfig: Setting CVar [[r.RenderTargetPoolMin:400]]
[2022.08.15-23.10.58:670][  0]LogConfig: Setting CVar [[r.LensFlareQuality:2]]
[2022.08.15-23.10.58:672][  0]LogConfig: Setting CVar [[r.SceneColorFringeQuality:1]]
[2022.08.15-23.10.58:675][  0]LogConfig: Setting CVar [[r.EyeAdaptationQuality:2]]
[2022.08.15-23.10.58:676][  0]LogConfig: Setting CVar [[r.BloomQuality:5]]
[2022.08.15-23.10.58:680][  0]LogConfig: Setting CVar [[r.FastBlurThreshold:100]]
[2022.08.15-23.10.58:680][  0]LogConfig: Setting CVar [[r.Upscale.Quality:3]]
[2022.08.15-23.10.58:683][  0]LogConfig: Setting CVar [[r.Tonemapper.GrainQuantization:1]]
[2022.08.15-23.10.58:683][  0]LogConfig: Setting CVar [[r.LightShaftQuality:1]]
[2022.08.15-23.10.58:684][  0]LogConfig: Setting CVar [[r.Filter.SizeScale:1]]
[2022.08.15-23.10.58:687][  0]LogConfig: Setting CVar [[r.Tonemapper.Quality:5]]
[2022.08.15-23.10.58:691][  0]LogConfig: Setting CVar [[r.DOF.Gather.AccumulatorQuality:1        ; higher gathering accumulator quality]]
[2022.08.15-23.10.58:692][  0]LogConfig: Setting CVar [[r.DOF.Gather.PostfilterMethod:1          ; Median3x3 postfilering method]]
[2022.08.15-23.10.58:692][  0]LogConfig: Setting CVar [[r.DOF.Gather.EnableBokehSettings:0       ; no bokeh simulation when gathering]]
[2022.08.15-23.10.58:692][  0]LogConfig: Setting CVar [[r.DOF.Gather.RingCount:4                 ; medium number of samples when gathering]]
[2022.08.15-23.10.58:692][  0]LogConfig: Setting CVar [[r.DOF.Scatter.ForegroundCompositing:1    ; additive foreground scattering]]
[2022.08.15-23.10.58:699][  0]LogConfig: Setting CVar [[r.DOF.Scatter.BackgroundCompositing:2    ; additive background scattering]]
[2022.08.15-23.10.58:701][  0]LogConfig: Setting CVar [[r.DOF.Scatter.EnableBokehSettings:1      ; bokeh simulation when scattering]]
[2022.08.15-23.10.58:702][  0]LogConfig: Setting CVar [[r.DOF.Scatter.MaxSpriteRatio:0.1         ; only a maximum of 10% of scattered bokeh]]
[2022.08.15-23.10.58:702][  0]LogConfig: Setting CVar [[r.DOF.Recombine.Quality:1                ; cheap slight out of focus]]
[2022.08.15-23.10.58:702][  0]LogConfig: Setting CVar [[r.DOF.Recombine.EnableBokehSettings:0    ; no bokeh simulation on slight out of focus]]
[2022.08.15-23.10.58:702][  0]LogConfig: Setting CVar [[r.DOF.TemporalAAQuality:1                ; more stable temporal accumulation]]
[2022.08.15-23.10.58:703][  0]LogConfig: Setting CVar [[r.DOF.Kernel.MaxForegroundRadius:0.025]]
[2022.08.15-23.10.58:706][  0]LogConfig: Setting CVar [[r.DOF.Kernel.MaxBackgroundRadius:0.025]]
[2022.08.15-23.10.58:707][  0]LogConfig: Applying CVar settings from Section [TextureQuality@3] File [../../../PVP_Game/Saved/Config/WindowsServer/Scalability.ini]
[2022.08.15-23.10.58:707][  0]LogConfig: Setting CVar [[r.Streaming.MipBias:0]]
[2022.08.15-23.10.58:708][  0]LogConfig: Setting CVar [[r.Streaming.AmortizeCPUToGPUCopy:0]]
[2022.08.15-23.10.58:709][  0]LogConfig: Setting CVar [[r.Streaming.MaxNumTexturesToStreamPerFrame:0]]
[2022.08.15-23.10.58:710][  0]LogConfig: Setting CVar [[r.Streaming.Boost:1]]
[2022.08.15-23.10.58:714][  0]LogConfig: Setting CVar [[r.MaxAnisotropy:8]]
[2022.08.15-23.10.58:719][  0]LogConfig: Setting CVar [[r.VT.MaxAnisotropy:8]]
[2022.08.15-23.10.58:719][  0]LogConfig: Setting CVar [[r.Streaming.LimitPoolSizeToVRAM:0]]
[2022.08.15-23.10.58:720][  0]LogConfig: Setting CVar [[r.Streaming.PoolSize:1000]]
[2022.08.15-23.10.58:720][  0]LogConfig: Setting CVar [[r.Streaming.MaxEffectiveScreenSize:0]]
[2022.08.15-23.10.58:721][  0]LogConfig: Applying CVar settings from Section [EffectsQuality@3] File [../../../PVP_Game/Saved/Config/WindowsServer/Scalability.ini]
[2022.08.15-23.10.58:721][  0]LogConfig: Setting CVar [[r.TranslucencyLightingVolumeDim:64]]
[2022.08.15-23.10.58:722][  0]LogConfig: Setting CVar [[r.RefractionQuality:2]]
[2022.08.15-23.10.58:722][  0]LogConfig: Setting CVar [[r.SSR.Quality:3]]
[2022.08.15-23.10.58:723][  0]LogConfig: Setting CVar [[r.SSR.HalfResSceneColor:0]]
[2022.08.15-23.10.58:727][  0]LogConfig: Setting CVar [[r.SceneColorFormat:4]]
[2022.08.15-23.10.58:730][  0]LogConfig: Setting CVar [[r.DetailMode:2]]
[2022.08.15-23.10.58:731][  0]LogConfig: Setting CVar [[r.TranslucencyVolumeBlur:1]]
[2022.08.15-23.10.58:733][  0]LogConfig: Setting CVar [[r.MaterialQualityLevel:1 ; High quality]]
[2022.08.15-23.10.58:734][  0]LogConfig: Setting CVar [[r.AnisotropicMaterials:1]]
[2022.08.15-23.10.58:734][  0]LogConfig: Setting CVar [[r.SSS.Scale:1]]
[2022.08.15-23.10.58:735][  0]LogConfig: Setting CVar [[r.SSS.SampleSet:2]]
[2022.08.15-23.10.58:738][  0]LogConfig: Setting CVar [[r.SSS.Quality:1]]
[2022.08.15-23.10.58:738][  0]LogConfig: Setting CVar [[r.SSS.HalfRes:0]]
[2022.08.15-23.10.58:743][  0]LogConfig: Setting CVar [[r.SSGI.Quality:3]]
[2022.08.15-23.10.58:743][  0]LogConfig: Setting CVar [[r.EmitterSpawnRateScale:1.0]]
[2022.08.15-23.10.58:744][  0]LogConfig: Setting CVar [[r.ParticleLightQuality:2]]
[2022.08.15-23.10.58:744][  0]LogConfig: Setting CVar [[r.SkyAtmosphere.AerialPerspectiveLUT.FastApplyOnOpaque:1 ; Always have FastSkyLUT 1 in this case to avoid wrong sky]]
[2022.08.15-23.10.58:745][  0]LogConfig: Setting CVar [[r.SkyAtmosphere.AerialPerspectiveLUT.SampleCountMaxPerSlice:4]]
[2022.08.15-23.10.58:745][  0]LogConfig: Setting CVar [[r.SkyAtmosphere.AerialPerspectiveLUT.DepthResolution:16.0]]
[2022.08.15-23.10.58:746][  0]LogConfig: Setting CVar [[r.SkyAtmosphere.FastSkyLUT:1]]
[2022.08.15-23.10.58:746][  0]LogConfig: Setting CVar [[r.SkyAtmosphere.FastSkyLUT.SampleCountMin:4.0]]
[2022.08.15-23.10.58:747][  0]LogConfig: Setting CVar [[r.SkyAtmosphere.FastSkyLUT.SampleCountMax:128.0]]
[2022.08.15-23.10.58:750][  0]LogConfig: Setting CVar [[r.SkyAtmosphere.SampleCountMin:4.0]]
[2022.08.15-23.10.58:752][  0]LogConfig: Setting CVar [[r.SkyAtmosphere.SampleCountMax:128.0]]
[2022.08.15-23.10.58:756][  0]LogConfig: Setting CVar [[r.SkyAtmosphere.TransmittanceLUT.UseSmallFormat:0]]
[2022.08.15-23.10.58:756][  0]LogConfig: Setting CVar [[r.SkyAtmosphere.TransmittanceLUT.SampleCount:10.0]]
[2022.08.15-23.10.58:757][  0]LogConfig: Setting CVar [[r.SkyAtmosphere.MultiScatteringLUT.SampleCount:15.0]]
[2022.08.15-23.10.58:758][  0]LogConfig: Setting CVar [[r.SkyLight.RealTimeReflectionCapture:1]]
[2022.08.15-23.10.58:758][  0]LogConfig: Setting CVar [[fx.Niagara.QualityLevel:3]]
[2022.08.15-23.10.58:758][  0]LogConfig: Applying CVar settings from Section [FoliageQuality@3] File [../../../PVP_Game/Saved/Config/WindowsServer/Scalability.ini]
[2022.08.15-23.10.58:759][  0]LogConfig: Setting CVar [[foliage.DensityScale:1.0]]
[2022.08.15-23.10.58:762][  0]LogConfig: Setting CVar [[grass.DensityScale:1.0]]
[2022.08.15-23.10.58:762][  0]LogConfig: Applying CVar settings from Section [ShadingQuality@3] File [../../../PVP_Game/Saved/Config/WindowsServer/Scalability.ini]
[2022.08.15-23.10.58:769][  0]LogConfig: Setting CVar [[r.HairStrands.SkyLighting.IntegrationType:2]]
[2022.08.15-23.10.58:770][  0]LogConfig: Setting CVar [[r.HairStrands.SkyAO.SampleCount:4]]
[2022.08.15-23.10.58:770][  0]LogConfig: Setting CVar [[r.HairStrands.Visibility.MSAA.SamplePerPixel:4]]
[2022.08.15-23.10.58:773][  0]LogConfig: Applying CVar settings from Section [Startup] File [../../../Engine/Config/ConsoleVariables.ini]
[2022.08.15-23.10.58:774][  0]LogConfig: Setting CVar [[net.UseAdaptiveNetUpdateFrequency:0]]
[2022.08.15-23.10.58:778][  0]LogConfig: Setting CVar [[p.chaos.AllowCreatePhysxBodies:1]]
[2022.08.15-23.10.58:779][  0]LogConfig: Setting CVar [[fx.SkipVectorVMBackendOptimizations:1]]
[2022.08.15-23.10.58:779][  0]LogConfig: Applying CVar settings from Section [ConsoleVariables] File [../../../PVP_Game/Saved/Config/WindowsServer/Engine.ini]
[2022.08.15-23.10.58:780][  0]LogInit: Computer: DESKTOP-PTH63E6
[2022.08.15-23.10.58:780][  0]LogInit: User: bitch
[2022.08.15-23.10.58:781][  0]LogInit: CPU Page size=4096, Cores=4
[2022.08.15-23.10.58:783][  0]LogInit: High frequency timer resolution =10.000000 MHz
[2022.08.15-23.10.58:786][  0]LogMemory: Memory total: Physical=7.8GB (8GB approx)
[2022.08.15-23.10.58:787][  0]LogMemory: Platform Memory Stats for WindowsServer
[2022.08.15-23.10.58:791][  0]LogMemory: Process Physical Memory: 92.82 MB used, 92.83 MB peak
[2022.08.15-23.10.58:791][  0]LogMemory: Process Virtual Memory: 90.47 MB used, 90.47 MB peak
[2022.08.15-23.10.58:792][  0]LogMemory: Physical Memory: 5674.34 MB used,  2363.82 MB free, 8038.17 MB total
[2022.08.15-23.10.58:792][  0]LogMemory: Virtual Memory: 134211880.00 MB used,  5850.62 MB free, 134217728.00 MB total
[2022.08.15-23.10.58:797][  0]LogWindows: WindowsPlatformFeatures disabled or dedicated server build
[2022.08.15-23.10.58:915][  0]LogInit: Physics initialised using underlying interface: PhysX
[2022.08.15-23.10.58:916][  0]LogInit: Using OS detected language (en-US).
[2022.08.15-23.10.58:919][  0]LogInit: Using OS detected locale (en-US).
[2022.08.15-23.10.58:920][  0]LogTextLocalizationManager: No specific localization for 'en-US' exists, so the 'en' localization will be used.
[2022.08.15-23.10.58:951][  0]LogRendererCore: Ray tracing is disabled. Reason: r.RayTracing=0.
[2022.08.15-23.10.58:951][  0]LogODSC: ODSC Thread active.
[2022.08.15-23.10.58:959][  0]LogInit: Using OS detected language (en-US).
[2022.08.15-23.10.58:959][  0]LogInit: Using OS detected locale (en-US).
[2022.08.15-23.10.58:960][  0]LogTextLocalizationManager: No localization for 'en-US' exists, so 'en' will be used for the language.
[2022.08.15-23.10.58:960][  0]LogTextLocalizationManager: No localization for 'en-US' exists, so 'en' will be used for the locale.
[2022.08.15-23.10.58:962][  0]LogTextLocalizationManager: Compacting localization data took   1.10ms
[2022.08.15-23.10.58:969][  0]LogAssetRegistry: FAssetRegistry took 0.0012 seconds to start up
[2022.08.15-23.10.59:062][  0]LogStreaming: Display: FlushAsyncLoading: 1 QueuedPackages, 0 AsyncPackages
[2022.08.15-23.10.59:063][  0]LogPackageLocalizationCache: Processed 26 localized package path(s) for 1 prioritized culture(s) in 0.000087 seconds
[2022.08.15-23.10.59:065][  0]LogPakFile: New pak file ../../../PVP_Game/Content/Paks/PVP_Game-WindowsServer.pak added to pak precacher.
[2022.08.15-23.10.59:066][  0]LogInit: Selected Device Profile: [WindowsServer]
[2022.08.15-23.10.59:071][  0]LogInit: Active device profile: [0000018224D10700][0000018222F64930 49] WindowsServer
[2022.08.15-23.10.59:071][  0]LogInit: Profiles: [0000018224D10880][000001821D5524A0 49] Windows, [0000018224D10700][0000018222F64930 49] WindowsServer, 
[2022.08.15-23.10.59:081][  0]LogSerialization: Display: AllowBulkDataInIoStore: 'true'
[2022.08.15-23.10.59:089][  0]LogNetVersion: PVP_Game 1.0.0, NetCL: 0, EngineNetVer: 17, GameNetVer: 0 (Checksum: 2832247850)
[2022.08.15-23.10.59:114][  0]LogAudioCaptureCore: Display: No Audio Capture implementations found. Audio input will be silent.
[2022.08.15-23.10.59:115][  0]LogAudioCaptureCore: Display: No Audio Capture implementations found. Audio input will be silent.
[2022.08.15-23.10.59:117][  0]LogHMD: PokeAHoleMaterial loaded successfully
[2022.08.15-23.10.59:143][  0]LogUObjectArray: 19546 objects as part of root set at end of initial load.
[2022.08.15-23.10.59:143][  0]LogUObjectAllocator: 3988680 out of 0 bytes used by permanent object pool.
[2022.08.15-23.10.59:145][  0]LogUObjectArray: CloseDisregardForGC: 19546/0 objects in disregard for GC pool
[2022.08.15-23.10.59:174][  0]LogNiagaraDebuggerClient: Niagara Debugger Client Initialized | Session: 05A98D794A02C89C9D135BBAAA6C0344 | Instance: 0C945553473397E3C2E0F5A118B270E6 (DESKTOP-PTH63E6-9608).
[2022.08.15-23.10.59:175][  0]LogAndroidPermission: UAndroidPermissionCallbackProxy::GetInstance
[2022.08.15-23.10.59:177][  0]LogOcInput: OculusInput pre-init called
[2022.08.15-23.10.59:178][  0]LogEngine: Initializing Engine...
[2022.08.15-23.10.59:187][  0]LogStats: UGameplayTagsManager::InitializeManager -  0.000 s
[2022.08.15-23.10.59:193][  0]LogInit: Initializing FReadOnlyCVARCache
[2022.08.15-23.10.59:193][  0]LogNetVersion: Set ProjectVersion to 1.0.0.0. Version Checksum will be recalculated on next use.
[2022.08.15-23.10.59:194][  0]LogInit: Texture streaming: Disabled
[2022.08.15-23.10.59:206][  0]LogInit: Display: Game Engine Initialized.
[2022.08.15-23.10.59:207][  0]LogInit: Display: Starting Game.
[2022.08.15-23.10.59:208][  0]LogNet: Browse: /Game/Maps/Match?Name=Player
[2022.08.15-23.10.59:221][  0]LogLoad: LoadMap: /Game/Maps/Match?Name=Player
[2022.08.15-23.10.59:223][  0]LogWorld: BeginTearingDown for /Temp/Untitled_0
[2022.08.15-23.10.59:228][  0]LogWorld: UWorld::CleanupWorld for Untitled, bSessionEnded=true, bCleanupResources=true
[2022.08.15-23.10.59:233][  0]LogUObjectHash: Compacting FUObjectHashTables data took   1.01ms
[2022.08.15-23.10.59:254][  0]LogAIModule: Creating AISystem for world Match
[2022.08.15-23.10.59:255][  0]LogLoad: Game class is 'BPGM_TurnBasedGameMode_C'
[2022.08.15-23.10.59:257][  0]LogNet: ReplicationDriverClass is null! Not using ReplicationDriver.
[2022.08.15-23.10.59:257][  0]LogNetCore: DDoS detection status: detection enabled: 0 analytics enabled: 0
[2022.08.15-23.10.59:262][  0]LogNet: Display: SteamNetDriver_2147482567 bound to port 7777
[2022.08.15-23.10.59:262][  0]PacketHandlerLog: Loaded PacketHandler component: Engine.EngineHandlerComponentFactory (StatelessConnectHandlerComponent)
[2022.08.15-23.10.59:263][  0]LogNet: GameNetDriver SteamNetDriver_2147482567 IpNetDriver listening on port 7777
[2022.08.15-23.10.59:264][  0]LogWorld: Bringing World /Game/Maps/Match.Match up for play (max tick rate 30) at 2022.08.15-16.10.59
[2022.08.15-23.10.59:266][  0]LogWorld: Bringing up level for play took: 0.002447
[2022.08.15-23.10.59:267][  0]LogGameMode: Display: Match State Changed from EnteringMap to WaitingToStart
[2022.08.15-23.10.59:270][  0]LogGameState: Match State Changed from EnteringMap to WaitingToStart
[2022.08.15-23.10.59:274][  0]LogLoad: Took 0.052548 seconds to LoadMap(/Game/Maps/Match)
[2022.08.15-23.10.59:274][  0]LogPakFile: AllPaks IndexSizes: DirectoryHashSize=221600, PathHashSize=16, EntriesSize=32752, TotalSize=254368
[2022.08.15-23.10.59:275][  0]LogInit: Display: Engine is initialized. Leaving FEngineLoop::Init()
[2022.08.15-23.10.59:275][  0]LogLoad: (Engine Initialization) Total time: 4.11 seconds
