Log file open, 08/20/22 21:33:29
LogWindows: Failed to load 'aqProf.dll' (GetLastError=126)
LogWindows: File 'aqProf.dll' does not exist
LogWindows: Failed to load 'VtuneApi.dll' (GetLastError=126)
LogWindows: File 'VtuneApi.dll' does not exist
LogWindows: Failed to load 'VtuneApi32e.dll' (GetLastError=126)
LogWindows: File 'VtuneApi32e.dll' does not exist
LogConsoleResponse: Display: Failed to find resolution value strings in scalability ini. Falling back to default.
LogConsoleResponse: Display: Failed to find resolution value strings in scalability ini. Falling back to default.
LogPakFile: Display: Found Pak file ../../../PVP_Game/Content/Paks/PVP_Game-WindowsServer.pak attempting to mount.
LogPakFile: Display: Mounting pak file ../../../PVP_Game/Content/Paks/PVP_Game-WindowsServer.pak.
LogPakFile: PakFile PrimaryIndexSize=26250
LogPakFile: PakFile PathHashIndexSize=48741
LogPakFile: PakFile FullDirectoryIndexSize=64689
LogShaderLibrary: Display: ShaderCodeLibraryPakFileMountedCallback: PakFile '../../../PVP_Game/Content/Paks/PVP_Game-WindowsServer.pak' (chunk index -1, root '../../../') mounted
LogShaderLibrary: Display: ShaderCodeLibraryPakFileMountedCallback: pending pak file info (ChunkID:-1 Root:../../../ File:../../../PVP_Game/Content/Paks/PVP_Game-WindowsServer.pak)
LogPakFile: OnPakFileMounted2Time == 0.000049
LogPlatformFile: Not using cached read wrapper
LogTaskGraph: Started task graph with 5 named threads and 9 total threads with 1 sets of task threads.
LogStats: Stats thread started at 0.112348
LogICUInternationalization: ICU TimeZone Detection - Raw Offset: -8:00, Platform Override: ''
LogInit: Display: Loading text-based GConfig....
LogPluginManager: Mounting plugin OnlineSubsystemSteam
LogPluginManager: Mounting plugin OnlineSubsystem
LogPluginManager: Mounting plugin OnlineSubsystemUtils
LogPluginManager: Mounting plugin SteamShared
LogPluginManager: Mounting plugin OnlineFramework
LogPluginManager: Mounting plugin PlayFab
LogPluginManager: Mounting plugin AdvancedSessions
LogPluginManager: Mounting plugin AdvancedSteamSessions
LogPluginManager: Mounting plugin Paper2D
LogPluginManager: Mounting plugin AISupport
LogPluginManager: Mounting plugin EnvironmentQueryEditor
LogPluginManager: Mounting plugin LightPropagationVolume
LogPluginManager: Mounting plugin CameraShakePreviewer
LogPluginManager: Mounting plugin GameplayCameras
LogPluginManager: Mounting plugin TemplateSequence
LogPluginManager: Mounting plugin LevelSequenceEditor
LogPluginManager: Mounting plugin OodleData
LogPluginManager: Mounting plugin OodleNetwork
LogPluginManager: Mounting plugin AnimationSharing
LogPluginManager: Mounting plugin SignificanceManager
LogPluginManager: Mounting plugin PluginUtils
LogPluginManager: Mounting plugin PropertyAccessEditor
LogPluginManager: Mounting plugin UObjectPlugin
LogPluginManager: Mounting plugin AssetManagerEditor
LogPluginManager: Mounting plugin FacialAnimation
LogPluginManager: Mounting plugin GeometryMode
LogPluginManager: Mounting plugin SpeedTreeImporter
LogPluginManager: Mounting plugin DatasmithContent
LogPluginManager: Mounting plugin VariantManagerContent
LogPluginManager: Mounting plugin AlembicImporter
LogPluginManager: Mounting plugin GeometryCache
LogPluginManager: Mounting plugin AutomationUtils
LogPluginManager: Mounting plugin ScreenshotTools
LogPluginManager: Mounting plugin BackChannel
LogPluginManager: Mounting plugin ChaosClothEditor
LogPluginManager: Mounting plugin ChaosCloth
LogPluginManager: Mounting plugin ChaosEditor
LogPluginManager: Mounting plugin PlanarCut
LogPluginManager: Mounting plugin GeometryProcessing
LogPluginManager: Mounting plugin EditableMesh
LogPluginManager: Mounting plugin GeometryCollectionPlugin
LogPluginManager: Mounting plugin ProceduralMeshComponent
LogPluginManager: Mounting plugin ChaosSolverPlugin
LogPluginManager: Mounting plugin ChaosNiagara
LogPluginManager: Mounting plugin Niagara
LogPluginManager: Mounting plugin PythonScriptPlugin
LogPluginManager: Mounting plugin CharacterAI
LogPluginManager: Mounting plugin MotoSynth
LogPluginManager: Mounting plugin OpenImageDenoise
LogPluginManager: Mounting plugin PlatformCrypto
LogPluginManager: Mounting plugin MagicLeapPassableWorld
LogPluginManager: Mounting plugin MagicLeap
LogPluginManager: Mounting plugin MLSDK
LogPluginManager: Mounting plugin MagicLeapLightEstimation
LogPluginManager: Mounting plugin AvfMedia
LogPluginManager: Mounting plugin ImgMedia
LogPluginManager: Mounting plugin MediaCompositing
LogPluginManager: Mounting plugin MeshPainting
LogPluginManager: Mounting plugin TcpMessaging
LogPluginManager: Mounting plugin UdpMessaging
LogPluginManager: Mounting plugin ActorSequence
LogPluginManager: Mounting plugin MatineeToLevelSequence
LogPluginManager: Mounting plugin OnlineSubsystemNull
LogPluginManager: Mounting plugin LauncherChunkInstaller
LogPluginManager: Mounting plugin ActorLayerUtilities
LogPluginManager: Mounting plugin AndroidPermission
LogPluginManager: Mounting plugin AppleImageUtils
LogPluginManager: Mounting plugin ArchVisCharacter
LogPluginManager: Mounting plugin AssetTags
LogPluginManager: Mounting plugin AudioCapture
LogPluginManager: Mounting plugin CableComponent
LogPluginManager: Mounting plugin ChunkDownloader
LogPluginManager: Mounting plugin CustomMeshComponent
LogPluginManager: Mounting plugin ExampleDeviceProfileSelector
LogPluginManager: Mounting plugin GooglePAD
LogPluginManager: Mounting plugin LocationServicesBPLibrary
LogPluginManager: Mounting plugin MobilePatchingUtils
LogPluginManager: Mounting plugin OculusVR
LogPluginManager: Mounting plugin OpenXREyeTracker
LogPluginManager: Mounting plugin OpenXR
LogPluginManager: Mounting plugin OpenXRHandTracking
LogPluginManager: Mounting plugin LiveLink
LogPluginManager: Mounting plugin Takes
LogPluginManager: Mounting plugin PhysXVehicles
LogPluginManager: Mounting plugin RuntimePhysXCooking
LogPluginManager: Mounting plugin SoundFields
LogPluginManager: Mounting plugin SteamVR
LogPluginManager: Mounting plugin Synthesis
LogPluginManager: Mounting plugin AudioSynesthesia
LogPluginManager: Mounting plugin WindowsMoviePlayer
LogInit: Using libcurl 7.55.1-DEV
LogInit:  - built for x86_64-pc-win32
LogInit:  - supports SSL with OpenSSL/1.1.1
LogInit:  - supports HTTP deflate (compression) using libz 1.2.8
LogInit:  - other features:
LogInit:      CURL_VERSION_SSL
LogInit:      CURL_VERSION_LIBZ
LogInit:      CURL_VERSION_IPV6
LogInit:      CURL_VERSION_ASYNCHDNS
LogInit:      CURL_VERSION_LARGEFILE
LogInit:      CURL_VERSION_IDN
LogInit:  CurlRequestOptions (configurable via config and command line):
LogInit:  - bVerifyPeer = true  - Libcurl will verify peer certificate
LogInit:  - bUseHttpProxy = false  - Libcurl will NOT use HTTP proxy
LogInit:  - bDontReuseConnections = false  - Libcurl will reuse connections
LogInit:  - MaxHostConnections = 16  - Libcurl will limit the number of connections to a host
LogInit:  - LocalHostAddr = Default
LogInit:  - BufferSize = 65536
LogOnline: OSS: Creating online subsystem instance for: NULL
LogInit: WinSock: version 1.1 (2.2), MaxSocks=32767, MaxUdp=65467
LogOnline: OSS: TryLoadSubsystemAndSetDefault: Loaded subsystem for module [NULL]
LogLuminAPIImpl: Warning: MLSDK not found.  This likely means the MLSDK environment variable is not set.
LogInit: Build: ++UE4+Release-4.27-CL-0
LogInit: Engine Version: 4.27.2-0+++UE4+Release-4.27
LogInit: Compatible Engine Version: 4.27.0-0+++UE4+Release-4.27
LogInit: Net CL: 0
LogInit: OS: Windows 10 (Release 2009) (), CPU: Intel(R) Core(TM) i5-8257U CPU @ 1.40GHz, GPU: Intel(R) Iris(R) Plus Graphics 645
LogInit: Compiled (64-bit): Aug 14 2022 20:44:59
LogInit: Compiled with Visual C++: 19.33.31629.00
LogInit: Build Configuration: Development
LogInit: Branch Name: ++UE4+Release-4.27
LogInit: Command Line:  -log
LogInit: Base Directory: C:/Users/bitch/Documents/GitHub/PVP_Chess_Game/Release/WindowsServer/PVP_Game/Binaries/Win64/
LogInit: Allocator: binned2
LogInit: Installed Engine Build: 0
LogDevObjectVersion: Number of dev versions registered: 29
LogDevObjectVersion:   Dev-Blueprints (B0D832E4-1F89-4F0D-ACCF-7EB736FD4AA2): 10
LogDevObjectVersion:   Dev-Build (E1C64328-A22C-4D53-A36C-8E866417BD8C): 0
LogDevObjectVersion:   Dev-Core (375EC13C-06E4-48FB-B500-84F0262A717E): 4
LogDevObjectVersion:   Dev-Editor (E4B068ED-F494-42E9-A231-DA0B2E46BB41): 40
LogDevObjectVersion:   Dev-Framework (CFFC743F-43B0-4480-9391-14DF171D2073): 37
LogDevObjectVersion:   Dev-Mobile (B02B49B5-BB20-44E9-A304-32B752E40360): 3
LogDevObjectVersion:   Dev-Networking (A4E4105C-59A1-49B5-A7C5-40C4547EDFEE): 0
LogDevObjectVersion:   Dev-Online (39C831C9-5AE6-47DC-9A44-9C173E1C8E7C): 0
LogDevObjectVersion:   Dev-Physics (78F01B33-EBEA-4F98-B9B4-84EACCB95AA2): 14
LogDevObjectVersion:   Dev-Platform (6631380F-2D4D-43E0-8009-CF276956A95A): 0
LogDevObjectVersion:   Dev-Rendering (12F88B9F-8875-4AFC-A67C-D90C383ABD29): 45
LogDevObjectVersion:   Dev-Sequencer (7B5AE74C-D270-4C10-A958-57980B212A5A): 13
LogDevObjectVersion:   Dev-VR (D7296918-1DD6-4BDD-9DE2-64A83CC13884): 3
LogDevObjectVersion:   Dev-LoadTimes (C2A15278-BFE7-4AFE-6C17-90FF531DF755): 1
LogDevObjectVersion:   Private-Geometry (6EACA3D4-40EC-4CC1-B786-8BED09428FC5): 3
LogDevObjectVersion:   Dev-AnimPhys (29E575DD-E0A3-4627-9D10-D276232CDCEA): 17
LogDevObjectVersion:   Dev-Anim (AF43A65D-7FD3-4947-9873-3E8ED9C1BB05): 15
LogDevObjectVersion:   Dev-ReflectionCapture (6B266CEC-1EC7-4B8F-A30B-E4D90942FC07): 1
LogDevObjectVersion:   Dev-Automation (0DF73D61-A23F-47EA-B727-89E90C41499A): 1
LogDevObjectVersion:   FortniteMain (601D1886-AC64-4F84-AA16-D3DE0DEAC7D6): 47
LogDevObjectVersion:   FortniteRelease (E7086368-6B23-4C58-8439-1B7016265E91): 1
LogDevObjectVersion:   Dev-Enterprise (9DFFBCD6-494F-0158-E221-12823C92A888): 10
LogDevObjectVersion:   Dev-Niagara (F2AED0AC-9AFE-416F-8664-AA7FFA26D6FC): 1
LogDevObjectVersion:   Dev-Destruction (174F1F0B-B4C6-45A5-B13F-2EE8D0FB917D): 10
LogDevObjectVersion:   Dev-Physics-Ext (35F94A83-E258-406C-A318-09F59610247C): 41
LogDevObjectVersion:   Dev-PhysicsMaterial-Chaos (B68FC16E-8B1B-42E2-B453-215C058844FE): 1
LogDevObjectVersion:   Dev-CineCamera (B2E18506-4273-CFC2-A54E-F4BB758BBA07): 1
LogDevObjectVersion:   Dev-VirtualProduction (64F58936-FD1B-42BA-BA96-7289D5D0FA4E): 1
LogDevObjectVersion:   Dev-MediaFramework (6F0ED827-A609-4895-9C91-998D90180EA4): 2
LogInit: Presizing for max 2097152 objects, including 1 objects not considered by GC, pre-allocating 0 bytes for permanent pool.
LogConfig: Applying CVar settings from Section [/Script/Engine.StreamingSettings] File [../../../PVP_Game/Saved/Config/WindowsServer/Engine.ini]
LogConfig: Setting CVar [[s.MinBulkDataSizeForAsyncLoading:131072]]
LogConfig: Setting CVar [[s.AsyncLoadingThreadEnabled:0]]
LogConfig: Setting CVar [[s.EventDrivenLoaderEnabled:1]]
LogConfig: Setting CVar [[s.WarnIfTimeLimitExceeded:0]]
LogConfig: Setting CVar [[s.TimeLimitExceededMultiplier:1.5]]
LogConfig: Setting CVar [[s.TimeLimitExceededMinTime:0.005]]
LogConfig: Setting CVar [[s.UseBackgroundLevelStreaming:1]]
LogConfig: Setting CVar [[s.PriorityAsyncLoadingExtraTime:15.0]]
LogConfig: Setting CVar [[s.LevelStreamingActorsUpdateTimeLimit:5.0]]
LogConfig: Setting CVar [[s.PriorityLevelStreamingActorsUpdateExtraTime:5.0]]
LogConfig: Setting CVar [[s.LevelStreamingComponentsRegistrationGranularity:10]]
LogConfig: Setting CVar [[s.UnregisterComponentsTimeLimit:1.0]]
LogConfig: Setting CVar [[s.LevelStreamingComponentsUnregistrationGranularity:5]]
LogConfig: Setting CVar [[s.FlushStreamingOnExit:1]]
LogStreaming: Display: Async Loading initialized: Event Driven Loader: true, Async Loading Thread: false, Async Post Load: false
LogInit: Object subsystem initialized
LogConfig: Setting CVar [[con.DebugEarlyDefault:1]]
LogConfig: Setting CVar [[r.setres:1280x720]]
LogConfig: Setting CVar [[fx.NiagaraAllowRuntimeScalabilityChanges:1]]
[2022.08.21-04.33.35:496][  0]LogConfig: Setting CVar [[con.DebugEarlyDefault:1]]
[2022.08.21-04.33.35:496][  0]LogConfig: Setting CVar [[r.setres:1280x720]]
[2022.08.21-04.33.35:496][  0]LogConfig: Setting CVar [[fx.NiagaraAllowRuntimeScalabilityChanges:1]]
[2022.08.21-04.33.35:497][  0]LogConfig: Applying CVar settings from Section [/Script/Engine.RendererSettings] File [../../../PVP_Game/Saved/Config/WindowsServer/Engine.ini]
[2022.08.21-04.33.35:497][  0]LogConfig: Setting CVar [[r.GPUCrashDebugging:0]]
[2022.08.21-04.33.35:498][  0]LogConfig: Applying CVar settings from Section [/Script/Engine.RendererOverrideSettings] File [../../../PVP_Game/Saved/Config/WindowsServer/Engine.ini]
[2022.08.21-04.33.35:500][  0]LogConfig: Applying CVar settings from Section [/Script/Engine.StreamingSettings] File [../../../PVP_Game/Saved/Config/WindowsServer/Engine.ini]
[2022.08.21-04.33.35:501][  0]LogConfig: Setting CVar [[s.MinBulkDataSizeForAsyncLoading:131072]]
[2022.08.21-04.33.35:502][  0]LogConfig: Setting CVar [[s.AsyncLoadingThreadEnabled:0]]
[2022.08.21-04.33.35:502][  0]LogConfig: Setting CVar [[s.EventDrivenLoaderEnabled:1]]
[2022.08.21-04.33.35:503][  0]LogConfig: Setting CVar [[s.WarnIfTimeLimitExceeded:0]]
[2022.08.21-04.33.35:504][  0]LogConfig: Setting CVar [[s.TimeLimitExceededMultiplier:1.5]]
[2022.08.21-04.33.35:504][  0]LogConfig: Setting CVar [[s.TimeLimitExceededMinTime:0.005]]
[2022.08.21-04.33.35:505][  0]LogConfig: Setting CVar [[s.UseBackgroundLevelStreaming:1]]
[2022.08.21-04.33.35:506][  0]LogConfig: Setting CVar [[s.PriorityAsyncLoadingExtraTime:15.0]]
[2022.08.21-04.33.35:506][  0]LogConfig: Setting CVar [[s.LevelStreamingActorsUpdateTimeLimit:5.0]]
[2022.08.21-04.33.35:507][  0]LogConfig: Setting CVar [[s.PriorityLevelStreamingActorsUpdateExtraTime:5.0]]
[2022.08.21-04.33.35:507][  0]LogConfig: Setting CVar [[s.LevelStreamingComponentsRegistrationGranularity:10]]
[2022.08.21-04.33.35:508][  0]LogConfig: Setting CVar [[s.UnregisterComponentsTimeLimit:1.0]]
[2022.08.21-04.33.35:511][  0]LogConfig: Setting CVar [[s.LevelStreamingComponentsUnregistrationGranularity:5]]
[2022.08.21-04.33.35:515][  0]LogConfig: Setting CVar [[s.FlushStreamingOnExit:1]]
[2022.08.21-04.33.35:515][  0]LogConfig: Applying CVar settings from Section [/Script/Engine.GarbageCollectionSettings] File [../../../PVP_Game/Saved/Config/WindowsServer/Engine.ini]
[2022.08.21-04.33.35:516][  0]LogConfig: Setting CVar [[gc.MaxObjectsNotConsideredByGC:1]]
[2022.08.21-04.33.35:516][  0]LogConfig: Setting CVar [[gc.SizeOfPermanentObjectPool:0]]
[2022.08.21-04.33.35:517][  0]LogConfig: Setting CVar [[gc.FlushStreamingOnGC:0]]
[2022.08.21-04.33.35:518][  0]LogConfig: Setting CVar [[gc.NumRetriesBeforeForcingGC:10]]
[2022.08.21-04.33.35:519][  0]LogConfig: Setting CVar [[gc.AllowParallelGC:1]]
[2022.08.21-04.33.35:519][  0]LogConfig: Setting CVar [[gc.TimeBetweenPurgingPendingKillObjects:61.1]]
[2022.08.21-04.33.35:519][  0]LogConfig: Setting CVar [[gc.MaxObjectsInEditor:25165824]]
[2022.08.21-04.33.35:519][  0]LogConfig: Setting CVar [[gc.IncrementalBeginDestroyEnabled:1]]
[2022.08.21-04.33.35:520][  0]LogConfig: Setting CVar [[gc.CreateGCClusters:1]]
[2022.08.21-04.33.35:520][  0]LogConfig: Setting CVar [[gc.MinGCClusterSize:5]]
[2022.08.21-04.33.35:520][  0]LogConfig: Setting CVar [[gc.ActorClusteringEnabled:0]]
[2022.08.21-04.33.35:520][  0]LogConfig: Setting CVar [[gc.BlueprintClusteringEnabled:0]]
[2022.08.21-04.33.35:520][  0]LogConfig: Setting CVar [[gc.UseDisregardForGCOnDedicatedServers:0]]
[2022.08.21-04.33.35:525][  0]LogConfig: Setting CVar [[gc.MultithreadedDestructionEnabled:1]]
[2022.08.21-04.33.35:525][  0]LogConfig: Applying CVar settings from Section [/Script/Engine.NetworkSettings] File [../../../PVP_Game/Saved/Config/WindowsServer/Engine.ini]
[2022.08.21-04.33.35:527][  0]LogConfig: Applying CVar settings from Section [ViewDistanceQuality@3] File [../../../PVP_Game/Saved/Config/WindowsServer/Scalability.ini]
[2022.08.21-04.33.35:527][  0]LogConfig: Setting CVar [[r.SkeletalMeshLODBias:0]]
[2022.08.21-04.33.35:527][  0]LogConfig: Setting CVar [[r.ViewDistanceScale:1.0]]
[2022.08.21-04.33.35:527][  0]LogConfig: Applying CVar settings from Section [AntiAliasingQuality@3] File [../../../PVP_Game/Saved/Config/WindowsServer/Scalability.ini]
[2022.08.21-04.33.35:527][  0]LogConfig: Setting CVar [[r.PostProcessAAQuality:4]]
[2022.08.21-04.33.35:527][  0]LogConfig: Applying CVar settings from Section [ShadowQuality@3] File [../../../PVP_Game/Saved/Config/WindowsServer/Scalability.ini]
[2022.08.21-04.33.35:528][  0]LogConfig: Setting CVar [[r.LightFunctionQuality:1]]
[2022.08.21-04.33.35:528][  0]LogConfig: Setting CVar [[r.ShadowQuality:5]]
[2022.08.21-04.33.35:528][  0]LogConfig: Setting CVar [[r.Shadow.CSM.MaxCascades:10]]
[2022.08.21-04.33.35:528][  0]LogConfig: Setting CVar [[r.Shadow.MaxResolution:2048]]
[2022.08.21-04.33.35:529][  0]LogConfig: Setting CVar [[r.Shadow.MaxCSMResolution:2048]]
[2022.08.21-04.33.35:530][  0]LogConfig: Setting CVar [[r.Shadow.RadiusThreshold:0.01]]
[2022.08.21-04.33.35:530][  0]LogConfig: Setting CVar [[r.Shadow.DistanceScale:1.0]]
[2022.08.21-04.33.35:531][  0]LogConfig: Setting CVar [[r.Shadow.CSM.TransitionScale:1.0]]
[2022.08.21-04.33.35:532][  0]LogConfig: Setting CVar [[r.Shadow.PreShadowResolutionFactor:1.0]]
[2022.08.21-04.33.35:535][  0]LogConfig: Setting CVar [[r.DistanceFieldShadowing:1]]
[2022.08.21-04.33.35:535][  0]LogConfig: Setting CVar [[r.DistanceFieldAO:1]]
[2022.08.21-04.33.35:536][  0]LogConfig: Setting CVar [[r.AOQuality:2]]
[2022.08.21-04.33.35:536][  0]LogConfig: Setting CVar [[r.VolumetricFog:1]]
[2022.08.21-04.33.35:537][  0]LogConfig: Setting CVar [[r.VolumetricFog.GridPixelSize:8]]
[2022.08.21-04.33.35:537][  0]LogConfig: Setting CVar [[r.VolumetricFog.GridSizeZ:128]]
[2022.08.21-04.33.35:538][  0]LogConfig: Setting CVar [[r.VolumetricFog.HistoryMissSupersampleCount:4]]
[2022.08.21-04.33.35:538][  0]LogConfig: Setting CVar [[r.LightMaxDrawDistanceScale:1]]
[2022.08.21-04.33.35:539][  0]LogConfig: Setting CVar [[r.CapsuleShadows:1]]
[2022.08.21-04.33.35:539][  0]LogConfig: Applying CVar settings from Section [PostProcessQuality@3] File [../../../PVP_Game/Saved/Config/WindowsServer/Scalability.ini]
[2022.08.21-04.33.35:540][  0]LogConfig: Setting CVar [[r.MotionBlurQuality:4]]
[2022.08.21-04.33.35:540][  0]LogConfig: Setting CVar [[r.AmbientOcclusionMipLevelFactor:0.4]]
[2022.08.21-04.33.35:542][  0]LogConfig: Setting CVar [[r.AmbientOcclusionMaxQuality:100]]
[2022.08.21-04.33.35:543][  0]LogConfig: Setting CVar [[r.AmbientOcclusionLevels:-1]]
[2022.08.21-04.33.35:543][  0]LogConfig: Setting CVar [[r.AmbientOcclusionRadiusScale:1.0]]
[2022.08.21-04.33.35:543][  0]LogConfig: Setting CVar [[r.DepthOfFieldQuality:2]]
[2022.08.21-04.33.35:544][  0]LogConfig: Setting CVar [[r.RenderTargetPoolMin:400]]
[2022.08.21-04.33.35:544][  0]LogConfig: Setting CVar [[r.LensFlareQuality:2]]
[2022.08.21-04.33.35:545][  0]LogConfig: Setting CVar [[r.SceneColorFringeQuality:1]]
[2022.08.21-04.33.35:548][  0]LogConfig: Setting CVar [[r.EyeAdaptationQuality:2]]
[2022.08.21-04.33.35:548][  0]LogConfig: Setting CVar [[r.BloomQuality:5]]
[2022.08.21-04.33.35:548][  0]LogConfig: Setting CVar [[r.FastBlurThreshold:100]]
[2022.08.21-04.33.35:549][  0]LogConfig: Setting CVar [[r.Upscale.Quality:3]]
[2022.08.21-04.33.35:549][  0]LogConfig: Setting CVar [[r.Tonemapper.GrainQuantization:1]]
[2022.08.21-04.33.35:550][  0]LogConfig: Setting CVar [[r.LightShaftQuality:1]]
[2022.08.21-04.33.35:550][  0]LogConfig: Setting CVar [[r.Filter.SizeScale:1]]
[2022.08.21-04.33.35:551][  0]LogConfig: Setting CVar [[r.Tonemapper.Quality:5]]
[2022.08.21-04.33.35:551][  0]LogConfig: Setting CVar [[r.DOF.Gather.AccumulatorQuality:1        ; higher gathering accumulator quality]]
[2022.08.21-04.33.35:552][  0]LogConfig: Setting CVar [[r.DOF.Gather.PostfilterMethod:1          ; Median3x3 postfilering method]]
[2022.08.21-04.33.35:553][  0]LogConfig: Setting CVar [[r.DOF.Gather.EnableBokehSettings:0       ; no bokeh simulation when gathering]]
[2022.08.21-04.33.35:553][  0]LogConfig: Setting CVar [[r.DOF.Gather.RingCount:4                 ; medium number of samples when gathering]]
[2022.08.21-04.33.35:553][  0]LogConfig: Setting CVar [[r.DOF.Scatter.ForegroundCompositing:1    ; additive foreground scattering]]
[2022.08.21-04.33.35:554][  0]LogConfig: Setting CVar [[r.DOF.Scatter.BackgroundCompositing:2    ; additive background scattering]]
[2022.08.21-04.33.35:554][  0]LogConfig: Setting CVar [[r.DOF.Scatter.EnableBokehSettings:1      ; bokeh simulation when scattering]]
[2022.08.21-04.33.35:555][  0]LogConfig: Setting CVar [[r.DOF.Scatter.MaxSpriteRatio:0.1         ; only a maximum of 10% of scattered bokeh]]
[2022.08.21-04.33.35:555][  0]LogConfig: Setting CVar [[r.DOF.Recombine.Quality:1                ; cheap slight out of focus]]
[2022.08.21-04.33.35:556][  0]LogConfig: Setting CVar [[r.DOF.Recombine.EnableBokehSettings:0    ; no bokeh simulation on slight out of focus]]
[2022.08.21-04.33.35:556][  0]LogConfig: Setting CVar [[r.DOF.TemporalAAQuality:1                ; more stable temporal accumulation]]
[2022.08.21-04.33.35:557][  0]LogConfig: Setting CVar [[r.DOF.Kernel.MaxForegroundRadius:0.025]]
[2022.08.21-04.33.35:557][  0]LogConfig: Setting CVar [[r.DOF.Kernel.MaxBackgroundRadius:0.025]]
[2022.08.21-04.33.35:557][  0]LogConfig: Applying CVar settings from Section [TextureQuality@3] File [../../../PVP_Game/Saved/Config/WindowsServer/Scalability.ini]
[2022.08.21-04.33.35:558][  0]LogConfig: Setting CVar [[r.Streaming.MipBias:0]]
[2022.08.21-04.33.35:558][  0]LogConfig: Setting CVar [[r.Streaming.AmortizeCPUToGPUCopy:0]]
[2022.08.21-04.33.35:559][  0]LogConfig: Setting CVar [[r.Streaming.MaxNumTexturesToStreamPerFrame:0]]
[2022.08.21-04.33.35:559][  0]LogConfig: Setting CVar [[r.Streaming.Boost:1]]
[2022.08.21-04.33.35:560][  0]LogConfig: Setting CVar [[r.MaxAnisotropy:8]]
[2022.08.21-04.33.35:565][  0]LogConfig: Setting CVar [[r.VT.MaxAnisotropy:8]]
[2022.08.21-04.33.35:565][  0]LogConfig: Setting CVar [[r.Streaming.LimitPoolSizeToVRAM:0]]
[2022.08.21-04.33.35:566][  0]LogConfig: Setting CVar [[r.Streaming.PoolSize:1000]]
[2022.08.21-04.33.35:566][  0]LogConfig: Setting CVar [[r.Streaming.MaxEffectiveScreenSize:0]]
[2022.08.21-04.33.35:567][  0]LogConfig: Applying CVar settings from Section [EffectsQuality@3] File [../../../PVP_Game/Saved/Config/WindowsServer/Scalability.ini]
[2022.08.21-04.33.35:568][  0]LogConfig: Setting CVar [[r.TranslucencyLightingVolumeDim:64]]
[2022.08.21-04.33.35:568][  0]LogConfig: Setting CVar [[r.RefractionQuality:2]]
[2022.08.21-04.33.35:569][  0]LogConfig: Setting CVar [[r.SSR.Quality:3]]
[2022.08.21-04.33.35:569][  0]LogConfig: Setting CVar [[r.SSR.HalfResSceneColor:0]]
[2022.08.21-04.33.35:570][  0]LogConfig: Setting CVar [[r.SceneColorFormat:4]]
[2022.08.21-04.33.35:570][  0]LogConfig: Setting CVar [[r.DetailMode:2]]
[2022.08.21-04.33.35:571][  0]LogConfig: Setting CVar [[r.TranslucencyVolumeBlur:1]]
[2022.08.21-04.33.35:571][  0]LogConfig: Setting CVar [[r.MaterialQualityLevel:1 ; High quality]]
[2022.08.21-04.33.35:572][  0]LogConfig: Setting CVar [[r.AnisotropicMaterials:1]]
[2022.08.21-04.33.35:572][  0]LogConfig: Setting CVar [[r.SSS.Scale:1]]
[2022.08.21-04.33.35:573][  0]LogConfig: Setting CVar [[r.SSS.SampleSet:2]]
[2022.08.21-04.33.35:573][  0]LogConfig: Setting CVar [[r.SSS.Quality:1]]
[2022.08.21-04.33.35:574][  0]LogConfig: Setting CVar [[r.SSS.HalfRes:0]]
[2022.08.21-04.33.35:574][  0]LogConfig: Setting CVar [[r.SSGI.Quality:3]]
[2022.08.21-04.33.35:574][  0]LogConfig: Setting CVar [[r.EmitterSpawnRateScale:1.0]]
[2022.08.21-04.33.35:575][  0]LogConfig: Setting CVar [[r.ParticleLightQuality:2]]
[2022.08.21-04.33.35:575][  0]LogConfig: Setting CVar [[r.SkyAtmosphere.AerialPerspectiveLUT.FastApplyOnOpaque:1 ; Always have FastSkyLUT 1 in this case to avoid wrong sky]]
[2022.08.21-04.33.35:579][  0]LogConfig: Setting CVar [[r.SkyAtmosphere.AerialPerspectiveLUT.SampleCountMaxPerSlice:4]]
[2022.08.21-04.33.35:579][  0]LogConfig: Setting CVar [[r.SkyAtmosphere.AerialPerspectiveLUT.DepthResolution:16.0]]
[2022.08.21-04.33.35:580][  0]LogConfig: Setting CVar [[r.SkyAtmosphere.FastSkyLUT:1]]
[2022.08.21-04.33.35:580][  0]LogConfig: Setting CVar [[r.SkyAtmosphere.FastSkyLUT.SampleCountMin:4.0]]
[2022.08.21-04.33.35:580][  0]LogConfig: Setting CVar [[r.SkyAtmosphere.FastSkyLUT.SampleCountMax:128.0]]
[2022.08.21-04.33.35:581][  0]LogConfig: Setting CVar [[r.SkyAtmosphere.SampleCountMin:4.0]]
[2022.08.21-04.33.35:582][  0]LogConfig: Setting CVar [[r.SkyAtmosphere.SampleCountMax:128.0]]
[2022.08.21-04.33.35:582][  0]LogConfig: Setting CVar [[r.SkyAtmosphere.TransmittanceLUT.UseSmallFormat:0]]
[2022.08.21-04.33.35:584][  0]LogConfig: Setting CVar [[r.SkyAtmosphere.TransmittanceLUT.SampleCount:10.0]]
[2022.08.21-04.33.35:585][  0]LogConfig: Setting CVar [[r.SkyAtmosphere.MultiScatteringLUT.SampleCount:15.0]]
[2022.08.21-04.33.35:586][  0]LogConfig: Setting CVar [[r.SkyLight.RealTimeReflectionCapture:1]]
[2022.08.21-04.33.35:587][  0]LogConfig: Setting CVar [[fx.Niagara.QualityLevel:3]]
[2022.08.21-04.33.35:590][  0]LogConfig: Applying CVar settings from Section [FoliageQuality@3] File [../../../PVP_Game/Saved/Config/WindowsServer/Scalability.ini]
[2022.08.21-04.33.35:591][  0]LogConfig: Setting CVar [[foliage.DensityScale:1.0]]
[2022.08.21-04.33.35:591][  0]LogConfig: Setting CVar [[grass.DensityScale:1.0]]
[2022.08.21-04.33.35:591][  0]LogConfig: Applying CVar settings from Section [ShadingQuality@3] File [../../../PVP_Game/Saved/Config/WindowsServer/Scalability.ini]
[2022.08.21-04.33.35:593][  0]LogConfig: Setting CVar [[r.HairStrands.SkyLighting.IntegrationType:2]]
[2022.08.21-04.33.35:593][  0]LogConfig: Setting CVar [[r.HairStrands.SkyAO.SampleCount:4]]
[2022.08.21-04.33.35:594][  0]LogConfig: Setting CVar [[r.HairStrands.Visibility.MSAA.SamplePerPixel:4]]
[2022.08.21-04.33.35:594][  0]LogInit: Selected Device Profile: [WindowsServer]
[2022.08.21-04.33.35:594][  0]LogInit: Applying CVar settings loaded from the selected device profile: [WindowsServer]
[2022.08.21-04.33.35:595][  0]LogHAL: Display: Platform has ~ 8 GB [8428630016 / 8589934592 / 8], which maps to Default [LargestMinGB=32, LargerMinGB=12, DefaultMinGB=8, SmallerMinGB=6, SmallestMinGB=0)
[2022.08.21-04.33.35:595][  0]LogInit: Going up to parent DeviceProfile [Windows]
[2022.08.21-04.33.35:596][  0]LogInit: Going up to parent DeviceProfile []
[2022.08.21-04.33.35:596][  0]LogConfig: Applying CVar settings from Section [ViewDistanceQuality@3] File [../../../PVP_Game/Saved/Config/WindowsServer/Scalability.ini]
[2022.08.21-04.33.35:597][  0]LogConfig: Setting CVar [[r.SkeletalMeshLODBias:0]]
[2022.08.21-04.33.35:597][  0]LogConfig: Setting CVar [[r.ViewDistanceScale:1.0]]
[2022.08.21-04.33.35:598][  0]LogConfig: Applying CVar settings from Section [AntiAliasingQuality@3] File [../../../PVP_Game/Saved/Config/WindowsServer/Scalability.ini]
[2022.08.21-04.33.35:601][  0]LogConfig: Setting CVar [[r.PostProcessAAQuality:4]]
[2022.08.21-04.33.35:601][  0]LogConfig: Applying CVar settings from Section [ShadowQuality@3] File [../../../PVP_Game/Saved/Config/WindowsServer/Scalability.ini]
[2022.08.21-04.33.35:602][  0]LogConfig: Setting CVar [[r.LightFunctionQuality:1]]
[2022.08.21-04.33.35:602][  0]LogConfig: Setting CVar [[r.ShadowQuality:5]]
[2022.08.21-04.33.35:603][  0]LogConfig: Setting CVar [[r.Shadow.CSM.MaxCascades:10]]
[2022.08.21-04.33.35:603][  0]LogConfig: Setting CVar [[r.Shadow.MaxResolution:2048]]
[2022.08.21-04.33.35:603][  0]LogConfig: Setting CVar [[r.Shadow.MaxCSMResolution:2048]]
[2022.08.21-04.33.35:604][  0]LogConfig: Setting CVar [[r.Shadow.RadiusThreshold:0.01]]
[2022.08.21-04.33.35:604][  0]LogConfig: Setting CVar [[r.Shadow.DistanceScale:1.0]]
[2022.08.21-04.33.35:605][  0]LogConfig: Setting CVar [[r.Shadow.CSM.TransitionScale:1.0]]
[2022.08.21-04.33.35:605][  0]LogConfig: Setting CVar [[r.Shadow.PreShadowResolutionFactor:1.0]]
[2022.08.21-04.33.35:606][  0]LogConfig: Setting CVar [[r.DistanceFieldShadowing:1]]
[2022.08.21-04.33.35:606][  0]LogConfig: Setting CVar [[r.DistanceFieldAO:1]]
[2022.08.21-04.33.35:607][  0]LogConfig: Setting CVar [[r.AOQuality:2]]
[2022.08.21-04.33.35:608][  0]LogConfig: Setting CVar [[r.VolumetricFog:1]]
[2022.08.21-04.33.35:608][  0]LogConfig: Setting CVar [[r.VolumetricFog.GridPixelSize:8]]
[2022.08.21-04.33.35:609][  0]LogConfig: Setting CVar [[r.VolumetricFog.GridSizeZ:128]]
[2022.08.21-04.33.35:611][  0]LogConfig: Setting CVar [[r.VolumetricFog.HistoryMissSupersampleCount:4]]
[2022.08.21-04.33.35:612][  0]LogConfig: Setting CVar [[r.LightMaxDrawDistanceScale:1]]
[2022.08.21-04.33.35:612][  0]LogConfig: Setting CVar [[r.CapsuleShadows:1]]
[2022.08.21-04.33.35:613][  0]LogConfig: Applying CVar settings from Section [PostProcessQuality@3] File [../../../PVP_Game/Saved/Config/WindowsServer/Scalability.ini]
[2022.08.21-04.33.35:613][  0]LogConfig: Setting CVar [[r.MotionBlurQuality:4]]
[2022.08.21-04.33.35:614][  0]LogConfig: Setting CVar [[r.AmbientOcclusionMipLevelFactor:0.4]]
[2022.08.21-04.33.35:614][  0]LogConfig: Setting CVar [[r.AmbientOcclusionMaxQuality:100]]
[2022.08.21-04.33.35:615][  0]LogConfig: Setting CVar [[r.AmbientOcclusionLevels:-1]]
[2022.08.21-04.33.35:616][  0]LogConfig: Setting CVar [[r.AmbientOcclusionRadiusScale:1.0]]
[2022.08.21-04.33.35:617][  0]LogConfig: Setting CVar [[r.DepthOfFieldQuality:2]]
[2022.08.21-04.33.35:618][  0]LogConfig: Setting CVar [[r.RenderTargetPoolMin:400]]
[2022.08.21-04.33.35:618][  0]LogConfig: Setting CVar [[r.LensFlareQuality:2]]
[2022.08.21-04.33.35:618][  0]LogConfig: Setting CVar [[r.SceneColorFringeQuality:1]]
[2022.08.21-04.33.35:619][  0]LogConfig: Setting CVar [[r.EyeAdaptationQuality:2]]
[2022.08.21-04.33.35:619][  0]LogConfig: Setting CVar [[r.BloomQuality:5]]
[2022.08.21-04.33.35:620][  0]LogConfig: Setting CVar [[r.FastBlurThreshold:100]]
[2022.08.21-04.33.35:623][  0]LogConfig: Setting CVar [[r.Upscale.Quality:3]]
[2022.08.21-04.33.35:623][  0]LogConfig: Setting CVar [[r.Tonemapper.GrainQuantization:1]]
[2022.08.21-04.33.35:624][  0]LogConfig: Setting CVar [[r.LightShaftQuality:1]]
[2022.08.21-04.33.35:624][  0]LogConfig: Setting CVar [[r.Filter.SizeScale:1]]
[2022.08.21-04.33.35:625][  0]LogConfig: Setting CVar [[r.Tonemapper.Quality:5]]
[2022.08.21-04.33.35:625][  0]LogConfig: Setting CVar [[r.DOF.Gather.AccumulatorQuality:1        ; higher gathering accumulator quality]]
[2022.08.21-04.33.35:625][  0]LogConfig: Setting CVar [[r.DOF.Gather.PostfilterMethod:1          ; Median3x3 postfilering method]]
[2022.08.21-04.33.35:626][  0]LogConfig: Setting CVar [[r.DOF.Gather.EnableBokehSettings:0       ; no bokeh simulation when gathering]]
[2022.08.21-04.33.35:626][  0]LogConfig: Setting CVar [[r.DOF.Gather.RingCount:4                 ; medium number of samples when gathering]]
[2022.08.21-04.33.35:627][  0]LogConfig: Setting CVar [[r.DOF.Scatter.ForegroundCompositing:1    ; additive foreground scattering]]
[2022.08.21-04.33.35:627][  0]LogConfig: Setting CVar [[r.DOF.Scatter.BackgroundCompositing:2    ; additive background scattering]]
[2022.08.21-04.33.35:628][  0]LogConfig: Setting CVar [[r.DOF.Scatter.EnableBokehSettings:1      ; bokeh simulation when scattering]]
[2022.08.21-04.33.35:629][  0]LogConfig: Setting CVar [[r.DOF.Scatter.MaxSpriteRatio:0.1         ; only a maximum of 10% of scattered bokeh]]
[2022.08.21-04.33.35:629][  0]LogConfig: Setting CVar [[r.DOF.Recombine.Quality:1                ; cheap slight out of focus]]
[2022.08.21-04.33.35:630][  0]LogConfig: Setting CVar [[r.DOF.Recombine.EnableBokehSettings:0    ; no bokeh simulation on slight out of focus]]
[2022.08.21-04.33.35:630][  0]LogConfig: Setting CVar [[r.DOF.TemporalAAQuality:1                ; more stable temporal accumulation]]
[2022.08.21-04.33.35:630][  0]LogConfig: Setting CVar [[r.DOF.Kernel.MaxForegroundRadius:0.025]]
[2022.08.21-04.33.35:631][  0]LogConfig: Setting CVar [[r.DOF.Kernel.MaxBackgroundRadius:0.025]]
[2022.08.21-04.33.35:631][  0]LogConfig: Applying CVar settings from Section [TextureQuality@3] File [../../../PVP_Game/Saved/Config/WindowsServer/Scalability.ini]
[2022.08.21-04.33.35:635][  0]LogConfig: Setting CVar [[r.Streaming.MipBias:0]]
[2022.08.21-04.33.35:636][  0]LogConfig: Setting CVar [[r.Streaming.AmortizeCPUToGPUCopy:0]]
[2022.08.21-04.33.35:636][  0]LogConfig: Setting CVar [[r.Streaming.MaxNumTexturesToStreamPerFrame:0]]
[2022.08.21-04.33.35:636][  0]LogConfig: Setting CVar [[r.Streaming.Boost:1]]
[2022.08.21-04.33.35:637][  0]LogConfig: Setting CVar [[r.MaxAnisotropy:8]]
[2022.08.21-04.33.35:638][  0]LogConfig: Setting CVar [[r.VT.MaxAnisotropy:8]]
[2022.08.21-04.33.35:638][  0]LogConfig: Setting CVar [[r.Streaming.LimitPoolSizeToVRAM:0]]
[2022.08.21-04.33.35:638][  0]LogConfig: Setting CVar [[r.Streaming.PoolSize:1000]]
[2022.08.21-04.33.35:639][  0]LogConfig: Setting CVar [[r.Streaming.MaxEffectiveScreenSize:0]]
[2022.08.21-04.33.35:639][  0]LogConfig: Applying CVar settings from Section [EffectsQuality@3] File [../../../PVP_Game/Saved/Config/WindowsServer/Scalability.ini]
[2022.08.21-04.33.35:640][  0]LogConfig: Setting CVar [[r.TranslucencyLightingVolumeDim:64]]
[2022.08.21-04.33.35:640][  0]LogConfig: Setting CVar [[r.RefractionQuality:2]]
[2022.08.21-04.33.35:641][  0]LogConfig: Setting CVar [[r.SSR.Quality:3]]
[2022.08.21-04.33.35:641][  0]LogConfig: Setting CVar [[r.SSR.HalfResSceneColor:0]]
[2022.08.21-04.33.35:642][  0]LogConfig: Setting CVar [[r.SceneColorFormat:4]]
[2022.08.21-04.33.35:642][  0]LogConfig: Setting CVar [[r.DetailMode:2]]
[2022.08.21-04.33.35:643][  0]LogConfig: Setting CVar [[r.TranslucencyVolumeBlur:1]]
[2022.08.21-04.33.35:643][  0]LogConfig: Setting CVar [[r.MaterialQualityLevel:1 ; High quality]]
[2022.08.21-04.33.35:644][  0]LogConfig: Setting CVar [[r.AnisotropicMaterials:1]]
[2022.08.21-04.33.35:647][  0]LogConfig: Setting CVar [[r.SSS.Scale:1]]
[2022.08.21-04.33.35:647][  0]LogConfig: Setting CVar [[r.SSS.SampleSet:2]]
[2022.08.21-04.33.35:648][  0]LogConfig: Setting CVar [[r.SSS.Quality:1]]
[2022.08.21-04.33.35:649][  0]LogConfig: Setting CVar [[r.SSS.HalfRes:0]]
[2022.08.21-04.33.35:649][  0]LogConfig: Setting CVar [[r.SSGI.Quality:3]]
[2022.08.21-04.33.35:650][  0]LogConfig: Setting CVar [[r.EmitterSpawnRateScale:1.0]]
[2022.08.21-04.33.35:651][  0]LogConfig: Setting CVar [[r.ParticleLightQuality:2]]
[2022.08.21-04.33.35:652][  0]LogConfig: Setting CVar [[r.SkyAtmosphere.AerialPerspectiveLUT.FastApplyOnOpaque:1 ; Always have FastSkyLUT 1 in this case to avoid wrong sky]]
[2022.08.21-04.33.35:652][  0]LogConfig: Setting CVar [[r.SkyAtmosphere.AerialPerspectiveLUT.SampleCountMaxPerSlice:4]]
[2022.08.21-04.33.35:653][  0]LogConfig: Setting CVar [[r.SkyAtmosphere.AerialPerspectiveLUT.DepthResolution:16.0]]
[2022.08.21-04.33.35:653][  0]LogConfig: Setting CVar [[r.SkyAtmosphere.FastSkyLUT:1]]
[2022.08.21-04.33.35:654][  0]LogConfig: Setting CVar [[r.SkyAtmosphere.FastSkyLUT.SampleCountMin:4.0]]
[2022.08.21-04.33.35:654][  0]LogConfig: Setting CVar [[r.SkyAtmosphere.FastSkyLUT.SampleCountMax:128.0]]
[2022.08.21-04.33.35:655][  0]LogConfig: Setting CVar [[r.SkyAtmosphere.SampleCountMin:4.0]]
[2022.08.21-04.33.35:655][  0]LogConfig: Setting CVar [[r.SkyAtmosphere.SampleCountMax:128.0]]
[2022.08.21-04.33.35:656][  0]LogConfig: Setting CVar [[r.SkyAtmosphere.TransmittanceLUT.UseSmallFormat:0]]
[2022.08.21-04.33.35:659][  0]LogConfig: Setting CVar [[r.SkyAtmosphere.TransmittanceLUT.SampleCount:10.0]]
[2022.08.21-04.33.35:659][  0]LogConfig: Setting CVar [[r.SkyAtmosphere.MultiScatteringLUT.SampleCount:15.0]]
[2022.08.21-04.33.35:659][  0]LogConfig: Setting CVar [[r.SkyLight.RealTimeReflectionCapture:1]]
[2022.08.21-04.33.35:660][  0]LogConfig: Setting CVar [[fx.Niagara.QualityLevel:3]]
[2022.08.21-04.33.35:660][  0]LogConfig: Applying CVar settings from Section [FoliageQuality@3] File [../../../PVP_Game/Saved/Config/WindowsServer/Scalability.ini]
[2022.08.21-04.33.35:661][  0]LogConfig: Setting CVar [[foliage.DensityScale:1.0]]
[2022.08.21-04.33.35:662][  0]LogConfig: Setting CVar [[grass.DensityScale:1.0]]
[2022.08.21-04.33.35:662][  0]LogConfig: Applying CVar settings from Section [ShadingQuality@3] File [../../../PVP_Game/Saved/Config/WindowsServer/Scalability.ini]
[2022.08.21-04.33.35:663][  0]LogConfig: Setting CVar [[r.HairStrands.SkyLighting.IntegrationType:2]]
[2022.08.21-04.33.35:664][  0]LogConfig: Setting CVar [[r.HairStrands.SkyAO.SampleCount:4]]
[2022.08.21-04.33.35:664][  0]LogConfig: Setting CVar [[r.HairStrands.Visibility.MSAA.SamplePerPixel:4]]
[2022.08.21-04.33.35:665][  0]LogConfig: Applying CVar settings from Section [Startup] File [../../../Engine/Config/ConsoleVariables.ini]
[2022.08.21-04.33.35:666][  0]LogConfig: Setting CVar [[net.UseAdaptiveNetUpdateFrequency:0]]
[2022.08.21-04.33.35:666][  0]LogConfig: Setting CVar [[p.chaos.AllowCreatePhysxBodies:1]]
[2022.08.21-04.33.35:669][  0]LogConfig: Setting CVar [[fx.SkipVectorVMBackendOptimizations:1]]
[2022.08.21-04.33.35:671][  0]LogConfig: Applying CVar settings from Section [ConsoleVariables] File [../../../PVP_Game/Saved/Config/WindowsServer/Engine.ini]
[2022.08.21-04.33.35:672][  0]LogInit: Computer: DESKTOP-PTH63E6
[2022.08.21-04.33.35:672][  0]LogInit: User: bitch
[2022.08.21-04.33.35:673][  0]LogInit: CPU Page size=4096, Cores=4
[2022.08.21-04.33.35:674][  0]LogInit: High frequency timer resolution =10.000000 MHz
[2022.08.21-04.33.35:674][  0]LogMemory: Memory total: Physical=7.8GB (8GB approx)
[2022.08.21-04.33.35:677][  0]LogMemory: Platform Memory Stats for WindowsServer
[2022.08.21-04.33.35:679][  0]LogMemory: Process Physical Memory: 76.29 MB used, 76.29 MB peak
[2022.08.21-04.33.35:680][  0]LogMemory: Process Virtual Memory: 76.30 MB used, 76.30 MB peak
[2022.08.21-04.33.35:681][  0]LogMemory: Physical Memory: 5636.62 MB used,  2401.54 MB free, 8038.17 MB total
[2022.08.21-04.33.35:682][  0]LogMemory: Virtual Memory: 134211440.00 MB used,  6289.75 MB free, 134217728.00 MB total
[2022.08.21-04.33.35:691][  0]LogWindows: WindowsPlatformFeatures disabled or dedicated server build
[2022.08.21-04.33.35:738][  0]LogInit: Physics initialised using underlying interface: PhysX
[2022.08.21-04.33.35:751][  0]LogInit: Using OS detected language (en-US).
[2022.08.21-04.33.35:752][  0]LogInit: Using OS detected locale (en-US).
[2022.08.21-04.33.35:756][  0]LogTextLocalizationManager: No specific localization for 'en-US' exists, so the 'en' localization will be used.
[2022.08.21-04.33.35:803][  0]LogRendererCore: Ray tracing is disabled. Reason: r.RayTracing=0.
[2022.08.21-04.33.35:803][  0]LogODSC: ODSC Thread active.
[2022.08.21-04.33.35:810][  0]LogInit: Using OS detected language (en-US).
[2022.08.21-04.33.35:810][  0]LogInit: Using OS detected locale (en-US).
[2022.08.21-04.33.35:811][  0]LogTextLocalizationManager: No localization for 'en-US' exists, so 'en' will be used for the language.
[2022.08.21-04.33.35:811][  0]LogTextLocalizationManager: No localization for 'en-US' exists, so 'en' will be used for the locale.
[2022.08.21-04.33.35:814][  0]LogTextLocalizationManager: Compacting localization data took   0.99ms
[2022.08.21-04.33.35:814][  0]LogAssetRegistry: FAssetRegistry took 0.0017 seconds to start up
[2022.08.21-04.33.35:931][  0]LogStreaming: Display: FlushAsyncLoading: 1 QueuedPackages, 0 AsyncPackages
[2022.08.21-04.33.35:932][  0]LogPackageLocalizationCache: Processed 26 localized package path(s) for 1 prioritized culture(s) in 0.000131 seconds
[2022.08.21-04.33.35:932][  0]LogPakFile: New pak file ../../../PVP_Game/Content/Paks/PVP_Game-WindowsServer.pak added to pak precacher.
[2022.08.21-04.33.35:934][  0]LogInit: Selected Device Profile: [WindowsServer]
[2022.08.21-04.33.35:934][  0]LogInit: Active device profile: [0000018C02680580][0000018C7E954930 49] WindowsServer
[2022.08.21-04.33.35:934][  0]LogInit: Profiles: [0000018C02680700][0000018C7DE224A0 49] Windows, [0000018C02680580][0000018C7E954930 49] WindowsServer, 
[2022.08.21-04.33.35:946][  0]LogSerialization: Display: AllowBulkDataInIoStore: 'true'
[2022.08.21-04.33.35:954][  0]LogNetVersion: PVP_Game 1.0.0, NetCL: 0, EngineNetVer: 17, GameNetVer: 0 (Checksum: 2832247850)
[2022.08.21-04.33.35:982][  0]LogAudioCaptureCore: Display: No Audio Capture implementations found. Audio input will be silent.
[2022.08.21-04.33.35:982][  0]LogAudioCaptureCore: Display: No Audio Capture implementations found. Audio input will be silent.
[2022.08.21-04.33.35:984][  0]LogHMD: PokeAHoleMaterial loaded successfully
[2022.08.21-04.33.36:005][  0]LogUObjectArray: 19546 objects as part of root set at end of initial load.
[2022.08.21-04.33.36:005][  0]LogUObjectAllocator: 3988680 out of 0 bytes used by permanent object pool.
[2022.08.21-04.33.36:006][  0]LogUObjectArray: CloseDisregardForGC: 19546/0 objects in disregard for GC pool
[2022.08.21-04.33.36:015][  0]LogSteamShared: Display: Loading Steam SDK 1.51
[2022.08.21-04.33.36:020][  0]LogSteamShared: Steam SDK Loaded!
[2022.08.21-04.33.36:021][  0]LogNiagaraDebuggerClient: Niagara Debugger Client Initialized | Session: 8A3055154B550B01A03D0CBFE34E3D55 | Instance: 3DE8F4464E6689F00FD7C2BEA3388F4C (DESKTOP-PTH63E6-13000).
[2022.08.21-04.33.36:023][  0]LogAndroidPermission: UAndroidPermissionCallbackProxy::GetInstance
[2022.08.21-04.33.36:024][  0]LogOcInput: OculusInput pre-init called
[2022.08.21-04.33.36:025][  0]LogEngine: Initializing Engine...
[2022.08.21-04.33.36:026][  0]LogStats: UGameplayTagsManager::InitializeManager -  0.000 s
[2022.08.21-04.33.36:031][  0]LogInit: Initializing FReadOnlyCVARCache
[2022.08.21-04.33.36:031][  0]LogNetVersion: Set ProjectVersion to 1.0.0.0. Version Checksum will be recalculated on next use.
[2022.08.21-04.33.36:032][  0]LogInit: Texture streaming: Disabled
[2022.08.21-04.33.36:047][  0]LogInit: Display: Game Engine Initialized.
[2022.08.21-04.33.36:047][  0]LogInit: Display: Starting Game.
[2022.08.21-04.33.36:048][  0]LogNet: Browse: /Game/Maps/Match?Name=Player
[2022.08.21-04.33.36:049][  0]LogLoad: LoadMap: /Game/Maps/Match?Name=Player
[2022.08.21-04.33.36:050][  0]LogWorld: BeginTearingDown for /Temp/Untitled_0
[2022.08.21-04.33.36:054][  0]LogWorld: UWorld::CleanupWorld for Untitled, bSessionEnded=true, bCleanupResources=true
[2022.08.21-04.33.36:056][  0]LogUObjectHash: Compacting FUObjectHashTables data took   1.01ms
[2022.08.21-04.33.36:083][  0]LogAIModule: Creating AISystem for world Match
[2022.08.21-04.33.36:083][  0]LogLoad: Game class is 'BPGM_TurnBasedGameMode_C'
[2022.08.21-04.33.36:086][  0]LogNet: ReplicationDriverClass is null! Not using ReplicationDriver.
[2022.08.21-04.33.36:087][  0]LogNetCore: DDoS detection status: detection enabled: 0 analytics enabled: 0
[2022.08.21-04.33.36:087][  0]LogInit: WinSock: Socket queue. Rx: 131072 (config 131072) Tx: 131072 (config 131072)
[2022.08.21-04.33.36:088][  0]LogNet: Created socket for bind address: 0.0.0.0 on port 7777
[2022.08.21-04.33.36:092][  0]PacketHandlerLog: Loaded PacketHandler component: Engine.EngineHandlerComponentFactory (StatelessConnectHandlerComponent)
[2022.08.21-04.33.36:093][  0]LogNet: GameNetDriver IpNetDriver_2147482567 IpNetDriver listening on port 7777
[2022.08.21-04.33.36:095][  0]LogWorld: Bringing World /Game/Maps/Match.Match up for play (max tick rate 30) at 2022.08.20-21.33.36
[2022.08.21-04.33.36:095][  0]LogWorld: Bringing up level for play took: 0.000928
[2022.08.21-04.33.36:096][  0]LogGameMode: Display: Match State Changed from EnteringMap to WaitingToStart
[2022.08.21-04.33.36:098][  0]LogGameState: Match State Changed from EnteringMap to WaitingToStart
[2022.08.21-04.33.36:098][  0]LogLoad: Took 0.050379 seconds to LoadMap(/Game/Maps/Match)
[2022.08.21-04.33.36:099][  0]LogPakFile: AllPaks IndexSizes: DirectoryHashSize=222860, PathHashSize=16, EntriesSize=32752, TotalSize=255628
[2022.08.21-04.33.36:099][  0]LogInit: Display: Engine is initialized. Leaving FEngineLoop::Init()
[2022.08.21-04.33.36:100][  0]LogLoad: (Engine Initialization) Total time: 6.34 seconds
[2022.08.21-04.34.23:178][416]LogNet: NotifyAcceptingConnection accepted from: 192.168.86.1:58103
[2022.08.21-04.34.23:185][416]LogHandshake: SendConnectChallenge. Timestamp: 47.059937, Cookie: 077179010082020077063236116074063122072239145242220142172227
[2022.08.21-04.34.23:294][420]LogNet: NotifyAcceptingConnection accepted from: 192.168.86.1:58103
[2022.08.21-04.34.23:295][420]LogHandshake: SendChallengeAck. InCookie: 077179010082020077063236116074063122072239145242220142172227
[2022.08.21-04.34.23:295][420]LogNet: Server accepting post-challenge connection from: 192.168.86.1:58103
[2022.08.21-04.34.23:301][420]PacketHandlerLog: Loaded PacketHandler component: Engine.EngineHandlerComponentFactory (StatelessConnectHandlerComponent)
[2022.08.21-04.34.23:308][420]LogNet: NotifyAcceptedConnection: Name: Match, TimeStamp: 08/20/22 21:34:23, [UNetConnection] RemoteAddr: 192.168.86.1:58103, Name: IpConnection_2147482560, Driver: GameNetDriver IpNetDriver_2147482567, IsServer: YES, PC: NULL, Owner: NULL, UniqueId: INVALID
[2022.08.21-04.34.23:309][420]LogNet: AddClientConnection: Added client connection: [UNetConnection] RemoteAddr: 192.168.86.1:58103, Name: IpConnection_2147482560, Driver: GameNetDriver IpNetDriver_2147482567, IsServer: YES, PC: NULL, Owner: NULL, UniqueId: INVALID
[2022.08.21-04.34.23:371][422]LogNet: NotifyAcceptingChannel Control 0 server World /Game/Maps/Match.Match: Accepted
[2022.08.21-04.34.23:375][422]LogNet: Remote platform little endian=1
[2022.08.21-04.34.23:376][422]LogNet: This platform little endian=1
[2022.08.21-04.34.23:377][422]LogNetVersion: PVP_Game 1.0.0.0, NetCL: 0, EngineNetVer: 17, GameNetVer: 0 (Checksum: 513338249)
[2022.08.21-04.34.23:536][427]LogNet: Login request: ?Name=DESKTOP-PTH63E6-0FC535F24D4CD674A336C882ED355ADC userId: NULL:DESKTOP-PTH63E6-0FC535F24D4CD674A336C882ED355ADC platform: NULL
[2022.08.21-04.34.23:633][430]LogNet: Client netspeed is 100000
[2022.08.21-04.34.25:657][491]LogNet: Join request: /Game/Maps/Match?Name=DESKTOP-PTH63E6-0FC535F24D4CD674A336C882ED355ADC?SplitscreenCount=1
[2022.08.21-04.34.25:688][491]LogOnlineSession: Warning: OSS: No game present to join for session (GameSession)
[2022.08.21-04.34.25:921][491]LogGameMode: Display: Match State Changed from WaitingToStart to InProgress
[2022.08.21-04.34.25:927][491]LogGameState: Match State Changed from WaitingToStart to InProgress
[2022.08.21-04.34.25:928][491]LogNet: Join succeeded: DESKTOP-PTH63E6-0FC5
[2022.08.21-04.34.26:385][505]LogNet: NotifyAcceptingConnection accepted from: 192.168.86.1:58104
[2022.08.21-04.34.26:387][505]LogHandshake: SendConnectChallenge. Timestamp: 50.284204, Cookie: 019198122224194070103006238236033251054051107222043202010233
[2022.08.21-04.34.26:418][506]LogNet: NotifyAcceptingConnection accepted from: 192.168.86.1:58104
[2022.08.21-04.34.26:419][506]LogHandshake: SendChallengeAck. InCookie: 019198122224194070103006238236033251054051107222043202010233
[2022.08.21-04.34.26:422][506]LogNet: Server accepting post-challenge connection from: 192.168.86.1:58104
[2022.08.21-04.34.26:467][506]PacketHandlerLog: Loaded PacketHandler component: Engine.EngineHandlerComponentFactory (StatelessConnectHandlerComponent)
[2022.08.21-04.34.26:469][506]LogNet: NotifyAcceptedConnection: Name: Match, TimeStamp: 08/20/22 21:34:26, [UNetConnection] RemoteAddr: 192.168.86.1:58104, Name: IpConnection_2147482530, Driver: GameNetDriver IpNetDriver_2147482567, IsServer: YES, PC: NULL, Owner: NULL, UniqueId: INVALID
[2022.08.21-04.34.26:470][506]LogNet: AddClientConnection: Added client connection: [UNetConnection] RemoteAddr: 192.168.86.1:58104, Name: IpConnection_2147482530, Driver: GameNetDriver IpNetDriver_2147482567, IsServer: YES, PC: NULL, Owner: NULL, UniqueId: INVALID
[2022.08.21-04.34.26:506][508]LogNet: NotifyAcceptingChannel Control 0 server World /Game/Maps/Match.Match: Accepted
[2022.08.21-04.34.26:506][508]LogNet: Remote platform little endian=1
[2022.08.21-04.34.26:509][508]LogNet: This platform little endian=1
[2022.08.21-04.34.26:539][509]LogNet: Login request: ?Name=DESKTOP-PTH63E6-69D016D54BB1B3508C5DE384135F9399 userId: NULL:DESKTOP-PTH63E6-69D016D54BB1B3508C5DE384135F9399 platform: NULL
[2022.08.21-04.34.26:641][512]LogNet: Client netspeed is 100000
[2022.08.21-04.34.27:740][545]LogNet: Join request: /Game/Maps/Match?Name=DESKTOP-PTH63E6-69D016D54BB1B3508C5DE384135F9399?SplitscreenCount=1
[2022.08.21-04.34.27:741][545]LogOnlineSession: Warning: OSS: No game present to join for session (GameSession)
[2022.08.21-04.34.27:775][545]LogNet: Join succeeded: DESKTOP-PTH63E6-69D0
[2022.08.21-04.34.28:740][574]LogPlayFab: Request: {
	"PlayFabId": "4D9C92204A091204",
	"StatisticNames": [
		"Test_Ranked"
	],
	"StatisticNameVersions": null
}
[2022.08.21-04.34.28:747][574]LogPlayFab: Request: {
	"PlayFabId": "C1B55F8C875C514",
	"StatisticNames": [
		"Test_Ranked"
	],
	"StatisticNameVersions": null
}
[2022.08.21-04.34.29:068][585]LogPlayFab: Response : {"code":200,"status":"OK","data":{"PlayFabId":"4D9C92204A091204","Statistics":[{"StatisticName":"Test_Ranked","Value":1215,"Version":0}]}}
[2022.08.21-04.34.29:082][585]LogBlueprintUserMessages: [BPGM_TurnBasedGameMode_C_2147482568] 1215
[2022.08.21-04.34.29:082][585]LogPlayFab: Response : {"code":200,"status":"OK","data":{"PlayFabId":"C1B55F8C875C514","Statistics":[{"StatisticName":"Test_Ranked","Value":1250,"Version":0}]}}
[2022.08.21-04.34.29:083][585]LogBlueprintUserMessages: [BPGM_TurnBasedGameMode_C_2147482568] 1250
[2022.08.21-04.34.44:291][ 40]LogBlueprintUserMessages: [CharachterStats] 1
[2022.08.21-04.34.50:604][229]LogBlueprintUserMessages: [CharachterStats] -2
[2022.08.21-04.34.50:610][229]LogPlayFab: Request: {
	"ForceUpdate": false,
	"PlayFabId": "4D9C92204A091204",
	"Statistics": [
		{
			"StatisticName": "Test_Ranked",
			"Value": 1200
		}
	]
}
[2022.08.21-04.34.50:611][229]LogPlayFab: Request: {
	"ForceUpdate": false,
	"PlayFabId": "C1B55F8C875C514",
	"Statistics": [
		{
			"StatisticName": "Test_Ranked",
			"Value": 1265
		}
	]
}
[2022.08.21-04.34.50:612][229]LogBlueprintUserMessages: [CharachterStats] Death
[2022.08.21-04.34.50:704][233]LogPlayFab: Response : {"code":200,"status":"OK","data":{}}
[2022.08.21-04.34.50:710][233]LogBlueprintUserMessages: [BPGM_TurnBasedGameMode_C_2147482568] Rank Updated!
[2022.08.21-04.34.50:710][233]LogPlayFab: Response : {"code":200,"status":"OK","data":{}}
[2022.08.21-04.34.50:711][233]LogBlueprintUserMessages: [BPGM_TurnBasedGameMode_C_2147482568] Rank Updated!
[2022.08.21-04.35.11:547][856]LogNet: UChannel::ReceivedSequencedBunch: Bunch.bClose == true. ChIndex == 0. Calling ConditionalCleanUp.
[2022.08.21-04.35.11:547][856]LogNet: UChannel::CleanUp: ChIndex == 0. Closing connection. [UChannel] ChIndex: 0, Closing: 0 [UNetConnection] RemoteAddr: 192.168.86.1:58104, Name: IpConnection_2147482530, Driver: GameNetDriver IpNetDriver_2147482567, IsServer: YES, PC: BP_TurnBasedPlayerController_C_2147482526, Owner: BP_TurnBasedPlayerController_C_2147482526, UniqueId: NULL:DESKTOP-PTH63E6-69D016D54BB1B3508C5DE384135F9399
[2022.08.21-04.35.11:548][856]LogNet: UNetConnection::Close: [UNetConnection] RemoteAddr: 192.168.86.1:58104, Name: IpConnection_2147482530, Driver: GameNetDriver IpNetDriver_2147482567, IsServer: YES, PC: BP_TurnBasedPlayerController_C_2147482526, Owner: BP_TurnBasedPlayerController_C_2147482526, UniqueId: NULL:DESKTOP-PTH63E6-69D016D54BB1B3508C5DE384135F9399, Channels: 12, Time: 2022.08.21-04.35.11
[2022.08.21-04.35.11:549][856]LogNet: UChannel::Close: Sending CloseBunch. ChIndex == 0. Name: [UChannel] ChIndex: 0, Closing: 0 [UNetConnection] RemoteAddr: 192.168.86.1:58104, Name: IpConnection_2147482530, Driver: GameNetDriver IpNetDriver_2147482567, IsServer: YES, PC: BP_TurnBasedPlayerController_C_2147482526, Owner: BP_TurnBasedPlayerController_C_2147482526, UniqueId: NULL:DESKTOP-PTH63E6-69D016D54BB1B3508C5DE384135F9399
[2022.08.21-04.35.11:589][857]LogOnlineSession: Warning: OSS: No game present to leave for session (GameSession)
[2022.08.21-04.35.23:747][218]LogNet: UChannel::ReceivedSequencedBunch: Bunch.bClose == true. ChIndex == 0. Calling ConditionalCleanUp.
[2022.08.21-04.35.23:747][218]LogNet: UChannel::CleanUp: ChIndex == 0. Closing connection. [UChannel] ChIndex: 0, Closing: 0 [UNetConnection] RemoteAddr: 192.168.86.1:58103, Name: IpConnection_2147482560, Driver: GameNetDriver IpNetDriver_2147482567, IsServer: YES, PC: BP_TurnBasedPlayerController_C_2147482556, Owner: BP_TurnBasedPlayerController_C_2147482556, UniqueId: NULL:DESKTOP-PTH63E6-0FC535F24D4CD674A336C882ED355ADC
[2022.08.21-04.35.23:750][218]LogNet: UNetConnection::Close: [UNetConnection] RemoteAddr: 192.168.86.1:58103, Name: IpConnection_2147482560, Driver: GameNetDriver IpNetDriver_2147482567, IsServer: YES, PC: BP_TurnBasedPlayerController_C_2147482556, Owner: BP_TurnBasedPlayerController_C_2147482556, UniqueId: NULL:DESKTOP-PTH63E6-0FC535F24D4CD674A336C882ED355ADC, Channels: 10, Time: 2022.08.21-04.35.23
[2022.08.21-04.35.23:752][218]LogNet: UChannel::Close: Sending CloseBunch. ChIndex == 0. Name: [UChannel] ChIndex: 0, Closing: 0 [UNetConnection] RemoteAddr: 192.168.86.1:58103, Name: IpConnection_2147482560, Driver: GameNetDriver IpNetDriver_2147482567, IsServer: YES, PC: BP_TurnBasedPlayerController_C_2147482556, Owner: BP_TurnBasedPlayerController_C_2147482556, UniqueId: NULL:DESKTOP-PTH63E6-0FC535F24D4CD674A336C882ED355ADC
[2022.08.21-04.35.23:754][218]LogOnlineSession: Warning: OSS: No game present to leave for session (GameSession)
