Log file open, 08/18/22 15:59:39
LogWindows: Failed to load 'aqProf.dll' (GetLastError=126)
LogWindows: File 'aqProf.dll' does not exist
LogWindows: Failed to load 'VtuneApi.dll' (GetLastError=126)
LogWindows: File 'VtuneApi.dll' does not exist
LogWindows: Failed to load 'VtuneApi32e.dll' (GetLastError=126)
LogWindows: File 'VtuneApi32e.dll' does not exist
LogConsoleResponse: Display: Failed to find resolution value strings in scalability ini. Falling back to default.
LogConsoleResponse: Display: Failed to find resolution value strings in scalability ini. Falling back to default.
LogPakFile: Display: Found Pak file ../../../PVP_Game/Content/Paks/PVP_Game-WindowsServer.pak attempting to mount.
LogPakFile: Display: Mounting pak file ../../../PVP_Game/Content/Paks/PVP_Game-WindowsServer.pak.
LogPakFile: PakFile PrimaryIndexSize=26202
LogPakFile: PakFile PathHashIndexSize=48693
LogPakFile: PakFile FullDirectoryIndexSize=64587
LogShaderLibrary: Display: ShaderCodeLibraryPakFileMountedCallback: PakFile '../../../PVP_Game/Content/Paks/PVP_Game-WindowsServer.pak' (chunk index -1, root '../../../') mounted
LogShaderLibrary: Display: ShaderCodeLibraryPakFileMountedCallback: pending pak file info (ChunkID:-1 Root:../../../ File:../../../PVP_Game/Content/Paks/PVP_Game-WindowsServer.pak)
LogPakFile: OnPakFileMounted2Time == 0.000038
LogPlatformFile: Not using cached read wrapper
LogTaskGraph: Started task graph with 5 named threads and 9 total threads with 1 sets of task threads.
LogStats: Stats thread started at 0.244602
LogICUInternationalization: ICU TimeZone Detection - Raw Offset: -8:00, Platform Override: ''
LogInit: Display: Loading text-based GConfig....
LogPluginManager: Mounting plugin OnlineSubsystemSteam
LogPluginManager: Mounting plugin OnlineSubsystem
LogPluginManager: Mounting plugin OnlineSubsystemUtils
LogPluginManager: Mounting plugin SteamShared
LogPluginManager: Mounting plugin OnlineFramework
LogPluginManager: Mounting plugin PlayFab
LogPluginManager: Mounting plugin AdvancedSessions
LogPluginManager: Mounting plugin AdvancedSteamSessions
LogPluginManager: Mounting plugin Paper2D
LogPluginManager: Mounting plugin AISupport
LogPluginManager: Mounting plugin EnvironmentQueryEditor
LogPluginManager: Mounting plugin LightPropagationVolume
LogPluginManager: Mounting plugin CameraShakePreviewer
LogPluginManager: Mounting plugin GameplayCameras
LogPluginManager: Mounting plugin TemplateSequence
LogPluginManager: Mounting plugin LevelSequenceEditor
LogPluginManager: Mounting plugin OodleData
LogPluginManager: Mounting plugin OodleNetwork
LogPluginManager: Mounting plugin AnimationSharing
LogPluginManager: Mounting plugin SignificanceManager
LogPluginManager: Mounting plugin PluginUtils
LogPluginManager: Mounting plugin PropertyAccessEditor
LogPluginManager: Mounting plugin UObjectPlugin
LogPluginManager: Mounting plugin AssetManagerEditor
LogPluginManager: Mounting plugin FacialAnimation
LogPluginManager: Mounting plugin GeometryMode
LogPluginManager: Mounting plugin SpeedTreeImporter
LogPluginManager: Mounting plugin DatasmithContent
LogPluginManager: Mounting plugin VariantManagerContent
LogPluginManager: Mounting plugin AlembicImporter
LogPluginManager: Mounting plugin GeometryCache
LogPluginManager: Mounting plugin AutomationUtils
LogPluginManager: Mounting plugin ScreenshotTools
LogPluginManager: Mounting plugin BackChannel
LogPluginManager: Mounting plugin ChaosClothEditor
LogPluginManager: Mounting plugin ChaosCloth
LogPluginManager: Mounting plugin ChaosEditor
LogPluginManager: Mounting plugin PlanarCut
LogPluginManager: Mounting plugin GeometryProcessing
LogPluginManager: Mounting plugin EditableMesh
LogPluginManager: Mounting plugin GeometryCollectionPlugin
LogPluginManager: Mounting plugin ProceduralMeshComponent
LogPluginManager: Mounting plugin ChaosSolverPlugin
LogPluginManager: Mounting plugin ChaosNiagara
LogPluginManager: Mounting plugin Niagara
LogPluginManager: Mounting plugin PythonScriptPlugin
LogPluginManager: Mounting plugin CharacterAI
LogPluginManager: Mounting plugin MotoSynth
LogPluginManager: Mounting plugin OpenImageDenoise
LogPluginManager: Mounting plugin PlatformCrypto
LogPluginManager: Mounting plugin MagicLeapPassableWorld
LogPluginManager: Mounting plugin MagicLeap
LogPluginManager: Mounting plugin MLSDK
LogPluginManager: Mounting plugin MagicLeapLightEstimation
LogPluginManager: Mounting plugin AvfMedia
LogPluginManager: Mounting plugin ImgMedia
LogPluginManager: Mounting plugin MediaCompositing
LogPluginManager: Mounting plugin MeshPainting
LogPluginManager: Mounting plugin TcpMessaging
LogPluginManager: Mounting plugin UdpMessaging
LogPluginManager: Mounting plugin ActorSequence
LogPluginManager: Mounting plugin MatineeToLevelSequence
LogPluginManager: Mounting plugin OnlineSubsystemNull
LogPluginManager: Mounting plugin LauncherChunkInstaller
LogPluginManager: Mounting plugin ActorLayerUtilities
LogPluginManager: Mounting plugin AndroidPermission
LogPluginManager: Mounting plugin AppleImageUtils
LogPluginManager: Mounting plugin ArchVisCharacter
LogPluginManager: Mounting plugin AssetTags
LogPluginManager: Mounting plugin AudioCapture
LogPluginManager: Mounting plugin CableComponent
LogPluginManager: Mounting plugin ChunkDownloader
LogPluginManager: Mounting plugin CustomMeshComponent
LogPluginManager: Mounting plugin ExampleDeviceProfileSelector
LogPluginManager: Mounting plugin GooglePAD
LogPluginManager: Mounting plugin LocationServicesBPLibrary
LogPluginManager: Mounting plugin MobilePatchingUtils
LogPluginManager: Mounting plugin OculusVR
LogPluginManager: Mounting plugin OpenXREyeTracker
LogPluginManager: Mounting plugin OpenXR
LogPluginManager: Mounting plugin OpenXRHandTracking
LogPluginManager: Mounting plugin LiveLink
LogPluginManager: Mounting plugin Takes
LogPluginManager: Mounting plugin PhysXVehicles
LogPluginManager: Mounting plugin RuntimePhysXCooking
LogPluginManager: Mounting plugin SoundFields
LogPluginManager: Mounting plugin SteamVR
LogPluginManager: Mounting plugin Synthesis
LogPluginManager: Mounting plugin AudioSynesthesia
LogPluginManager: Mounting plugin WindowsMoviePlayer
LogInit: Using libcurl 7.55.1-DEV
LogInit:  - built for x86_64-pc-win32
LogInit:  - supports SSL with OpenSSL/1.1.1
LogInit:  - supports HTTP deflate (compression) using libz 1.2.8
LogInit:  - other features:
LogInit:      CURL_VERSION_SSL
LogInit:      CURL_VERSION_LIBZ
LogInit:      CURL_VERSION_IPV6
LogInit:      CURL_VERSION_ASYNCHDNS
LogInit:      CURL_VERSION_LARGEFILE
LogInit:      CURL_VERSION_IDN
LogInit:  CurlRequestOptions (configurable via config and command line):
LogInit:  - bVerifyPeer = true  - Libcurl will verify peer certificate
LogInit:  - bUseHttpProxy = false  - Libcurl will NOT use HTTP proxy
LogInit:  - bDontReuseConnections = false  - Libcurl will reuse connections
LogInit:  - MaxHostConnections = 16  - Libcurl will limit the number of connections to a host
LogInit:  - LocalHostAddr = Default
LogInit:  - BufferSize = 65536
LogOnline: OSS: Creating online subsystem instance for: NULL
LogInit: WinSock: version 1.1 (2.2), MaxSocks=32767, MaxUdp=65467
LogOnline: OSS: TryLoadSubsystemAndSetDefault: Loaded subsystem for module [NULL]
LogLuminAPIImpl: Warning: MLSDK not found.  This likely means the MLSDK environment variable is not set.
LogInit: Build: ++UE4+Release-4.27-CL-0
LogInit: Engine Version: 4.27.2-0+++UE4+Release-4.27
LogInit: Compatible Engine Version: 4.27.0-0+++UE4+Release-4.27
LogInit: Net CL: 0
LogInit: OS: Windows 10 (Release 2009) (), CPU: Intel(R) Core(TM) i5-8257U CPU @ 1.40GHz, GPU: Intel(R) Iris(R) Plus Graphics 645
LogInit: Compiled (64-bit): Aug 14 2022 20:44:59
LogInit: Compiled with Visual C++: 19.33.31629.00
LogInit: Build Configuration: Development
LogInit: Branch Name: ++UE4+Release-4.27
LogInit: Command Line:  -log
LogInit: Base Directory: C:/Users/bitch/Documents/GitHub/PVP_Chess_Game/Release/WindowsServer/PVP_Game/Binaries/Win64/
LogInit: Allocator: binned2
LogInit: Installed Engine Build: 0
LogDevObjectVersion: Number of dev versions registered: 29
LogDevObjectVersion:   Dev-Blueprints (B0D832E4-1F89-4F0D-ACCF-7EB736FD4AA2): 10
LogDevObjectVersion:   Dev-Build (E1C64328-A22C-4D53-A36C-8E866417BD8C): 0
LogDevObjectVersion:   Dev-Core (375EC13C-06E4-48FB-B500-84F0262A717E): 4
LogDevObjectVersion:   Dev-Editor (E4B068ED-F494-42E9-A231-DA0B2E46BB41): 40
LogDevObjectVersion:   Dev-Framework (CFFC743F-43B0-4480-9391-14DF171D2073): 37
LogDevObjectVersion:   Dev-Mobile (B02B49B5-BB20-44E9-A304-32B752E40360): 3
LogDevObjectVersion:   Dev-Networking (A4E4105C-59A1-49B5-A7C5-40C4547EDFEE): 0
LogDevObjectVersion:   Dev-Online (39C831C9-5AE6-47DC-9A44-9C173E1C8E7C): 0
LogDevObjectVersion:   Dev-Physics (78F01B33-EBEA-4F98-B9B4-84EACCB95AA2): 14
LogDevObjectVersion:   Dev-Platform (6631380F-2D4D-43E0-8009-CF276956A95A): 0
LogDevObjectVersion:   Dev-Rendering (12F88B9F-8875-4AFC-A67C-D90C383ABD29): 45
LogDevObjectVersion:   Dev-Sequencer (7B5AE74C-D270-4C10-A958-57980B212A5A): 13
LogDevObjectVersion:   Dev-VR (D7296918-1DD6-4BDD-9DE2-64A83CC13884): 3
LogDevObjectVersion:   Dev-LoadTimes (C2A15278-BFE7-4AFE-6C17-90FF531DF755): 1
LogDevObjectVersion:   Private-Geometry (6EACA3D4-40EC-4CC1-B786-8BED09428FC5): 3
LogDevObjectVersion:   Dev-AnimPhys (29E575DD-E0A3-4627-9D10-D276232CDCEA): 17
LogDevObjectVersion:   Dev-Anim (AF43A65D-7FD3-4947-9873-3E8ED9C1BB05): 15
LogDevObjectVersion:   Dev-ReflectionCapture (6B266CEC-1EC7-4B8F-A30B-E4D90942FC07): 1
LogDevObjectVersion:   Dev-Automation (0DF73D61-A23F-47EA-B727-89E90C41499A): 1
LogDevObjectVersion:   FortniteMain (601D1886-AC64-4F84-AA16-D3DE0DEAC7D6): 47
LogDevObjectVersion:   FortniteRelease (E7086368-6B23-4C58-8439-1B7016265E91): 1
LogDevObjectVersion:   Dev-Enterprise (9DFFBCD6-494F-0158-E221-12823C92A888): 10
LogDevObjectVersion:   Dev-Niagara (F2AED0AC-9AFE-416F-8664-AA7FFA26D6FC): 1
LogDevObjectVersion:   Dev-Destruction (174F1F0B-B4C6-45A5-B13F-2EE8D0FB917D): 10
LogDevObjectVersion:   Dev-Physics-Ext (35F94A83-E258-406C-A318-09F59610247C): 41
LogDevObjectVersion:   Dev-PhysicsMaterial-Chaos (B68FC16E-8B1B-42E2-B453-215C058844FE): 1
LogDevObjectVersion:   Dev-CineCamera (B2E18506-4273-CFC2-A54E-F4BB758BBA07): 1
LogDevObjectVersion:   Dev-VirtualProduction (64F58936-FD1B-42BA-BA96-7289D5D0FA4E): 1
LogDevObjectVersion:   Dev-MediaFramework (6F0ED827-A609-4895-9C91-998D90180EA4): 2
LogInit: Presizing for max 2097152 objects, including 1 objects not considered by GC, pre-allocating 0 bytes for permanent pool.
LogConfig: Applying CVar settings from Section [/Script/Engine.StreamingSettings] File [../../../PVP_Game/Saved/Config/WindowsServer/Engine.ini]
LogConfig: Setting CVar [[s.MinBulkDataSizeForAsyncLoading:131072]]
LogConfig: Setting CVar [[s.AsyncLoadingThreadEnabled:0]]
LogConfig: Setting CVar [[s.EventDrivenLoaderEnabled:1]]
LogConfig: Setting CVar [[s.WarnIfTimeLimitExceeded:0]]
LogConfig: Setting CVar [[s.TimeLimitExceededMultiplier:1.5]]
LogConfig: Setting CVar [[s.TimeLimitExceededMinTime:0.005]]
LogConfig: Setting CVar [[s.UseBackgroundLevelStreaming:1]]
LogConfig: Setting CVar [[s.PriorityAsyncLoadingExtraTime:15.0]]
LogConfig: Setting CVar [[s.LevelStreamingActorsUpdateTimeLimit:5.0]]
LogConfig: Setting CVar [[s.PriorityLevelStreamingActorsUpdateExtraTime:5.0]]
LogConfig: Setting CVar [[s.LevelStreamingComponentsRegistrationGranularity:10]]
LogConfig: Setting CVar [[s.UnregisterComponentsTimeLimit:1.0]]
LogConfig: Setting CVar [[s.LevelStreamingComponentsUnregistrationGranularity:5]]
LogConfig: Setting CVar [[s.FlushStreamingOnExit:1]]
LogStreaming: Display: Async Loading initialized: Event Driven Loader: true, Async Loading Thread: false, Async Post Load: false
LogInit: Object subsystem initialized
LogConfig: Setting CVar [[con.DebugEarlyDefault:1]]
LogConfig: Setting CVar [[r.setres:1280x720]]
LogConfig: Setting CVar [[fx.NiagaraAllowRuntimeScalabilityChanges:1]]
[2022.08.18-22.59.44:611][  0]LogConfig: Setting CVar [[con.DebugEarlyDefault:1]]
[2022.08.18-22.59.44:611][  0]LogConfig: Setting CVar [[r.setres:1280x720]]
[2022.08.18-22.59.44:611][  0]LogConfig: Setting CVar [[fx.NiagaraAllowRuntimeScalabilityChanges:1]]
[2022.08.18-22.59.44:613][  0]LogConfig: Applying CVar settings from Section [/Script/Engine.RendererSettings] File [../../../PVP_Game/Saved/Config/WindowsServer/Engine.ini]
[2022.08.18-22.59.44:613][  0]LogConfig: Setting CVar [[r.GPUCrashDebugging:0]]
[2022.08.18-22.59.44:614][  0]LogConfig: Applying CVar settings from Section [/Script/Engine.RendererOverrideSettings] File [../../../PVP_Game/Saved/Config/WindowsServer/Engine.ini]
[2022.08.18-22.59.44:614][  0]LogConfig: Applying CVar settings from Section [/Script/Engine.StreamingSettings] File [../../../PVP_Game/Saved/Config/WindowsServer/Engine.ini]
[2022.08.18-22.59.44:615][  0]LogConfig: Setting CVar [[s.MinBulkDataSizeForAsyncLoading:131072]]
[2022.08.18-22.59.44:615][  0]LogConfig: Setting CVar [[s.AsyncLoadingThreadEnabled:0]]
[2022.08.18-22.59.44:616][  0]LogConfig: Setting CVar [[s.EventDrivenLoaderEnabled:1]]
[2022.08.18-22.59.44:616][  0]LogConfig: Setting CVar [[s.WarnIfTimeLimitExceeded:0]]
[2022.08.18-22.59.44:617][  0]LogConfig: Setting CVar [[s.TimeLimitExceededMultiplier:1.5]]
[2022.08.18-22.59.44:617][  0]LogConfig: Setting CVar [[s.TimeLimitExceededMinTime:0.005]]
[2022.08.18-22.59.44:618][  0]LogConfig: Setting CVar [[s.UseBackgroundLevelStreaming:1]]
[2022.08.18-22.59.44:618][  0]LogConfig: Setting CVar [[s.PriorityAsyncLoadingExtraTime:15.0]]
[2022.08.18-22.59.44:619][  0]LogConfig: Setting CVar [[s.LevelStreamingActorsUpdateTimeLimit:5.0]]
[2022.08.18-22.59.44:622][  0]LogConfig: Setting CVar [[s.PriorityLevelStreamingActorsUpdateExtraTime:5.0]]
[2022.08.18-22.59.44:622][  0]LogConfig: Setting CVar [[s.LevelStreamingComponentsRegistrationGranularity:10]]
[2022.08.18-22.59.44:622][  0]LogConfig: Setting CVar [[s.UnregisterComponentsTimeLimit:1.0]]
[2022.08.18-22.59.44:623][  0]LogConfig: Setting CVar [[s.LevelStreamingComponentsUnregistrationGranularity:5]]
[2022.08.18-22.59.44:623][  0]LogConfig: Setting CVar [[s.FlushStreamingOnExit:1]]
[2022.08.18-22.59.44:624][  0]LogConfig: Applying CVar settings from Section [/Script/Engine.GarbageCollectionSettings] File [../../../PVP_Game/Saved/Config/WindowsServer/Engine.ini]
[2022.08.18-22.59.44:624][  0]LogConfig: Setting CVar [[gc.MaxObjectsNotConsideredByGC:1]]
[2022.08.18-22.59.44:625][  0]LogConfig: Setting CVar [[gc.SizeOfPermanentObjectPool:0]]
[2022.08.18-22.59.44:626][  0]LogConfig: Setting CVar [[gc.FlushStreamingOnGC:0]]
[2022.08.18-22.59.44:626][  0]LogConfig: Setting CVar [[gc.NumRetriesBeforeForcingGC:10]]
[2022.08.18-22.59.44:627][  0]LogConfig: Setting CVar [[gc.AllowParallelGC:1]]
[2022.08.18-22.59.44:627][  0]LogConfig: Setting CVar [[gc.TimeBetweenPurgingPendingKillObjects:61.1]]
[2022.08.18-22.59.44:628][  0]LogConfig: Setting CVar [[gc.MaxObjectsInEditor:25165824]]
[2022.08.18-22.59.44:629][  0]LogConfig: Setting CVar [[gc.IncrementalBeginDestroyEnabled:1]]
[2022.08.18-22.59.44:630][  0]LogConfig: Setting CVar [[gc.CreateGCClusters:1]]
[2022.08.18-22.59.44:632][  0]LogConfig: Setting CVar [[gc.MinGCClusterSize:5]]
[2022.08.18-22.59.44:637][  0]LogConfig: Setting CVar [[gc.ActorClusteringEnabled:0]]
[2022.08.18-22.59.44:637][  0]LogConfig: Setting CVar [[gc.BlueprintClusteringEnabled:0]]
[2022.08.18-22.59.44:638][  0]LogConfig: Setting CVar [[gc.UseDisregardForGCOnDedicatedServers:0]]
[2022.08.18-22.59.44:639][  0]LogConfig: Setting CVar [[gc.MultithreadedDestructionEnabled:1]]
[2022.08.18-22.59.44:641][  0]LogConfig: Applying CVar settings from Section [/Script/Engine.NetworkSettings] File [../../../PVP_Game/Saved/Config/WindowsServer/Engine.ini]
[2022.08.18-22.59.44:642][  0]LogConfig: Applying CVar settings from Section [ViewDistanceQuality@3] File [../../../PVP_Game/Saved/Config/WindowsServer/Scalability.ini]
[2022.08.18-22.59.44:642][  0]LogConfig: Setting CVar [[r.SkeletalMeshLODBias:0]]
[2022.08.18-22.59.44:644][  0]LogConfig: Setting CVar [[r.ViewDistanceScale:1.0]]
[2022.08.18-22.59.44:644][  0]LogConfig: Applying CVar settings from Section [AntiAliasingQuality@3] File [../../../PVP_Game/Saved/Config/WindowsServer/Scalability.ini]
[2022.08.18-22.59.44:644][  0]LogConfig: Setting CVar [[r.PostProcessAAQuality:4]]
[2022.08.18-22.59.44:644][  0]LogConfig: Applying CVar settings from Section [ShadowQuality@3] File [../../../PVP_Game/Saved/Config/WindowsServer/Scalability.ini]
[2022.08.18-22.59.44:644][  0]LogConfig: Setting CVar [[r.LightFunctionQuality:1]]
[2022.08.18-22.59.44:645][  0]LogConfig: Setting CVar [[r.ShadowQuality:5]]
[2022.08.18-22.59.44:645][  0]LogConfig: Setting CVar [[r.Shadow.CSM.MaxCascades:10]]
[2022.08.18-22.59.44:646][  0]LogConfig: Setting CVar [[r.Shadow.MaxResolution:2048]]
[2022.08.18-22.59.44:646][  0]LogConfig: Setting CVar [[r.Shadow.MaxCSMResolution:2048]]
[2022.08.18-22.59.44:647][  0]LogConfig: Setting CVar [[r.Shadow.RadiusThreshold:0.01]]
[2022.08.18-22.59.44:647][  0]LogConfig: Setting CVar [[r.Shadow.DistanceScale:1.0]]
[2022.08.18-22.59.44:647][  0]LogConfig: Setting CVar [[r.Shadow.CSM.TransitionScale:1.0]]
[2022.08.18-22.59.44:649][  0]LogConfig: Setting CVar [[r.Shadow.PreShadowResolutionFactor:1.0]]
[2022.08.18-22.59.44:649][  0]LogConfig: Setting CVar [[r.DistanceFieldShadowing:1]]
[2022.08.18-22.59.44:649][  0]LogConfig: Setting CVar [[r.DistanceFieldAO:1]]
[2022.08.18-22.59.44:650][  0]LogConfig: Setting CVar [[r.AOQuality:2]]
[2022.08.18-22.59.44:654][  0]LogConfig: Setting CVar [[r.VolumetricFog:1]]
[2022.08.18-22.59.44:654][  0]LogConfig: Setting CVar [[r.VolumetricFog.GridPixelSize:8]]
[2022.08.18-22.59.44:654][  0]LogConfig: Setting CVar [[r.VolumetricFog.GridSizeZ:128]]
[2022.08.18-22.59.44:655][  0]LogConfig: Setting CVar [[r.VolumetricFog.HistoryMissSupersampleCount:4]]
[2022.08.18-22.59.44:655][  0]LogConfig: Setting CVar [[r.LightMaxDrawDistanceScale:1]]
[2022.08.18-22.59.44:656][  0]LogConfig: Setting CVar [[r.CapsuleShadows:1]]
[2022.08.18-22.59.44:657][  0]LogConfig: Applying CVar settings from Section [PostProcessQuality@3] File [../../../PVP_Game/Saved/Config/WindowsServer/Scalability.ini]
[2022.08.18-22.59.44:657][  0]LogConfig: Setting CVar [[r.MotionBlurQuality:4]]
[2022.08.18-22.59.44:658][  0]LogConfig: Setting CVar [[r.AmbientOcclusionMipLevelFactor:0.4]]
[2022.08.18-22.59.44:658][  0]LogConfig: Setting CVar [[r.AmbientOcclusionMaxQuality:100]]
[2022.08.18-22.59.44:659][  0]LogConfig: Setting CVar [[r.AmbientOcclusionLevels:-1]]
[2022.08.18-22.59.44:660][  0]LogConfig: Setting CVar [[r.AmbientOcclusionRadiusScale:1.0]]
[2022.08.18-22.59.44:660][  0]LogConfig: Setting CVar [[r.DepthOfFieldQuality:2]]
[2022.08.18-22.59.44:660][  0]LogConfig: Setting CVar [[r.RenderTargetPoolMin:400]]
[2022.08.18-22.59.44:661][  0]LogConfig: Setting CVar [[r.LensFlareQuality:2]]
[2022.08.18-22.59.44:661][  0]LogConfig: Setting CVar [[r.SceneColorFringeQuality:1]]
[2022.08.18-22.59.44:665][  0]LogConfig: Setting CVar [[r.EyeAdaptationQuality:2]]
[2022.08.18-22.59.44:669][  0]LogConfig: Setting CVar [[r.BloomQuality:5]]
[2022.08.18-22.59.44:669][  0]LogConfig: Setting CVar [[r.FastBlurThreshold:100]]
[2022.08.18-22.59.44:670][  0]LogConfig: Setting CVar [[r.Upscale.Quality:3]]
[2022.08.18-22.59.44:670][  0]LogConfig: Setting CVar [[r.Tonemapper.GrainQuantization:1]]
[2022.08.18-22.59.44:671][  0]LogConfig: Setting CVar [[r.LightShaftQuality:1]]
[2022.08.18-22.59.44:671][  0]LogConfig: Setting CVar [[r.Filter.SizeScale:1]]
[2022.08.18-22.59.44:672][  0]LogConfig: Setting CVar [[r.Tonemapper.Quality:5]]
[2022.08.18-22.59.44:672][  0]LogConfig: Setting CVar [[r.DOF.Gather.AccumulatorQuality:1        ; higher gathering accumulator quality]]
[2022.08.18-22.59.44:674][  0]LogConfig: Setting CVar [[r.DOF.Gather.PostfilterMethod:1          ; Median3x3 postfilering method]]
[2022.08.18-22.59.44:675][  0]LogConfig: Setting CVar [[r.DOF.Gather.EnableBokehSettings:0       ; no bokeh simulation when gathering]]
[2022.08.18-22.59.44:675][  0]LogConfig: Setting CVar [[r.DOF.Gather.RingCount:4                 ; medium number of samples when gathering]]
[2022.08.18-22.59.44:676][  0]LogConfig: Setting CVar [[r.DOF.Scatter.ForegroundCompositing:1    ; additive foreground scattering]]
[2022.08.18-22.59.44:676][  0]LogConfig: Setting CVar [[r.DOF.Scatter.BackgroundCompositing:2    ; additive background scattering]]
[2022.08.18-22.59.44:677][  0]LogConfig: Setting CVar [[r.DOF.Scatter.EnableBokehSettings:1      ; bokeh simulation when scattering]]
[2022.08.18-22.59.44:677][  0]LogConfig: Setting CVar [[r.DOF.Scatter.MaxSpriteRatio:0.1         ; only a maximum of 10% of scattered bokeh]]
[2022.08.18-22.59.44:678][  0]LogConfig: Setting CVar [[r.DOF.Recombine.Quality:1                ; cheap slight out of focus]]
[2022.08.18-22.59.44:678][  0]LogConfig: Setting CVar [[r.DOF.Recombine.EnableBokehSettings:0    ; no bokeh simulation on slight out of focus]]
[2022.08.18-22.59.44:678][  0]LogConfig: Setting CVar [[r.DOF.TemporalAAQuality:1                ; more stable temporal accumulation]]
[2022.08.18-22.59.44:679][  0]LogConfig: Setting CVar [[r.DOF.Kernel.MaxForegroundRadius:0.025]]
[2022.08.18-22.59.44:679][  0]LogConfig: Setting CVar [[r.DOF.Kernel.MaxBackgroundRadius:0.025]]
[2022.08.18-22.59.44:680][  0]LogConfig: Applying CVar settings from Section [TextureQuality@3] File [../../../PVP_Game/Saved/Config/WindowsServer/Scalability.ini]
[2022.08.18-22.59.44:680][  0]LogConfig: Setting CVar [[r.Streaming.MipBias:0]]
[2022.08.18-22.59.44:681][  0]LogConfig: Setting CVar [[r.Streaming.AmortizeCPUToGPUCopy:0]]
[2022.08.18-22.59.44:681][  0]LogConfig: Setting CVar [[r.Streaming.MaxNumTexturesToStreamPerFrame:0]]
[2022.08.18-22.59.44:682][  0]LogConfig: Setting CVar [[r.Streaming.Boost:1]]
[2022.08.18-22.59.44:683][  0]LogConfig: Setting CVar [[r.MaxAnisotropy:8]]
[2022.08.18-22.59.44:685][  0]LogConfig: Setting CVar [[r.VT.MaxAnisotropy:8]]
[2022.08.18-22.59.44:686][  0]LogConfig: Setting CVar [[r.Streaming.LimitPoolSizeToVRAM:0]]
[2022.08.18-22.59.44:687][  0]LogConfig: Setting CVar [[r.Streaming.PoolSize:1000]]
[2022.08.18-22.59.44:687][  0]LogConfig: Setting CVar [[r.Streaming.MaxEffectiveScreenSize:0]]
[2022.08.18-22.59.44:687][  0]LogConfig: Applying CVar settings from Section [EffectsQuality@3] File [../../../PVP_Game/Saved/Config/WindowsServer/Scalability.ini]
[2022.08.18-22.59.44:688][  0]LogConfig: Setting CVar [[r.TranslucencyLightingVolumeDim:64]]
[2022.08.18-22.59.44:688][  0]LogConfig: Setting CVar [[r.RefractionQuality:2]]
[2022.08.18-22.59.44:689][  0]LogConfig: Setting CVar [[r.SSR.Quality:3]]
[2022.08.18-22.59.44:690][  0]LogConfig: Setting CVar [[r.SSR.HalfResSceneColor:0]]
[2022.08.18-22.59.44:691][  0]LogConfig: Setting CVar [[r.SceneColorFormat:4]]
[2022.08.18-22.59.44:691][  0]LogConfig: Setting CVar [[r.DetailMode:2]]
[2022.08.18-22.59.44:692][  0]LogConfig: Setting CVar [[r.TranslucencyVolumeBlur:1]]
[2022.08.18-22.59.44:693][  0]LogConfig: Setting CVar [[r.MaterialQualityLevel:1 ; High quality]]
[2022.08.18-22.59.44:694][  0]LogConfig: Setting CVar [[r.AnisotropicMaterials:1]]
[2022.08.18-22.59.44:696][  0]LogConfig: Setting CVar [[r.SSS.Scale:1]]
[2022.08.18-22.59.44:696][  0]LogConfig: Setting CVar [[r.SSS.SampleSet:2]]
[2022.08.18-22.59.44:699][  0]LogConfig: Setting CVar [[r.SSS.Quality:1]]
[2022.08.18-22.59.44:700][  0]LogConfig: Setting CVar [[r.SSS.HalfRes:0]]
[2022.08.18-22.59.44:700][  0]LogConfig: Setting CVar [[r.SSGI.Quality:3]]
[2022.08.18-22.59.44:701][  0]LogConfig: Setting CVar [[r.EmitterSpawnRateScale:1.0]]
[2022.08.18-22.59.44:702][  0]LogConfig: Setting CVar [[r.ParticleLightQuality:2]]
[2022.08.18-22.59.44:702][  0]LogConfig: Setting CVar [[r.SkyAtmosphere.AerialPerspectiveLUT.FastApplyOnOpaque:1 ; Always have FastSkyLUT 1 in this case to avoid wrong sky]]
[2022.08.18-22.59.44:703][  0]LogConfig: Setting CVar [[r.SkyAtmosphere.AerialPerspectiveLUT.SampleCountMaxPerSlice:4]]
[2022.08.18-22.59.44:703][  0]LogConfig: Setting CVar [[r.SkyAtmosphere.AerialPerspectiveLUT.DepthResolution:16.0]]
[2022.08.18-22.59.44:704][  0]LogConfig: Setting CVar [[r.SkyAtmosphere.FastSkyLUT:1]]
[2022.08.18-22.59.44:704][  0]LogConfig: Setting CVar [[r.SkyAtmosphere.FastSkyLUT.SampleCountMin:4.0]]
[2022.08.18-22.59.44:705][  0]LogConfig: Setting CVar [[r.SkyAtmosphere.FastSkyLUT.SampleCountMax:128.0]]
[2022.08.18-22.59.44:707][  0]LogConfig: Setting CVar [[r.SkyAtmosphere.SampleCountMin:4.0]]
[2022.08.18-22.59.44:707][  0]LogConfig: Setting CVar [[r.SkyAtmosphere.SampleCountMax:128.0]]
[2022.08.18-22.59.44:708][  0]LogConfig: Setting CVar [[r.SkyAtmosphere.TransmittanceLUT.UseSmallFormat:0]]
[2022.08.18-22.59.44:709][  0]LogConfig: Setting CVar [[r.SkyAtmosphere.TransmittanceLUT.SampleCount:10.0]]
[2022.08.18-22.59.44:709][  0]LogConfig: Setting CVar [[r.SkyAtmosphere.MultiScatteringLUT.SampleCount:15.0]]
[2022.08.18-22.59.44:710][  0]LogConfig: Setting CVar [[r.SkyLight.RealTimeReflectionCapture:1]]
[2022.08.18-22.59.44:710][  0]LogConfig: Setting CVar [[fx.Niagara.QualityLevel:3]]
[2022.08.18-22.59.44:711][  0]LogConfig: Applying CVar settings from Section [FoliageQuality@3] File [../../../PVP_Game/Saved/Config/WindowsServer/Scalability.ini]
[2022.08.18-22.59.44:711][  0]LogConfig: Setting CVar [[foliage.DensityScale:1.0]]
[2022.08.18-22.59.44:712][  0]LogConfig: Setting CVar [[grass.DensityScale:1.0]]
[2022.08.18-22.59.44:713][  0]LogConfig: Applying CVar settings from Section [ShadingQuality@3] File [../../../PVP_Game/Saved/Config/WindowsServer/Scalability.ini]
[2022.08.18-22.59.44:713][  0]LogConfig: Setting CVar [[r.HairStrands.SkyLighting.IntegrationType:2]]
[2022.08.18-22.59.44:713][  0]LogConfig: Setting CVar [[r.HairStrands.SkyAO.SampleCount:4]]
[2022.08.18-22.59.44:714][  0]LogConfig: Setting CVar [[r.HairStrands.Visibility.MSAA.SamplePerPixel:4]]
[2022.08.18-22.59.44:714][  0]LogInit: Selected Device Profile: [WindowsServer]
[2022.08.18-22.59.44:717][  0]LogInit: Applying CVar settings loaded from the selected device profile: [WindowsServer]
[2022.08.18-22.59.44:719][  0]LogHAL: Display: Platform has ~ 8 GB [8428630016 / 8589934592 / 8], which maps to Default [LargestMinGB=32, LargerMinGB=12, DefaultMinGB=8, SmallerMinGB=6, SmallestMinGB=0)
[2022.08.18-22.59.44:720][  0]LogInit: Going up to parent DeviceProfile [Windows]
[2022.08.18-22.59.44:720][  0]LogInit: Going up to parent DeviceProfile []
[2022.08.18-22.59.44:720][  0]LogConfig: Applying CVar settings from Section [ViewDistanceQuality@3] File [../../../PVP_Game/Saved/Config/WindowsServer/Scalability.ini]
[2022.08.18-22.59.44:721][  0]LogConfig: Setting CVar [[r.SkeletalMeshLODBias:0]]
[2022.08.18-22.59.44:721][  0]LogConfig: Setting CVar [[r.ViewDistanceScale:1.0]]
[2022.08.18-22.59.44:722][  0]LogConfig: Applying CVar settings from Section [AntiAliasingQuality@3] File [../../../PVP_Game/Saved/Config/WindowsServer/Scalability.ini]
[2022.08.18-22.59.44:722][  0]LogConfig: Setting CVar [[r.PostProcessAAQuality:4]]
[2022.08.18-22.59.44:723][  0]LogConfig: Applying CVar settings from Section [ShadowQuality@3] File [../../../PVP_Game/Saved/Config/WindowsServer/Scalability.ini]
[2022.08.18-22.59.44:724][  0]LogConfig: Setting CVar [[r.LightFunctionQuality:1]]
[2022.08.18-22.59.44:724][  0]LogConfig: Setting CVar [[r.ShadowQuality:5]]
[2022.08.18-22.59.44:724][  0]LogConfig: Setting CVar [[r.Shadow.CSM.MaxCascades:10]]
[2022.08.18-22.59.44:725][  0]LogConfig: Setting CVar [[r.Shadow.MaxResolution:2048]]
[2022.08.18-22.59.44:725][  0]LogConfig: Setting CVar [[r.Shadow.MaxCSMResolution:2048]]
[2022.08.18-22.59.44:726][  0]LogConfig: Setting CVar [[r.Shadow.RadiusThreshold:0.01]]
[2022.08.18-22.59.44:726][  0]LogConfig: Setting CVar [[r.Shadow.DistanceScale:1.0]]
[2022.08.18-22.59.44:726][  0]LogConfig: Setting CVar [[r.Shadow.CSM.TransitionScale:1.0]]
[2022.08.18-22.59.44:726][  0]LogConfig: Setting CVar [[r.Shadow.PreShadowResolutionFactor:1.0]]
[2022.08.18-22.59.44:727][  0]LogConfig: Setting CVar [[r.DistanceFieldShadowing:1]]
[2022.08.18-22.59.44:730][  0]LogConfig: Setting CVar [[r.DistanceFieldAO:1]]
[2022.08.18-22.59.44:730][  0]LogConfig: Setting CVar [[r.AOQuality:2]]
[2022.08.18-22.59.44:731][  0]LogConfig: Setting CVar [[r.VolumetricFog:1]]
[2022.08.18-22.59.44:731][  0]LogConfig: Setting CVar [[r.VolumetricFog.GridPixelSize:8]]
[2022.08.18-22.59.44:732][  0]LogConfig: Setting CVar [[r.VolumetricFog.GridSizeZ:128]]
[2022.08.18-22.59.44:733][  0]LogConfig: Setting CVar [[r.VolumetricFog.HistoryMissSupersampleCount:4]]
[2022.08.18-22.59.44:733][  0]LogConfig: Setting CVar [[r.LightMaxDrawDistanceScale:1]]
[2022.08.18-22.59.44:733][  0]LogConfig: Setting CVar [[r.CapsuleShadows:1]]
[2022.08.18-22.59.44:733][  0]LogConfig: Applying CVar settings from Section [PostProcessQuality@3] File [../../../PVP_Game/Saved/Config/WindowsServer/Scalability.ini]
[2022.08.18-22.59.44:734][  0]LogConfig: Setting CVar [[r.MotionBlurQuality:4]]
[2022.08.18-22.59.44:734][  0]LogConfig: Setting CVar [[r.AmbientOcclusionMipLevelFactor:0.4]]
[2022.08.18-22.59.44:735][  0]LogConfig: Setting CVar [[r.AmbientOcclusionMaxQuality:100]]
[2022.08.18-22.59.44:736][  0]LogConfig: Setting CVar [[r.AmbientOcclusionLevels:-1]]
[2022.08.18-22.59.44:736][  0]LogConfig: Setting CVar [[r.AmbientOcclusionRadiusScale:1.0]]
[2022.08.18-22.59.44:737][  0]LogConfig: Setting CVar [[r.DepthOfFieldQuality:2]]
[2022.08.18-22.59.44:737][  0]LogConfig: Setting CVar [[r.RenderTargetPoolMin:400]]
[2022.08.18-22.59.44:738][  0]LogConfig: Setting CVar [[r.LensFlareQuality:2]]
[2022.08.18-22.59.44:738][  0]LogConfig: Setting CVar [[r.SceneColorFringeQuality:1]]
[2022.08.18-22.59.44:739][  0]LogConfig: Setting CVar [[r.EyeAdaptationQuality:2]]
[2022.08.18-22.59.44:742][  0]LogConfig: Setting CVar [[r.BloomQuality:5]]
[2022.08.18-22.59.44:742][  0]LogConfig: Setting CVar [[r.FastBlurThreshold:100]]
[2022.08.18-22.59.44:743][  0]LogConfig: Setting CVar [[r.Upscale.Quality:3]]
[2022.08.18-22.59.44:744][  0]LogConfig: Setting CVar [[r.Tonemapper.GrainQuantization:1]]
[2022.08.18-22.59.44:744][  0]LogConfig: Setting CVar [[r.LightShaftQuality:1]]
[2022.08.18-22.59.44:745][  0]LogConfig: Setting CVar [[r.Filter.SizeScale:1]]
[2022.08.18-22.59.44:745][  0]LogConfig: Setting CVar [[r.Tonemapper.Quality:5]]
[2022.08.18-22.59.44:746][  0]LogConfig: Setting CVar [[r.DOF.Gather.AccumulatorQuality:1        ; higher gathering accumulator quality]]
[2022.08.18-22.59.44:746][  0]LogConfig: Setting CVar [[r.DOF.Gather.PostfilterMethod:1          ; Median3x3 postfilering method]]
[2022.08.18-22.59.44:747][  0]LogConfig: Setting CVar [[r.DOF.Gather.EnableBokehSettings:0       ; no bokeh simulation when gathering]]
[2022.08.18-22.59.44:748][  0]LogConfig: Setting CVar [[r.DOF.Gather.RingCount:4                 ; medium number of samples when gathering]]
[2022.08.18-22.59.44:748][  0]LogConfig: Setting CVar [[r.DOF.Scatter.ForegroundCompositing:1    ; additive foreground scattering]]
[2022.08.18-22.59.44:749][  0]LogConfig: Setting CVar [[r.DOF.Scatter.BackgroundCompositing:2    ; additive background scattering]]
[2022.08.18-22.59.44:749][  0]LogConfig: Setting CVar [[r.DOF.Scatter.EnableBokehSettings:1      ; bokeh simulation when scattering]]
[2022.08.18-22.59.44:750][  0]LogConfig: Setting CVar [[r.DOF.Scatter.MaxSpriteRatio:0.1         ; only a maximum of 10% of scattered bokeh]]
[2022.08.18-22.59.44:753][  0]LogConfig: Setting CVar [[r.DOF.Recombine.Quality:1                ; cheap slight out of focus]]
[2022.08.18-22.59.44:753][  0]LogConfig: Setting CVar [[r.DOF.Recombine.EnableBokehSettings:0    ; no bokeh simulation on slight out of focus]]
[2022.08.18-22.59.44:754][  0]LogConfig: Setting CVar [[r.DOF.TemporalAAQuality:1                ; more stable temporal accumulation]]
[2022.08.18-22.59.44:755][  0]LogConfig: Setting CVar [[r.DOF.Kernel.MaxForegroundRadius:0.025]]
[2022.08.18-22.59.44:755][  0]LogConfig: Setting CVar [[r.DOF.Kernel.MaxBackgroundRadius:0.025]]
[2022.08.18-22.59.44:756][  0]LogConfig: Applying CVar settings from Section [TextureQuality@3] File [../../../PVP_Game/Saved/Config/WindowsServer/Scalability.ini]
[2022.08.18-22.59.44:756][  0]LogConfig: Setting CVar [[r.Streaming.MipBias:0]]
[2022.08.18-22.59.44:757][  0]LogConfig: Setting CVar [[r.Streaming.AmortizeCPUToGPUCopy:0]]
[2022.08.18-22.59.44:757][  0]LogConfig: Setting CVar [[r.Streaming.MaxNumTexturesToStreamPerFrame:0]]
[2022.08.18-22.59.44:758][  0]LogConfig: Setting CVar [[r.Streaming.Boost:1]]
[2022.08.18-22.59.44:759][  0]LogConfig: Setting CVar [[r.MaxAnisotropy:8]]
[2022.08.18-22.59.44:760][  0]LogConfig: Setting CVar [[r.VT.MaxAnisotropy:8]]
[2022.08.18-22.59.44:760][  0]LogConfig: Setting CVar [[r.Streaming.LimitPoolSizeToVRAM:0]]
[2022.08.18-22.59.44:761][  0]LogConfig: Setting CVar [[r.Streaming.PoolSize:1000]]
[2022.08.18-22.59.44:763][  0]LogConfig: Setting CVar [[r.Streaming.MaxEffectiveScreenSize:0]]
[2022.08.18-22.59.44:764][  0]LogConfig: Applying CVar settings from Section [EffectsQuality@3] File [../../../PVP_Game/Saved/Config/WindowsServer/Scalability.ini]
[2022.08.18-22.59.44:764][  0]LogConfig: Setting CVar [[r.TranslucencyLightingVolumeDim:64]]
[2022.08.18-22.59.44:765][  0]LogConfig: Setting CVar [[r.RefractionQuality:2]]
[2022.08.18-22.59.44:765][  0]LogConfig: Setting CVar [[r.SSR.Quality:3]]
[2022.08.18-22.59.44:766][  0]LogConfig: Setting CVar [[r.SSR.HalfResSceneColor:0]]
[2022.08.18-22.59.44:766][  0]LogConfig: Setting CVar [[r.SceneColorFormat:4]]
[2022.08.18-22.59.44:767][  0]LogConfig: Setting CVar [[r.DetailMode:2]]
[2022.08.18-22.59.44:767][  0]LogConfig: Setting CVar [[r.TranslucencyVolumeBlur:1]]
[2022.08.18-22.59.44:768][  0]LogConfig: Setting CVar [[r.MaterialQualityLevel:1 ; High quality]]
[2022.08.18-22.59.44:768][  0]LogConfig: Setting CVar [[r.AnisotropicMaterials:1]]
[2022.08.18-22.59.44:769][  0]LogConfig: Setting CVar [[r.SSS.Scale:1]]
[2022.08.18-22.59.44:769][  0]LogConfig: Setting CVar [[r.SSS.SampleSet:2]]
[2022.08.18-22.59.44:770][  0]LogConfig: Setting CVar [[r.SSS.Quality:1]]
[2022.08.18-22.59.44:770][  0]LogConfig: Setting CVar [[r.SSS.HalfRes:0]]
[2022.08.18-22.59.44:771][  0]LogConfig: Setting CVar [[r.SSGI.Quality:3]]
[2022.08.18-22.59.44:771][  0]LogConfig: Setting CVar [[r.EmitterSpawnRateScale:1.0]]
[2022.08.18-22.59.44:771][  0]LogConfig: Setting CVar [[r.ParticleLightQuality:2]]
[2022.08.18-22.59.44:772][  0]LogConfig: Setting CVar [[r.SkyAtmosphere.AerialPerspectiveLUT.FastApplyOnOpaque:1 ; Always have FastSkyLUT 1 in this case to avoid wrong sky]]
[2022.08.18-22.59.44:775][  0]LogConfig: Setting CVar [[r.SkyAtmosphere.AerialPerspectiveLUT.SampleCountMaxPerSlice:4]]
[2022.08.18-22.59.44:775][  0]LogConfig: Setting CVar [[r.SkyAtmosphere.AerialPerspectiveLUT.DepthResolution:16.0]]
[2022.08.18-22.59.44:776][  0]LogConfig: Setting CVar [[r.SkyAtmosphere.FastSkyLUT:1]]
[2022.08.18-22.59.44:777][  0]LogConfig: Setting CVar [[r.SkyAtmosphere.FastSkyLUT.SampleCountMin:4.0]]
[2022.08.18-22.59.44:777][  0]LogConfig: Setting CVar [[r.SkyAtmosphere.FastSkyLUT.SampleCountMax:128.0]]
[2022.08.18-22.59.44:778][  0]LogConfig: Setting CVar [[r.SkyAtmosphere.SampleCountMin:4.0]]
[2022.08.18-22.59.44:779][  0]LogConfig: Setting CVar [[r.SkyAtmosphere.SampleCountMax:128.0]]
[2022.08.18-22.59.44:780][  0]LogConfig: Setting CVar [[r.SkyAtmosphere.TransmittanceLUT.UseSmallFormat:0]]
[2022.08.18-22.59.44:780][  0]LogConfig: Setting CVar [[r.SkyAtmosphere.TransmittanceLUT.SampleCount:10.0]]
[2022.08.18-22.59.44:781][  0]LogConfig: Setting CVar [[r.SkyAtmosphere.MultiScatteringLUT.SampleCount:15.0]]
[2022.08.18-22.59.44:781][  0]LogConfig: Setting CVar [[r.SkyLight.RealTimeReflectionCapture:1]]
[2022.08.18-22.59.44:782][  0]LogConfig: Setting CVar [[fx.Niagara.QualityLevel:3]]
[2022.08.18-22.59.44:782][  0]LogConfig: Applying CVar settings from Section [FoliageQuality@3] File [../../../PVP_Game/Saved/Config/WindowsServer/Scalability.ini]
[2022.08.18-22.59.44:785][  0]LogConfig: Setting CVar [[foliage.DensityScale:1.0]]
[2022.08.18-22.59.44:785][  0]LogConfig: Setting CVar [[grass.DensityScale:1.0]]
[2022.08.18-22.59.44:786][  0]LogConfig: Applying CVar settings from Section [ShadingQuality@3] File [../../../PVP_Game/Saved/Config/WindowsServer/Scalability.ini]
[2022.08.18-22.59.44:787][  0]LogConfig: Setting CVar [[r.HairStrands.SkyLighting.IntegrationType:2]]
[2022.08.18-22.59.44:787][  0]LogConfig: Setting CVar [[r.HairStrands.SkyAO.SampleCount:4]]
[2022.08.18-22.59.44:788][  0]LogConfig: Setting CVar [[r.HairStrands.Visibility.MSAA.SamplePerPixel:4]]
[2022.08.18-22.59.44:788][  0]LogConfig: Applying CVar settings from Section [Startup] File [../../../Engine/Config/ConsoleVariables.ini]
[2022.08.18-22.59.44:789][  0]LogConfig: Setting CVar [[net.UseAdaptiveNetUpdateFrequency:0]]
[2022.08.18-22.59.44:789][  0]LogConfig: Setting CVar [[p.chaos.AllowCreatePhysxBodies:1]]
[2022.08.18-22.59.44:790][  0]LogConfig: Setting CVar [[fx.SkipVectorVMBackendOptimizations:1]]
[2022.08.18-22.59.44:790][  0]LogConfig: Applying CVar settings from Section [ConsoleVariables] File [../../../PVP_Game/Saved/Config/WindowsServer/Engine.ini]
[2022.08.18-22.59.44:791][  0]LogInit: Computer: DESKTOP-PTH63E6
[2022.08.18-22.59.44:791][  0]LogInit: User: bitch
[2022.08.18-22.59.44:792][  0]LogInit: CPU Page size=4096, Cores=4
[2022.08.18-22.59.44:792][  0]LogInit: High frequency timer resolution =10.000000 MHz
[2022.08.18-22.59.44:793][  0]LogMemory: Memory total: Physical=7.8GB (8GB approx)
[2022.08.18-22.59.44:793][  0]LogMemory: Platform Memory Stats for WindowsServer
[2022.08.18-22.59.44:794][  0]LogMemory: Process Physical Memory: 76.36 MB used, 76.36 MB peak
[2022.08.18-22.59.44:794][  0]LogMemory: Process Virtual Memory: 76.38 MB used, 76.38 MB peak
[2022.08.18-22.59.44:797][  0]LogMemory: Physical Memory: 5101.29 MB used,  2936.88 MB free, 8038.17 MB total
[2022.08.18-22.59.44:797][  0]LogMemory: Virtual Memory: 134210272.00 MB used,  7453.14 MB free, 134217728.00 MB total
[2022.08.18-22.59.44:805][  0]LogWindows: WindowsPlatformFeatures disabled or dedicated server build
[2022.08.18-22.59.44:858][  0]LogInit: Physics initialised using underlying interface: PhysX
[2022.08.18-22.59.44:859][  0]LogInit: Using OS detected language (en-US).
[2022.08.18-22.59.44:860][  0]LogInit: Using OS detected locale (en-US).
[2022.08.18-22.59.44:861][  0]LogTextLocalizationManager: No specific localization for 'en-US' exists, so the 'en' localization will be used.
[2022.08.18-22.59.44:908][  0]LogRendererCore: Ray tracing is disabled. Reason: r.RayTracing=0.
[2022.08.18-22.59.44:908][  0]LogODSC: ODSC Thread active.
[2022.08.18-22.59.44:919][  0]LogInit: Using OS detected language (en-US).
[2022.08.18-22.59.44:919][  0]LogInit: Using OS detected locale (en-US).
[2022.08.18-22.59.44:920][  0]LogTextLocalizationManager: No localization for 'en-US' exists, so 'en' will be used for the language.
[2022.08.18-22.59.44:920][  0]LogTextLocalizationManager: No localization for 'en-US' exists, so 'en' will be used for the locale.
[2022.08.18-22.59.44:924][  0]LogAssetRegistry: FAssetRegistry took 0.0022 seconds to start up
[2022.08.18-22.59.45:083][  0]LogTextLocalizationManager: Compacting localization data took   2.22ms
[2022.08.18-22.59.45:084][  0]LogStreaming: Display: FlushAsyncLoading: 1 QueuedPackages, 0 AsyncPackages
[2022.08.18-22.59.45:086][  0]LogPackageLocalizationCache: Processed 26 localized package path(s) for 1 prioritized culture(s) in 0.000146 seconds
[2022.08.18-22.59.45:086][  0]LogPakFile: New pak file ../../../PVP_Game/Content/Paks/PVP_Game-WindowsServer.pak added to pak precacher.
[2022.08.18-22.59.45:088][  0]LogInit: Selected Device Profile: [WindowsServer]
[2022.08.18-22.59.45:088][  0]LogInit: Active device profile: [000002D545030580][000002D543314930 49] WindowsServer
[2022.08.18-22.59.45:089][  0]LogInit: Profiles: [000002D545030700][000002D5407D24A0 49] Windows, [000002D545030580][000002D543314930 49] WindowsServer, 
[2022.08.18-22.59.45:106][  0]LogSerialization: Display: AllowBulkDataInIoStore: 'true'
[2022.08.18-22.59.45:117][  0]LogNetVersion: PVP_Game 1.0.0, NetCL: 0, EngineNetVer: 17, GameNetVer: 0 (Checksum: 2832247850)
[2022.08.18-22.59.45:150][  0]LogAudioCaptureCore: Display: No Audio Capture implementations found. Audio input will be silent.
[2022.08.18-22.59.45:151][  0]LogAudioCaptureCore: Display: No Audio Capture implementations found. Audio input will be silent.
[2022.08.18-22.59.45:154][  0]LogHMD: PokeAHoleMaterial loaded successfully
[2022.08.18-22.59.45:185][  0]LogUObjectArray: 19546 objects as part of root set at end of initial load.
[2022.08.18-22.59.45:185][  0]LogUObjectAllocator: 3988680 out of 0 bytes used by permanent object pool.
[2022.08.18-22.59.45:186][  0]LogUObjectArray: CloseDisregardForGC: 19546/0 objects in disregard for GC pool
[2022.08.18-22.59.45:197][  0]LogSteamShared: Display: Loading Steam SDK 1.51
[2022.08.18-22.59.45:202][  0]LogSteamShared: Steam SDK Loaded!
[2022.08.18-22.59.45:204][  0]LogNiagaraDebuggerClient: Niagara Debugger Client Initialized | Session: 6AD1586541FBA14E6D3B368C5F461B94 | Instance: C5B7866442F0F1347027589CCD56D984 (DESKTOP-PTH63E6-8512).
[2022.08.18-22.59.45:207][  0]LogAndroidPermission: UAndroidPermissionCallbackProxy::GetInstance
[2022.08.18-22.59.45:208][  0]LogOcInput: OculusInput pre-init called
[2022.08.18-22.59.45:209][  0]LogEngine: Initializing Engine...
[2022.08.18-22.59.45:210][  0]LogStats: UGameplayTagsManager::InitializeManager -  0.000 s
[2022.08.18-22.59.45:218][  0]LogInit: Initializing FReadOnlyCVARCache
[2022.08.18-22.59.45:219][  0]LogNetVersion: Set ProjectVersion to 1.0.0.0. Version Checksum will be recalculated on next use.
[2022.08.18-22.59.45:219][  0]LogInit: Texture streaming: Disabled
[2022.08.18-22.59.45:255][  0]LogInit: Display: Game Engine Initialized.
[2022.08.18-22.59.45:256][  0]LogInit: Display: Starting Game.
[2022.08.18-22.59.45:256][  0]LogNet: Browse: /Game/Maps/Match?Name=Player
[2022.08.18-22.59.45:257][  0]LogLoad: LoadMap: /Game/Maps/Match?Name=Player
[2022.08.18-22.59.45:257][  0]LogWorld: BeginTearingDown for /Temp/Untitled_0
[2022.08.18-22.59.45:262][  0]LogWorld: UWorld::CleanupWorld for Untitled, bSessionEnded=true, bCleanupResources=true
[2022.08.18-22.59.45:266][  0]LogUObjectHash: Compacting FUObjectHashTables data took   1.90ms
[2022.08.18-22.59.45:303][  0]LogAIModule: Creating AISystem for world Match
[2022.08.18-22.59.45:303][  0]LogLoad: Game class is 'BPGM_TurnBasedGameMode_C'
[2022.08.18-22.59.45:306][  0]LogNet: ReplicationDriverClass is null! Not using ReplicationDriver.
[2022.08.18-22.59.45:306][  0]LogNetCore: DDoS detection status: detection enabled: 0 analytics enabled: 0
[2022.08.18-22.59.45:306][  0]LogInit: WinSock: Socket queue. Rx: 131072 (config 131072) Tx: 131072 (config 131072)
[2022.08.18-22.59.45:306][  0]LogNet: Created socket for bind address: 0.0.0.0 on port 7777
[2022.08.18-22.59.45:308][  0]PacketHandlerLog: Loaded PacketHandler component: Engine.EngineHandlerComponentFactory (StatelessConnectHandlerComponent)
[2022.08.18-22.59.45:308][  0]LogNet: GameNetDriver IpNetDriver_2147482567 IpNetDriver listening on port 7777
[2022.08.18-22.59.45:310][  0]LogWorld: Bringing World /Game/Maps/Match.Match up for play (max tick rate 30) at 2022.08.18-15.59.45
[2022.08.18-22.59.45:311][  0]LogWorld: Bringing up level for play took: 0.001496
[2022.08.18-22.59.45:311][  0]LogGameMode: Display: Match State Changed from EnteringMap to WaitingToStart
[2022.08.18-22.59.45:312][  0]LogGameState: Match State Changed from EnteringMap to WaitingToStart
[2022.08.18-22.59.45:313][  0]LogLoad: Took 0.055788 seconds to LoadMap(/Game/Maps/Match)
[2022.08.18-22.59.45:315][  0]LogPakFile: AllPaks IndexSizes: DirectoryHashSize=222588, PathHashSize=16, EntriesSize=32752, TotalSize=255356
[2022.08.18-22.59.45:315][  0]LogInit: Display: Engine is initialized. Leaving FEngineLoop::Init()
[2022.08.18-22.59.45:316][  0]LogLoad: (Engine Initialization) Total time: 6.68 seconds
[2022.08.18-23.00.13:754][855]LogNet: NotifyAcceptingConnection accepted from: 192.168.86.1:61854
[2022.08.18-23.00.13:755][855]LogHandshake: SendConnectChallenge. Timestamp: 28.436728, Cookie: 078155001100017217071199114181249108108000209012211032177008
[2022.08.18-23.00.13:787][856]LogNet: NotifyAcceptingConnection accepted from: 192.168.86.1:61854
[2022.08.18-23.00.13:787][856]LogHandshake: SendChallengeAck. InCookie: 078155001100017217071199114181249108108000209012211032177008
[2022.08.18-23.00.13:790][856]LogNet: Server accepting post-challenge connection from: 192.168.86.1:61854
[2022.08.18-23.00.13:793][856]PacketHandlerLog: Loaded PacketHandler component: Engine.EngineHandlerComponentFactory (StatelessConnectHandlerComponent)
[2022.08.18-23.00.13:793][856]LogNet: NotifyAcceptedConnection: Name: Match, TimeStamp: 08/18/22 16:00:13, [UNetConnection] RemoteAddr: 192.168.86.1:61854, Name: IpConnection_2147482560, Driver: GameNetDriver IpNetDriver_2147482567, IsServer: YES, PC: NULL, Owner: NULL, UniqueId: INVALID
[2022.08.18-23.00.13:795][856]LogNet: AddClientConnection: Added client connection: [UNetConnection] RemoteAddr: 192.168.86.1:61854, Name: IpConnection_2147482560, Driver: GameNetDriver IpNetDriver_2147482567, IsServer: YES, PC: NULL, Owner: NULL, UniqueId: INVALID
[2022.08.18-23.00.13:820][857]LogNet: NotifyAcceptingChannel Control 0 server World /Game/Maps/Match.Match: Accepted
[2022.08.18-23.00.13:820][857]LogNet: Remote platform little endian=1
[2022.08.18-23.00.13:823][857]LogNet: This platform little endian=1
[2022.08.18-23.00.13:825][857]LogNetVersion: PVP_Game 1.0.0.0, NetCL: 0, EngineNetVer: 17, GameNetVer: 0 (Checksum: 513338249)
[2022.08.18-23.00.13:887][859]LogNet: Login request: ?Name=DESKTOP-PTH63E6-6AB7222B4DD3BE84E0B467BBE7AC6D35 userId: NULL:DESKTOP-PTH63E6-6AB7222B4DD3BE84E0B467BBE7AC6D35 platform: NULL
[2022.08.18-23.00.13:927][860]LogNet: Client netspeed is 100000
[2022.08.18-23.00.14:126][866]LogNet: Join request: /Game/Maps/Match?Name=DESKTOP-PTH63E6-6AB7222B4DD3BE84E0B467BBE7AC6D35?SplitscreenCount=1
[2022.08.18-23.00.14:127][866]LogOnlineSession: Warning: OSS: No game present to join for session (GameSession)
[2022.08.18-23.00.14:136][866]LogGameMode: Display: Match State Changed from WaitingToStart to InProgress
[2022.08.18-23.00.14:137][866]LogGameState: Match State Changed from WaitingToStart to InProgress
[2022.08.18-23.00.14:138][866]LogNet: Join succeeded: DESKTOP-PTH63E6-6AB7
[2022.08.18-23.00.19:078][ 14]LogNet: NotifyAcceptingConnection accepted from: 192.168.86.1:61855
[2022.08.18-23.00.19:078][ 14]LogHandshake: SendConnectChallenge. Timestamp: 33.760815, Cookie: 165122105112238131011154093161247032051220194154121039024199
[2022.08.18-23.00.19:111][ 15]LogNet: NotifyAcceptingConnection accepted from: 192.168.86.1:61855
[2022.08.18-23.00.19:111][ 15]LogHandshake: SendChallengeAck. InCookie: 165122105112238131011154093161247032051220194154121039024199
[2022.08.18-23.00.19:113][ 15]LogNet: Server accepting post-challenge connection from: 192.168.86.1:61855
[2022.08.18-23.00.19:115][ 15]PacketHandlerLog: Loaded PacketHandler component: Engine.EngineHandlerComponentFactory (StatelessConnectHandlerComponent)
[2022.08.18-23.00.19:116][ 15]LogNet: NotifyAcceptedConnection: Name: Match, TimeStamp: 08/18/22 16:00:19, [UNetConnection] RemoteAddr: 192.168.86.1:61855, Name: IpConnection_2147482530, Driver: GameNetDriver IpNetDriver_2147482567, IsServer: YES, PC: NULL, Owner: NULL, UniqueId: INVALID
[2022.08.18-23.00.19:117][ 15]LogNet: AddClientConnection: Added client connection: [UNetConnection] RemoteAddr: 192.168.86.1:61855, Name: IpConnection_2147482530, Driver: GameNetDriver IpNetDriver_2147482567, IsServer: YES, PC: NULL, Owner: NULL, UniqueId: INVALID
[2022.08.18-23.00.19:178][ 17]LogNet: NotifyAcceptingChannel Control 0 server World /Game/Maps/Match.Match: Accepted
[2022.08.18-23.00.19:178][ 17]LogNet: Remote platform little endian=1
[2022.08.18-23.00.19:180][ 17]LogNet: This platform little endian=1
[2022.08.18-23.00.19:211][ 18]LogNet: Login request: ?Name=DESKTOP-PTH63E6-3038DB1A4BC5064959CA8CABD3B3512B userId: NULL:DESKTOP-PTH63E6-3038DB1A4BC5064959CA8CABD3B3512B platform: NULL
[2022.08.18-23.00.19:245][ 19]LogNet: Client netspeed is 100000
[2022.08.18-23.00.19:446][ 25]LogNet: Join request: /Game/Maps/Match?Name=DESKTOP-PTH63E6-3038DB1A4BC5064959CA8CABD3B3512B?SplitscreenCount=1
[2022.08.18-23.00.19:447][ 25]LogOnlineSession: Warning: OSS: No game present to join for session (GameSession)
[2022.08.18-23.00.19:452][ 25]LogNet: Join succeeded: DESKTOP-PTH63E6-3038
[2022.08.18-23.00.20:444][ 55]LogPlayFab: Request: {
	"PlayFabId": "4D9C92204A091204",
	"StatisticNames": [
		"Test_Ranked"
	],
	"StatisticNameVersions": null
}
[2022.08.18-23.00.20:445][ 55]LogPlayFab: Request: {
	"PlayFabId": "C1B55F8C875C514",
	"StatisticNames": [
		"Test_Ranked"
	],
	"StatisticNameVersions": null
}
[2022.08.18-23.00.20:646][ 62]LogPlayFab: Response : {"code":401,"status":"Unauthorized","error":"NotAuthenticated","errorCode":1074,"errorMessage":"Missing or invalid X-SecretKey HTTP header"}
[2022.08.18-23.00.20:646][ 62]LogBlueprintUserMessages: [BPGM_TurnBasedGameMode_C_2147482568] Error occur while getting the statistics
[2022.08.18-23.00.20:649][ 62]LogPlayFab: Response : {"code":401,"status":"Unauthorized","error":"NotAuthenticated","errorCode":1074,"errorMessage":"Missing or invalid X-SecretKey HTTP header"}
[2022.08.18-23.00.20:651][ 62]LogBlueprintUserMessages: [BPGM_TurnBasedGameMode_C_2147482568] Error occur while getting the statistics
[2022.08.18-23.02.46:274][410]LogNetPackageMap: Warning: Using None instead of replicated reference to StaticMeshActor /Game/Maps/Lobby.Lobby:PersistentLevel.Plane_2 because the level it's in has not been made visible
[2022.08.18-23.02.46:275][410]LogNetPackageMap: Warning: Long net serialize: 85.389000ms, Serialized Object None
[2022.08.18-23.02.46:276][410]LogNet: UChannel::ReceivedSequencedBunch: Bunch.bClose == true. ChIndex == 0. Calling ConditionalCleanUp.
[2022.08.18-23.02.46:300][410]LogNet: UChannel::CleanUp: ChIndex == 0. Closing connection. [UChannel] ChIndex: 0, Closing: 0 [UNetConnection] RemoteAddr: 192.168.86.1:61855, Name: IpConnection_2147482530, Driver: GameNetDriver IpNetDriver_2147482567, IsServer: YES, PC: BP_TurnBasedPlayerController_C_2147482526, Owner: BP_TurnBasedPlayerController_C_2147482526, UniqueId: NULL:DESKTOP-PTH63E6-3038DB1A4BC5064959CA8CABD3B3512B
[2022.08.18-23.02.46:300][410]LogNet: UNetConnection::Close: [UNetConnection] RemoteAddr: 192.168.86.1:61855, Name: IpConnection_2147482530, Driver: GameNetDriver IpNetDriver_2147482567, IsServer: YES, PC: BP_TurnBasedPlayerController_C_2147482526, Owner: BP_TurnBasedPlayerController_C_2147482526, UniqueId: NULL:DESKTOP-PTH63E6-3038DB1A4BC5064959CA8CABD3B3512B, Channels: 13, Time: 2022.08.18-23.02.46
[2022.08.18-23.02.46:300][410]LogNet: UChannel::Close: Sending CloseBunch. ChIndex == 0. Name: [UChannel] ChIndex: 0, Closing: 0 [UNetConnection] RemoteAddr: 192.168.86.1:61855, Name: IpConnection_2147482530, Driver: GameNetDriver IpNetDriver_2147482567, IsServer: YES, PC: BP_TurnBasedPlayerController_C_2147482526, Owner: BP_TurnBasedPlayerController_C_2147482526, UniqueId: NULL:DESKTOP-PTH63E6-3038DB1A4BC5064959CA8CABD3B3512B
[2022.08.18-23.02.46:302][410]LogNetPackageMap: Warning: Using None instead of replicated reference to StaticMeshActor /Game/Maps/Lobby.Lobby:PersistentLevel.Plane_2 because the level it's in has not been made visible
[2022.08.18-23.02.46:303][410]LogNet: UChannel::ReceivedSequencedBunch: Bunch.bClose == true. ChIndex == 0. Calling ConditionalCleanUp.
[2022.08.18-23.02.46:303][410]LogNet: UChannel::CleanUp: ChIndex == 0. Closing connection. [UChannel] ChIndex: 0, Closing: 0 [UNetConnection] RemoteAddr: 192.168.86.1:61854, Name: IpConnection_2147482560, Driver: GameNetDriver IpNetDriver_2147482567, IsServer: YES, PC: BP_TurnBasedPlayerController_C_2147482556, Owner: BP_TurnBasedPlayerController_C_2147482556, UniqueId: NULL:DESKTOP-PTH63E6-6AB7222B4DD3BE84E0B467BBE7AC6D35
[2022.08.18-23.02.46:304][410]LogNet: UNetConnection::Close: [UNetConnection] RemoteAddr: 192.168.86.1:61854, Name: IpConnection_2147482560, Driver: GameNetDriver IpNetDriver_2147482567, IsServer: YES, PC: BP_TurnBasedPlayerController_C_2147482556, Owner: BP_TurnBasedPlayerController_C_2147482556, UniqueId: NULL:DESKTOP-PTH63E6-6AB7222B4DD3BE84E0B467BBE7AC6D35, Channels: 13, Time: 2022.08.18-23.02.46
[2022.08.18-23.02.46:304][410]LogNet: UChannel::Close: Sending CloseBunch. ChIndex == 0. Name: [UChannel] ChIndex: 0, Closing: 0 [UNetConnection] RemoteAddr: 192.168.86.1:61854, Name: IpConnection_2147482560, Driver: GameNetDriver IpNetDriver_2147482567, IsServer: YES, PC: BP_TurnBasedPlayerController_C_2147482556, Owner: BP_TurnBasedPlayerController_C_2147482556, UniqueId: NULL:DESKTOP-PTH63E6-6AB7222B4DD3BE84E0B467BBE7AC6D35
[2022.08.18-23.02.46:358][411]LogOnlineSession: Warning: OSS: No game present to leave for session (GameSession)
[2022.08.18-23.02.46:361][411]LogOnlineSession: Warning: OSS: No game present to leave for session (GameSession)
